start
0 0 0
1 10000000000000000 10000000000000000
2 0 10000000000000000
3 0 10000000000000000
**** i= 0
k= 1 upd= 0
0 3 3
1 10000000000000000 10000000000000003
2 -3 10000000000000000
3 0 10000000000000000
**** i= 1
k= 0 upd= 0
0 8 8
1 9999999999999995 10000000000000003
2 -3 10000000000000000
3 0 10000000000000000
**** i= 2
k= 0 upd= 1
0 8 8
1 0 8
2 9999999999999992 10000000000000000
3 0 10000000000000000
**** i= 3
k= 0 upd= 0
0 6 6
1 0 6
2 9999999999999992 9999999999999998
3 0 9999999999999998
**** i= 4
k= 1 upd= 1
0 11 11
1 0 11
2 -5 6
3 9999999999999992 9999999999999998
**** i= 5
k= 2 upd= 0
0 14 14
1 0 14
2 -5 9
3 9999999999999989 9999999999999998
**** i= 6
k= 1 upd= 0
0 20 20
1 0 20
2 -11 9
3 9999999999999989 9999999999999998
**** i= 7
k= 2 upd= 0
0 27 27
1 0 27
2 -11 16
3 9999999999999982 9999999999999998
**** i= 8
k= 2 upd= 1
0 35 35
1 0 35
2 -11 24
3 -8 16
**** i= 9
k= 1 upd= 0
0 37 37
1 0 37
2 -13 24
3 -8 16
**** i= 10
k= 3 upd= 0
0 41 41
1 0 41
2 -13 28
3 -8 20
ans 20
YES
20
