x= 8
start: y= 8
z= 0 w= 8
  len= 1 narg= 0
    update, m1= 1 m2= 0
    valsy[m1]= (1, [8])
  y= 8 m= 1 mp[{y,m}]= (1, [8])
start: y= 7
z= 0 w= 7
  len= 7 narg= 0
    update, m1= 7 m2= 0
    valsy[m1]= (7, [1, 1, 1, 1, 1, 1, 1])
  y= 7 m= 7 mp[{y,m}]= (7, [1, 1, 1, 1, 1, 1, 1])
start: y= 6
z= 0 w= 6
  len= 6 narg= 0
    update, m1= 6 m2= 0
    valsy[m1]= (6, [1, 1, 1, 1, 1, 1])
  y= 6 m= 6 mp[{y,m}]= (6, [1, 1, 1, 1, 1, 1])
start: y= 5
z= 0 w= 5
  len= 5 narg= 0
    update, m1= 5 m2= 0
    valsy[m1]= (5, [1, 1, 1, 1, 1])
  y= 5 m= 5 mp[{y,m}]= (5, [1, 1, 1, 1, 1])
start: y= 4
z= 0 w= 4
  len= 4 narg= 0
    update, m1= 4 m2= 0
    valsy[m1]= (4, [1, 1, 1, 1])
  y= 4 m= 4 mp[{y,m}]= (4, [1, 1, 1, 1])
start: y= 3
z= 0 w= 3
  len= 3 narg= 0
    update, m1= 3 m2= 0
    valsy[m1]= (3, [1, 1, 1])
  y= 3 m= 3 mp[{y,m}]= (3, [1, 1, 1])
start: y= 2
z= 0 w= 2
  len= 2 narg= 0
    update, m1= 2 m2= 0
    valsy[m1]= (2, [1, 1])
  y= 2 m= 2 mp[{y,m}]= (2, [1, 1])
start: y= 1
z= 0 w= 1
  len= 1 narg= 0
    update, m1= 1 m2= 0
    valsy[m1]= (1, [1])
  y= 1 m= 1 mp[{y,m}]= (1, [1])
start: y= 0
z= 0 w= 0
  len= 0 narg= 0
    update, m1= 0 m2= 0
    valsy[m1]= (0, [])
  y= 0 m= 0 mp[{y,m}]= (0, [])
x= 87
start: y= 87
z= 8 w= 7
  len= 7 narg= 1
    update, m1= 7 m2= 1
    valsy[m1]= (8, [81, 1, 1, 1, 1, 1, 1])
z= 7 w= 17
  len= 3 narg= -1
    update, m1= 7 m2= 7
z= 6 w= 27
  len= 6 narg= 6
    update, m1= 6 m2= 6
    valsy[m1]= (12, [11, 11, 11, 18, 18, 18])
z= 5 w= 37
  len= 9 narg= 5
    update, m1= 9 m2= 5
    valsy[m1]= (14, [11, 11, 11, 11, 11, 8, 8, 8, 8])
z= 3 w= 57
  len= 8 narg= 3
    update, m1= 8 m2= 3
    valsy[m1]= (11, [11, 18, 18, 8, 8, 8, 8, 8])
  y= 87 m= 6 mp[{y,m}]= (12, [11, 11, 11, 18, 18, 18])
  y= 87 m= 7 mp[{y,m}]= (8, [81, 1, 1, 1, 1, 1, 1])
  y= 87 m= 8 mp[{y,m}]= (11, [11, 18, 18, 8, 8, 8, 8, 8])
  y= 87 m= 9 mp[{y,m}]= (14, [11, 11, 11, 11, 11, 8, 8, 8, 8])
start: y= 86
z= 8 w= 6
  len= 6 narg= 1
    update, m1= 6 m2= 1
    valsy[m1]= (7, [81, 1, 1, 1, 1, 1])
z= 7 w= 16
  len= 2 narg= -1
    update, m1= 7 m2= 7
    valsy[m1]= (14, [18, 18, 10, 10, 10, 10, 10])
z= 6 w= 26
  len= 5 narg= -1
    update, m1= 6 m2= 6
z= 5 w= 36
  len= 8 narg= 5
    update, m1= 8 m2= 5
    valsy[m1]= (13, [11, 11, 11, 11, 18, 8, 8, 8])
z= 3 w= 56
  len= 7 narg= 3
    update, m1= 7 m2= 3
    valsy[m1]= (10, [18, 18, 18, 8, 8, 8, 8])
  y= 86 m= 6 mp[{y,m}]= (7, [81, 1, 1, 1, 1, 1])
  y= 86 m= 7 mp[{y,m}]= (10, [18, 18, 18, 8, 8, 8, 8])
  y= 86 m= 8 mp[{y,m}]= (13, [11, 11, 11, 11, 18, 8, 8, 8])
start: y= 85
z= 8 w= 5
  len= 5 narg= 1
    update, m1= 5 m2= 1
    valsy[m1]= (6, [81, 1, 1, 1, 1])
z= 7 w= 15
  len= 8 narg= 7
    update, m1= 8 m2= 7
    valsy[m1]= (15, [11, 11, 11, 11, 11, 11, 11, 8])
z= 6 w= 25
  len= 4 narg= -1
    update, m1= 6 m2= 6
    valsy[m1]= (12, [11, 18, 18, 18, 10, 10])
z= 5 w= 35
  len= 7 narg= 5
    update, m1= 7 m2= 5
    valsy[m1]= (12, [11, 11, 11, 18, 18, 8, 8])
z= 2 w= 65
  len= 9 narg= 2
    update, m1= 9 m2= 2
    valsy[m1]= (11, [11, 18, 8, 8, 8, 8, 8, 8, 8])
  y= 85 m= 5 mp[{y,m}]= (6, [81, 1, 1, 1, 1])
  y= 85 m= 6 mp[{y,m}]= (12, [11, 18, 18, 18, 10, 10])
  y= 85 m= 7 mp[{y,m}]= (12, [11, 11, 11, 18, 18, 8, 8])
  y= 85 m= 8 mp[{y,m}]= (15, [11, 11, 11, 11, 11, 11, 11, 8])
  y= 85 m= 9 mp[{y,m}]= (11, [11, 18, 8, 8, 8, 8, 8, 8, 8])
start: y= 84
z= 8 w= 4
  len= 4 narg= 1
    update, m1= 4 m2= 1
    valsy[m1]= (5, [81, 1, 1, 1])
z= 7 w= 14
  len= 7 narg= 7
    update, m1= 7 m2= 7
    valsy[m1]= (14, [11, 11, 11, 11, 11, 11, 18])
z= 6 w= 24
  len= 3 narg= -1
    update, m1= 6 m2= 6
    valsy[m1]= (12, [18, 18, 18, 10, 10, 10])
z= 5 w= 34
  len= 6 narg= 5
    update, m1= 6 m2= 5
    valsy[m1]= (11, [11, 11, 18, 18, 18, 8])
z= 4 w= 44
  len= 9 narg= 4
    update, m1= 9 m2= 4
    valsy[m1]= (13, [11, 11, 11, 11, 8, 8, 8, 8, 8])
z= 2 w= 64
  len= 8 narg= 2
    update, m1= 8 m2= 2
    valsy[m1]= (10, [18, 18, 8, 8, 8, 8, 8, 8])
  y= 84 m= 4 mp[{y,m}]= (5, [81, 1, 1, 1])
  y= 84 m= 6 mp[{y,m}]= (11, [11, 11, 18, 18, 18, 8])
  y= 84 m= 7 mp[{y,m}]= (14, [11, 11, 11, 11, 11, 11, 18])
  y= 84 m= 8 mp[{y,m}]= (10, [18, 18, 8, 8, 8, 8, 8, 8])
  y= 84 m= 9 mp[{y,m}]= (13, [11, 11, 11, 11, 8, 8, 8, 8, 8])
start: y= 83
z= 8 w= 3
  len= 3 narg= 1
    update, m1= 3 m2= 1
    valsy[m1]= (4, [81, 1, 1])
z= 7 w= 13
  len= 6 narg= -1
    update, m1= 7 m2= 7
    valsy[m1]= (14, [11, 11, 11, 11, 11, 18, 10])
z= 6 w= 23
  len= 9 narg= 6
    update, m1= 9 m2= 6
    valsy[m1]= (15, [11, 11, 11, 11, 11, 11, 1, 8, 8])
z= 5 w= 33
  len= 5 narg= 5
    update, m1= 5 m2= 5
    valsy[m1]= (10, [11, 18, 18, 18, 18])
z= 4 w= 43
  len= 8 narg= 4
    update, m1= 8 m2= 4
    valsy[m1]= (12, [11, 11, 11, 18, 8, 8, 8, 8])
  y= 83 m= 3 mp[{y,m}]= (4, [81, 1, 1])
  y= 83 m= 5 mp[{y,m}]= (10, [11, 18, 18, 18, 18])
  y= 83 m= 7 mp[{y,m}]= (14, [11, 11, 11, 11, 11, 18, 10])
  y= 83 m= 8 mp[{y,m}]= (12, [11, 11, 11, 18, 8, 8, 8, 8])
  y= 83 m= 9 mp[{y,m}]= (15, [11, 11, 11, 11, 11, 11, 1, 8, 8])
start: y= 82
z= 8 w= 2
  len= 2 narg= 1
    update, m1= 2 m2= 1
    valsy[m1]= (3, [81, 1])
z= 7 w= 12
  len= 5 narg= -1
    update, m1= 7 m2= 7
    valsy[m1]= (14, [11, 11, 11, 11, 18, 10, 10])
z= 6 w= 22
  len= 8 narg= 6
    update, m1= 8 m2= 6
    valsy[m1]= (14, [11, 11, 11, 11, 11, 11, 8, 8])
z= 5 w= 32
  len= 4 narg= -1
    update, m1= 5 m2= 5
    valsy[m1]= (10, [18, 18, 18, 18, 10])
z= 4 w= 42
  len= 7 narg= 4
    update, m1= 7 m2= 4
    valsy[m1]= (11, [11, 11, 18, 18, 8, 8, 8])
z= 1 w= 72
  len= 9 narg= 1
    update, m1= 9 m2= 1
    valsy[m1]= (10, [18, 8, 8, 8, 8, 8, 8, 8, 8])
  y= 82 m= 2 mp[{y,m}]= (3, [81, 1])
  y= 82 m= 5 mp[{y,m}]= (10, [18, 18, 18, 18, 10])
  y= 82 m= 7 mp[{y,m}]= (11, [11, 11, 18, 18, 8, 8, 8])
  y= 82 m= 8 mp[{y,m}]= (14, [11, 11, 11, 11, 11, 11, 8, 8])
  y= 82 m= 9 mp[{y,m}]= (10, [18, 8, 8, 8, 8, 8, 8, 8, 8])
start: y= 81
z= 8 w= 1
  len= 1 narg= 1
    update, m1= 1 m2= 1
    valsy[m1]= (2, [81])
z= 7 w= 11
  len= 4 narg= -1
    update, m1= 7 m2= 7
    valsy[m1]= (14, [11, 11, 11, 18, 10, 10, 10])
z= 6 w= 21
  len= 7 narg= 6
    update, m1= 7 m2= 6
    valsy[m1]= (13, [11, 11, 11, 11, 11, 18, 8])
z= 4 w= 41
  len= 6 narg= 4
    update, m1= 6 m2= 4
    valsy[m1]= (10, [11, 18, 18, 18, 8, 8])
z= 3 w= 51
  len= 9 narg= 3
    update, m1= 9 m2= 3
    valsy[m1]= (12, [11, 11, 11, 8, 8, 8, 8, 8, 8])
  y= 81 m= 1 mp[{y,m}]= (2, [81])
  y= 81 m= 6 mp[{y,m}]= (10, [11, 18, 18, 18, 8, 8])
  y= 81 m= 7 mp[{y,m}]= (13, [11, 11, 11, 11, 11, 18, 8])
  y= 81 m= 9 mp[{y,m}]= (12, [11, 11, 11, 8, 8, 8, 8, 8, 8])
start: y= 80
z= 8 w= 0
  len= 0 narg= -1
    update, m1= 1 m2= 1
    valsy[m1]= (2, [80])
z= 7 w= 10
  len= 3 narg= -1
    update, m1= 7 m2= 7
    valsy[m1]= (14, [11, 11, 18, 10, 10, 10, 10])
z= 6 w= 20
  len= 6 narg= 6
    update, m1= 6 m2= 6
    valsy[m1]= (12, [11, 11, 11, 11, 18, 18])
z= 5 w= 30
  len= 9 narg= 5
    update, m1= 9 m2= 5
    valsy[m1]= (14, [11, 11, 11, 11, 11, 1, 8, 8, 8])
z= 4 w= 40
  len= 5 narg= 4
    update, m1= 5 m2= 4
    valsy[m1]= (9, [18, 18, 18, 18, 8])
z= 3 w= 50
  len= 8 narg= 3
    update, m1= 8 m2= 3
    valsy[m1]= (11, [11, 11, 18, 8, 8, 8, 8, 8])
  y= 80 m= 1 mp[{y,m}]= (2, [80])
  y= 80 m= 5 mp[{y,m}]= (9, [18, 18, 18, 18, 8])
  y= 80 m= 6 mp[{y,m}]= (12, [11, 11, 11, 11, 18, 18])
  y= 80 m= 7 mp[{y,m}]= (14, [11, 11, 18, 10, 10, 10, 10])
  y= 80 m= 8 mp[{y,m}]= (11, [11, 11, 18, 8, 8, 8, 8, 8])
  y= 80 m= 9 mp[{y,m}]= (14, [11, 11, 11, 11, 11, 1, 8, 8, 8])
start: y= 79
z= 7 w= 9
  len= 2 narg= -1
    update, m1= 7 m2= 7
    valsy[m1]= (14, [11, 18, 10, 10, 10, 10, 10])
z= 6 w= 19
  len= 5 narg= -1
    update, m1= 6 m2= 6
    valsy[m1]= (12, [11, 11, 11, 18, 18, 10])
z= 5 w= 29
  len= 8 narg= 5
    update, m1= 8 m2= 5
    valsy[m1]= (13, [11, 11, 11, 11, 11, 8, 8, 8])
z= 3 w= 49
  len= 7 narg= 3
    update, m1= 7 m2= 3
    valsy[m1]= (10, [11, 18, 18, 8, 8, 8, 8])
  y= 79 m= 6 mp[{y,m}]= (12, [11, 11, 11, 18, 18, 10])
  y= 79 m= 7 mp[{y,m}]= (10, [11, 18, 18, 8, 8, 8, 8])
  y= 79 m= 8 mp[{y,m}]= (13, [11, 11, 11, 11, 11, 8, 8, 8])
start: y= 78
z= 7 w= 8
  len= 1 narg= -1
    update, m1= 7 m2= 7
    valsy[m1]= (14, [18, 10, 10, 10, 10, 10, 10])
z= 6 w= 18
  len= 4 narg= -1
    update, m1= 6 m2= 6
    valsy[m1]= (12, [11, 11, 18, 18, 10, 10])
z= 5 w= 28
  len= 7 narg= 5
    update, m1= 7 m2= 5
    valsy[m1]= (12, [11, 11, 11, 11, 18, 8, 8])
z= 3 w= 48
  len= 6 narg= 3
    update, m1= 6 m2= 3
    valsy[m1]= (9, [18, 18, 18, 8, 8, 8])
z= 2 w= 58
  len= 9 narg= 2
    update, m1= 9 m2= 2
    valsy[m1]= (11, [11, 11, 8, 8, 8, 8, 8, 8, 8])
  y= 78 m= 6 mp[{y,m}]= (9, [18, 18, 18, 8, 8, 8])
  y= 78 m= 7 mp[{y,m}]= (12, [11, 11, 11, 11, 18, 8, 8])
  y= 78 m= 9 mp[{y,m}]= (11, [11, 11, 8, 8, 8, 8, 8, 8, 8])
mp= [(0, 0): (0, []), (1, 1): (1, [1]), (2, 2): (2, [1, 1]), (3, 3): (3, [1, 1, 1]), (4, 4): (4, [1, 1, 1, 1]), (5, 5): (5, [1, 1, 1, 1, 1]), (6, 6): (6, [1, 1, 1, 1, 1, 1]), (7, 7): (7, [1, 1, 1, 1, 1, 1, 1]), (8, 1): (1, [8]), (78, 6): (9, [18, 18, 18, 8, 8, 8]), (78, 7): (12, [11, 11, 11, 11, 18, 8, 8]), (78, 9): (11, [11, 11, 8, 8, 8, 8, 8, 8, 8]), (79, 6): (12, [11, 11, 11, 18, 18, 10]), (79, 7): (10, [11, 18, 18, 8, 8, 8, 8]), (79, 8): (13, [11, 11, 11, 11, 11, 8, 8, 8]), (80, 1): (2, [80]), (80, 5): (9, [18, 18, 18, 18, 8]), (80, 6): (12, [11, 11, 11, 11, 18, 18]), (80, 7): (14, [11, 11, 18, 10, 10, 10, 10]), (80, 8): (11, [11, 11, 18, 8, 8, 8, 8, 8]), (80, 9): (14, [11, 11, 11, 11, 11, 1, 8, 8, 8]), (81, 1): (2, [81]), (81, 6): (10, [11, 18, 18, 18, 8, 8]), (81, 7): (13, [11, 11, 11, 11, 11, 18, 8]), (81, 9): (12, [11, 11, 11, 8, 8, 8, 8, 8, 8]), (82, 2): (3, [81, 1]), (82, 5): (10, [18, 18, 18, 18, 10]), (82, 7): (11, [11, 11, 18, 18, 8, 8, 8]), (82, 8): (14, [11, 11, 11, 11, 11, 11, 8, 8]), (82, 9): (10, [18, 8, 8, 8, 8, 8, 8, 8, 8]), (83, 3): (4, [81, 1, 1]), (83, 5): (10, [11, 18, 18, 18, 18]), (83, 7): (14, [11, 11, 11, 11, 11, 18, 10]), (83, 8): (12, [11, 11, 11, 18, 8, 8, 8, 8]), (83, 9): (15, [11, 11, 11, 11, 11, 11, 1, 8, 8]), (84, 4): (5, [81, 1, 1, 1]), (84, 6): (11, [11, 11, 18, 18, 18, 8]), (84, 7): (14, [11, 11, 11, 11, 11, 11, 18]), (84, 8): (10, [18, 18, 8, 8, 8, 8, 8, 8]), (84, 9): (13, [11, 11, 11, 11, 8, 8, 8, 8, 8]), (85, 5): (6, [81, 1, 1, 1, 1]), (85, 6): (12, [11, 18, 18, 18, 10, 10]), (85, 7): (12, [11, 11, 11, 18, 18, 8, 8]), (85, 8): (15, [11, 11, 11, 11, 11, 11, 11, 8]), (85, 9): (11, [11, 18, 8, 8, 8, 8, 8, 8, 8]), (86, 6): (7, [81, 1, 1, 1, 1, 1]), (86, 7): (10, [18, 18, 18, 8, 8, 8, 8]), (86, 8): (13, [11, 11, 11, 11, 18, 8, 8, 8]), (87, 6): (12, [11, 11, 11, 18, 18, 18]), (87, 7): (8, [81, 1, 1, 1, 1, 1, 1]), (87, 8): (11, [11, 18, 18, 8, 8, 8, 8, 8]), (87, 9): (14, [11, 11, 11, 11, 11, 8, 8, 8, 8])]
