check t= 500000
ev= [(-1, 1, 0), (-1, 1, 1)]
check t= 250000
ev= [(-1, 1, 0), (-1, 1, 1)]
check t= 125000
ev= [(-1, 1, 0), (-1, 1, 1)]
check t= 62500
ev= [(-1, 1, 0), (-1, 1, 1)]
check t= 31250
ev= [(-1, 1, 0), (-1, 1, 1)]
check t= 15625
ev= [(-1, 1, 0), (-1, 1, 1)]
check t= 7812.5
ev= [(-1, 1, 0), (-1, 1, 1)]
check t= 3906.25
ev= [(-1, 1, 0), (-1, 1, 1)]
check t= 1953.12
ev= [(-1, 1, 0), (-1, 1, 1)]
check t= 976.562
ev= [(-1, 1, 0), (-1, 1, 1)]
check t= 488.281
ev= [(-1, 1, 0), (-1, 1, 1)]
check t= 244.141
ev= [(-1, 1, 0), (-1, 1, 1)]
check t= 122.07
ev= [(-1, 1, 0), (-1, 1, 1)]
check t= 61.0352
ev= [(-1, 1, 0), (-1, 1, 1)]
check t= 30.5176
ev= [(-1, 1, 0), (-1, 1, 1)]
check t= 15.2588
ev= [(-1, 1, 0), (-1, 1, 1)]
check t= 7.62939
ev= [(-1, 1, 0), (-1, 1, 1)]
check t= 3.8147
ev= [(-1, 1, 0), (-1, 1, 1)]
check t= 1.90735
ev= [(499999, 1, 0), (499999, 1, 1), (500000, 2, 0), (500000, 2, 1)]
check t= 0.953674
ev= []
check t= 1.43051
ev= [(499999, 1, 0), (499999, 2, 0), (500000, 1, 1), (500000, 2, 1)]
check t= 1.66893
ev= [(499999, 1, 0), (499999, 1, 1), (500000, 2, 0), (500000, 2, 1)]
check t= 1.54972
ev= [(499999, 1, 0), (499999, 1, 1), (500000, 2, 0), (500000, 2, 1)]
check t= 1.49012
ev= [(499999, 1, 0), (499999, 2, 0), (500000, 1, 1), (500000, 2, 1)]
check t= 1.51992
ev= [(499999, 1, 0), (499999, 1, 1), (500000, 2, 0), (500000, 2, 1)]
check t= 1.50502
ev= [(499999, 1, 0), (499999, 1, 1), (500000, 2, 0), (500000, 2, 1)]
check t= 1.49757
ev= [(499999, 1, 0), (499999, 2, 0), (500000, 1, 1), (500000, 2, 1)]
check t= 1.50129
ev= [(499999, 1, 0), (499999, 1, 1), (500000, 2, 0), (500000, 2, 1)]
check t= 1.49943
ev= [(499999, 1, 0), (499999, 2, 0), (500000, 1, 1), (500000, 2, 1)]
check t= 1.50036
ev= [(499999, 1, 0), (499999, 1, 1), (500000, 2, 0), (500000, 2, 1)]
check t= 1.4999
ev= [(499999, 1, 0), (499999, 2, 0), (500000, 1, 1), (500000, 2, 1)]
check t= 1.50013
ev= [(499999, 1, 0), (499999, 1, 1), (500000, 2, 0), (500000, 2, 1)]
check t= 1.50001
ev= [(499999, 1, 0), (499999, 1, 1), (500000, 2, 0), (500000, 2, 1)]
check t= 1.49995
ev= [(499999, 1, 0), (499999, 2, 0), (500000, 1, 1), (500000, 2, 1)]
check t= 1.49998
ev= [(499999, 1, 0), (499999, 2, 0), (500000, 1, 1), (500000, 2, 1)]
check t= 1.5
ev= [(499999, 1, 0), (499999, 2, 0), (500000, 1, 1), (500000, 2, 1)]
check t= 1.5
ev= [(499999, 1, 0), (499999, 1, 1), (500000, 2, 0), (500000, 2, 1)]
check t= 1.5
ev= [(499999, 1, 0), (499999, 1, 1), (500000, 2, 0), (500000, 2, 1)]
check t= 1.5
ev= [(499999, 1, 0), (500000, 1, 1), (500000, 2, 0), (500000, 2, 1)]
check t= 1.5
ev= [(499999, 1, 0), (500000, 1, 1), (500000, 2, 0), (500000, 2, 1)]
check t= 1.5
ev= [(499999, 1, 0), (500000, 1, 1), (500000, 2, 0), (500000, 2, 1)]
check t= 1.5
ev= [(499999, 1, 0), (500000, 1, 1), (500000, 2, 0), (500000, 2, 1)]
check t= 1.5
ev= [(499999, 1, 0), (499999, 2, 0), (500000, 1, 1), (500000, 2, 1)]
check t= 1.5
ev= [(499999, 1, 0), (500000, 1, 1), (500000, 2, 0), (500000, 2, 1)]
