         2      3      4      5      6      7      8
veff= [(0,1), (1,0), (1,1), (1,2), (2,0), (2,1), (2,2)]
bi= (0,0) bj= (1,0) x= 0 y= 1
bi= (0,0) bj= (0,1) x= 0 y= 1
bi= (0,1) bj= (1,1) x= 1 y= 2
bi= (0,1) bj= (0,2) x= 1 y= 0
bi= (0,2) bj= (1,2) x= 0 y= 1
bi= (1,0) bj= (2,0) x= 1 y= 2
bi= (1,0) bj= (1,1) x= 1 y= 2
bi= (1,1) bj= (2,1) x= 2 y= 1
bi= (1,1) bj= (1,2) x= 2 y= 1
bi= (1,2) bj= (2,2) x= 1 y= 2
bi= (2,0) bj= (2,1) x= 2 y= 1
bi= (2,1) bj= (2,2) x= 1 y= 2
            9               10              11             12               13              14              15             16
dom= [((0,1), (1,1)), ((1,0), (2,0)), ((1,0), (1,1)), ((1,1), (2,1)), ((1,1), (1,2)), ((1,2), (2,2)), ((2,0), (2,1)), ((2,1), (2,2))]

dom
  9: 24
 10: 36
 11: 34
 12: 47
 13: 45
 14: 58
 15: 67
 16: 78

ae 0 2 1 2
ae 2 1 1 0
ae 0 3 1 2
ae 3 1 1 0
ae 0 4 1 2
ae 4 1 1 0
ae 0 5 1 2
ae 5 1 1 0
ae 0 6 1 2
ae 6 1 1 0
ae 0 7 1 2
ae 7 1 1 0
ae 0 8 1 2
ae 8 1 1 0

ae 0 9 2 0
ae 9 2 1 1
ae 9 4 1 1

ae 0 10 2 0
ae 10 3 1 1
ae 10 6 1 1

ae 0 11 2 0
ae 11 3 1 1
ae 11 4 1 1

ae 0 12 2 0
ae 12 4 1 1
ae 12 7 1 1

ae 0 13 2 0
ae 13 4 1 1
ae 13 5 1 1
ae 0 14 2 0
ae 14 5 1 1
ae 14 8 1 1
ae 0 15 2 0
ae 15 6 1 1
ae 15 7 1 1
ae 0 16 2 0
ae 16 7 1 1
ae 16 8 1 1
cans: cans.cc:396: int main(int, char**): Assertion `ans % 2 == 0' failed.
