sorted time [0, 0.0518406, 0.0641381, 0.0693845, 0.0714552, 0.081788, 0.0856388, 0.0938178, 0.0968923, 0.110848, 0.114345, 0.117163, 0.118486, 0.119447, 0.122674, 0.122674, 0.124854, 0.126204, 0.130159, 0.140212, 0.140744, 0.141069, 0.144308, 0.14433, 0.147718, 0.148114, 0.149546, 0.150231, 0.152231, 0.155301, 0.155939, 0.157745, 0.157923, 0.160911, 0.161368, 0.162077, 0.163022, 0.164022, 0.164795, 0.165728, 0.167743, 0.167743, 0.170481, 0.170814, 0.171387, 0.172274, 0.174814, 0.174904, 0.176821, 0.177453, 0.177819, 0.178199, 0.181676, 0.181699, 0.182406, 0.186528, 0.192343, 0.192532, 0.192562, 0.194644, 0.195102, 0.195728, 0.195728, 0.196102, 0.19777, 0.201769, 0.20216, 0.202431, 0.202514, 0.2029, 0.204789, 0.206965, 0.209162, 0.209543, 0.209543, 0.212044, 0.212348, 0.214744, 0.215131, 0.216485, 0.21734, 0.218205, 0.218355, 0.218463, 0.219769, 0.223195, 0.223942, 0.225318, 0.225673, 0.226124, 0.230147, 0.232363, 0.232799, 0.232882, 0.235307, 0.235392, 0.235403, 0.236114, 0.236166, 0.238109, 0.242409, 0.24314, 0.244009, 0.24437, 0.245022, 0.245937, 0.247351, 0.247386, 0.248257, 0.25015, 0.252277, 0.252449, 0.252778, 0.25321, 0.253473, 0.253878, 0.254357, 0.254364, 0.255993, 0.257727, 0.259885, 0.260195, 0.261287, 0.262416, 0.263423, 0.264734, 0.26477, 0.265242, 0.265242, 0.265643, 0.265705, 0.2659, 0.267188, 0.268455, 0.268473, 0.268678, 0.268847, 0.269393, 0.269861, 0.26996, 0.271105, 0.271789, 0.272471, 0.273125, 0.274508, 0.275205, 0.27526, 0.275713, 0.275948, 0.276044, 0.276432, 0.276585, 0.276692, 0.27767, 0.27954, 0.279707, 0.279933, 0.280034, 0.280217, 0.280532, 0.280714, 0.280854, 0.281293, 0.281757, 0.282203, 0.282379, 0.282524, 0.282851, 0.283825, 0.284763, 0.28632, 0.288396, 0.288799, 0.289006, 0.289495, 0.289508, 0.290854, 0.290854, 0.292027, 0.292641, 0.293473, 0.294395, 0.295761, 0.295861, 0.296615, 0.296615, 0.29789, 0.298426, 0.29913, 0.299434, 0.299451, 0.300135, 0.300358, 0.300615, 0.300727, 0.300781, 0.300781, 0.301202, 0.301589, 0.301915, 0.302006, 0.306375, 0.307557, 0.309939, 0.311046, 0.311695, 0.312015, 0.312071, 0.312196, 0.312958, 0.313155, 0.313178, 0.313228, 0.313918, 0.314289, 0.314537, 0.314741, 0.314909, 0.315839, 0.316057, 0.316062, 0.316221, 0.318805, 0.319134, 0.319138, 0.319175, 0.319345, 0.319529, 0.319771, 0.32012, 0.321012, 0.321697, 0.322949, 0.323242, 0.323433, 0.323496, 0.323908, 0.323929, 0.324818, 0.325036, 0.325036, 0.325277, 0.325717, 0.326538, 0.326729, 0.327185, 0.328145, 0.328344, 0.33067, 0.331004, 0.331351, 0.331976, 0.334245, 0.334462, 0.335033, 0.336463, 0.336572, 0.336669, 0.336681, 0.336706, 0.337475, 0.337629, 0.337637, 0.338099, 0.338229, 0.338368, 0.338376, 0.338904, 0.339469, 0.339872, 0.340333, 0.340895, 0.340981, 0.341198, 0.342134, 0.34318, 0.343218, 0.343711, 0.344103, 0.345624, 0.346229, 0.346229, 0.346327, 0.346496, 0.347418, 0.348585, 0.349173, 0.349926, 0.350087, 0.351599, 0.351613, 0.351619, 0.351777, 0.352425, 0.352478, 0.35252, 0.35264, 0.353071, 0.354905, 0.354995, 0.355255, 0.355438, 0.355558, 0.355565, 0.356323, 0.356456, 0.356609, 0.356805, 0.357706, 0.357859, 0.358942, 0.360259, 0.360962, 0.360986, 0.361245, 0.361546, 0.361651, 0.362156, 0.362157, 0.362162, 0.36263, 0.362825, 0.362988, 0.363249, 0.363368, 0.363819, 0.363877, 0.364041, 0.364245, 0.365166, 0.365646, 0.365786, 0.366032, 0.366039, 0.366131, 0.366321, 0.36663, 0.366881, 0.367051, 0.367693, 0.367841, 0.367883, 0.368024, 0.3682, 0.371124, 0.371456, 0.371774, 0.373016, 0.373794, 0.374973, 0.374974, 0.375422, 0.375653, 0.376517, 0.376922, 0.377698, 0.377963, 0.378029, 0.378136, 0.378889, 0.379077, 0.380151, 0.380579, 0.381617, 0.381752, 0.382286, 0.383445, 0.383812, 0.384393, 0.384523, 0.385231, 0.385357, 0.385585, 0.386984, 0.387542, 0.388561, 0.38997, 0.39125, 0.391723, 0.392188, 0.392389, 0.392732, 0.393404, 0.394664, 0.396518, 0.396561, 0.396607, 0.397459, 0.39801, 0.398033, 0.398395, 0.399469, 0.400207, 0.400715, 0.402032, 0.402115, 0.402706, 0.403159, 0.403908, 0.404757, 0.405024, 0.407215, 0.407739, 0.407744, 0.4083, 0.408337, 0.408361, 0.408556, 0.408842, 0.409662, 0.412472, 0.412607, 0.413692, 0.413726, 0.414236, 0.414248, 0.415329, 0.415378, 0.415936, 0.416501, 0.416666, 0.416931, 0.41853, 0.418582, 0.418713, 0.419646, 0.419742, 0.419975, 0.421961, 0.422578, 0.423051, 0.423088, 0.423731, 0.423867, 0.424102, 0.424818, 0.42484, 0.424882, 0.425102, 0.425285, 0.42591, 0.426133, 0.428378, 0.429879, 0.429974, 0.43075, 0.431574, 0.43347, 0.434403, 0.434921, 0.436706, 0.436816, 0.437096, 0.437273, 0.43738, 0.438061, 0.438652, 0.439477, 0.439518, 0.440985, 0.441134, 0.441304, 0.441337, 0.441374, 0.441547, 0.442143, 0.442643, 0.442723, 0.442732, 0.443369, 0.44477, 0.444925, 0.445587, 0.445702, 0.446678, 0.446864, 0.447363, 0.448845, 0.449021, 0.449878, 0.449885, 0.451237, 0.451362, 0.451754, 0.452689, 0.453226, 0.453293, 0.453392, 0.453592, 0.454078, 0.454683, 0.454875, 0.454916, 0.45539, 0.455791, 0.456155, 0.456167, 0.456415, 0.456637, 0.458325, 0.458512, 0.458769, 0.459322, 0.459838, 0.459982, 0.460899, 0.461077, 0.461188, 0.461388, 0.462581, 0.463163, 0.463536, 0.463892, 0.464154, 0.464454, 0.464872, 0.465463, 0.466002, 0.466138, 0.466289, 0.466298, 0.46656, 0.467595, 0.467878, 0.467957, 0.468009, 0.468432, 0.469393, 0.46992, 0.470524, 0.470729, 0.47096, 0.472026, 0.47226, 0.472885, 0.473084, 0.474351, 0.474857, 0.475407, 0.4755, 0.475678, 0.475826, 0.475883, 0.475954, 0.476567, 0.477019, 0.477125, 0.47713, 0.478006, 0.478506, 0.478973, 0.4791, 0.479738, 0.480551, 0.481244, 0.481423, 0.48154, 0.482893, 0.483846, 0.484717, 0.484724, 0.48551, 0.485651, 0.485815, 0.486176, 0.486255, 0.486648, 0.486744, 0.4869, 0.487878, 0.488296, 0.488811, 0.488985, 0.489133, 0.489457, 0.49114, 0.49211, 0.494016, 0.49421, 0.494433, 0.494538, 0.494949, 0.49594, 0.496334, 0.49683, 0.496902, 0.497511, 0.498042, 0.498705, 0.498868, 0.499134, 0.499417, 0.499573, 0.499905, 0.501403, 0.501869, 0.502389, 0.502513, 0.502953, 0.503055, 0.503075, 0.503756, 0.504735, 0.505194, 0.505965, 0.507743, 0.50859, 0.5089, 0.50915, 0.509579, 0.510314, 0.510692, 0.511332, 0.511797, 0.51186, 0.511908, 0.513225, 0.513658, 0.513759, 0.514158, 0.515362, 0.516478, 0.516571, 0.516702, 0.516738, 0.51715, 0.51792, 0.518353, 0.518758, 0.52019, 0.520668, 0.520861, 0.52169, 0.521961, 0.522786, 0.523481, 0.523594, 0.52426, 0.524264, 0.524508, 0.525993, 0.526601, 0.528174, 0.528523, 0.529188, 0.529219, 0.52934, 0.529391, 0.52941, 0.530061, 0.530444, 0.531004, 0.531392, 0.532337, 0.533084, 0.533426, 0.533621, 0.534193, 0.534469, 0.534998, 0.535263, 0.535693, 0.535794, 0.535964, 0.536349, 0.536706, 0.538178, 0.53905, 0.539544, 0.540179, 0.541713, 0.542203, 0.542703, 0.543934, 0.544484, 0.544668, 0.545505, 0.545652, 0.545775, 0.546278, 0.54688, 0.547513, 0.547948, 0.548523, 0.548592, 0.549416, 0.549811, 0.550339, 0.550942, 0.551464, 0.552081, 0.55243, 0.552497, 0.552719, 0.55322, 0.554001, 0.554095, 0.55509, 0.55509, 0.556259, 0.557181, 0.557559, 0.557942, 0.558174, 0.558366, 0.559137, 0.559441, 0.560277, 0.560392, 0.562519, 0.562668, 0.562914, 0.564089, 0.564423, 0.564466, 0.565513, 0.565699, 0.56594, 0.566057, 0.566058, 0.566235, 0.567126, 0.56759, 0.56816, 0.568273, 0.568303, 0.568546, 0.571231, 0.571901, 0.572304, 0.573071, 0.573223, 0.57356, 0.573623, 0.573741, 0.574289, 0.575016, 0.575226, 0.575847, 0.576742, 0.576984, 0.578899, 0.579728, 0.579763, 0.579989, 0.580081, 0.580747, 0.581731, 0.581984, 0.582554, 0.5826, 0.583217, 0.584377, 0.585403, 0.586376, 0.587354, 0.587542, 0.588343, 0.588369, 0.588438, 0.58846, 0.588611, 0.59215, 0.593442, 0.596265, 0.597011, 0.598246, 0.599052, 0.599725, 0.600281, 0.601415, 0.602633, 0.60365, 0.603766, 0.603932, 0.605148, 0.605962, 0.60621, 0.606673, 0.606863, 0.60788, 0.607965, 0.608387, 0.60859, 0.609121, 0.609143, 0.609982, 0.610438, 0.610933, 0.61107, 0.612209, 0.612507, 0.612746, 0.614358, 0.615459, 0.615612, 0.617856, 0.619245, 0.619874, 0.62054, 0.620856, 0.62223, 0.623207, 0.623315, 0.623664, 0.623978, 0.624114, 0.624941, 0.625017, 0.627187, 0.627896, 0.628086, 0.628272, 0.629523, 0.630215, 0.630369, 0.63412, 0.634566, 0.635077, 0.635191, 0.636193, 0.639083, 0.639158, 0.639207, 0.639306, 0.639307, 0.639716, 0.640409, 0.640866, 0.641089, 0.643023, 0.643048, 0.644045, 0.645233, 0.645754, 0.646467, 0.647386, 0.647527, 0.647576, 0.648854, 0.650231, 0.652282, 0.652935, 0.653811, 0.653906, 0.653917, 0.657023, 0.657607, 0.657873, 0.6585, 0.65866, 0.659292, 0.659582, 0.661271, 0.661899, 0.663547, 0.663547, 0.663856, 0.663962, 0.664125, 0.665743, 0.665954, 0.668274, 0.669028, 0.670207, 0.670557, 0.671532, 0.672087, 0.673377, 0.673978, 0.675014, 0.675078, 0.675168, 0.676234, 0.678287, 0.678325, 0.678919, 0.679312, 0.679551, 0.680097, 0.680179, 0.680523, 0.681103, 0.682811, 0.683096, 0.685452, 0.685669, 0.686487, 0.686647, 0.688912, 0.688913, 0.688979, 0.689633, 0.692036, 0.693109, 0.693569, 0.694932, 0.695948, 0.69664, 0.698013, 0.698224, 0.70007, 0.700202, 0.701657, 0.701664, 0.702905, 0.703099, 0.703388, 0.703897, 0.704434, 0.705314, 0.706097, 0.706266, 0.714017, 0.714164, 0.714405, 0.716062, 0.716551, 0.716677, 0.717467, 0.7183, 0.719058, 0.719288, 0.719822, 0.720639, 0.720711, 0.722354, 0.722873, 0.723702, 0.727134, 0.727962, 0.72921, 0.73028, 0.734159, 0.73434, 0.737005, 0.737785, 0.738528, 0.738556, 0.74021, 0.741344, 0.743406, 0.744012, 0.744315, 0.746006, 0.746135, 0.746178, 0.74645, 0.747685, 0.749228, 0.749766, 0.750726, 0.756651, 0.75748, 0.757789, 0.762271, 0.762606, 0.76317, 0.764607, 0.77748, 0.781745, 0.786524, 0.793859, 0.797301, 0.801198, 0.801426, 0.802746, 0.816835, 0.819345, 0.820081, 0.820676, 0.823635, 0.825804, 0.851299, 0.852262, 0.85414, 0.856785, 0.859674, 0.860112, 0.862279, 0.875538, 0.881829, 0.888759, 0.922606, 0.960631, 0.967658, 1.03569, 1.03702, 1.07615, 1.09056, 1.15801, 1.16396, 1.23795, 1.40958, 1.41934, 1.42033, 1.42501, 1.45323, 1.64658, 2.26007]
added 0 999
added 1 998.052
added 2 997.064
added 3 996.069
added 4 995.071
added 5 994.082
added 6 993.086
added 7 992.094
added 8 991.097
added 9 990.111
added 10 989.114
added 11 988.117
added 12 987.118
added 13 986.119
added 14 985.123
added 15 984.123
added 16 983.125
added 17 982.126
added 18 981.13
added 19 980.14
added 20 979.141
added 21 978.141
added 22 977.144
added 23 976.144
added 24 975.148
added 25 974.148
added 26 973.15
added 27 972.15
added 28 971.152
added 29 970.155
added 30 969.156
added 31 968.158
added 32 967.158
added 33 966.161
added 34 965.161
added 35 964.162
added 36 963.163
added 37 962.164
added 38 961.165
added 39 960.166
added 40 959.168
added 41 958.168
added 42 957.17
added 43 956.171
added 44 955.171
added 45 954.172
added 46 953.175
added 47 952.175
added 48 951.177
added 49 950.177
added 50 949.178
added 51 948.178
added 52 947.182
added 53 946.182
added 54 945.182
added 55 944.187
added 56 943.192
added 57 942.193
added 58 941.193
added 59 940.195
added 60 939.195
added 61 938.196
added 62 937.196
added 63 936.196
added 64 935.198
added 65 934.202
added 66 933.202
added 67 932.202
added 68 931.203
added 69 930.203
added 70 929.205
added 71 928.207
added 72 927.209
added 73 926.21
added 74 925.21
added 75 924.212
added 76 923.212
added 77 922.215
added 78 921.215
added 79 920.216
added 80 919.217
added 81 918.218
added 82 917.218
added 83 916.218
added 84 915.22
added 85 914.223
added 86 913.224
added 87 912.225
added 88 911.226
added 89 910.226
added 90 909.23
added 91 908.232
added 92 907.233
added 93 906.233
added 94 905.235
added 95 904.235
added 96 903.235
added 97 902.236
added 98 901.236
added 99 900.238
added 100 899.242
added 101 898.243
added 102 897.244
added 103 896.244
added 104 895.245
added 105 894.246
added 106 893.247
added 107 892.247
added 108 891.248
added 109 890.25
added 110 889.252
added 111 888.252
added 112 887.253
added 113 886.253
added 114 885.253
added 115 884.254
added 116 883.254
added 117 882.254
added 118 881.256
added 119 880.258
added 120 879.26
added 121 878.26
added 122 877.261
added 123 876.262
added 124 875.263
added 125 874.265
added 126 873.265
added 127 872.265
added 128 871.265
added 129 870.266
added 130 869.266
added 131 868.266
added 132 867.267
added 133 866.268
added 134 865.268
added 135 864.269
added 136 863.269
added 137 862.269
added 138 861.27
added 139 860.27
added 140 859.271
added 141 858.272
added 142 857.272
added 143 856.273
added 144 855.275
added 145 854.275
added 146 853.275
added 147 852.276
added 148 851.276
added 149 850.276
added 150 849.276
added 151 848.277
added 152 847.277
added 153 846.278
added 154 845.28
added 155 844.28
added 156 843.28
added 157 842.28
added 158 841.28
added 159 840.281
added 160 839.281
added 161 838.281
added 162 837.281
added 163 836.282
added 164 835.282
added 165 834.282
added 166 833.283
added 167 832.283
added 168 831.284
added 169 830.285
added 170 829.286
added 171 828.288
added 172 827.289
added 173 826.289
added 174 825.289
added 175 824.29
added 176 823.291
added 177 822.291
added 178 821.292
added 179 820.293
added 180 819.293
added 181 818.294
added 182 817.296
added 183 816.296
added 184 815.297
added 185 814.297
added 186 813.298
added 187 812.298
added 188 811.299
added 189 810.299
added 190 809.299
added 191 808.3
added 192 807.3
added 193 806.301
added 194 805.301
added 195 804.301
added 196 803.301
added 197 802.301
added 198 801.302
added 199 800.302
added 200 799.302
added 201 798.306
added 202 797.308
added 203 796.31
added 204 795.311
added 205 794.312
added 206 793.312
added 207 792.312
added 208 791.312
added 209 790.313
added 210 789.313
added 211 788.313
added 212 787.313
added 213 786.314
added 214 785.314
added 215 784.315
added 216 783.315
added 217 782.315
added 218 781.316
added 219 780.316
added 220 779.316
added 221 778.316
added 222 777.319
added 223 776.319
added 224 775.319
added 225 774.319
added 226 773.319
added 227 772.32
added 228 771.32
added 229 770.32
added 230 769.321
added 231 768.322
added 232 767.323
added 233 766.323
added 234 765.323
added 235 764.323
added 236 763.324
added 237 762.324
added 238 761.325
added 239 760.325
added 240 759.325
added 241 758.325
added 242 757.326
added 243 756.327
added 244 755.327
added 245 754.327
added 246 753.328
added 247 752.328
added 248 751.331
added 249 750.331
added 250 749.331
added 251 748.332
added 252 747.334
added 253 746.334
added 254 745.335
added 255 744.336
added 256 743.337
added 257 742.337
added 258 741.337
added 259 740.337
added 260 739.337
added 261 738.338
added 262 737.338
added 263 736.338
added 264 735.338
added 265 734.338
added 266 733.338
added 267 732.339
added 268 731.339
added 269 730.34
added 270 729.34
added 271 728.341
added 272 727.341
added 273 726.341
added 274 725.342
added 275 724.343
added 276 723.343
added 277 722.344
added 278 721.344
added 279 720.346
added 280 719.346
added 281 718.346
added 282 717.346
added 283 716.346
added 284 715.347
added 285 714.349
added 286 713.349
added 287 712.35
added 288 711.35
added 289 710.352
added 290 709.352
added 291 708.352
added 292 707.352
added 293 706.352
added 294 705.352
added 295 704.353
added 296 703.353
added 297 702.353
added 298 701.355
added 299 700.355
added 300 699.355
added 301 698.355
added 302 697.356
added 303 696.356
added 304 695.356
added 305 694.356
added 306 693.357
added 307 692.357
added 308 691.358
added 309 690.358
added 310 689.359
added 311 688.36
added 312 687.361
added 313 686.361
added 314 685.361
added 315 684.362
added 316 683.362
added 317 682.362
added 318 681.362
added 319 680.362
added 320 679.363
added 321 678.363
added 322 677.363
added 323 676.363
added 324 675.363
added 325 674.364
added 326 673.364
added 327 672.364
added 328 671.364
added 329 670.365
added 330 669.366
added 331 668.366
added 332 667.366
added 333 666.366
added 334 665.366
added 335 664.366
added 336 663.367
added 337 662.367
added 338 661.367
added 339 660.368
added 340 659.368
added 341 658.368
added 342 657.368
added 343 656.368
added 344 655.371
added 345 654.371
added 346 653.372
added 347 652.373
added 348 651.374
added 349 650.375
added 350 649.375
added 351 648.375
added 352 647.376
added 353 646.377
added 354 645.377
added 355 644.378
added 356 643.378
added 357 642.378
added 358 641.378
added 359 640.379
added 360 639.379
added 361 638.38
added 362 637.381
added 363 636.382
added 364 635.382
added 365 634.382
added 366 633.383
added 367 632.384
added 368 631.384
added 369 630.385
added 370 629.385
added 371 628.385
added 372 627.386
added 373 626.387
added 374 625.388
added 375 624.389
added 376 623.39
added 377 622.391
added 378 621.392
added 379 620.392
added 380 619.392
added 381 618.393
added 382 617.393
added 383 616.395
added 384 615.397
added 385 614.397
added 386 613.397
added 387 612.397
added 388 611.398
added 389 610.398
added 390 609.398
added 391 608.399
added 392 607.4
added 393 606.401
added 394 605.402
added 395 604.402
added 396 603.403
added 397 602.403
added 398 601.404
added 399 600.405
added 400 599.405
added 401 598.407
added 402 597.408
added 403 596.408
added 404 595.408
added 405 594.408
added 406 593.408
added 407 592.409
added 408 591.409
added 409 590.41
added 410 589.412
added 411 588.413
added 412 587.414
added 413 586.414
added 414 585.414
added 415 584.414
added 416 583.415
added 417 582.415
added 418 581.416
added 419 580.417
added 420 579.417
added 421 578.417
added 422 577.419
added 423 576.419
added 424 575.419
added 425 574.42
added 426 573.42
added 427 572.42
added 428 571.422
added 429 570.423
added 430 569.423
added 431 568.423
added 432 567.424
added 433 566.424
added 434 565.424
added 435 564.425
added 436 563.425
added 437 562.425
added 438 561.425
added 439 560.425
added 440 559.426
added 441 558.426
added 442 557.428
added 443 556.43
added 444 555.43
added 445 554.431
added 446 553.432
added 447 552.433
added 448 551.434
added 449 550.435
added 450 549.437
added 451 548.437
added 452 547.437
added 453 546.437
added 454 545.437
added 455 544.438
added 456 543.439
added 457 542.439
added 458 541.44
added 459 540.441
added 460 539.441
added 461 538.441
added 462 537.441
added 463 536.441
added 464 535.442
added 465 534.442
added 466 533.443
added 467 532.443
added 468 531.443
added 469 530.443
added 470 529.445
added 471 528.445
added 472 527.446
added 473 526.446
added 474 525.447
added 475 524.447
added 476 523.447
added 477 522.449
added 478 521.449
added 479 520.45
added 480 519.45
added 481 518.451
added 482 517.451
added 483 516.452
added 484 515.453
added 485 514.453
added 486 513.453
added 487 512.453
added 488 511.454
added 489 510.454
added 490 509.455
added 491 508.455
added 492 507.455
added 493 506.455
added 494 505.456
added 495 504.456
added 496 503.456
added 497 502.456
added 498 501.457
added 499 500.458
added 500 499.459
added 501 498.459
added 502 497.459
added 503 496.46
added 504 495.46
added 505 494.461
added 506 493.461
added 507 492.461
added 508 491.461
added 509 490.463
added 510 489.463
added 511 488.464
added 512 487.464
added 513 486.464
added 514 485.464
added 515 484.465
added 516 483.465
added 517 482.466
added 518 481.466
added 519 480.466
added 520 479.466
added 521 478.467
added 522 477.468
added 523 476.468
added 524 475.468
added 525 474.468
added 526 473.468
added 527 472.469
added 528 471.47
added 529 470.471
added 530 469.471
added 531 468.471
added 532 467.472
added 533 466.472
added 534 465.473
added 535 464.473
added 536 463.474
added 537 462.475
added 538 461.475
added 539 460.476
added 540 459.476
added 541 458.476
added 542 457.476
added 543 456.476
added 544 455.477
added 545 454.477
added 546 453.477
added 547 452.477
added 548 451.478
added 549 450.479
added 550 449.479
added 551 448.479
added 552 447.48
added 553 446.481
added 554 445.481
added 555 444.481
added 556 443.482
added 557 442.483
added 558 441.484
added 559 440.485
added 560 439.485
added 561 438.486
added 562 437.486
added 563 436.486
added 564 435.486
added 565 434.486
added 566 433.487
added 567 432.487
added 568 431.487
added 569 430.488
added 570 429.488
added 571 428.489
added 572 427.489
added 573 426.489
added 574 425.489
added 575 424.491
added 576 423.492
added 577 422.494
added 578 421.494
added 579 420.494
added 580 419.495
added 581 418.495
added 582 417.496
added 583 416.496
added 584 415.497
added 585 414.497
added 586 413.498
added 587 412.498
added 588 411.499
added 589 410.499
added 590 409.499
added 591 408.499
added 592 407.5
added 593 406.5
added 594 405.501
added 595 404.502
added 596 403.502
added 597 402.503
added 598 401.503
added 599 400.503
added 600 399.503
added 601 398.504
added 602 397.505
added 603 396.505
added 604 395.506
added 605 394.508
added 606 393.509
added 607 392.509
added 608 391.509
added 609 390.51
added 610 389.51
added 611 388.511
added 612 387.511
added 613 386.512
added 614 385.512
added 615 384.512
added 616 383.513
added 617 382.514
added 618 381.514
added 619 380.514
added 620 379.515
added 621 378.516
added 622 377.517
added 623 376.517
added 624 375.517
added 625 374.517
added 626 373.518
added 627 372.518
added 628 371.519
added 629 370.52
added 630 369.521
added 631 368.521
added 632 367.522
added 633 366.522
added 634 365.523
added 635 364.523
added 636 363.524
added 637 362.524
added 638 361.524
added 639 360.525
added 640 359.526
added 641 358.527
added 642 357.528
added 643 356.529
added 644 355.529
added 645 354.529
added 646 353.529
added 647 352.529
added 648 351.529
added 649 350.53
added 650 349.53
added 651 348.531
added 652 347.531
added 653 346.532
added 654 345.533
added 655 344.533
added 656 343.534
added 657 342.534
added 658 341.534
added 659 340.535
added 660 339.535
added 661 338.536
added 662 337.536
added 663 336.536
added 664 335.536
added 665 334.537
added 666 333.538
added 667 332.539
added 668 331.54
added 669 330.54
added 670 329.542
added 671 328.542
added 672 327.543
added 673 326.544
added 674 325.544
added 675 324.545
added 676 323.546
added 677 322.546
added 678 321.546
added 679 320.546
added 680 319.547
added 681 318.548
added 682 317.548
added 683 316.549
added 684 315.549
added 685 314.549
added 686 313.55
added 687 312.55
added 688 311.551
added 689 310.551
added 690 309.552
added 691 308.552
added 692 307.552
added 693 306.553
added 694 305.553
added 695 304.554
added 696 303.554
added 697 302.555
added 698 301.555
added 699 300.556
added 700 299.557
added 701 298.558
added 702 297.558
added 703 296.558
added 704 295.558
added 705 294.559
added 706 293.559
added 707 292.56
added 708 291.56
added 709 290.563
added 710 289.563
added 711 288.563
added 712 287.564
added 713 286.564
added 714 285.564
added 715 284.566
added 716 283.566
added 717 282.566
added 718 281.566
added 719 280.566
added 720 279.566
added 721 278.567
added 722 277.568
added 723 276.568
added 724 275.568
added 725 274.568
added 726 273.569
added 727 272.571
added 728 271.572
added 729 270.572
added 730 269.573
added 731 268.573
added 732 267.574
added 733 266.574
added 734 265.574
added 735 264.574
added 736 263.575
added 737 262.575
added 738 261.576
added 739 260.577
added 740 259.577
added 741 258.579
added 742 257.58
added 743 256.58
added 744 255.58
added 745 254.58
added 746 253.581
added 747 252.582
added 748 251.582
added 749 250.583
added 750 249.583
added 751 248.583
added 752 247.584
added 753 246.585
added 754 245.586
added 755 244.587
added 756 243.588
added 757 242.588
added 758 241.588
added 759 240.588
added 760 239.588
added 761 238.589
added 762 237.592
added 763 236.593
added 764 235.596
added 765 234.597
added 766 233.598
added 767 232.599
added 768 231.6
added 769 230.6
added 770 229.601
added 771 228.603
added 772 227.604
added 773 226.604
added 774 225.604
added 775 224.605
added 776 223.606
added 777 222.606
added 778 221.607
added 779 220.607
added 780 219.608
added 781 218.608
added 782 217.608
added 783 216.609
added 784 215.609
added 785 214.609
added 786 213.61
added 787 212.61
added 788 211.611
added 789 210.611
added 790 209.612
added 791 208.613
added 792 207.613
added 793 206.614
added 794 205.615
added 795 204.616
added 796 203.618
added 797 202.619
added 798 201.62
added 799 200.621
added 800 199.621
added 801 198.622
added 802 197.623
added 803 196.623
added 804 195.624
added 805 194.624
added 806 193.624
added 807 192.625
added 808 191.625
added 809 190.627
added 810 189.628
added 811 188.628
added 812 187.628
added 813 186.63
added 814 185.63
added 815 184.63
added 816 183.634
added 817 182.635
added 818 181.635
added 819 180.635
added 820 179.636
added 821 178.639
added 822 177.639
added 823 176.639
added 824 175.639
added 825 174.639
added 826 173.64
added 827 172.64
added 828 171.641
added 829 170.641
added 830 169.643
added 831 168.643
added 832 167.644
added 833 166.645
added 834 165.646
added 835 164.646
added 836 163.647
added 837 162.648
added 838 161.648
added 839 160.649
added 840 159.65
added 841 158.652
added 842 157.653
added 843 156.654
added 844 155.654
added 845 154.654
added 846 153.657
added 847 152.658
added 848 151.658
added 849 150.658
added 850 149.659
added 851 148.659
added 852 147.66
added 853 146.661
added 854 145.662
added 855 144.664
added 856 143.664
added 857 142.664
added 858 141.664
added 859 140.664
added 860 139.666
added 861 138.666
added 862 137.668
added 863 136.669
added 864 135.67
added 865 134.671
added 866 133.672
added 867 132.672
added 868 131.673
added 869 130.674
added 870 129.675
added 871 128.675
added 872 127.675
added 873 126.676
added 874 125.678
added 875 124.678
added 876 123.679
added 877 122.679
added 878 121.68
added 879 120.68
added 880 119.68
added 881 118.681
added 882 117.681
added 883 116.683
added 884 115.683
added 885 114.685
added 886 113.686
added 887 112.686
added 888 111.687
added 889 110.689
added 890 109.689
added 891 108.689
added 892 107.69
added 893 106.692
added 894 105.693
added 895 104.694
added 896 103.695
added 897 102.696
added 898 101.697
added 899 100.698
added 900 99.6982
added 901 98.7001
added 902 97.7002
added 903 96.7017
added 904 95.7017
added 905 94.7029
added 906 93.7031
added 907 92.7034
added 908 91.7039
added 909 90.7044
added 910 89.7053
added 911 88.7061
added 912 87.7063
added 913 86.714
added 914 85.7142
added 915 84.7144
added 916 83.7161
added 917 82.7166
added 918 81.7167
added 919 80.7175
added 920 79.7183
added 921 78.7191
added 922 77.7193
added 923 76.7198
added 924 75.7206
added 925 74.7207
added 926 73.7224
added 927 72.7229
added 928 71.7237
added 929 70.7271
added 930 69.728
added 931 68.7292
added 932 67.7303
added 933 66.7342
added 934 65.7343
added 935 64.737
added 936 63.7378
added 937 62.7385
added 938 61.7386
added 939 60.7402
added 940 59.7413
added 941 58.7434
added 942 57.744
added 943 56.7443
added 944 55.746
added 945 54.7461
added 946 53.7462
added 947 52.7465
added 948 51.7477
added 949 50.7492
added 950 49.7498
added 951 48.7507
added 952 47.7567
added 953 46.7575
added 954 45.7578
added 955 44.7623
added 956 43.7626
added 957 42.7632
added 958 41.7646
added 959 40.7775
added 960 39.7817
added 961 38.7865
added 962 37.7939
added 963 36.7973
added 964 35.8012
added 965 34.8014
added 966 33.8027
added 967 32.8168
added 968 31.8193
added 969 30.8201
added 970 29.8207
added 971 28.8236
added 972 27.8258
added 973 26.8513
added 974 25.8523
added 975 24.8541
added 976 23.8568
added 977 22.8597
added 978 21.8601
added 979 20.8623
added 980 19.8755
added 981 18.8818
added 982 17.8888
added 983 16.9226
added 984 15.9606
added 985 14.9677
added 986 14.0357
added 987 13.037
added 988 12.0761
added 989 11.0906
added 990 10.158
added 991 9.16396
added 992 8.23795
added 993 7.40958
added 994 6.41934
added 995 5.42033
added 996 4.42501
added 997 3.45323
added 998 2.64658
added 999 2.26007
