xc 166.667 yc 166.667 size 666.667 rMax 2121.32
xc -55.5556 yc -55.5556 size 444.444 rMax 1178.51
xc 92.5926 yc 92.5926 size 296.296 rMax 720.542
xc -6.17284 yc -6.17284 size 197.531 rMax 549.972
xc 59.6708 yc 59.6708 size 131.687 rMax 301.516
xc 15.775 yc 15.775 size 87.7915 rMax 270.621
xc -13.4888 yc -13.4888 size 58.5277 rMax 146.465
xc 6.02042 yc 6.02042 size 39.0184 rMax 115.284
xc -6.98572 yc -6.98572 size 26.0123 rMax 63.6946
xc 1.68504 yc 1.68504 size 17.3415 rMax 60.1054
xc 7.46555 yc 7.46555 size 11.561 rMax 35.5837
xc 3.61188 yc 3.61188 size 7.70735 rMax 26.9076
xc 6.18099 yc 6.18099 size 5.13823 rMax 19.2399
xc 4.46825 yc 4.46825 size 3.42549 rMax 16.0078
xc 5.61008 yc 5.61008 size 2.28366 rMax 11.9812
xc 4.84886 yc 4.84886 size 1.52244 rMax 11.1634
xc 5.35634 yc 4.34138 size 1.01496 rMax 9.2266
xc 5.01802 yc 4.00306 size 0.676639 rMax 8.32369
xc 5.24357 yc 4.22861 size 0.451093 rMax 8.01308
xc 5.39393 yc 4.37897 size 0.300729 rMax 7.37514
xc 5.29369 yc 4.27873 size 0.200486 rMax 7.3708
xc 5.22686 yc 4.2119 size 0.133657 rMax 7.08867
xc 5.27141 yc 4.25645 size 0.0891048 rMax 6.94985
xc 5.24171 yc 4.22675 size 0.0594032 rMax 6.90065
xc 5.26151 yc 4.24655 size 0.0396021 rMax 6.82383
xc 5.24831 yc 4.23335 size 0.0264014 rMax 6.8171
xc 5.23951 yc 4.22455 size 0.0176009 rMax 6.77998
xc 5.24538 yc 4.23042 size 0.011734 rMax 6.76783
xc 5.24147 yc 4.22651 size 0.00782264 rMax 6.75522
xc 5.24407 yc 4.22911 size 0.0052151 rMax 6.75123
xc 5.24233 yc 4.22737 size 0.00347673 rMax 6.74422
xc 5.24349 yc 4.22853 size 0.00231782 rMax 6.74386
xc 5.24427 yc 4.22931 size 0.00154521 rMax 6.74058
xc 5.24375 yc 4.22879 size 0.00103014 rMax 6.73934
xc 5.24409 yc 4.22913 size 0.000686761 rMax 6.7384
xc 5.24387 yc 4.22891 size 0.000457841 rMax 6.73789
xc 5.24402 yc 4.22906 size 0.000305227 rMax 6.73742
xc 5.24392 yc 4.22896 size 0.000203485 rMax 6.73724
xc 5.24398 yc 4.22902 size 0.000135657 rMax 6.73699
xc 5.24394 yc 4.22898 size 9.04377e-05 rMax 6.73696
xc 5.24391 yc 4.22895 size 6.02918e-05 rMax 6.73683
xc 5.24393 yc 4.22897 size 4.01945e-05 rMax 6.7368
xc 5.24392 yc 4.22896 size 2.67964e-05 rMax 6.73674
xc 5.24392 yc 4.22896 size 1.78642e-05 rMax 6.73674
xc 5.24393 yc 4.22897 size 1.19095e-05 rMax 6.73672
xc 5.24393 yc 4.22897 size 7.93966e-06 rMax 6.73671
xc 5.24393 yc 4.22897 size 5.29311e-06 rMax 6.7367
xc 5.24393 yc 4.22897 size 3.52874e-06 rMax 6.7367
xc 5.24393 yc 4.22897 size 2.35249e-06 rMax 6.73669
xc 5.24393 yc 4.22897 size 1.56833e-06 rMax 6.73669
xc 5.24393 yc 4.22897 size 1.04555e-06 rMax 6.73669
xc 5.24393 yc 4.22897 size 6.97035e-07 rMax 6.73669
xc 5.24393 yc 4.22897 size 4.6469e-07 rMax 6.73669
xc 5.24393 yc 4.22897 size 3.09793e-07 rMax 6.73669
xc 5.24393 yc 4.22897 size 2.06529e-07 rMax 6.73669
xc 5.24393 yc 4.22897 size 1.37686e-07 rMax 6.73669
xc 5.24393 yc 4.22897 size 9.17906e-08 rMax 6.73669
xc 5.24393 yc 4.22897 size 6.11937e-08 rMax 6.73669
xc 5.24393 yc 4.22897 size 4.07958e-08 rMax 6.73669
6.7366875334257922958
