xMin 0 yMin 0 size 1000 rMin 13.4536 rMax 2121.32
xMin 0 yMin 0 size 800 rMin 13.4536 rMax 1144.81
xMin 0 yMin 0 size 640 rMin 13.4536 rMax 918.532
xMin 0 yMin 0 size 512 rMin 13.4536 rMax 737.513
xMin 0 yMin 0 size 409.6 rMin 13.4536 rMax 592.697
xMin 0 yMin 0 size 327.68 rMin 13.4536 rMax 476.845
xMin 0 yMin 0 size 262.144 rMin 13.4536 rMax 384.163
xMin 0 yMin 0 size 209.715 rMin 13.4536 rMax 310.018
xMin 0 yMin 0 size 167.772 rMin 13.4536 rMax 250.702
xMin 0 yMin 0 size 134.218 rMin 13.4536 rMax 203.249
xMin 0 yMin 0 size 107.374 rMin 13.4536 rMax 165.287
xMin 0 yMin 0 size 85.8993 rMin 13.4536 rMax 134.917
xMin 0 yMin 0 size 68.7195 rMin 13.4536 rMax 110.621
xMin 0 yMin 0 size 54.9756 rMin 13.4536 rMax 91.185
xMin 0 yMin 0 size 43.9805 rMin 13.4536 rMax 75.6361
xMin 0 yMin 0 size 35.1844 rMin 13.4536 rMax 63.1972
xMin 0 yMin 0 size 28.1475 rMin 13.4536 rMax 53.2463
xMin 0 yMin 0 size 22.518 rMin 13.4536 rMax 45.2858
xMin 9.0072 yMin 0 size 18.0144 rMin 12.0464 rMax 38.9177
xMin 1.80144 yMin 7.20576 size 14.4115 rMin 10.9151 rMax 32.4145
xMin 7.56605 yMin 1.44115 size 11.5292 rMin 10.0125 rMax 27.2063
xMin 2.95436 yMin 6.05284 size 9.22337 rMin 9.28859 rMax 23.0423
xMin 6.64371 yMin 2.36349 size 7.3787 rMin 8.71176 rMax 19.7096
xMin 3.69223 yMin 5.31497 size 5.90296 rMin 8.24844 rMax 17.0459
xMin 6.05341 yMin 2.95378 size 4.72237 rMin 7.87996 rMax 14.9135
xMin 4.16447 yMin 4.84273 size 3.77789 rMin 7.58324 rMax 13.21
xMin 5.67563 yMin 3.33157 size 3.02231 rMin 7.34796 rMax 11.8457
xMin 4.4667 yMin 4.5405 size 2.41785 rMin 7.15776 rMax 10.7566
xMin 5.43384 yMin 4.5405 size 1.93428 rMin 7.08116 rMax 9.8837
xMin 5.43384 yMin 3.76679 size 1.54743 rMin 6.94524 rMax 9.26288
xMin 4.81487 yMin 4.38576 size 1.23794 rMin 6.94095 rMax 8.69272
xMin 5.31005 yMin 4.38576 size 0.990352 rMin 6.88705 rMax 8.33955
xMin 5.31005 yMin 3.98962 size 0.792282 rMin 6.86292 rMax 8.00316
xMin 4.99313 yMin 4.62344 size 0.633825 rMin 6.81505 rMax 7.75885
cans: cans.cc:119: main(int, char**)::<lambda()>: Assertion `abs(xc - xMin) < 0.6 * size && abs(yc - yMin) < 0.6 * size' failed.
