xysr 5.83333 5.33333 2.5 6.72681
xysr 5.50781 4.8125 1.25 6.73017
xysr 5.20833 4.70833 0.625 6.72681
xysr 5.13672 4.56836 0.3125 6.72723
xysr 5.05208 4.55208 0.15625 6.72681
xysr 5.03418 4.51709 0.078125 6.72688
xysr 5.01302 4.51302 0.0390625 6.72681
xysr 5.00854 4.50427 0.0195312 6.72683
xysr 5.00326 4.50326 0.00976562 6.72681
xysr 5.00214 4.50107 0.00488281 6.72682
xysr 5.00081 4.50081 0.00244141 6.72681
xysr 5.00053 4.50027 0.0012207 6.72681
xysr 5.0002 4.5002 0.000610352 6.72681
xysr 5.00013 4.50007 0.000305176 6.72681
xysr 5.00005 4.50005 0.000152588 6.72681
xysr 5.00003 4.50002 7.62939e-05 6.72681
xysr 5.00001 4.50001 3.8147e-05 6.72681
xysr 5.00001 4.5 1.90735e-05 6.72681
xysr 5 4.5 9.53674e-06 6.72681
xysr 5 4.5 4.76837e-06 6.72681
xysr 5 4.5 2.38419e-06 6.72681
xysr 5 4.5 1.19209e-06 6.72681
6.7268120244598526014
