(-500.00,-500.00) 720.54215699;  (0.00,-500.00) 509.09822235;  (500.00,-500.00) 712.79870931;  (1000.00,-500.00) 1121.19668212;  (1500.00,-500.00) 1583.06095903;  
(-500.00,0.00) 510.07940558;  (0.00,0.00) 13.45362405;  (500.00,0.00) 500.00000000;  (1000.00,0.00) 1000.00000000;  (1500.00,0.00) 1500.00000000;  
(-500.00,500.00) 714.21285343;  (0.00,500.00) 500.09999000;  (500.00,500.00) 707.10678119;  (1000.00,500.00) 1118.03398875;  (1500.00,500.00) 1581.13883008;  
(-500.00,1000.00) 1122.54175869;  (0.00,1000.00) 1000.04999875;  (500.00,1000.00) 1118.03398875;  (1000.00,1000.00) 1414.21356237;  (1500.00,1000.00) 1802.77563773;  
(-500.00,1500.00) 1584.32951118;  (0.00,1500.00) 1500.03333296;  (500.00,1500.00) 1581.13883008;  (1000.00,1500.00) 1802.77563773;  (1500.00,1500.00) 2121.32034356;  
0.0 0.0 1000
(-500.00,-500.00) 720.54215699;  (-250.00,-500.00) 571.56014557;  (0.00,-500.00) 509.09822235;  (250.00,-500.00) 566.64097981;  (500.00,-500.00) 712.79870931;  
(-500.00,-250.00) 571.99737762;  (-250.00,-250.00) 366.98910066;  (0.00,-250.00) 259.19297830;  (250.00,-250.00) 359.27983523;  (500.00,-250.00) 562.21170390;  
(-500.00,0.00) 510.07940558;  (-250.00,0.00) 260.15572260;  (0.00,0.00) 13.45362405;  (250.00,0.00) 250.00000000;  (500.00,0.00) 500.00000000;  
(-500.00,250.00) 567.97887285;  (-250.00,250.00) 360.69377594;  (0.00,250.00) 250.19992006;  (250.00,250.00) 353.55339059;  (500.00,250.00) 559.01699437;  
(-500.00,500.00) 714.21285343;  (-250.00,500.00) 563.56011214;  (0.00,500.00) 500.09999000;  (250.00,500.00) 559.01699437;  (500.00,500.00) 707.10678119;  
0.0 0.0 500.0
(-250.00,-250.00) 366.98910066;  (-125.00,-250.00) 292.07190895;  (0.00,-250.00) 259.19297830;  (125.00,-250.00) 287.15326918;  (250.00,-250.00) 359.27983523;  
(-250.00,-125.00) 292.49957265;  (-125.00,-125.00) 190.21303846;  (0.00,-125.00) 134.37261626;  (125.00,-125.00) 182.57053431;  (250.00,-125.00) 282.76668828;  
(-250.00,0.00) 260.15572260;  (-125.00,0.00) 135.29966741;  (0.00,0.00) 13.45362405;  (125.00,0.00) 125.00000000;  (250.00,0.00) 250.00000000;  
(-250.00,125.00) 288.48743474;  (-125.00,125.00) 183.98369493;  (0.00,125.00) 125.39936204;  (125.00,125.00) 176.77669530;  (250.00,125.00) 279.50849719;  
(-250.00,250.00) 360.69377594;  (-125.00,250.00) 284.12145290;  (0.00,250.00) 250.19992006;  (125.00,250.00) 279.50849719;  (250.00,250.00) 353.55339059;  
0.0 0.0 250.0
(-125.00,-125.00) 190.21303846;  (-62.50,-125.00) 152.35566941;  (0.00,-125.00) 134.37261626;  (62.50,-125.00) 147.43897043;  (125.00,-125.00) 182.57053431;  
(-125.00,-62.50) 152.76534293;  (-62.50,-62.50) 101.82583169;  (0.00,-62.50) 72.19591401;  (62.50,-62.50) 94.31065687;  (125.00,-62.50) 143.13717197;  
(-125.00,0.00) 135.29966741;  (-62.50,0.00) 73.05648500;  (0.00,0.00) 13.45362405;  (62.50,0.00) 62.50000000;  (125.00,0.00) 125.00000000;  
(-125.00,62.50) 148.76575547;  (-62.50,62.50) 95.72094860;  (0.00,62.50) 63.29494451;  (62.50,62.50) 88.38834765;  (125.00,62.50) 139.75424859;  
(-125.00,125.00) 183.98369493;  (-62.50,125.00) 144.50346017;  (0.00,125.00) 125.39936204;  (62.50,125.00) 139.75424859;  (125.00,125.00) 176.77669530;  
0.0 0.0 125.0
(-62.50,-62.50) 101.82583169;  (-31.25,-62.50) 82.54582061;  (0.00,-62.50) 72.19591401;  (31.25,-62.50) 77.63576817;  (62.50,-62.50) 94.31065687;  
(-62.50,-31.25) 82.92353405;  (-31.25,-31.25) 57.63354058;  (0.00,-31.25) 41.47363620;  (31.25,-31.25) 50.35002483;  (62.50,-31.25) 73.50042517;  
(-62.50,0.00) 73.05648500;  (-31.25,0.00) 42.22040384;  (0.00,0.00) 13.45362405;  (31.25,0.00) 31.56045785;  (62.50,0.00) 62.50000000;  
(-62.50,31.25) 78.94816337;  (-31.25,31.25) 51.75060386;  (0.00,31.25) 32.81101187;  (31.25,31.25) 44.19417382;  (62.50,31.25) 69.87712430;  
(-62.50,62.50) 95.72094860;  (-31.25,62.50) 74.88532900;  (0.00,62.50) 63.29494451;  (31.25,62.50) 69.87712430;  (62.50,62.50) 88.38834765;  
0.0 0.0 62.5
(-31.25,-31.25) 57.63354058;  (-15.62,-31.25) 47.71481033;  (0.00,-31.25) 41.47363620;  (15.62,-31.25) 42.82467892;  (31.25,-31.25) 50.35002483;  
(-31.25,-15.62) 48.04116074;  (-15.62,-15.62) 35.53915095;  (0.00,-15.62) 26.57801018;  (15.62,-15.62) 28.64055254;  (31.25,-15.62) 39.00580886;  
(-31.25,0.00) 42.22040384;  (-15.62,0.00) 27.15954022;  (0.00,0.00) 13.45362405;  (15.62,0.00) 17.17237971;  (31.25,0.00) 31.56045785;  
(-31.25,15.62) 44.11012497;  (-15.62,15.62) 30.01301801;  (0.00,15.62) 18.55102760;  (15.62,15.62) 22.09708691;  (31.25,15.62) 34.93856215;  
(-31.25,31.25) 51.75060386;  (-15.62,31.25) 40.41290790;  (0.00,31.25) 32.81101187;  (15.62,31.25) 34.93856215;  (31.25,31.25) 44.19417382;  
0.0 0.0 31.25
(-15.62,-15.62) 35.53915095;  (-7.81,-15.62) 30.39203483;  (0.00,-15.62) 26.57801018;  (7.81,-15.62) 25.54996636;  (15.62,-15.62) 28.64055254;  
(-15.62,-7.81) 30.64801431;  (-7.81,-7.81) 24.49378110;  (0.00,-7.81) 19.56170126;  (7.81,-7.81) 18.14029527;  (15.62,-7.81) 22.28341942;  
(-15.62,0.00) 27.15954022;  (-7.81,0.00) 19.95708286;  (0.00,0.00) 13.45362405;  (7.81,0.00) 11.28761074;  (15.62,0.00) 17.17237971;  
(-15.62,7.81) 26.78947146;  (-7.81,7.81) 19.45045790;  (0.00,7.81) 12.68996282;  (7.81,7.81) 11.04854346;  (15.62,7.81) 17.46928107;  
(-15.62,15.62) 30.01301801;  (-7.81,15.62) 23.69442511;  (0.00,15.62) 18.55102760;  (7.81,15.62) 17.46928107;  (15.62,15.62) 22.09708691;  
7.8125 7.8125 15.625
(0.00,0.00) 13.45362405;  (3.91,0.00) 10.86893689;  (7.81,0.00) 11.28761074;  (11.72,0.00) 13.99612809;  (15.62,0.00) 17.17237971;  
(0.00,3.91) 11.22257943;  (3.91,3.91) 7.94229678;  (7.81,3.91) 8.73464054;  (11.72,3.91) 12.35264711;  (15.62,3.91) 16.10588135;  
(0.00,7.81) 12.68996282;  (3.91,7.81) 9.90802429;  (7.81,7.81) 11.04854346;  (11.72,7.81) 14.08418467;  (15.62,7.81) 17.46928107;  
(0.00,11.72) 15.40548933;  (3.91,11.72) 13.20844013;  (7.81,11.72) 14.08418467;  (11.72,11.72) 16.57281518;  (15.62,11.72) 19.53125000;  
(0.00,15.62) 18.55102760;  (3.91,15.62) 16.77123770;  (7.81,15.62) 17.46928107;  (11.72,15.62) 19.53125000;  (15.62,15.62) 22.09708691;  
3.90625 3.90625 7.8125
(0.00,0.00) 13.45362405;  (1.95,0.00) 12.07278747;  (3.91,0.00) 10.86893689;  (5.86,0.00) 10.22807535;  (7.81,0.00) 11.28761074;  
(0.00,1.95) 12.23349694;  (1.95,1.95) 10.69629116;  (3.91,1.95) 9.31623509;  (5.86,1.95) 8.55990494;  (7.81,1.95) 9.80145925;  
(0.00,3.91) 11.22257943;  (1.95,3.91) 9.52357529;  (3.91,3.91) 7.94229678;  (5.86,3.91) 7.04209233;  (7.81,3.91) 8.73464054;  
(0.00,5.86) 11.59018013;  (1.95,5.86) 9.95411838;  (3.91,5.86) 8.45376037;  (5.86,5.86) 8.28640759;  (7.81,5.86) 9.76562500;  
(0.00,7.81) 12.68996282;  (1.95,7.81) 11.21549613;  (3.91,7.81) 9.90802429;  (5.86,7.81) 9.76562500;  (7.81,7.81) 11.04854346;  
5.859375 3.90625 3.90625
(3.91,1.95) 9.31623509;  (4.88,1.95) 8.70884925;  (5.86,1.95) 8.55990494;  (6.84,1.95) 9.14967834;  (7.81,1.95) 9.80145925;  
(3.91,2.93) 8.60130705;  (4.88,2.93) 7.93941445;  (5.86,2.93) 7.77574557;  (6.84,2.93) 8.42062114;  (7.81,2.93) 9.12462876;  
(3.91,3.91) 7.94229678;  (4.88,3.91) 7.22024217;  (5.86,3.91) 7.04209233;  (6.84,3.91) 7.87329858;  (7.81,3.91) 8.73464054;  
(3.91,4.88) 7.80869048;  (4.88,4.88) 7.07300967;  (5.86,4.88) 7.62719695;  (6.84,4.88) 8.40070827;  (7.81,4.88) 9.21287220;  
(3.91,5.86) 8.45376037;  (4.88,5.86) 7.77932409;  (5.86,5.86) 8.28640759;  (6.84,5.86) 9.00346138;  (7.81,5.86) 9.76562500;  
5.859375 3.90625 1.953125
(4.88,2.93) 7.93941445;  (5.37,2.93) 7.63383697;  (5.86,2.93) 7.77574557;  (6.35,2.93) 8.08987770;  (6.84,2.93) 8.42062114;  
(4.88,3.42) 7.57262707;  (5.37,3.42) 7.25160989;  (5.86,3.42) 7.40085119;  (6.35,3.42) 7.73023287;  (6.84,3.42) 8.07571912;  
(4.88,3.91) 7.22024217;  (5.37,3.91) 6.88280917;  (5.86,3.91) 7.04209233;  (6.35,3.91) 7.45328981;  (6.84,3.91) 7.87329858;  
(4.88,4.39) 6.88447168;  (5.37,4.39) 6.93978047;  (5.86,4.39) 7.32421875;  (6.35,4.39) 7.72040444;  (6.84,4.39) 8.12661962;  
(4.88,4.88) 7.07300967;  (5.37,4.88) 7.25882263;  (5.86,4.88) 7.62719695;  (6.35,4.88) 8.00840794;  (6.84,4.88) 8.40070827;  
5.37109375 3.90625 0.9765625
abort
