solve
i 0
j 0
j 1
j 2
j 3
j 4
j 5
j 6
j 7
i 1
j 0
j 1
j 2
j 3
j 4
j 5
j 6
j 7
i 2
j 0
j 1
j 2
j 3
j 4
j 5
j 6
j 7
i 3
j 0
j 1
j 2
j 3
j 4
j 5
j 6
j 7
i 4
j 0
j 1
j 2
j 3
j 4
j 5
j 6
j 7
i 5
j 0
j 1
j 2
j 3
j 4
j 5
j 6
j 7
i 6
j 0
j 1
j 2
j 3
j 4
j 5
j 6
j 7
i 7
j 0
j 1
j 2
j 3
j 4
j 5
j 6
j 7
phase1
chk_y 0
chk_x 0 0 [0, 0, 1, 0, 0, 0, 0, 0, 0, 1, 0, 0, 1, 0, 0]
chk_y 1
chk_x 1 0 [0, 0, 1, 0, 0, 0, 0, 1, 0, 1, 0, 0, 1, 0, 0]
chk_x 1 1 [0, 0, 1, 0, 0, 0, 0, 1, 0, 1, 0, 0, 1, 0, 0]
chk_x 1 2 [0, 0, 1, 0, 0, 0, 0, 1, 0, 1, 0, 0, 1, 0, 0]
chk_x 1 3 [0, 0, 1, 0, 0, 0, 0, 1, 0, 1, 0, 0, 1, 0, 0]
chk_y 2
chk_y 3
chk_x 3 0 [0, 0, 1, 0, 0, 1, 0, 1, 0, 1, 0, 0, 1, 0, 0]
chk_x 3 1 [0, 0, 1, 0, 0, 1, 0, 1, 0, 1, 0, 0, 1, 0, 0]
chk_x 3 2 [0, 0, 1, 0, 0, 1, 0, 1, 0, 1, 0, 0, 1, 0, 0]
chk_x 3 3 [0, 0, 1, 0, 0, 1, 0, 1, 0, 1, 0, 0, 1, 0, 0]
chk_x 3 4 [0, 0, 1, 0, 0, 1, 0, 1, 0, 1, 0, 0, 1, 0, 0]
chk_x 3 5 [0, 0, 1, 0, 0, 1, 0, 1, 0, 1, 0, 0, 1, 0, 0]
chk_x 3 6 [0, 0, 1, 0, 0, 1, 0, 1, 0, 1, 0, 0, 1, 0, 0]
chk_x 3 7 [0, 0, 1, 0, 0, 1, 0, 1, 0, 1, 0, 0, 1, 0, 0]
chk_x 1 4 [0, 0, 1, 0, 0, 0, 0, 1, 0, 1, 0, 0, 1, 0, 0]
chk_y 2
chk_y 3
chk_x 3 0 [0, 0, 1, 0, 1, 0, 0, 1, 0, 1, 0, 0, 1, 0, 0]
chk_x 3 1 [0, 0, 1, 0, 1, 0, 0, 1, 0, 1, 0, 0, 1, 0, 0]
chk_x 3 2 [0, 0, 1, 0, 1, 0, 0, 1, 0, 1, 0, 0, 1, 0, 0]
chk_x 3 3 [0, 0, 1, 0, 1, 0, 0, 1, 0, 1, 0, 0, 1, 0, 0]
chk_x 3 4 [0, 0, 1, 0, 1, 0, 0, 1, 0, 1, 0, 0, 1, 0, 0]
chk_x 3 5 [0, 0, 1, 0, 1, 0, 0, 1, 0, 1, 0, 0, 1, 0, 0]
chk_y 4
chk_y 5
chk_x 5 0 [0, 0, 1, 0, 1, 1, 0, 1, 0, 1, 0, 0, 1, 0, 0]
chk_x 5 1 [0, 0, 1, 0, 1, 1, 0, 1, 0, 1, 0, 0, 1, 0, 0]
chk_x 5 2 [0, 0, 1, 0, 1, 1, 0, 1, 0, 1, 0, 0, 1, 0, 0]
chk_x 5 3 [0, 0, 1, 0, 1, 1, 0, 1, 0, 1, 0, 0, 1, 0, 0]
chk_x 5 4 [0, 0, 1, 0, 1, 1, 0, 1, 0, 1, 0, 0, 1, 0, 0]
chk_x 5 5 [0, 0, 1, 0, 1, 1, 0, 1, 0, 1, 0, 0, 1, 0, 0]
chk_x 5 6 [0, 0, 1, 0, 1, 1, 0, 1, 0, 1, 0, 0, 1, 0, 0]
chk_x 5 7 [0, 0, 1, 0, 1, 1, 0, 1, 0, 1, 0, 0, 1, 0, 0]
chk_x 3 6 [0, 0, 1, 0, 1, 0, 0, 1, 0, 1, 0, 0, 1, 0, 0]
chk_x 3 7 [0, 0, 1, 0, 1, 0, 0, 1, 0, 1, 0, 0, 1, 0, 0]
chk_x 1 5 [0, 0, 1, 0, 0, 0, 0, 1, 0, 1, 0, 0, 1, 0, 0]
chk_y 2
chk_y 3
chk_x 3 0 [0, 0, 1, 1, 0, 0, 0, 1, 0, 1, 0, 0, 1, 0, 0]
chk_x 3 1 [0, 0, 1, 1, 0, 0, 0, 1, 0, 1, 0, 0, 1, 0, 0]
chk_x 3 2 [0, 0, 1, 1, 0, 0, 0, 1, 0, 1, 0, 0, 1, 0, 0]
chk_x 3 3 [0, 0, 1, 1, 0, 0, 0, 1, 0, 1, 0, 0, 1, 0, 0]
chk_x 3 4 [0, 0, 1, 1, 0, 0, 0, 1, 0, 1, 0, 0, 1, 0, 0]
chk_y 4
chk_y 5
chk_x 5 0 [0, 0, 1, 1, 0, 0, 1, 1, 0, 1, 0, 0, 1, 0, 0]
chk_x 5 1 [0, 0, 1, 1, 0, 0, 1, 1, 0, 1, 0, 0, 1, 0, 0]
chk_x 5 2 [0, 0, 1, 1, 0, 0, 1, 1, 0, 1, 0, 0, 1, 0, 0]
chk_x 5 3 [0, 0, 1, 1, 0, 0, 1, 1, 0, 1, 0, 0, 1, 0, 0]
chk_x 5 4 [0, 0, 1, 1, 0, 0, 1, 1, 0, 1, 0, 0, 1, 0, 0]
chk_x 5 5 [0, 0, 1, 1, 0, 0, 1, 1, 0, 1, 0, 0, 1, 0, 0]
chk_x 5 6 [0, 0, 1, 1, 0, 0, 1, 1, 0, 1, 0, 0, 1, 0, 0]
chk_x 5 7 [0, 0, 1, 1, 0, 0, 1, 1, 0, 1, 0, 0, 1, 0, 0]
chk_x 3 5 [0, 0, 1, 1, 0, 0, 0, 1, 0, 1, 0, 0, 1, 0, 0]
chk_x 3 6 [0, 0, 1, 1, 0, 0, 0, 1, 0, 1, 0, 0, 1, 0, 0]
chk_y 4
chk_y 5
chk_x 5 0 [0, 0, 1, 1, 1, 0, 0, 1, 0, 1, 0, 0, 1, 0, 0]
chk_x 5 1 [0, 0, 1, 1, 1, 0, 0, 1, 0, 1, 0, 0, 1, 0, 0]
chk_x 5 2 [0, 0, 1, 1, 1, 0, 0, 1, 0, 1, 0, 0, 1, 0, 0]
chk_x 5 3 [0, 0, 1, 1, 1, 0, 0, 1, 0, 1, 0, 0, 1, 0, 0]
chk_x 5 4 [0, 0, 1, 1, 1, 0, 0, 1, 0, 1, 0, 0, 1, 0, 0]
chk_x 5 5 [0, 0, 1, 1, 1, 0, 0, 1, 0, 1, 0, 0, 1, 0, 0]
chk_x 5 6 [0, 0, 1, 1, 1, 0, 0, 1, 0, 1, 0, 0, 1, 0, 0]
chk_x 5 7 [0, 0, 1, 1, 1, 0, 0, 1, 0, 1, 0, 0, 1, 0, 0]
chk_x 3 7 [0, 0, 1, 1, 0, 0, 0, 1, 0, 1, 0, 0, 1, 0, 0]
chk_x 1 6 [0, 0, 1, 0, 0, 0, 0, 1, 0, 1, 0, 0, 1, 0, 0]
chk_x 1 7 [0, 0, 1, 0, 0, 0, 0, 1, 0, 1, 0, 0, 1, 0, 0]
chk_x 0 1 [0, 0, 1, 0, 0, 0, 0, 0, 0, 1, 0, 0, 1, 0, 0]
chk_x 0 2 [0, 0, 1, 0, 0, 0, 0, 0, 0, 1, 0, 0, 1, 0, 0]
chk_x 0 3 [0, 0, 1, 0, 0, 0, 0, 0, 0, 1, 0, 0, 1, 0, 0]
chk_y 1
chk_x 1 0 [0, 0, 1, 0, 1, 0, 0, 0, 0, 1, 0, 0, 1, 0, 0]
chk_y 2
chk_y 3
chk_x 3 0 [0, 0, 1, 0, 1, 0, 0, 0, 1, 1, 0, 0, 1, 0, 0]
chk_x 3 1 [0, 0, 1, 0, 1, 0, 0, 0, 1, 1, 0, 0, 1, 0, 0]
chk_x 3 2 [0, 0, 1, 0, 1, 0, 0, 0, 1, 1, 0, 0, 1, 0, 0]
chk_x 3 3 [0, 0, 1, 0, 1, 0, 0, 0, 1, 1, 0, 0, 1, 0, 0]
chk_x 3 4 [0, 0, 1, 0, 1, 0, 0, 0, 1, 1, 0, 0, 1, 0, 0]
chk_y 4
chk_y 5
chk_x 5 0 [0, 0, 1, 0, 1, 0, 1, 0, 1, 1, 0, 0, 1, 0, 0]
chk_x 5 1 [0, 0, 1, 0, 1, 0, 1, 0, 1, 1, 0, 0, 1, 0, 0]
chk_x 5 2 [0, 0, 1, 0, 1, 0, 1, 0, 1, 1, 0, 0, 1, 0, 0]
chk_x 5 3 [0, 0, 1, 0, 1, 0, 1, 0, 1, 1, 0, 0, 1, 0, 0]
chk_x 5 4 [0, 0, 1, 0, 1, 0, 1, 0, 1, 1, 0, 0, 1, 0, 0]
chk_x 5 5 [0, 0, 1, 0, 1, 0, 1, 0, 1, 1, 0, 0, 1, 0, 0]
chk_y 6
chk_y 7
chk_x 7 0 [0, 0, 1, 0, 1, 0, 1, 1, 1, 1, 0, 0, 1, 0, 0]
chk_x 7 1 [0, 0, 1, 0, 1, 0, 1, 1, 1, 1, 0, 0, 1, 0, 0]
chk_x 7 2 [0, 0, 1, 0, 1, 0, 1, 1, 1, 1, 0, 0, 1, 0, 0]
chk_x 7 3 [0, 0, 1, 0, 1, 0, 1, 1, 1, 1, 0, 0, 1, 0, 0]
chk_x 7 4 [0, 0, 1, 0, 1, 0, 1, 1, 1, 1, 0, 0, 1, 0, 0]
chk_x 7 5 [0, 0, 1, 0, 1, 0, 1, 1, 1, 1, 0, 0, 1, 0, 0]
chk_x 7 6 [0, 0, 1, 0, 1, 0, 1, 1, 1, 1, 0, 0, 1, 0, 0]
chk_x 7 7 [0, 0, 1, 0, 1, 0, 1, 1, 1, 1, 0, 0, 1, 0, 0]
chk_x 5 6 [0, 0, 1, 0, 1, 0, 1, 0, 1, 1, 0, 0, 1, 0, 0]
chk_x 5 7 [0, 0, 1, 0, 1, 0, 1, 0, 1, 1, 0, 0, 1, 0, 0]
chk_x 3 5 [0, 0, 1, 0, 1, 0, 0, 0, 1, 1, 0, 0, 1, 0, 0]
chk_y 4
chk_y 5
chk_x 5 0 [0, 0, 1, 0, 1, 1, 0, 0, 1, 1, 0, 0, 1, 0, 0]
chk_x 5 1 [0, 0, 1, 0, 1, 1, 0, 0, 1, 1, 0, 0, 1, 0, 0]
chk_x 5 2 [0, 0, 1, 0, 1, 1, 0, 0, 1, 1, 0, 0, 1, 0, 0]
chk_x 5 3 [0, 0, 1, 0, 1, 1, 0, 0, 1, 1, 0, 0, 1, 0, 0]
chk_x 5 4 [0, 0, 1, 0, 1, 1, 0, 0, 1, 1, 0, 0, 1, 0, 0]
chk_x 5 5 [0, 0, 1, 0, 1, 1, 0, 0, 1, 1, 0, 0, 1, 0, 0]
chk_x 5 6 [0, 0, 1, 0, 1, 1, 0, 0, 1, 1, 0, 0, 1, 0, 0]
chk_y 6
chk_y 7
chk_x 7 0 [0, 0, 1, 0, 1, 1, 1, 0, 1, 1, 0, 0, 1, 0, 0]
chk_x 7 1 [0, 0, 1, 0, 1, 1, 1, 0, 1, 1, 0, 0, 1, 0, 0]
chk_x 7 2 [0, 0, 1, 0, 1, 1, 1, 0, 1, 1, 0, 0, 1, 0, 0]
chk_x 7 3 [0, 0, 1, 0, 1, 1, 1, 0, 1, 1, 0, 0, 1, 0, 0]
chk_x 7 4 [0, 0, 1, 0, 1, 1, 1, 0, 1, 1, 0, 0, 1, 0, 0]
chk_x 7 5 [0, 0, 1, 0, 1, 1, 1, 0, 1, 1, 0, 0, 1, 0, 0]
chk_x 7 6 [0, 0, 1, 0, 1, 1, 1, 0, 1, 1, 0, 0, 1, 0, 0]
chk_x 7 7 [0, 0, 1, 0, 1, 1, 1, 0, 1, 1, 0, 0, 1, 0, 0]
chk_x 5 7 [0, 0, 1, 0, 1, 1, 0, 0, 1, 1, 0, 0, 1, 0, 0]
chk_x 3 6 [0, 0, 1, 0, 1, 0, 0, 0, 1, 1, 0, 0, 1, 0, 0]
chk_x 3 7 [0, 0, 1, 0, 1, 0, 0, 0, 1, 1, 0, 0, 1, 0, 0]
chk_x 1 1 [0, 0, 1, 0, 1, 0, 0, 0, 0, 1, 0, 0, 1, 0, 0]
chk_x 1 2 [0, 0, 1, 0, 1, 0, 0, 0, 0, 1, 0, 0, 1, 0, 0]
chk_x 1 3 [0, 0, 1, 0, 1, 0, 0, 0, 0, 1, 0, 0, 1, 0, 0]
chk_x 1 4 [0, 0, 1, 0, 1, 0, 0, 0, 0, 1, 0, 0, 1, 0, 0]
chk_x 1 5 [0, 0, 1, 0, 1, 0, 0, 0, 0, 1, 0, 0, 1, 0, 0]
chk_y 2
chk_y 3
chk_x 3 0 [0, 0, 1, 1, 1, 0, 0, 0, 0, 1, 0, 0, 1, 0, 0]
chk_y 4
chk_y 5
chk_x 5 0 [0, 0, 1, 1, 1, 0, 0, 0, 0, 1, 1, 0, 1, 0, 0]
chk_x 5 1 [0, 0, 1, 1, 1, 0, 0, 0, 0, 1, 1, 0, 1, 0, 0]
chk_x 5 2 [0, 0, 1, 1, 1, 0, 0, 0, 0, 1, 1, 0, 1, 0, 0]
chk_x 5 3 [0, 0, 1, 1, 1, 0, 0, 0, 0, 1, 1, 0, 1, 0, 0]
chk_x 5 4 [0, 0, 1, 1, 1, 0, 0, 0, 0, 1, 1, 0, 1, 0, 0]
chk_x 5 5 [0, 0, 1, 1, 1, 0, 0, 0, 0, 1, 1, 0, 1, 0, 0]
chk_x 5 6 [0, 0, 1, 1, 1, 0, 0, 0, 0, 1, 1, 0, 1, 0, 0]
chk_x 5 7 [0, 0, 1, 1, 1, 0, 0, 0, 0, 1, 1, 0, 1, 0, 0]
chk_x 3 1 [0, 0, 1, 1, 1, 0, 0, 0, 0, 1, 0, 0, 1, 0, 0]
chk_x 3 2 [0, 0, 1, 1, 1, 0, 0, 0, 0, 1, 0, 0, 1, 0, 0]
chk_x 3 3 [0, 0, 1, 1, 1, 0, 0, 0, 0, 1, 0, 0, 1, 0, 0]
chk_x 3 4 [0, 0, 1, 1, 1, 0, 0, 0, 0, 1, 0, 0, 1, 0, 0]
chk_y 4
chk_y 5
chk_x 5 0 [0, 0, 1, 1, 1, 0, 1, 0, 0, 1, 0, 0, 1, 0, 0]
chk_x 5 1 [0, 0, 1, 1, 1, 0, 1, 0, 0, 1, 0, 0, 1, 0, 0]
chk_x 5 2 [0, 0, 1, 1, 1, 0, 1, 0, 0, 1, 0, 0, 1, 0, 0]
chk_x 5 3 [0, 0, 1, 1, 1, 0, 1, 0, 0, 1, 0, 0, 1, 0, 0]
chk_x 5 4 [0, 0, 1, 1, 1, 0, 1, 0, 0, 1, 0, 0, 1, 0, 0]
chk_x 5 5 [0, 0, 1, 1, 1, 0, 1, 0, 0, 1, 0, 0, 1, 0, 0]
chk_x 5 6 [0, 0, 1, 1, 1, 0, 1, 0, 0, 1, 0, 0, 1, 0, 0]
chk_x 5 7 [0, 0, 1, 1, 1, 0, 1, 0, 0, 1, 0, 0, 1, 0, 0]
chk_x 3 5 [0, 0, 1, 1, 1, 0, 0, 0, 0, 1, 0, 0, 1, 0, 0]
chk_x 3 6 [0, 0, 1, 1, 1, 0, 0, 0, 0, 1, 0, 0, 1, 0, 0]
chk_x 3 7 [0, 0, 1, 1, 1, 0, 0, 0, 0, 1, 0, 0, 1, 0, 0]
chk_x 1 6 [0, 0, 1, 0, 1, 0, 0, 0, 0, 1, 0, 0, 1, 0, 0]
chk_x 1 7 [0, 0, 1, 0, 1, 0, 0, 0, 0, 1, 0, 0, 1, 0, 0]
chk_x 0 4 [0, 0, 1, 0, 0, 0, 0, 0, 0, 1, 0, 0, 1, 0, 0]
chk_y 1
chk_x 1 0 [0, 0, 1, 1, 0, 0, 0, 0, 0, 1, 0, 0, 1, 0, 0]
chk_y 2
chk_y 3
chk_x 3 0 [0, 0, 1, 1, 0, 0, 0, 0, 1, 1, 0, 0, 1, 0, 0]
chk_x 3 1 [0, 0, 1, 1, 0, 0, 0, 0, 1, 1, 0, 0, 1, 0, 0]
chk_x 3 2 [0, 0, 1, 1, 0, 0, 0, 0, 1, 1, 0, 0, 1, 0, 0]
chk_x 3 3 [0, 0, 1, 1, 0, 0, 0, 0, 1, 1, 0, 0, 1, 0, 0]
chk_x 3 4 [0, 0, 1, 1, 0, 0, 0, 0, 1, 1, 0, 0, 1, 0, 0]
chk_x 3 5 [0, 0, 1, 1, 0, 0, 0, 0, 1, 1, 0, 0, 1, 0, 0]
chk_x 3 6 [0, 0, 1, 1, 0, 0, 0, 0, 1, 1, 0, 0, 1, 0, 0]
chk_x 3 7 [0, 0, 1, 1, 0, 0, 0, 0, 1, 1, 0, 0, 1, 0, 0]
chk_x 1 1 [0, 0, 1, 1, 0, 0, 0, 0, 0, 1, 0, 0, 1, 0, 0]
chk_x 1 2 [0, 0, 1, 1, 0, 0, 0, 0, 0, 1, 0, 0, 1, 0, 0]
chk_x 1 3 [0, 0, 1, 1, 0, 0, 0, 0, 0, 1, 0, 0, 1, 0, 0]
chk_y 2
chk_y 3
chk_x 3 0 [0, 0, 1, 1, 0, 1, 0, 0, 0, 1, 0, 0, 1, 0, 0]
chk_x 3 1 [0, 0, 1, 1, 0, 1, 0, 0, 0, 1, 0, 0, 1, 0, 0]
chk_x 3 2 [0, 0, 1, 1, 0, 1, 0, 0, 0, 1, 0, 0, 1, 0, 0]
chk_x 3 3 [0, 0, 1, 1, 0, 1, 0, 0, 0, 1, 0, 0, 1, 0, 0]
chk_x 3 4 [0, 0, 1, 1, 0, 1, 0, 0, 0, 1, 0, 0, 1, 0, 0]
chk_x 3 5 [0, 0, 1, 1, 0, 1, 0, 0, 0, 1, 0, 0, 1, 0, 0]
chk_x 3 6 [0, 0, 1, 1, 0, 1, 0, 0, 0, 1, 0, 0, 1, 0, 0]
chk_x 3 7 [0, 0, 1, 1, 0, 1, 0, 0, 0, 1, 0, 0, 1, 0, 0]
chk_x 1 4 [0, 0, 1, 1, 0, 0, 0, 0, 0, 1, 0, 0, 1, 0, 0]
chk_x 1 5 [0, 0, 1, 1, 0, 0, 0, 0, 0, 1, 0, 0, 1, 0, 0]
chk_x 1 6 [0, 0, 1, 1, 0, 0, 0, 0, 0, 1, 0, 0, 1, 0, 0]
chk_x 1 7 [0, 0, 1, 1, 0, 0, 0, 0, 0, 1, 0, 0, 1, 0, 0]
chk_x 0 5 [0, 0, 1, 0, 0, 0, 0, 0, 0, 1, 0, 0, 1, 0, 0]
chk_x 0 6 [0, 0, 1, 0, 0, 0, 0, 0, 0, 1, 0, 0, 1, 0, 0]
chk_y 1
chk_x 1 0 [0, 1, 1, 0, 0, 0, 0, 0, 0, 1, 0, 0, 1, 0, 0]
chk_y 2
chk_y 3
chk_x 3 0 [0, 1, 1, 0, 0, 0, 0, 0, 1, 1, 0, 0, 1, 0, 0]
chk_x 3 1 [0, 1, 1, 0, 0, 0, 0, 0, 1, 1, 0, 0, 1, 0, 0]
chk_x 3 2 [0, 1, 1, 0, 0, 0, 0, 0, 1, 1, 0, 0, 1, 0, 0]
chk_x 3 3 [0, 1, 1, 0, 0, 0, 0, 0, 1, 1, 0, 0, 1, 0, 0]
chk_y 4
chk_y 5
chk_x 5 0 [0, 1, 1, 0, 0, 0, 0, 1, 1, 1, 0, 0, 1, 0, 0]
chk_x 5 1 [0, 1, 1, 0, 0, 0, 0, 1, 1, 1, 0, 0, 1, 0, 0]
chk_x 5 2 [0, 1, 1, 0, 0, 0, 0, 1, 1, 1, 0, 0, 1, 0, 0]
chk_x 5 3 [0, 1, 1, 0, 0, 0, 0, 1, 1, 1, 0, 0, 1, 0, 0]
chk_x 5 4 [0, 1, 1, 0, 0, 0, 0, 1, 1, 1, 0, 0, 1, 0, 0]
chk_x 5 5 [0, 1, 1, 0, 0, 0, 0, 1, 1, 1, 0, 0, 1, 0, 0]
chk_x 5 6 [0, 1, 1, 0, 0, 0, 0, 1, 1, 1, 0, 0, 1, 0, 0]
chk_x 5 7 [0, 1, 1, 0, 0, 0, 0, 1, 1, 1, 0, 0, 1, 0, 0]
chk_x 3 4 [0, 1, 1, 0, 0, 0, 0, 0, 1, 1, 0, 0, 1, 0, 0]
chk_y 4
chk_y 5
chk_x 5 0 [0, 1, 1, 0, 0, 0, 1, 0, 1, 1, 0, 0, 1, 0, 0]
chk_x 5 1 [0, 1, 1, 0, 0, 0, 1, 0, 1, 1, 0, 0, 1, 0, 0]
chk_x 5 2 [0, 1, 1, 0, 0, 0, 1, 0, 1, 1, 0, 0, 1, 0, 0]
chk_x 5 3 [0, 1, 1, 0, 0, 0, 1, 0, 1, 1, 0, 0, 1, 0, 0]
chk_x 5 4 [0, 1, 1, 0, 0, 0, 1, 0, 1, 1, 0, 0, 1, 0, 0]
chk_x 5 5 [0, 1, 1, 0, 0, 0, 1, 0, 1, 1, 0, 0, 1, 0, 0]
chk_y 6
chk_y 7
chk_x 7 0 [0, 1, 1, 0, 0, 0, 1, 1, 1, 1, 0, 0, 1, 0, 0]
chk_x 7 1 [0, 1, 1, 0, 0, 0, 1, 1, 1, 1, 0, 0, 1, 0, 0]
chk_x 7 2 [0, 1, 1, 0, 0, 0, 1, 1, 1, 1, 0, 0, 1, 0, 0]
chk_x 7 3 [0, 1, 1, 0, 0, 0, 1, 1, 1, 1, 0, 0, 1, 0, 0]
chk_y 8
