tbl1 : 73  tbl2 : 73
k = 0 l = 0 val = 199
tbl1 : 73  tbl2 : 73
k = 1 l = 0 val = 199
tbl1 : 73  tbl2 : 73
k = 1 l = 1 val = 199
tbl1 : 73  tbl2 : 73
k = 2 l = 0 val = 199
tbl1 : 73  tbl2 : 73
k = 2 l = 1 val = 199
tbl1 : 73  tbl2 : 73
k = 2 l = 2 val = 199
tbl1 : 73  tbl2 : 73
k = 3 l = 0 val = 199
tbl1 : 73  tbl2 : 73
k = 3 l = 1 val = 199
tbl1 : 73  tbl2 : 73
k = 3 l = 2 val = 199
tbl1 : 73  tbl2 : 73
k = 3 l = 3 val = 199
tbl1 : 199  tbl2 : 73
k = 0 l = 0 val = 199
tbl1 : 199  tbl2 : 73
k = 1 l = 0 val = 199
tbl1 : 199  tbl2 : 73
k = 1 l = 1 val = 199
tbl1 : 199  tbl2 : 73
k = 2 l = 0 val = 199
tbl1 : 199  tbl2 : 73
k = 2 l = 1 val = 199
tbl1 : 199  tbl2 : 73
k = 2 l = 2 val = 199
tbl1 : 199  tbl2 : 73
k = 3 l = 0 val = 199
tbl1 : 199  tbl2 : 73
k = 3 l = 1 val = 199
tbl1 : 199  tbl2 : 73
k = 3 l = 2 val = 199
tbl1 : 199  tbl2 : 73
k = 3 l = 3 val = 199
k =  0
  73  73  73   2   3  73  73
  73  73  73   1   2   3   4
  73  73  73   0  73   4   5
  73  73  73  73  73  73  73
  73  73  73  73  73  73  73

k =  1
   9  73  73   2   3   4  73
   8   9  73   1   2   3   4
   7  73   1   0  73   4   5
   6  73   2  73   6   5  73
   5   4   3  73  73   6   7

k =  2
   7  10  73   2   3   4  73
   6   7  73   1   2   3   4
   5  73   1   0  73   4   5
   4   3   2  73   6   5  73
   5   4   3   4  73   6   7

k =  3
   7   8  73   2   3   4  73
   6   7  73   1   2   3   4
   5  73   1   0  73   4   5
   4   3   2  73   6   5  73
   5   4   3   4  73   6   7

k =  0
  73  73  73   2   3  73  73
  73  73  73   1   2   3   4
  73  73  73   0  73   4   5
  73  73  73  73  73  73  73
  73  73  73  73  73  73  73

k =  1
   9  73  73   2   3   4  73
   8   9  73   1   2   3   4
   7  73   1   0  73   4   5
   6  73   2  73   6   5  73
   5   4   3  73  73   6   7

k =  2
   7  10  73   2   3   4  73
   6   7  73   1   2   3   4
   5  73   1   0  73   4   5
   4   3   2  73   6   5  73
   5   4   3   4  73   6   7

k =  3
   7   8  73   2   3   4  73
   6   7  73   1   2   3   4
   5  73   1   0  73   4   5
   4   3   2  73   6   5  73
   5   4   3   4  73   6   7

k =  0
  73  73  73   2   3  73  73
  73  73  73   1   2   3   4
  73  73  73   0  73   4   5
  73  73  73  73  73  73  73
  73  73  73  73  73  73  73

k =  1
   9  73  73   2   3   4  73
   8   9  73   1   2   3   4
   7  73   1   0  73   4   5
   6  73   2  73   6   5  73
   5   4   3  73  73   6   7

k =  2
   7  10  73   2   3   4  73
   6   7  73   1   2   3   4
   5  73   1   0  73   4   5
   4   3   2  73   6   5  73
   5   4   3   4  73   6   7

k =  3
   7   8  73   2   3   4  73
   6   7  73   1   2   3   4
   5  73   1   0  73   4   5
   4   3   2  73   6   5  73
   5   4   3   4  73   6   7

