11111
21111
31111
41111
51111
12111
13111
14111
15111
11211
11311
11411
11511
11121
21121
11131
21131
11141
21141
11151
21151
11112
21112
31112
12112
11122
21122
11222
12222
22222
32222
42222
52222
13222
14222
15222
11322
11422
11522
11132
21132
11142
21142
11152
21152
11113
21113
31113
12113
11123
21123
11133
21133
11233
11333
12333
13333
23333
33333
43333
53333
14333
15333
11433
11533
11143
21143
11153
21153
11114
21114
31114
12114
11124
21124
11134
21134
11144
21144
11244
11344
11444
12444
13444
14444
24444
34444
44444
54444
15444
11544
11154
21154
11115
21115
31115
12115
11125
21125
11135
21135
11145
21145
11155
21155
11255
11355
11455
11555
12555
13555
14555
15555
25555
35555
45555
55555
