sft, y= 0 x= 0 bs=
000100
000001
000010
000000
010001
011000
000000
100000

sft, y= 0 x= 0 bs1=
000100
000001
000010
000000
010001
011000
000000
100000

sft, y= 0 x= 0 bs2=
000100
000001
000010
000000
010001
011000
000000
100000

y= 0 x= 0 shifted=
000100
000001
000010
000000
010001
011000
000000
100000

res=
000100
000001
000010
000000
010001
011000
000000
100000

sft, y= 0 x= 1 bs=
000010
100000
000000
000000
101100
000000
000000
000000

sft, y= 0 x= 1 bs1=
000010
100000
000000
000000
101100
000000
000000
000000

sft, y= 0 x= 1 bs2=
000100
000001
000000
000000
011001
000000
000000
000000

y= 0 x= 1 shifted=
000100
000001
000000
000000
011001
000000
000000
000000

res=
000100
000001
000000
000000
010001
000000
000000
000000

