l= 32 r= 32 vmax= 32 X= [32] Y= [32]
l= 32 r= 33 vmax= 33 X= [33] Y= [33]
l= 33 r= 33 vmax= 33 X= [33] Y= [33]
l= 32 r= 34 vmax= 35 X= [32] Y= [34]
l= 33 r= 34 vmax= 34 X= [34] Y= [34]
l= 34 r= 34 vmax= 34 X= [34] Y= [34]
l= 32 r= 35 vmax= 35 X= [32, 35] Y= [34, 35]
l= 33 r= 35 vmax= 35 X= [35] Y= [35]
l= 34 r= 35 vmax= 35 X= [35] Y= [35]
l= 35 r= 35 vmax= 35 X= [35] Y= [35]
l= 32 r= 36 vmax= 37 X= [34] Y= [36]
l= 33 r= 36 vmax= 37 X= [34] Y= [36]
l= 34 r= 36 vmax= 37 X= [34] Y= [36]
l= 35 r= 36 vmax= 36 X= [36] Y= [36]
l= 36 r= 36 vmax= 36 X= [36] Y= [36]
l= 32 r= 37 vmax= 37 X= [34, 37] Y= [36, 37]
l= 33 r= 37 vmax= 37 X= [34, 37] Y= [36, 37]
l= 34 r= 37 vmax= 37 X= [34, 37] Y= [36, 37]
l= 35 r= 37 vmax= 37 X= [37] Y= [37]
l= 36 r= 37 vmax= 37 X= [37] Y= [37]
l= 37 r= 37 vmax= 37 X= [37] Y= [37]
l= 32 r= 38 vmax= 39 X= [32, 36] Y= [38, 38]
l= 33 r= 38 vmax= 39 X= [36] Y= [38]
l= 34 r= 38 vmax= 39 X= [36] Y= [38]
l= 35 r= 38 vmax= 39 X= [36] Y= [38]
l= 36 r= 38 vmax= 39 X= [36] Y= [38]
l= 37 r= 38 vmax= 38 X= [38] Y= [38]
l= 38 r= 38 vmax= 38 X= [38] Y= [38]
l= 32 r= 39 vmax= 39 X= [32, 36, 39] Y= [38, 38, 39]
l= 33 r= 39 vmax= 39 X= [36, 39] Y= [38, 39]
l= 34 r= 39 vmax= 39 X= [36, 39] Y= [38, 39]
l= 35 r= 39 vmax= 39 X= [36, 39] Y= [38, 39]
l= 36 r= 39 vmax= 39 X= [36, 39] Y= [38, 39]
l= 37 r= 39 vmax= 39 X= [39] Y= [39]
l= 38 r= 39 vmax= 39 X= [39] Y= [39]
l= 39 r= 39 vmax= 39 X= [39] Y= [39]
l= 32 r= 40 vmax= 41 X= [34, 38] Y= [40, 40]
l= 33 r= 40 vmax= 41 X= [34, 38] Y= [40, 40]
l= 34 r= 40 vmax= 41 X= [34, 38] Y= [40, 40]
l= 35 r= 40 vmax= 41 X= [38] Y= [40]
l= 36 r= 40 vmax= 41 X= [38] Y= [40]
l= 37 r= 40 vmax= 41 X= [38] Y= [40]
l= 38 r= 40 vmax= 41 X= [38] Y= [40]
l= 39 r= 40 vmax= 40 X= [40] Y= [40]
l= 40 r= 40 vmax= 40 X= [40] Y= [40]
l= 32 r= 41 vmax= 41 X= [34, 38, 41] Y= [40, 40, 41]
l= 33 r= 41 vmax= 41 X= [34, 38, 41] Y= [40, 40, 41]
l= 34 r= 41 vmax= 41 X= [34, 38, 41] Y= [40, 40, 41]
l= 35 r= 41 vmax= 41 X= [38, 41] Y= [40, 41]
l= 36 r= 41 vmax= 41 X= [38, 41] Y= [40, 41]
l= 37 r= 41 vmax= 41 X= [38, 41] Y= [40, 41]
l= 38 r= 41 vmax= 41 X= [38, 41] Y= [40, 41]
l= 39 r= 41 vmax= 41 X= [41] Y= [41]
l= 40 r= 41 vmax= 41 X= [41] Y= [41]
l= 41 r= 41 vmax= 41 X= [41] Y= [41]
l= 32 r= 42 vmax= 43 X= [32, 36, 40] Y= [42, 42, 42]
l= 33 r= 42 vmax= 43 X= [36, 40] Y= [42, 42]
l= 34 r= 42 vmax= 43 X= [36, 40] Y= [42, 42]
l= 35 r= 42 vmax= 43 X= [36, 40] Y= [42, 42]
l= 36 r= 42 vmax= 43 X= [36, 40] Y= [42, 42]
l= 37 r= 42 vmax= 43 X= [40] Y= [42]
l= 38 r= 42 vmax= 43 X= [40] Y= [42]
l= 39 r= 42 vmax= 43 X= [40] Y= [42]
l= 40 r= 42 vmax= 43 X= [40] Y= [42]
l= 41 r= 42 vmax= 42 X= [42] Y= [42]
l= 42 r= 42 vmax= 42 X= [42] Y= [42]
l= 32 r= 43 vmax= 43 X= [32, 36, 40, 43] Y= [42, 42, 42, 43]
l= 33 r= 43 vmax= 43 X= [36, 40, 43] Y= [42, 42, 43]
l= 34 r= 43 vmax= 43 X= [36, 40, 43] Y= [42, 42, 43]
l= 35 r= 43 vmax= 43 X= [36, 40, 43] Y= [42, 42, 43]
l= 36 r= 43 vmax= 43 X= [36, 40, 43] Y= [42, 42, 43]
l= 37 r= 43 vmax= 43 X= [40, 43] Y= [42, 43]
l= 38 r= 43 vmax= 43 X= [40, 43] Y= [42, 43]
l= 39 r= 43 vmax= 43 X= [40, 43] Y= [42, 43]
l= 40 r= 43 vmax= 43 X= [40, 43] Y= [42, 43]
l= 41 r= 43 vmax= 43 X= [43] Y= [43]
l= 42 r= 43 vmax= 43 X= [43] Y= [43]
l= 43 r= 43 vmax= 43 X= [43] Y= [43]
l= 32 r= 44 vmax= 45 X= [34, 38, 42] Y= [44, 44, 44]
l= 33 r= 44 vmax= 45 X= [34, 38, 42] Y= [44, 44, 44]
l= 34 r= 44 vmax= 45 X= [34, 38, 42] Y= [44, 44, 44]
l= 35 r= 44 vmax= 45 X= [38, 42] Y= [44, 44]
l= 36 r= 44 vmax= 45 X= [38, 42] Y= [44, 44]
l= 37 r= 44 vmax= 45 X= [38, 42] Y= [44, 44]
l= 38 r= 44 vmax= 45 X= [38, 42] Y= [44, 44]
l= 39 r= 44 vmax= 45 X= [42] Y= [44]
l= 40 r= 44 vmax= 45 X= [42] Y= [44]
l= 41 r= 44 vmax= 45 X= [42] Y= [44]
l= 42 r= 44 vmax= 45 X= [42] Y= [44]
l= 43 r= 44 vmax= 44 X= [44] Y= [44]
l= 44 r= 44 vmax= 44 X= [44] Y= [44]
l= 32 r= 45 vmax= 45 X= [34, 38, 42, 45] Y= [44, 44, 44, 45]
l= 33 r= 45 vmax= 45 X= [34, 38, 42, 45] Y= [44, 44, 44, 45]
l= 34 r= 45 vmax= 45 X= [34, 38, 42, 45] Y= [44, 44, 44, 45]
l= 35 r= 45 vmax= 45 X= [38, 42, 45] Y= [44, 44, 45]
l= 36 r= 45 vmax= 45 X= [38, 42, 45] Y= [44, 44, 45]
l= 37 r= 45 vmax= 45 X= [38, 42, 45] Y= [44, 44, 45]
l= 38 r= 45 vmax= 45 X= [38, 42, 45] Y= [44, 44, 45]
l= 39 r= 45 vmax= 45 X= [42, 45] Y= [44, 45]
l= 40 r= 45 vmax= 45 X= [42, 45] Y= [44, 45]
l= 41 r= 45 vmax= 45 X= [42, 45] Y= [44, 45]
l= 42 r= 45 vmax= 45 X= [42, 45] Y= [44, 45]
l= 43 r= 45 vmax= 45 X= [45] Y= [45]
l= 44 r= 45 vmax= 45 X= [45] Y= [45]
l= 45 r= 45 vmax= 45 X= [45] Y= [45]
l= 32 r= 46 vmax= 47 X= [32, 36, 40, 44] Y= [46, 46, 46, 46]
l= 33 r= 46 vmax= 47 X= [36, 40, 44] Y= [46, 46, 46]
l= 34 r= 46 vmax= 47 X= [36, 40, 44] Y= [46, 46, 46]
l= 35 r= 46 vmax= 47 X= [36, 40, 44] Y= [46, 46, 46]
l= 36 r= 46 vmax= 47 X= [36, 40, 44] Y= [46, 46, 46]
l= 37 r= 46 vmax= 47 X= [40, 44] Y= [46, 46]
l= 38 r= 46 vmax= 47 X= [40, 44] Y= [46, 46]
l= 39 r= 46 vmax= 47 X= [40, 44] Y= [46, 46]
l= 40 r= 46 vmax= 47 X= [40, 44] Y= [46, 46]
l= 41 r= 46 vmax= 47 X= [44] Y= [46]
l= 42 r= 46 vmax= 47 X= [44] Y= [46]
l= 43 r= 46 vmax= 47 X= [44] Y= [46]
l= 44 r= 46 vmax= 47 X= [44] Y= [46]
l= 45 r= 46 vmax= 46 X= [46] Y= [46]
l= 46 r= 46 vmax= 46 X= [46] Y= [46]
l= 32 r= 47 vmax= 47 X= [32, 36, 40, 44, 47] Y= [46, 46, 46, 46, 47]
l= 33 r= 47 vmax= 47 X= [36, 40, 44, 47] Y= [46, 46, 46, 47]
l= 34 r= 47 vmax= 47 X= [36, 40, 44, 47] Y= [46, 46, 46, 47]
l= 35 r= 47 vmax= 47 X= [36, 40, 44, 47] Y= [46, 46, 46, 47]
l= 36 r= 47 vmax= 47 X= [36, 40, 44, 47] Y= [46, 46, 46, 47]
l= 37 r= 47 vmax= 47 X= [40, 44, 47] Y= [46, 46, 47]
l= 38 r= 47 vmax= 47 X= [40, 44, 47] Y= [46, 46, 47]
l= 39 r= 47 vmax= 47 X= [40, 44, 47] Y= [46, 46, 47]
l= 40 r= 47 vmax= 47 X= [40, 44, 47] Y= [46, 46, 47]
l= 41 r= 47 vmax= 47 X= [44, 47] Y= [46, 47]
l= 42 r= 47 vmax= 47 X= [44, 47] Y= [46, 47]
l= 43 r= 47 vmax= 47 X= [44, 47] Y= [46, 47]
l= 44 r= 47 vmax= 47 X= [44, 47] Y= [46, 47]
l= 45 r= 47 vmax= 47 X= [47] Y= [47]
l= 46 r= 47 vmax= 47 X= [47] Y= [47]
l= 47 r= 47 vmax= 47 X= [47] Y= [47]
l= 32 r= 48 vmax= 49 X= [34, 38, 42, 46] Y= [48, 48, 48, 48]
l= 33 r= 48 vmax= 49 X= [34, 38, 42, 46] Y= [48, 48, 48, 48]
l= 34 r= 48 vmax= 49 X= [34, 38, 42, 46] Y= [48, 48, 48, 48]
l= 35 r= 48 vmax= 49 X= [38, 42, 46] Y= [48, 48, 48]
l= 36 r= 48 vmax= 49 X= [38, 42, 46] Y= [48, 48, 48]
l= 37 r= 48 vmax= 49 X= [38, 42, 46] Y= [48, 48, 48]
l= 38 r= 48 vmax= 49 X= [38, 42, 46] Y= [48, 48, 48]
l= 39 r= 48 vmax= 49 X= [42, 46] Y= [48, 48]
l= 40 r= 48 vmax= 49 X= [42, 46] Y= [48, 48]
l= 41 r= 48 vmax= 49 X= [42, 46] Y= [48, 48]
l= 42 r= 48 vmax= 49 X= [42, 46] Y= [48, 48]
l= 43 r= 48 vmax= 49 X= [46] Y= [48]
l= 44 r= 48 vmax= 49 X= [46] Y= [48]
l= 45 r= 48 vmax= 49 X= [46] Y= [48]
l= 46 r= 48 vmax= 49 X= [46] Y= [48]
l= 47 r= 48 vmax= 48 X= [48] Y= [48]
l= 48 r= 48 vmax= 48 X= [48] Y= [48]
l= 32 r= 49 vmax= 49 X= [34, 38, 42, 46, 49] Y= [48, 48, 48, 48, 49]
l= 33 r= 49 vmax= 49 X= [34, 38, 42, 46, 49] Y= [48, 48, 48, 48, 49]
l= 34 r= 49 vmax= 49 X= [34, 38, 42, 46, 49] Y= [48, 48, 48, 48, 49]
l= 35 r= 49 vmax= 49 X= [38, 42, 46, 49] Y= [48, 48, 48, 49]
l= 36 r= 49 vmax= 49 X= [38, 42, 46, 49] Y= [48, 48, 48, 49]
l= 37 r= 49 vmax= 49 X= [38, 42, 46, 49] Y= [48, 48, 48, 49]
l= 38 r= 49 vmax= 49 X= [38, 42, 46, 49] Y= [48, 48, 48, 49]
l= 39 r= 49 vmax= 49 X= [42, 46, 49] Y= [48, 48, 49]
l= 40 r= 49 vmax= 49 X= [42, 46, 49] Y= [48, 48, 49]
l= 41 r= 49 vmax= 49 X= [42, 46, 49] Y= [48, 48, 49]
l= 42 r= 49 vmax= 49 X= [42, 46, 49] Y= [48, 48, 49]
l= 43 r= 49 vmax= 49 X= [46, 49] Y= [48, 49]
l= 44 r= 49 vmax= 49 X= [46, 49] Y= [48, 49]
l= 45 r= 49 vmax= 49 X= [46, 49] Y= [48, 49]
l= 46 r= 49 vmax= 49 X= [46, 49] Y= [48, 49]
l= 47 r= 49 vmax= 49 X= [49] Y= [49]
l= 48 r= 49 vmax= 49 X= [49] Y= [49]
l= 49 r= 49 vmax= 49 X= [49] Y= [49]
l= 32 r= 50 vmax= 51 X= [32, 36, 40, 44, 48] Y= [50, 50, 50, 50, 50]
l= 33 r= 50 vmax= 51 X= [36, 40, 44, 48] Y= [50, 50, 50, 50]
l= 34 r= 50 vmax= 51 X= [36, 40, 44, 48] Y= [50, 50, 50, 50]
l= 35 r= 50 vmax= 51 X= [36, 40, 44, 48] Y= [50, 50, 50, 50]
l= 36 r= 50 vmax= 51 X= [36, 40, 44, 48] Y= [50, 50, 50, 50]
l= 37 r= 50 vmax= 51 X= [40, 44, 48] Y= [50, 50, 50]
l= 38 r= 50 vmax= 51 X= [40, 44, 48] Y= [50, 50, 50]
l= 39 r= 50 vmax= 51 X= [40, 44, 48] Y= [50, 50, 50]
l= 40 r= 50 vmax= 51 X= [40, 44, 48] Y= [50, 50, 50]
l= 41 r= 50 vmax= 51 X= [44, 48] Y= [50, 50]
l= 42 r= 50 vmax= 51 X= [44, 48] Y= [50, 50]
l= 43 r= 50 vmax= 51 X= [44, 48] Y= [50, 50]
l= 44 r= 50 vmax= 51 X= [44, 48] Y= [50, 50]
l= 45 r= 50 vmax= 51 X= [48] Y= [50]
l= 46 r= 50 vmax= 51 X= [48] Y= [50]
l= 47 r= 50 vmax= 51 X= [48] Y= [50]
l= 48 r= 50 vmax= 51 X= [48] Y= [50]
l= 49 r= 50 vmax= 50 X= [50] Y= [50]
l= 50 r= 50 vmax= 50 X= [50] Y= [50]
l= 32 r= 51 vmax= 51 X= [32, 36, 40, 44, 48, 51] Y= [50, 50, 50, 50, 50, 51]
l= 33 r= 51 vmax= 51 X= [36, 40, 44, 48, 51] Y= [50, 50, 50, 50, 51]
l= 34 r= 51 vmax= 51 X= [36, 40, 44, 48, 51] Y= [50, 50, 50, 50, 51]
l= 35 r= 51 vmax= 51 X= [36, 40, 44, 48, 51] Y= [50, 50, 50, 50, 51]
l= 36 r= 51 vmax= 51 X= [36, 40, 44, 48, 51] Y= [50, 50, 50, 50, 51]
l= 37 r= 51 vmax= 51 X= [40, 44, 48, 51] Y= [50, 50, 50, 51]
l= 38 r= 51 vmax= 51 X= [40, 44, 48, 51] Y= [50, 50, 50, 51]
l= 39 r= 51 vmax= 51 X= [40, 44, 48, 51] Y= [50, 50, 50, 51]
l= 40 r= 51 vmax= 51 X= [40, 44, 48, 51] Y= [50, 50, 50, 51]
l= 41 r= 51 vmax= 51 X= [44, 48, 51] Y= [50, 50, 51]
l= 42 r= 51 vmax= 51 X= [44, 48, 51] Y= [50, 50, 51]
l= 43 r= 51 vmax= 51 X= [44, 48, 51] Y= [50, 50, 51]
l= 44 r= 51 vmax= 51 X= [44, 48, 51] Y= [50, 50, 51]
l= 45 r= 51 vmax= 51 X= [48, 51] Y= [50, 51]
l= 46 r= 51 vmax= 51 X= [48, 51] Y= [50, 51]
l= 47 r= 51 vmax= 51 X= [48, 51] Y= [50, 51]
l= 48 r= 51 vmax= 51 X= [48, 51] Y= [50, 51]
l= 49 r= 51 vmax= 51 X= [51] Y= [51]
l= 50 r= 51 vmax= 51 X= [51] Y= [51]
l= 51 r= 51 vmax= 51 X= [51] Y= [51]
l= 32 r= 52 vmax= 53 X= [34, 38, 42, 46, 50] Y= [52, 52, 52, 52, 52]
l= 33 r= 52 vmax= 53 X= [34, 38, 42, 46, 50] Y= [52, 52, 52, 52, 52]
l= 34 r= 52 vmax= 53 X= [34, 38, 42, 46, 50] Y= [52, 52, 52, 52, 52]
l= 35 r= 52 vmax= 53 X= [38, 42, 46, 50] Y= [52, 52, 52, 52]
l= 36 r= 52 vmax= 53 X= [38, 42, 46, 50] Y= [52, 52, 52, 52]
l= 37 r= 52 vmax= 53 X= [38, 42, 46, 50] Y= [52, 52, 52, 52]
l= 38 r= 52 vmax= 53 X= [38, 42, 46, 50] Y= [52, 52, 52, 52]
l= 39 r= 52 vmax= 53 X= [42, 46, 50] Y= [52, 52, 52]
l= 40 r= 52 vmax= 53 X= [42, 46, 50] Y= [52, 52, 52]
l= 41 r= 52 vmax= 53 X= [42, 46, 50] Y= [52, 52, 52]
l= 42 r= 52 vmax= 53 X= [42, 46, 50] Y= [52, 52, 52]
l= 43 r= 52 vmax= 53 X= [46, 50] Y= [52, 52]
l= 44 r= 52 vmax= 53 X= [46, 50] Y= [52, 52]
l= 45 r= 52 vmax= 53 X= [46, 50] Y= [52, 52]
l= 46 r= 52 vmax= 53 X= [46, 50] Y= [52, 52]
l= 47 r= 52 vmax= 53 X= [50] Y= [52]
l= 48 r= 52 vmax= 53 X= [50] Y= [52]
l= 49 r= 52 vmax= 53 X= [50] Y= [52]
l= 50 r= 52 vmax= 53 X= [50] Y= [52]
l= 51 r= 52 vmax= 52 X= [52] Y= [52]
l= 52 r= 52 vmax= 52 X= [52] Y= [52]
l= 32 r= 53 vmax= 53 X= [34, 38, 42, 46, 50, 53] Y= [52, 52, 52, 52, 52, 53]
l= 33 r= 53 vmax= 53 X= [34, 38, 42, 46, 50, 53] Y= [52, 52, 52, 52, 52, 53]
l= 34 r= 53 vmax= 53 X= [34, 38, 42, 46, 50, 53] Y= [52, 52, 52, 52, 52, 53]
l= 35 r= 53 vmax= 53 X= [38, 42, 46, 50, 53] Y= [52, 52, 52, 52, 53]
l= 36 r= 53 vmax= 53 X= [38, 42, 46, 50, 53] Y= [52, 52, 52, 52, 53]
l= 37 r= 53 vmax= 53 X= [38, 42, 46, 50, 53] Y= [52, 52, 52, 52, 53]
l= 38 r= 53 vmax= 53 X= [38, 42, 46, 50, 53] Y= [52, 52, 52, 52, 53]
l= 39 r= 53 vmax= 53 X= [42, 46, 50, 53] Y= [52, 52, 52, 53]
l= 40 r= 53 vmax= 53 X= [42, 46, 50, 53] Y= [52, 52, 52, 53]
l= 41 r= 53 vmax= 53 X= [42, 46, 50, 53] Y= [52, 52, 52, 53]
l= 42 r= 53 vmax= 53 X= [42, 46, 50, 53] Y= [52, 52, 52, 53]
l= 43 r= 53 vmax= 53 X= [46, 50, 53] Y= [52, 52, 53]
l= 44 r= 53 vmax= 53 X= [46, 50, 53] Y= [52, 52, 53]
l= 45 r= 53 vmax= 53 X= [46, 50, 53] Y= [52, 52, 53]
l= 46 r= 53 vmax= 53 X= [46, 50, 53] Y= [52, 52, 53]
l= 47 r= 53 vmax= 53 X= [50, 53] Y= [52, 53]
l= 48 r= 53 vmax= 53 X= [50, 53] Y= [52, 53]
l= 49 r= 53 vmax= 53 X= [50, 53] Y= [52, 53]
l= 50 r= 53 vmax= 53 X= [50, 53] Y= [52, 53]
l= 51 r= 53 vmax= 53 X= [53] Y= [53]
l= 52 r= 53 vmax= 53 X= [53] Y= [53]
l= 53 r= 53 vmax= 53 X= [53] Y= [53]
l= 32 r= 54 vmax= 55 X= [32, 36, 40, 44, 48, 52] Y= [54, 54, 54, 54, 54, 54]
l= 33 r= 54 vmax= 55 X= [36, 40, 44, 48, 52] Y= [54, 54, 54, 54, 54]
l= 34 r= 54 vmax= 55 X= [36, 40, 44, 48, 52] Y= [54, 54, 54, 54, 54]
l= 35 r= 54 vmax= 55 X= [36, 40, 44, 48, 52] Y= [54, 54, 54, 54, 54]
l= 36 r= 54 vmax= 55 X= [36, 40, 44, 48, 52] Y= [54, 54, 54, 54, 54]
l= 37 r= 54 vmax= 55 X= [40, 44, 48, 52] Y= [54, 54, 54, 54]
l= 38 r= 54 vmax= 55 X= [40, 44, 48, 52] Y= [54, 54, 54, 54]
l= 39 r= 54 vmax= 55 X= [40, 44, 48, 52] Y= [54, 54, 54, 54]
l= 40 r= 54 vmax= 55 X= [40, 44, 48, 52] Y= [54, 54, 54, 54]
l= 41 r= 54 vmax= 55 X= [44, 48, 52] Y= [54, 54, 54]
l= 42 r= 54 vmax= 55 X= [44, 48, 52] Y= [54, 54, 54]
l= 43 r= 54 vmax= 55 X= [44, 48, 52] Y= [54, 54, 54]
l= 44 r= 54 vmax= 55 X= [44, 48, 52] Y= [54, 54, 54]
l= 45 r= 54 vmax= 55 X= [48, 52] Y= [54, 54]
l= 46 r= 54 vmax= 55 X= [48, 52] Y= [54, 54]
l= 47 r= 54 vmax= 55 X= [48, 52] Y= [54, 54]
l= 48 r= 54 vmax= 55 X= [48, 52] Y= [54, 54]
l= 49 r= 54 vmax= 55 X= [52] Y= [54]
l= 50 r= 54 vmax= 55 X= [52] Y= [54]
l= 51 r= 54 vmax= 55 X= [52] Y= [54]
l= 52 r= 54 vmax= 55 X= [52] Y= [54]
l= 53 r= 54 vmax= 54 X= [54] Y= [54]
l= 54 r= 54 vmax= 54 X= [54] Y= [54]
l= 32 r= 55 vmax= 55 X= [32, 36, 40, 44, 48, 52, 55] Y= [54, 54, 54, 54, 54, 54, 55]
l= 33 r= 55 vmax= 55 X= [36, 40, 44, 48, 52, 55] Y= [54, 54, 54, 54, 54, 55]
l= 34 r= 55 vmax= 55 X= [36, 40, 44, 48, 52, 55] Y= [54, 54, 54, 54, 54, 55]
l= 35 r= 55 vmax= 55 X= [36, 40, 44, 48, 52, 55] Y= [54, 54, 54, 54, 54, 55]
l= 36 r= 55 vmax= 55 X= [36, 40, 44, 48, 52, 55] Y= [54, 54, 54, 54, 54, 55]
l= 37 r= 55 vmax= 55 X= [40, 44, 48, 52, 55] Y= [54, 54, 54, 54, 55]
l= 38 r= 55 vmax= 55 X= [40, 44, 48, 52, 55] Y= [54, 54, 54, 54, 55]
l= 39 r= 55 vmax= 55 X= [40, 44, 48, 52, 55] Y= [54, 54, 54, 54, 55]
l= 40 r= 55 vmax= 55 X= [40, 44, 48, 52, 55] Y= [54, 54, 54, 54, 55]
l= 41 r= 55 vmax= 55 X= [44, 48, 52, 55] Y= [54, 54, 54, 55]
l= 42 r= 55 vmax= 55 X= [44, 48, 52, 55] Y= [54, 54, 54, 55]
l= 43 r= 55 vmax= 55 X= [44, 48, 52, 55] Y= [54, 54, 54, 55]
l= 44 r= 55 vmax= 55 X= [44, 48, 52, 55] Y= [54, 54, 54, 55]
l= 45 r= 55 vmax= 55 X= [48, 52, 55] Y= [54, 54, 55]
l= 46 r= 55 vmax= 55 X= [48, 52, 55] Y= [54, 54, 55]
l= 47 r= 55 vmax= 55 X= [48, 52, 55] Y= [54, 54, 55]
l= 48 r= 55 vmax= 55 X= [48, 52, 55] Y= [54, 54, 55]
l= 49 r= 55 vmax= 55 X= [52, 55] Y= [54, 55]
l= 50 r= 55 vmax= 55 X= [52, 55] Y= [54, 55]
l= 51 r= 55 vmax= 55 X= [52, 55] Y= [54, 55]
l= 52 r= 55 vmax= 55 X= [52, 55] Y= [54, 55]
l= 53 r= 55 vmax= 55 X= [55] Y= [55]
l= 54 r= 55 vmax= 55 X= [55] Y= [55]
l= 55 r= 55 vmax= 55 X= [55] Y= [55]
l= 32 r= 56 vmax= 57 X= [34, 38, 42, 46, 50, 54] Y= [56, 56, 56, 56, 56, 56]
l= 33 r= 56 vmax= 57 X= [34, 38, 42, 46, 50, 54] Y= [56, 56, 56, 56, 56, 56]
l= 34 r= 56 vmax= 57 X= [34, 38, 42, 46, 50, 54] Y= [56, 56, 56, 56, 56, 56]
l= 35 r= 56 vmax= 57 X= [38, 42, 46, 50, 54] Y= [56, 56, 56, 56, 56]
l= 36 r= 56 vmax= 57 X= [38, 42, 46, 50, 54] Y= [56, 56, 56, 56, 56]
l= 37 r= 56 vmax= 57 X= [38, 42, 46, 50, 54] Y= [56, 56, 56, 56, 56]
l= 38 r= 56 vmax= 57 X= [38, 42, 46, 50, 54] Y= [56, 56, 56, 56, 56]
l= 39 r= 56 vmax= 57 X= [42, 46, 50, 54] Y= [56, 56, 56, 56]
l= 40 r= 56 vmax= 57 X= [42, 46, 50, 54] Y= [56, 56, 56, 56]
l= 41 r= 56 vmax= 57 X= [42, 46, 50, 54] Y= [56, 56, 56, 56]
l= 42 r= 56 vmax= 57 X= [42, 46, 50, 54] Y= [56, 56, 56, 56]
l= 43 r= 56 vmax= 57 X= [46, 50, 54] Y= [56, 56, 56]
l= 44 r= 56 vmax= 57 X= [46, 50, 54] Y= [56, 56, 56]
l= 45 r= 56 vmax= 57 X= [46, 50, 54] Y= [56, 56, 56]
l= 46 r= 56 vmax= 57 X= [46, 50, 54] Y= [56, 56, 56]
l= 47 r= 56 vmax= 57 X= [50, 54] Y= [56, 56]
l= 48 r= 56 vmax= 57 X= [50, 54] Y= [56, 56]
l= 49 r= 56 vmax= 57 X= [50, 54] Y= [56, 56]
l= 50 r= 56 vmax= 57 X= [50, 54] Y= [56, 56]
l= 51 r= 56 vmax= 57 X= [54] Y= [56]
l= 52 r= 56 vmax= 57 X= [54] Y= [56]
l= 53 r= 56 vmax= 57 X= [54] Y= [56]
l= 54 r= 56 vmax= 57 X= [54] Y= [56]
l= 55 r= 56 vmax= 56 X= [56] Y= [56]
l= 56 r= 56 vmax= 56 X= [56] Y= [56]
l= 32 r= 57 vmax= 57 X= [34, 38, 42, 46, 50, 54, 57] Y= [56, 56, 56, 56, 56, 56, 57]
l= 33 r= 57 vmax= 57 X= [34, 38, 42, 46, 50, 54, 57] Y= [56, 56, 56, 56, 56, 56, 57]
l= 34 r= 57 vmax= 57 X= [34, 38, 42, 46, 50, 54, 57] Y= [56, 56, 56, 56, 56, 56, 57]
l= 35 r= 57 vmax= 57 X= [38, 42, 46, 50, 54, 57] Y= [56, 56, 56, 56, 56, 57]
l= 36 r= 57 vmax= 57 X= [38, 42, 46, 50, 54, 57] Y= [56, 56, 56, 56, 56, 57]
l= 37 r= 57 vmax= 57 X= [38, 42, 46, 50, 54, 57] Y= [56, 56, 56, 56, 56, 57]
l= 38 r= 57 vmax= 57 X= [38, 42, 46, 50, 54, 57] Y= [56, 56, 56, 56, 56, 57]
l= 39 r= 57 vmax= 57 X= [42, 46, 50, 54, 57] Y= [56, 56, 56, 56, 57]
l= 40 r= 57 vmax= 57 X= [42, 46, 50, 54, 57] Y= [56, 56, 56, 56, 57]
l= 41 r= 57 vmax= 57 X= [42, 46, 50, 54, 57] Y= [56, 56, 56, 56, 57]
l= 42 r= 57 vmax= 57 X= [42, 46, 50, 54, 57] Y= [56, 56, 56, 56, 57]
l= 43 r= 57 vmax= 57 X= [46, 50, 54, 57] Y= [56, 56, 56, 57]
l= 44 r= 57 vmax= 57 X= [46, 50, 54, 57] Y= [56, 56, 56, 57]
l= 45 r= 57 vmax= 57 X= [46, 50, 54, 57] Y= [56, 56, 56, 57]
l= 46 r= 57 vmax= 57 X= [46, 50, 54, 57] Y= [56, 56, 56, 57]
l= 47 r= 57 vmax= 57 X= [50, 54, 57] Y= [56, 56, 57]
l= 48 r= 57 vmax= 57 X= [50, 54, 57] Y= [56, 56, 57]
l= 49 r= 57 vmax= 57 X= [50, 54, 57] Y= [56, 56, 57]
l= 50 r= 57 vmax= 57 X= [50, 54, 57] Y= [56, 56, 57]
l= 51 r= 57 vmax= 57 X= [54, 57] Y= [56, 57]
l= 52 r= 57 vmax= 57 X= [54, 57] Y= [56, 57]
l= 53 r= 57 vmax= 57 X= [54, 57] Y= [56, 57]
l= 54 r= 57 vmax= 57 X= [54, 57] Y= [56, 57]
l= 55 r= 57 vmax= 57 X= [57] Y= [57]
l= 56 r= 57 vmax= 57 X= [57] Y= [57]
l= 57 r= 57 vmax= 57 X= [57] Y= [57]
l= 32 r= 58 vmax= 59 X= [32, 36, 40, 44, 48, 52, 56] Y= [58, 58, 58, 58, 58, 58, 58]
l= 33 r= 58 vmax= 59 X= [36, 40, 44, 48, 52, 56] Y= [58, 58, 58, 58, 58, 58]
l= 34 r= 58 vmax= 59 X= [36, 40, 44, 48, 52, 56] Y= [58, 58, 58, 58, 58, 58]
l= 35 r= 58 vmax= 59 X= [36, 40, 44, 48, 52, 56] Y= [58, 58, 58, 58, 58, 58]
l= 36 r= 58 vmax= 59 X= [36, 40, 44, 48, 52, 56] Y= [58, 58, 58, 58, 58, 58]
l= 37 r= 58 vmax= 59 X= [40, 44, 48, 52, 56] Y= [58, 58, 58, 58, 58]
l= 38 r= 58 vmax= 59 X= [40, 44, 48, 52, 56] Y= [58, 58, 58, 58, 58]
l= 39 r= 58 vmax= 59 X= [40, 44, 48, 52, 56] Y= [58, 58, 58, 58, 58]
l= 40 r= 58 vmax= 59 X= [40, 44, 48, 52, 56] Y= [58, 58, 58, 58, 58]
l= 41 r= 58 vmax= 59 X= [44, 48, 52, 56] Y= [58, 58, 58, 58]
l= 42 r= 58 vmax= 59 X= [44, 48, 52, 56] Y= [58, 58, 58, 58]
l= 43 r= 58 vmax= 59 X= [44, 48, 52, 56] Y= [58, 58, 58, 58]
l= 44 r= 58 vmax= 59 X= [44, 48, 52, 56] Y= [58, 58, 58, 58]
l= 45 r= 58 vmax= 59 X= [48, 52, 56] Y= [58, 58, 58]
l= 46 r= 58 vmax= 59 X= [48, 52, 56] Y= [58, 58, 58]
l= 47 r= 58 vmax= 59 X= [48, 52, 56] Y= [58, 58, 58]
l= 48 r= 58 vmax= 59 X= [48, 52, 56] Y= [58, 58, 58]
l= 49 r= 58 vmax= 59 X= [52, 56] Y= [58, 58]
l= 50 r= 58 vmax= 59 X= [52, 56] Y= [58, 58]
l= 51 r= 58 vmax= 59 X= [52, 56] Y= [58, 58]
l= 52 r= 58 vmax= 59 X= [52, 56] Y= [58, 58]
l= 53 r= 58 vmax= 59 X= [56] Y= [58]
l= 54 r= 58 vmax= 59 X= [56] Y= [58]
l= 55 r= 58 vmax= 59 X= [56] Y= [58]
l= 56 r= 58 vmax= 59 X= [56] Y= [58]
l= 57 r= 58 vmax= 58 X= [58] Y= [58]
l= 58 r= 58 vmax= 58 X= [58] Y= [58]
l= 32 r= 59 vmax= 59 X= [32, 36, 40, 44, 48, 52, 56, 59] Y= [58, 58, 58, 58, 58, 58, 58, 59]
l= 33 r= 59 vmax= 59 X= [36, 40, 44, 48, 52, 56, 59] Y= [58, 58, 58, 58, 58, 58, 59]
l= 34 r= 59 vmax= 59 X= [36, 40, 44, 48, 52, 56, 59] Y= [58, 58, 58, 58, 58, 58, 59]
l= 35 r= 59 vmax= 59 X= [36, 40, 44, 48, 52, 56, 59] Y= [58, 58, 58, 58, 58, 58, 59]
l= 36 r= 59 vmax= 59 X= [36, 40, 44, 48, 52, 56, 59] Y= [58, 58, 58, 58, 58, 58, 59]
l= 37 r= 59 vmax= 59 X= [40, 44, 48, 52, 56, 59] Y= [58, 58, 58, 58, 58, 59]
l= 38 r= 59 vmax= 59 X= [40, 44, 48, 52, 56, 59] Y= [58, 58, 58, 58, 58, 59]
l= 39 r= 59 vmax= 59 X= [40, 44, 48, 52, 56, 59] Y= [58, 58, 58, 58, 58, 59]
l= 40 r= 59 vmax= 59 X= [40, 44, 48, 52, 56, 59] Y= [58, 58, 58, 58, 58, 59]
l= 41 r= 59 vmax= 59 X= [44, 48, 52, 56, 59] Y= [58, 58, 58, 58, 59]
l= 42 r= 59 vmax= 59 X= [44, 48, 52, 56, 59] Y= [58, 58, 58, 58, 59]
l= 43 r= 59 vmax= 59 X= [44, 48, 52, 56, 59] Y= [58, 58, 58, 58, 59]
l= 44 r= 59 vmax= 59 X= [44, 48, 52, 56, 59] Y= [58, 58, 58, 58, 59]
l= 45 r= 59 vmax= 59 X= [48, 52, 56, 59] Y= [58, 58, 58, 59]
l= 46 r= 59 vmax= 59 X= [48, 52, 56, 59] Y= [58, 58, 58, 59]
l= 47 r= 59 vmax= 59 X= [48, 52, 56, 59] Y= [58, 58, 58, 59]
l= 48 r= 59 vmax= 59 X= [48, 52, 56, 59] Y= [58, 58, 58, 59]
l= 49 r= 59 vmax= 59 X= [52, 56, 59] Y= [58, 58, 59]
l= 50 r= 59 vmax= 59 X= [52, 56, 59] Y= [58, 58, 59]
l= 51 r= 59 vmax= 59 X= [52, 56, 59] Y= [58, 58, 59]
l= 52 r= 59 vmax= 59 X= [52, 56, 59] Y= [58, 58, 59]
l= 53 r= 59 vmax= 59 X= [56, 59] Y= [58, 59]
l= 54 r= 59 vmax= 59 X= [56, 59] Y= [58, 59]
l= 55 r= 59 vmax= 59 X= [56, 59] Y= [58, 59]
l= 56 r= 59 vmax= 59 X= [56, 59] Y= [58, 59]
l= 57 r= 59 vmax= 59 X= [59] Y= [59]
l= 58 r= 59 vmax= 59 X= [59] Y= [59]
l= 59 r= 59 vmax= 59 X= [59] Y= [59]
l= 32 r= 60 vmax= 61 X= [34, 38, 42, 46, 50, 54, 58] Y= [60, 60, 60, 60, 60, 60, 60]
l= 33 r= 60 vmax= 61 X= [34, 38, 42, 46, 50, 54, 58] Y= [60, 60, 60, 60, 60, 60, 60]
l= 34 r= 60 vmax= 61 X= [34, 38, 42, 46, 50, 54, 58] Y= [60, 60, 60, 60, 60, 60, 60]
l= 35 r= 60 vmax= 61 X= [38, 42, 46, 50, 54, 58] Y= [60, 60, 60, 60, 60, 60]
l= 36 r= 60 vmax= 61 X= [38, 42, 46, 50, 54, 58] Y= [60, 60, 60, 60, 60, 60]
l= 37 r= 60 vmax= 61 X= [38, 42, 46, 50, 54, 58] Y= [60, 60, 60, 60, 60, 60]
l= 38 r= 60 vmax= 61 X= [38, 42, 46, 50, 54, 58] Y= [60, 60, 60, 60, 60, 60]
l= 39 r= 60 vmax= 61 X= [42, 46, 50, 54, 58] Y= [60, 60, 60, 60, 60]
l= 40 r= 60 vmax= 61 X= [42, 46, 50, 54, 58] Y= [60, 60, 60, 60, 60]
l= 41 r= 60 vmax= 61 X= [42, 46, 50, 54, 58] Y= [60, 60, 60, 60, 60]
l= 42 r= 60 vmax= 61 X= [42, 46, 50, 54, 58] Y= [60, 60, 60, 60, 60]
l= 43 r= 60 vmax= 61 X= [46, 50, 54, 58] Y= [60, 60, 60, 60]
l= 44 r= 60 vmax= 61 X= [46, 50, 54, 58] Y= [60, 60, 60, 60]
l= 45 r= 60 vmax= 61 X= [46, 50, 54, 58] Y= [60, 60, 60, 60]
l= 46 r= 60 vmax= 61 X= [46, 50, 54, 58] Y= [60, 60, 60, 60]
l= 47 r= 60 vmax= 61 X= [50, 54, 58] Y= [60, 60, 60]
l= 48 r= 60 vmax= 61 X= [50, 54, 58] Y= [60, 60, 60]
l= 49 r= 60 vmax= 61 X= [50, 54, 58] Y= [60, 60, 60]
l= 50 r= 60 vmax= 61 X= [50, 54, 58] Y= [60, 60, 60]
l= 51 r= 60 vmax= 61 X= [54, 58] Y= [60, 60]
l= 52 r= 60 vmax= 61 X= [54, 58] Y= [60, 60]
l= 53 r= 60 vmax= 61 X= [54, 58] Y= [60, 60]
l= 54 r= 60 vmax= 61 X= [54, 58] Y= [60, 60]
l= 55 r= 60 vmax= 61 X= [58] Y= [60]
l= 56 r= 60 vmax= 61 X= [58] Y= [60]
l= 57 r= 60 vmax= 61 X= [58] Y= [60]
l= 58 r= 60 vmax= 61 X= [58] Y= [60]
l= 59 r= 60 vmax= 60 X= [60] Y= [60]
l= 60 r= 60 vmax= 60 X= [60] Y= [60]
l= 32 r= 61 vmax= 61 X= [34, 38, 42, 46, 50, 54, 58, 61] Y= [60, 60, 60, 60, 60, 60, 60, 61]
l= 33 r= 61 vmax= 61 X= [34, 38, 42, 46, 50, 54, 58, 61] Y= [60, 60, 60, 60, 60, 60, 60, 61]
l= 34 r= 61 vmax= 61 X= [34, 38, 42, 46, 50, 54, 58, 61] Y= [60, 60, 60, 60, 60, 60, 60, 61]
l= 35 r= 61 vmax= 61 X= [38, 42, 46, 50, 54, 58, 61] Y= [60, 60, 60, 60, 60, 60, 61]
l= 36 r= 61 vmax= 61 X= [38, 42, 46, 50, 54, 58, 61] Y= [60, 60, 60, 60, 60, 60, 61]
l= 37 r= 61 vmax= 61 X= [38, 42, 46, 50, 54, 58, 61] Y= [60, 60, 60, 60, 60, 60, 61]
l= 38 r= 61 vmax= 61 X= [38, 42, 46, 50, 54, 58, 61] Y= [60, 60, 60, 60, 60, 60, 61]
l= 39 r= 61 vmax= 61 X= [42, 46, 50, 54, 58, 61] Y= [60, 60, 60, 60, 60, 61]
l= 40 r= 61 vmax= 61 X= [42, 46, 50, 54, 58, 61] Y= [60, 60, 60, 60, 60, 61]
l= 41 r= 61 vmax= 61 X= [42, 46, 50, 54, 58, 61] Y= [60, 60, 60, 60, 60, 61]
l= 42 r= 61 vmax= 61 X= [42, 46, 50, 54, 58, 61] Y= [60, 60, 60, 60, 60, 61]
l= 43 r= 61 vmax= 61 X= [46, 50, 54, 58, 61] Y= [60, 60, 60, 60, 61]
l= 44 r= 61 vmax= 61 X= [46, 50, 54, 58, 61] Y= [60, 60, 60, 60, 61]
l= 45 r= 61 vmax= 61 X= [46, 50, 54, 58, 61] Y= [60, 60, 60, 60, 61]
l= 46 r= 61 vmax= 61 X= [46, 50, 54, 58, 61] Y= [60, 60, 60, 60, 61]
l= 47 r= 61 vmax= 61 X= [50, 54, 58, 61] Y= [60, 60, 60, 61]
l= 48 r= 61 vmax= 61 X= [50, 54, 58, 61] Y= [60, 60, 60, 61]
l= 49 r= 61 vmax= 61 X= [50, 54, 58, 61] Y= [60, 60, 60, 61]
l= 50 r= 61 vmax= 61 X= [50, 54, 58, 61] Y= [60, 60, 60, 61]
l= 51 r= 61 vmax= 61 X= [54, 58, 61] Y= [60, 60, 61]
l= 52 r= 61 vmax= 61 X= [54, 58, 61] Y= [60, 60, 61]
l= 53 r= 61 vmax= 61 X= [54, 58, 61] Y= [60, 60, 61]
l= 54 r= 61 vmax= 61 X= [54, 58, 61] Y= [60, 60, 61]
l= 55 r= 61 vmax= 61 X= [58, 61] Y= [60, 61]
l= 56 r= 61 vmax= 61 X= [58, 61] Y= [60, 61]
l= 57 r= 61 vmax= 61 X= [58, 61] Y= [60, 61]
l= 58 r= 61 vmax= 61 X= [58, 61] Y= [60, 61]
l= 59 r= 61 vmax= 61 X= [61] Y= [61]
l= 60 r= 61 vmax= 61 X= [61] Y= [61]
l= 61 r= 61 vmax= 61 X= [61] Y= [61]
l= 32 r= 62 vmax= 63 X= [32, 36, 40, 44, 48, 52, 56, 60] Y= [62, 62, 62, 62, 62, 62, 62, 62]
l= 33 r= 62 vmax= 63 X= [36, 40, 44, 48, 52, 56, 60] Y= [62, 62, 62, 62, 62, 62, 62]
l= 34 r= 62 vmax= 63 X= [36, 40, 44, 48, 52, 56, 60] Y= [62, 62, 62, 62, 62, 62, 62]
l= 35 r= 62 vmax= 63 X= [36, 40, 44, 48, 52, 56, 60] Y= [62, 62, 62, 62, 62, 62, 62]
l= 36 r= 62 vmax= 63 X= [36, 40, 44, 48, 52, 56, 60] Y= [62, 62, 62, 62, 62, 62, 62]
l= 37 r= 62 vmax= 63 X= [40, 44, 48, 52, 56, 60] Y= [62, 62, 62, 62, 62, 62]
l= 38 r= 62 vmax= 63 X= [40, 44, 48, 52, 56, 60] Y= [62, 62, 62, 62, 62, 62]
l= 39 r= 62 vmax= 63 X= [40, 44, 48, 52, 56, 60] Y= [62, 62, 62, 62, 62, 62]
l= 40 r= 62 vmax= 63 X= [40, 44, 48, 52, 56, 60] Y= [62, 62, 62, 62, 62, 62]
l= 41 r= 62 vmax= 63 X= [44, 48, 52, 56, 60] Y= [62, 62, 62, 62, 62]
l= 42 r= 62 vmax= 63 X= [44, 48, 52, 56, 60] Y= [62, 62, 62, 62, 62]
l= 43 r= 62 vmax= 63 X= [44, 48, 52, 56, 60] Y= [62, 62, 62, 62, 62]
l= 44 r= 62 vmax= 63 X= [44, 48, 52, 56, 60] Y= [62, 62, 62, 62, 62]
l= 45 r= 62 vmax= 63 X= [48, 52, 56, 60] Y= [62, 62, 62, 62]
l= 46 r= 62 vmax= 63 X= [48, 52, 56, 60] Y= [62, 62, 62, 62]
l= 47 r= 62 vmax= 63 X= [48, 52, 56, 60] Y= [62, 62, 62, 62]
l= 48 r= 62 vmax= 63 X= [48, 52, 56, 60] Y= [62, 62, 62, 62]
l= 49 r= 62 vmax= 63 X= [52, 56, 60] Y= [62, 62, 62]
l= 50 r= 62 vmax= 63 X= [52, 56, 60] Y= [62, 62, 62]
l= 51 r= 62 vmax= 63 X= [52, 56, 60] Y= [62, 62, 62]
l= 52 r= 62 vmax= 63 X= [52, 56, 60] Y= [62, 62, 62]
l= 53 r= 62 vmax= 63 X= [56, 60] Y= [62, 62]
l= 54 r= 62 vmax= 63 X= [56, 60] Y= [62, 62]
l= 55 r= 62 vmax= 63 X= [56, 60] Y= [62, 62]
l= 56 r= 62 vmax= 63 X= [56, 60] Y= [62, 62]
l= 57 r= 62 vmax= 63 X= [60] Y= [62]
l= 58 r= 62 vmax= 63 X= [60] Y= [62]
l= 59 r= 62 vmax= 63 X= [60] Y= [62]
l= 60 r= 62 vmax= 63 X= [60] Y= [62]
l= 61 r= 62 vmax= 62 X= [62] Y= [62]
l= 62 r= 62 vmax= 62 X= [62] Y= [62]
l= 32 r= 63 vmax= 63 X= [32, 36, 40, 44, 48, 52, 56, 60, 63] Y= [62, 62, 62, 62, 62, 62, 62, 62, 63]
l= 33 r= 63 vmax= 63 X= [36, 40, 44, 48, 52, 56, 60, 63] Y= [62, 62, 62, 62, 62, 62, 62, 63]
l= 34 r= 63 vmax= 63 X= [36, 40, 44, 48, 52, 56, 60, 63] Y= [62, 62, 62, 62, 62, 62, 62, 63]
l= 35 r= 63 vmax= 63 X= [36, 40, 44, 48, 52, 56, 60, 63] Y= [62, 62, 62, 62, 62, 62, 62, 63]
l= 36 r= 63 vmax= 63 X= [36, 40, 44, 48, 52, 56, 60, 63] Y= [62, 62, 62, 62, 62, 62, 62, 63]
l= 37 r= 63 vmax= 63 X= [40, 44, 48, 52, 56, 60, 63] Y= [62, 62, 62, 62, 62, 62, 63]
l= 38 r= 63 vmax= 63 X= [40, 44, 48, 52, 56, 60, 63] Y= [62, 62, 62, 62, 62, 62, 63]
l= 39 r= 63 vmax= 63 X= [40, 44, 48, 52, 56, 60, 63] Y= [62, 62, 62, 62, 62, 62, 63]
l= 40 r= 63 vmax= 63 X= [40, 44, 48, 52, 56, 60, 63] Y= [62, 62, 62, 62, 62, 62, 63]
l= 41 r= 63 vmax= 63 X= [44, 48, 52, 56, 60, 63] Y= [62, 62, 62, 62, 62, 63]
l= 42 r= 63 vmax= 63 X= [44, 48, 52, 56, 60, 63] Y= [62, 62, 62, 62, 62, 63]
l= 43 r= 63 vmax= 63 X= [44, 48, 52, 56, 60, 63] Y= [62, 62, 62, 62, 62, 63]
l= 44 r= 63 vmax= 63 X= [44, 48, 52, 56, 60, 63] Y= [62, 62, 62, 62, 62, 63]
l= 45 r= 63 vmax= 63 X= [48, 52, 56, 60, 63] Y= [62, 62, 62, 62, 63]
l= 46 r= 63 vmax= 63 X= [48, 52, 56, 60, 63] Y= [62, 62, 62, 62, 63]
l= 47 r= 63 vmax= 63 X= [48, 52, 56, 60, 63] Y= [62, 62, 62, 62, 63]
l= 48 r= 63 vmax= 63 X= [48, 52, 56, 60, 63] Y= [62, 62, 62, 62, 63]
l= 49 r= 63 vmax= 63 X= [52, 56, 60, 63] Y= [62, 62, 62, 63]
l= 50 r= 63 vmax= 63 X= [52, 56, 60, 63] Y= [62, 62, 62, 63]
l= 51 r= 63 vmax= 63 X= [52, 56, 60, 63] Y= [62, 62, 62, 63]
l= 52 r= 63 vmax= 63 X= [52, 56, 60, 63] Y= [62, 62, 62, 63]
l= 53 r= 63 vmax= 63 X= [56, 60, 63] Y= [62, 62, 63]
l= 54 r= 63 vmax= 63 X= [56, 60, 63] Y= [62, 62, 63]
l= 55 r= 63 vmax= 63 X= [56, 60, 63] Y= [62, 62, 63]
l= 56 r= 63 vmax= 63 X= [56, 60, 63] Y= [62, 62, 63]
l= 57 r= 63 vmax= 63 X= [60, 63] Y= [62, 63]
l= 58 r= 63 vmax= 63 X= [60, 63] Y= [62, 63]
l= 59 r= 63 vmax= 63 X= [60, 63] Y= [62, 63]
l= 60 r= 63 vmax= 63 X= [60, 63] Y= [62, 63]
l= 61 r= 63 vmax= 63 X= [63] Y= [63]
l= 62 r= 63 vmax= 63 X= [63] Y= [63]
l= 63 r= 63 vmax= 63 X= [63] Y= [63]
