thr= 100
l= 1 r= 500000000000000000
l= 500000000000000000 r= 750000000000000000
l= 750000000000000000 r= 812500000000000000
l= 812500000000000000 r= 813476562500000000
l= 813476562500000000 r= 813964843750000000
l= 813964843750000000 r= 814086914062500000
l= 814086914062500000 r= 814117431640625000
l= 814117431640625000 r= 814121246337890625
l= 814121246337890625 r= 814122200012207031
l= 814122200012207031 r= 814122676849365234
l= 814122676849365234 r= 814122915267944335
l= 814122915267944335 r= 814123034477233886
l= 814123034477233886 r= 814123094081878661
l= 814123094081878661 r= 814123123884201049
l= 814123123884201049 r= 814123131334781646
l= 814123131334781646 r= 814123135060071944
l= 814123135060071944 r= 814123136922717093
l= 814123136922717093 r= 814123137155547736
l= 814123137155547736 r= 814123137271963058
l= 814123137271963058 r= 814123137301066888
l= 814123137301066888 r= 814123137315618803
l= 814123137315618803 r= 814123137319256782
l= 814123137319256782 r= 814123137321075771
l= 814123137321075771 r= 814123137321985266
l= 814123137321985266 r= 814123137322440013
l= 814123137322440013 r= 814123137322667387
l= 814123137322667387 r= 814123137322724230
l= 814123137322724230 r= 814123137322752652
l= 814123137322752652 r= 814123137322759757
l= 814123137322759757 r= 814123137322763310
l= 814123137322763310 r= 814123137322765086
l= 814123137322765086 r= 814123137322765530
l= 814123137322765530 r= 814123137322765641
l= 814123137322765686 r= 814123137322765686
challenged and failed
l= 814123137322765670 r= 814123137322765670
challenged and failed
l= 814123137322765641 r= 814123137322765696
widen after challenge
l= 814123137322765614 r= 814123137322765669
l= 814123137322765669 r= 814123137322765724
widen
l= 814123137322765559 r= 814123137322765669
l= 814123137322765669 r= 814123137322765724
l= 814123137322765740 r= 814123137322765740
challenged and failed
l= 814123137322765724 r= 814123137322765779
widen after challenge
l= 814123137322765697 r= 814123137322765752
l= 814123137322765796 r= 814123137322765796
challenged and failed
l= 814123137322765752 r= 814123137322765807
widen after challenge
l= 814123137322765725 r= 814123137322765780
l= 814123137322765780 r= 814123137322765835
widen
l= 814123137322765670 r= 814123137322765780
l= 814123137322765780 r= 814123137322765835
l= 814123137322765874 r= 814123137322765874
challenged and failed
l= 814123137322765835 r= 814123137322765890
widen after challenge
l= 814123137322765808 r= 814123137322765863
l= 814123137322765863 r= 814123137322765918
widen
l= 814123137322765753 r= 814123137322765863
l= 814123137322765863 r= 814123137322765918
l= 814123137322765920 r= 814123137322765920
challenged and failed
l= 814123137322765918 r= 814123137322765973
widen after challenge
l= 814123137322765891 r= 814123137322765946
l= 814123137322765946 r= 814123137322766001
widen
l= 814123137322765836 r= 814123137322765946
l= 814123137322765946 r= 814123137322766001
l= 814123137322766038 r= 814123137322766038
challenged and failed
l= 814123137322766001 r= 814123137322766056
widen after challenge
l= 814123137322765974 r= 814123137322766029
l= 814123137322766029 r= 814123137322766084
widen
l= 814123137322765919 r= 814123137322766029
l= 814123137322766029 r= 814123137322766084
l= 814123137322766090 r= 814123137322766090
challenged and failed
l= 814123137322766084 r= 814123137322766139
widen after challenge
l= 814123137322766057 r= 814123137322766112
l= 814123137322766131 r= 814123137322766131
challenged and failed
l= 814123137322766112 r= 814123137322766167
widen after challenge
l= 814123137322766085 r= 814123137322766140
l= 814123137322766140 r= 814123137322766195
widen
l= 814123137322766030 r= 814123137322766140
l= 814123137322766140 r= 814123137322766195
l= 814123137322766244 r= 814123137322766244
challenged and failed
l= 814123137322766195 r= 814123137322766250
widen after challenge
l= 814123137322766168 r= 814123137322766223
l= 814123137322766223 r= 814123137322766278
widen
l= 814123137322766113 r= 814123137322766223
l= 814123137322766223 r= 814123137322766278
l= 814123137322766316 r= 814123137322766316
challenged and failed
l= 814123137322766278 r= 814123137322766333
widen after challenge
l= 814123137322766251 r= 814123137322766306
l= 814123137322766306 r= 814123137322766361
widen
l= 814123137322766196 r= 814123137322766306
l= 814123137322766306 r= 814123137322766361
l= 814123137322766369 r= 814123137322766369
challenged and failed
l= 814123137322766361 r= 814123137322766416
widen after challenge
l= 814123137322766334 r= 814123137322766389
l= 814123137322766389 r= 814123137322766444
widen
l= 814123137322766279 r= 814123137322766389
l= 814123137322766389 r= 814123137322766444
l= 814123137322766481 r= 814123137322766481
challenged and failed
l= 814123137322766444 r= 814123137322766499
widen after challenge
l= 814123137322766417 r= 814123137322766472
l= 814123137322766500 r= 814123137322766500
challenged and failed
l= 814123137322766472 r= 814123137322766527
widen after challenge
l= 814123137322766445 r= 814123137322766500
l= 814123137322766500 r= 814123137322766555
widen
l= 814123137322766390 r= 814123137322766500
l= 814123137322766500 r= 814123137322766555
l= 814123137322766587 r= 814123137322766587
challenged and failed
l= 814123137322766555 r= 814123137322766610
widen after challenge
l= 814123137322766528 r= 814123137322766583
l= 814123137322766583 r= 814123137322766638
widen
l= 814123137322766473 r= 814123137322766583
l= 814123137322766583 r= 814123137322766638
l= 814123137322766684 r= 814123137322766684
challenged and failed
l= 814123137322766638 r= 814123137322766693
widen after challenge
l= 814123137322766611 r= 814123137322766666
l= 814123137322766666 r= 814123137322766721
widen
l= 814123137322766556 r= 814123137322766666
l= 814123137322766666 r= 814123137322766721
l= 814123137322766747 r= 814123137322766747
challenged and failed
l= 814123137322766721 r= 814123137322766776
widen after challenge
l= 814123137322766694 r= 814123137322766749
l= 814123137322766749 r= 814123137322766804
widen
l= 814123137322766639 r= 814123137322766749
l= 814123137322766749 r= 814123137322766804
l= 814123137322766852 r= 814123137322766852
challenged and failed
l= 814123137322766804 r= 814123137322766859
widen after challenge
l= 814123137322766777 r= 814123137322766832
l= 814123137322766886 r= 814123137322766886
challenged and failed
l= 814123137322766832 r= 814123137322766887
widen after challenge
l= 814123137322766805 r= 814123137322766860
l= 814123137322766860 r= 814123137322766915
widen
l= 814123137322766750 r= 814123137322766860
l= 814123137322766860 r= 814123137322766915
l= 814123137322766956 r= 814123137322766956
challenged and failed
l= 814123137322766915 r= 814123137322766970
widen after challenge
l= 814123137322766888 r= 814123137322766943
l= 814123137322766943 r= 814123137322766998
widen
l= 814123137322766833 r= 814123137322766943
l= 814123137322766943 r= 814123137322766998
l= 814123137322767020 r= 814123137322767020
challenged and failed
l= 814123137322766998 r= 814123137322767053
widen after challenge
l= 814123137322766971 r= 814123137322767026
l= 814123137322767026 r= 814123137322767081
widen
l= 814123137322766916 r= 814123137322767026
l= 814123137322767026 r= 814123137322767081
l= 814123137322767092 r= 814123137322767092
challenged and failed
l= 814123137322767081 r= 814123137322767136
widen after challenge
l= 814123137322767054 r= 814123137322767109
l= 814123137322767109 r= 814123137322767164
widen
l= 814123137322766999 r= 814123137322767109
l= 814123137322767109 r= 814123137322767164
l= 814123137322767196 r= 814123137322767196
challenged and failed
l= 814123137322767164 r= 814123137322767219
widen after challenge
l= 814123137322767137 r= 814123137322767192
l= 814123137322767230 r= 814123137322767230
challenged and failed
l= 814123137322767192 r= 814123137322767247
widen after challenge
l= 814123137322767165 r= 814123137322767220
l= 814123137322767220 r= 814123137322767275
widen
l= 814123137322767110 r= 814123137322767220
l= 814123137322767220 r= 814123137322767275
l= 814123137322767301 r= 814123137322767301
challenged and failed
l= 814123137322767275 r= 814123137322767330
widen after challenge
l= 814123137322767248 r= 814123137322767303
l= 814123137322767303 r= 814123137322767358
widen
l= 814123137322767193 r= 814123137322767303
l= 814123137322767303 r= 814123137322767358
l= 814123137322767386 r= 814123137322767386
challenged and failed
l= 814123137322767358 r= 814123137322767413
widen after challenge
l= 814123137322767331 r= 814123137322767386
l= 814123137322767386 r= 814123137322767441
widen
l= 814123137322767276 r= 814123137322767386
l= 814123137322767386 r= 814123137322767441
l= 814123137322767495 r= 814123137322767495
challenged and failed
l= 814123137322767441 r= 814123137322767496
widen after challenge
l= 814123137322767414 r= 814123137322767469
l= 814123137322767469 r= 814123137322767524
widen
l= 814123137322767359 r= 814123137322767469
l= 814123137322767469 r= 814123137322767524
l= 814123137322767546 r= 814123137322767546
challenged and failed
l= 814123137322767524 r= 814123137322767579
widen after challenge
l= 814123137322767497 r= 814123137322767552
l= 814123137322767605 r= 814123137322767605
challenged and failed
l= 814123137322767552 r= 814123137322767607
widen after challenge
l= 814123137322767525 r= 814123137322767580
l= 814123137322767580 r= 814123137322767635
widen
l= 814123137322767470 r= 814123137322767580
l= 814123137322767580 r= 814123137322767635
l= 814123137322767661 r= 814123137322767661
challenged and failed
l= 814123137322767635 r= 814123137322767690
widen after challenge
l= 814123137322767608 r= 814123137322767663
l= 814123137322767663 r= 814123137322767718
widen
l= 814123137322767553 r= 814123137322767663
l= 814123137322767663 r= 814123137322767718
l= 814123137322767737 r= 814123137322767737
challenged and failed
l= 814123137322767718 r= 814123137322767773
widen after challenge
l= 814123137322767691 r= 814123137322767746
l= 814123137322767746 r= 814123137322767801
widen
l= 814123137322767636 r= 814123137322767746
l= 814123137322767746 r= 814123137322767801
l= 814123137322767845 r= 814123137322767845
challenged and failed
l= 814123137322767801 r= 814123137322767856
widen after challenge
l= 814123137322767774 r= 814123137322767829
l= 814123137322767829 r= 814123137322767884
widen
l= 814123137322767719 r= 814123137322767829
l= 814123137322767829 r= 814123137322767884
l= 814123137322767887 r= 814123137322767887
challenged and failed
l= 814123137322767884 r= 814123137322767939
widen after challenge
l= 814123137322767857 r= 814123137322767912
l= 814123137322767958 r= 814123137322767958
challenged and failed
l= 814123137322767912 r= 814123137322767967
widen after challenge
l= 814123137322767885 r= 814123137322767940
l= 814123137322767940 r= 814123137322767995
widen
l= 814123137322767830 r= 814123137322767940
l= 814123137322767940 r= 814123137322767995
l= 814123137322768028 r= 814123137322768028
challenged and failed
l= 814123137322767995 r= 814123137322768050
widen after challenge
l= 814123137322767968 r= 814123137322768023
l= 814123137322768023 r= 814123137322768078
widen
l= 814123137322767913 r= 814123137322768023
l= 814123137322768023 r= 814123137322768078
l= 814123137322768114 r= 814123137322768114
challenged and failed
l= 814123137322768078 r= 814123137322768133
widen after challenge
l= 814123137322768051 r= 814123137322768106
l= 814123137322768106 r= 814123137322768161
widen
l= 814123137322767996 r= 814123137322768106
l= 814123137322768106 r= 814123137322768161
l= 814123137322768185 r= 814123137322768185
challenged and failed
l= 814123137322768161 r= 814123137322768216
widen after challenge
l= 814123137322768134 r= 814123137322768189
l= 814123137322768189 r= 814123137322768244
widen
l= 814123137322768079 r= 814123137322768189
l= 814123137322768189 r= 814123137322768244
l= 814123137322768294 r= 814123137322768294
challenged and failed
l= 814123137322768244 r= 814123137322768299
widen after challenge
l= 814123137322768217 r= 814123137322768272
l= 814123137322768272 r= 814123137322768272
challenged and failed
l= 814123137322768272 r= 814123137322768327
widen after challenge
l= 814123137322768245 r= 814123137322768300
l= 814123137322768300 r= 814123137322768355
widen
l= 814123137322768190 r= 814123137322768300
l= 814123137322768300 r= 814123137322768355
l= 814123137322768381 r= 814123137322768381
challenged and failed
l= 814123137322768355 r= 814123137322768410
widen after challenge
l= 814123137322768328 r= 814123137322768383
l= 814123137322768383 r= 814123137322768438
widen
l= 814123137322768273 r= 814123137322768383
l= 814123137322768383 r= 814123137322768438
l= 814123137322768467 r= 814123137322768467
challenged and failed
l= 814123137322768438 r= 814123137322768493
widen after challenge
l= 814123137322768411 r= 814123137322768466
l= 814123137322768466 r= 814123137322768521
widen
l= 814123137322768356 r= 814123137322768466
l= 814123137322768466 r= 814123137322768521
l= 814123137322768555 r= 814123137322768555
challenged and failed
l= 814123137322768521 r= 814123137322768576
widen after challenge
l= 814123137322768494 r= 814123137322768549
l= 814123137322768549 r= 814123137322768604
widen
l= 814123137322768439 r= 814123137322768549
l= 814123137322768549 r= 814123137322768604
l= 814123137322768618 r= 814123137322768618
challenged and failed
l= 814123137322768604 r= 814123137322768659
widen after challenge
l= 814123137322768577 r= 814123137322768632
l= 814123137322768674 r= 814123137322768674
challenged and failed
l= 814123137322768632 r= 814123137322768687
widen after challenge
l= 814123137322768605 r= 814123137322768660
l= 814123137322768660 r= 814123137322768715
widen
l= 814123137322768550 r= 814123137322768660
l= 814123137322768660 r= 814123137322768715
l= 814123137322768758 r= 814123137322768758
challenged and failed
l= 814123137322768715 r= 814123137322768770
widen after challenge
l= 814123137322768688 r= 814123137322768743
l= 814123137322768743 r= 814123137322768798
widen
l= 814123137322768633 r= 814123137322768743
l= 814123137322768743 r= 814123137322768798
l= 814123137322768798 r= 814123137322768798
challenged and failed
l= 814123137322768798 r= 814123137322768853
widen after challenge
l= 814123137322768771 r= 814123137322768826
l= 814123137322768826 r= 814123137322768881
widen
l= 814123137322768716 r= 814123137322768826
l= 814123137322768826 r= 814123137322768881
l= 814123137322768912 r= 814123137322768912
challenged and failed
l= 814123137322768881 r= 814123137322768936
widen after challenge
l= 814123137322768854 r= 814123137322768909
l= 814123137322768909 r= 814123137322768964
widen
l= 814123137322768799 r= 814123137322768909
l= 814123137322768909 r= 814123137322768964
l= 814123137322769016 r= 814123137322769016
challenged and failed
l= 814123137322768964 r= 814123137322769019
widen after challenge
l= 814123137322768937 r= 814123137322768992
l= 814123137322768997 r= 814123137322768997
challenged and failed
l= 814123137322768992 r= 814123137322769047
widen after challenge
l= 814123137322768965 r= 814123137322769020
l= 814123137322769020 r= 814123137322769075
widen
l= 814123137322768910 r= 814123137322769020
l= 814123137322769020 r= 814123137322769075
l= 814123137322769080 r= 814123137322769080
challenged and failed
l= 814123137322769075 r= 814123137322769130
widen after challenge
l= 814123137322769048 r= 814123137322769103
l= 814123137322769103 r= 814123137322769158
widen
l= 814123137322768993 r= 814123137322769103
l= 814123137322769103 r= 814123137322769158
l= 814123137322769211 r= 814123137322769211
challenged and failed
l= 814123137322769158 r= 814123137322769213
widen after challenge
l= 814123137322769131 r= 814123137322769186
l= 814123137322769186 r= 814123137322769241
widen
l= 814123137322769076 r= 814123137322769186
l= 814123137322769186 r= 814123137322769241
l= 814123137322769268 r= 814123137322769268
challenged and failed
l= 814123137322769241 r= 814123137322769296
widen after challenge
l= 814123137322769214 r= 814123137322769269
l= 814123137322769269 r= 814123137322769324
widen
l= 814123137322769159 r= 814123137322769269
l= 814123137322769269 r= 814123137322769324
l= 814123137322769366 r= 814123137322769366
challenged and failed
l= 814123137322769324 r= 814123137322769379
widen after challenge
l= 814123137322769297 r= 814123137322769352
l= 814123137322769377 r= 814123137322769377
challenged and failed
l= 814123137322769352 r= 814123137322769407
widen after challenge
l= 814123137322769325 r= 814123137322769380
l= 814123137322769380 r= 814123137322769435
widen
l= 814123137322769270 r= 814123137322769380
l= 814123137322769380 r= 814123137322769435
l= 814123137322769465 r= 814123137322769465
challenged and failed
l= 814123137322769435 r= 814123137322769490
widen after challenge
l= 814123137322769408 r= 814123137322769463
l= 814123137322769463 r= 814123137322769518
widen
l= 814123137322769353 r= 814123137322769463
l= 814123137322769463 r= 814123137322769518
l= 814123137322769573 r= 814123137322769573
challenged and failed
l= 814123137322769518 r= 814123137322769573
widen after challenge
l= 814123137322769491 r= 814123137322769546
l= 814123137322769546 r= 814123137322769601
widen
l= 814123137322769436 r= 814123137322769546
l= 814123137322769546 r= 814123137322769601
l= 814123137322769611 r= 814123137322769611
challenged and failed
l= 814123137322769601 r= 814123137322769656
widen after challenge
l= 814123137322769574 r= 814123137322769629
l= 814123137322769629 r= 814123137322769684
widen
l= 814123137322769519 r= 814123137322769629
l= 814123137322769629 r= 814123137322769684
l= 814123137322769710 r= 814123137322769710
challenged and failed
l= 814123137322769684 r= 814123137322769739
widen after challenge
l= 814123137322769657 r= 814123137322769712
l= 814123137322769725 r= 814123137322769725
challenged and failed
l= 814123137322769712 r= 814123137322769767
widen after challenge
l= 814123137322769685 r= 814123137322769740
l= 814123137322769740 r= 814123137322769795
widen
l= 814123137322769630 r= 814123137322769740
l= 814123137322769740 r= 814123137322769795
l= 814123137322769837 r= 814123137322769837
challenged and failed
l= 814123137322769795 r= 814123137322769850
widen after challenge
l= 814123137322769768 r= 814123137322769823
l= 814123137322769823 r= 814123137322769878
widen
l= 814123137322769713 r= 814123137322769823
l= 814123137322769823 r= 814123137322769878
l= 814123137322769882 r= 814123137322769882
challenged and failed
l= 814123137322769878 r= 814123137322769933
widen after challenge
l= 814123137322769851 r= 814123137322769906
l= 814123137322769906 r= 814123137322769961
widen
l= 814123137322769796 r= 814123137322769906
l= 814123137322769906 r= 814123137322769961
l= 814123137322769989 r= 814123137322769989
challenged and failed
l= 814123137322769961 r= 814123137322770016
widen after challenge
l= 814123137322769934 r= 814123137322769989
l= 814123137322769989 r= 814123137322770044
widen
l= 814123137322769879 r= 814123137322769989
l= 814123137322769989 r= 814123137322770044
l= 814123137322770073 r= 814123137322770073
challenged and failed
l= 814123137322770044 r= 814123137322770099
widen after challenge
l= 814123137322770017 r= 814123137322770072
l= 814123137322770099 r= 814123137322770099
challenged and failed
l= 814123137322770072 r= 814123137322770127
widen after challenge
l= 814123137322770045 r= 814123137322770100
l= 814123137322770100 r= 814123137322770155
widen
l= 814123137322769990 r= 814123137322770100
l= 814123137322770100 r= 814123137322770155
l= 814123137322770208 r= 814123137322770208
challenged and failed
l= 814123137322770155 r= 814123137322770210
widen after challenge
l= 814123137322770128 r= 814123137322770183
l= 814123137322770183 r= 814123137322770238
widen
l= 814123137322770073 r= 814123137322770183
l= 814123137322770183 r= 814123137322770238
l= 814123137322770282 r= 814123137322770282
challenged and failed
l= 814123137322770238 r= 814123137322770293
widen after challenge
l= 814123137322770211 r= 814123137322770266
l= 814123137322770266 r= 814123137322770321
widen
l= 814123137322770156 r= 814123137322770266
l= 814123137322770266 r= 814123137322770321
l= 814123137322770369 r= 814123137322770369
challenged and failed
l= 814123137322770321 r= 814123137322770376
widen after challenge
l= 814123137322770294 r= 814123137322770349
l= 814123137322770349 r= 814123137322770404
widen
l= 814123137322770239 r= 814123137322770349
l= 814123137322770349 r= 814123137322770404
l= 814123137322770416 r= 814123137322770416
challenged and failed
l= 814123137322770404 r= 814123137322770459
widen after challenge
l= 814123137322770377 r= 814123137322770432
l= 814123137322770442 r= 814123137322770442
challenged and failed
l= 814123137322770432 r= 814123137322770487
widen after challenge
l= 814123137322770405 r= 814123137322770460
l= 814123137322770460 r= 814123137322770515
widen
l= 814123137322770350 r= 814123137322770460
l= 814123137322770460 r= 814123137322770515
l= 814123137322770565 r= 814123137322770565
challenged and failed
l= 814123137322770515 r= 814123137322770570
widen after challenge
l= 814123137322770488 r= 814123137322770543
l= 814123137322770543 r= 814123137322770598
widen
l= 814123137322770433 r= 814123137322770543
l= 814123137322770543 r= 814123137322770598
l= 814123137322770631 r= 814123137322770631
challenged and failed
l= 814123137322770598 r= 814123137322770653
widen after challenge
l= 814123137322770571 r= 814123137322770626
l= 814123137322770626 r= 814123137322770681
widen
l= 814123137322770516 r= 814123137322770626
l= 814123137322770626 r= 814123137322770681
l= 814123137322770695 r= 814123137322770695
challenged and failed
l= 814123137322770681 r= 814123137322770736
widen after challenge
l= 814123137322770654 r= 814123137322770709
l= 814123137322770709 r= 814123137322770764
widen
l= 814123137322770599 r= 814123137322770709
l= 814123137322770709 r= 814123137322770764
l= 814123137322770794 r= 814123137322770794
challenged and failed
l= 814123137322770764 r= 814123137322770819
widen after challenge
l= 814123137322770737 r= 814123137322770792
l= 814123137322770815 r= 814123137322770815
challenged and failed
l= 814123137322770792 r= 814123137322770847
widen after challenge
l= 814123137322770765 r= 814123137322770820
l= 814123137322770820 r= 814123137322770875
widen
l= 814123137322770710 r= 814123137322770820
l= 814123137322770820 r= 814123137322770875
l= 814123137322770896 r= 814123137322770896
challenged and failed
l= 814123137322770875 r= 814123137322770930
widen after challenge
l= 814123137322770848 r= 814123137322770903
l= 814123137322770903 r= 814123137322770958
widen
l= 814123137322770793 r= 814123137322770903
l= 814123137322770903 r= 814123137322770958
l= 814123137322770979 r= 814123137322770979
challenged and failed
l= 814123137322770958 r= 814123137322771013
widen after challenge
l= 814123137322770931 r= 814123137322770986
l= 814123137322770986 r= 814123137322771041
widen
l= 814123137322770876 r= 814123137322770986
l= 814123137322770986 r= 814123137322771041
l= 814123137322771063 r= 814123137322771063
challenged and failed
l= 814123137322771041 r= 814123137322771096
widen after challenge
l= 814123137322771014 r= 814123137322771069
l= 814123137322771069 r= 814123137322771124
widen
l= 814123137322770959 r= 814123137322771069
l= 814123137322771069 r= 814123137322771124
l= 814123137322771161 r= 814123137322771161
challenged and failed
l= 814123137322771124 r= 814123137322771179
widen after challenge
l= 814123137322771097 r= 814123137322771152
l= 814123137322771156 r= 814123137322771156
challenged and failed
l= 814123137322771152 r= 814123137322771207
widen after challenge
l= 814123137322771125 r= 814123137322771180
l= 814123137322771180 r= 814123137322771235
widen
l= 814123137322771070 r= 814123137322771180
l= 814123137322771180 r= 814123137322771235
l= 814123137322771236 r= 814123137322771236
challenged and failed
l= 814123137322771235 r= 814123137322771290
widen after challenge
l= 814123137322771208 r= 814123137322771263
l= 814123137322771263 r= 814123137322771318
widen
l= 814123137322771153 r= 814123137322771263
l= 814123137322771263 r= 814123137322771318
l= 814123137322771343 r= 814123137322771343
challenged and failed
l= 814123137322771318 r= 814123137322771373
widen after challenge
l= 814123137322771291 r= 814123137322771346
l= 814123137322771346 r= 814123137322771401
widen
l= 814123137322771236 r= 814123137322771346
l= 814123137322771346 r= 814123137322771401
l= 814123137322771442 r= 814123137322771442
challenged and failed
l= 814123137322771401 r= 814123137322771456
widen after challenge
l= 814123137322771374 r= 814123137322771429
l= 814123137322771429 r= 814123137322771484
widen
l= 814123137322771319 r= 814123137322771429
l= 814123137322771429 r= 814123137322771484
l= 814123137322771503 r= 814123137322771503
challenged and failed
l= 814123137322771484 r= 814123137322771539
widen after challenge
l= 814123137322771457 r= 814123137322771512
l= 814123137322771531 r= 814123137322771531
challenged and failed
l= 814123137322771512 r= 814123137322771567
widen after challenge
l= 814123137322771485 r= 814123137322771540
l= 814123137322771540 r= 814123137322771595
widen
l= 814123137322771430 r= 814123137322771540
l= 814123137322771540 r= 814123137322771595
l= 814123137322771649 r= 814123137322771649
challenged and failed
l= 814123137322771595 r= 814123137322771650
widen after challenge
l= 814123137322771568 r= 814123137322771623
l= 814123137322771623 r= 814123137322771678
widen
l= 814123137322771513 r= 814123137322771623
l= 814123137322771623 r= 814123137322771678
l= 814123137322771719 r= 814123137322771719
challenged and failed
l= 814123137322771678 r= 814123137322771733
widen after challenge
l= 814123137322771651 r= 814123137322771706
l= 814123137322771706 r= 814123137322771761
widen
l= 814123137322771596 r= 814123137322771706
l= 814123137322771706 r= 814123137322771761
l= 814123137322771766 r= 814123137322771766
challenged and failed
l= 814123137322771761 r= 814123137322771816
widen after challenge
l= 814123137322771734 r= 814123137322771789
l= 814123137322771789 r= 814123137322771844
widen
l= 814123137322771679 r= 814123137322771789
l= 814123137322771789 r= 814123137322771844
l= 814123137322771895 r= 814123137322771895
challenged and failed
l= 814123137322771844 r= 814123137322771899
widen after challenge
l= 814123137322771817 r= 814123137322771872
l= 814123137322771908 r= 814123137322771908
challenged and failed
l= 814123137322771872 r= 814123137322771927
widen after challenge
l= 814123137322771845 r= 814123137322771900
l= 814123137322771900 r= 814123137322771955
widen
l= 814123137322771790 r= 814123137322771900
l= 814123137322771900 r= 814123137322771955
l= 814123137322771975 r= 814123137322771975
challenged and failed
l= 814123137322771955 r= 814123137322772010
widen after challenge
l= 814123137322771928 r= 814123137322771983
l= 814123137322771983 r= 814123137322772038
widen
l= 814123137322771873 r= 814123137322771983
l= 814123137322771983 r= 814123137322772038
l= 814123137322772072 r= 814123137322772072
challenged and failed
l= 814123137322772038 r= 814123137322772093
widen after challenge
l= 814123137322772011 r= 814123137322772066
l= 814123137322772066 r= 814123137322772121
widen
l= 814123137322771956 r= 814123137322772066
l= 814123137322772066 r= 814123137322772121
l= 814123137322772137 r= 814123137322772137
challenged and failed
l= 814123137322772121 r= 814123137322772176
widen after challenge
l= 814123137322772094 r= 814123137322772149
l= 814123137322772149 r= 814123137322772204
widen
l= 814123137322772039 r= 814123137322772149
l= 814123137322772149 r= 814123137322772204
l= 814123137322772207 r= 814123137322772207
challenged and failed
l= 814123137322772204 r= 814123137322772259
widen after challenge
l= 814123137322772177 r= 814123137322772232
l= 814123137322772243 r= 814123137322772243
challenged and failed
l= 814123137322772232 r= 814123137322772287
widen after challenge
l= 814123137322772205 r= 814123137322772260
l= 814123137322772260 r= 814123137322772315
widen
l= 814123137322772150 r= 814123137322772260
l= 814123137322772260 r= 814123137322772315
l= 814123137322772346 r= 814123137322772346
challenged and failed
l= 814123137322772315 r= 814123137322772370
widen after challenge
l= 814123137322772288 r= 814123137322772343
l= 814123137322772343 r= 814123137322772398
widen
l= 814123137322772233 r= 814123137322772343
l= 814123137322772343 r= 814123137322772398
l= 814123137322772450 r= 814123137322772450
challenged and failed
l= 814123137322772398 r= 814123137322772453
widen after challenge
l= 814123137322772371 r= 814123137322772426
l= 814123137322772426 r= 814123137322772481
widen
l= 814123137322772316 r= 814123137322772426
l= 814123137322772426 r= 814123137322772481
l= 814123137322772482 r= 814123137322772482
challenged and failed
l= 814123137322772481 r= 814123137322772536
widen after challenge
l= 814123137322772454 r= 814123137322772509
l= 814123137322772509 r= 814123137322772564
widen
l= 814123137322772399 r= 814123137322772509
l= 814123137322772509 r= 814123137322772564
l= 814123137322772600 r= 814123137322772600
challenged and failed
l= 814123137322772564 r= 814123137322772619
widen after challenge
l= 814123137322772537 r= 814123137322772592
l= 814123137322772596 r= 814123137322772596
challenged and failed
l= 814123137322772592 r= 814123137322772647
widen after challenge
l= 814123137322772565 r= 814123137322772620
l= 814123137322772620 r= 814123137322772675
widen
l= 814123137322772510 r= 814123137322772620
l= 814123137322772620 r= 814123137322772675
l= 814123137322772719 r= 814123137322772719
challenged and failed
l= 814123137322772675 r= 814123137322772730
widen after challenge
l= 814123137322772648 r= 814123137322772703
l= 814123137322772703 r= 814123137322772758
widen
l= 814123137322772593 r= 814123137322772703
l= 814123137322772703 r= 814123137322772758
l= 814123137322772786 r= 814123137322772786
challenged and failed
l= 814123137322772758 r= 814123137322772813
widen after challenge
l= 814123137322772731 r= 814123137322772786
l= 814123137322772786 r= 814123137322772841
widen
l= 814123137322772676 r= 814123137322772786
l= 814123137322772786 r= 814123137322772841
l= 814123137322772848 r= 814123137322772848
challenged and failed
l= 814123137322772841 r= 814123137322772896
widen after challenge
l= 814123137322772814 r= 814123137322772869
l= 814123137322772869 r= 814123137322772924
widen
l= 814123137322772759 r= 814123137322772869
l= 814123137322772869 r= 814123137322772924
l= 814123137322772968 r= 814123137322772968
challenged and failed
l= 814123137322772924 r= 814123137322772979
widen after challenge
l= 814123137322772897 r= 814123137322772952
l= 814123137322772966 r= 814123137322772966
challenged and failed
l= 814123137322772952 r= 814123137322773007
widen after challenge
l= 814123137322772925 r= 814123137322772980
l= 814123137322772980 r= 814123137322773035
widen
l= 814123137322772870 r= 814123137322772980
l= 814123137322772980 r= 814123137322773035
l= 814123137322773085 r= 814123137322773085
challenged and failed
l= 814123137322773035 r= 814123137322773090
widen after challenge
l= 814123137322773008 r= 814123137322773063
l= 814123137322773063 r= 814123137322773118
widen
l= 814123137322772953 r= 814123137322773063
l= 814123137322773063 r= 814123137322773118
l= 814123137322773164 r= 814123137322773164
challenged and failed
l= 814123137322773118 r= 814123137322773173
widen after challenge
l= 814123137322773091 r= 814123137322773146
l= 814123137322773146 r= 814123137322773201
widen
l= 814123137322773036 r= 814123137322773146
l= 814123137322773146 r= 814123137322773201
l= 814123137322773245 r= 814123137322773245
challenged and failed
l= 814123137322773201 r= 814123137322773256
widen after challenge
l= 814123137322773174 r= 814123137322773229
l= 814123137322773229 r= 814123137322773284
widen
l= 814123137322773119 r= 814123137322773229
l= 814123137322773229 r= 814123137322773284
l= 814123137322773284 r= 814123137322773284
challenged and failed
l= 814123137322773284 r= 814123137322773339
widen after challenge
l= 814123137322773257 r= 814123137322773312
l= 814123137322773334 r= 814123137322773334
challenged and failed
l= 814123137322773312 r= 814123137322773367
widen after challenge
l= 814123137322773285 r= 814123137322773340
l= 814123137322773340 r= 814123137322773395
widen
l= 814123137322773230 r= 814123137322773340
l= 814123137322773340 r= 814123137322773395
l= 814123137322773431 r= 814123137322773431
challenged and failed
l= 814123137322773395 r= 814123137322773450
widen after challenge
l= 814123137322773368 r= 814123137322773423
l= 814123137322773423 r= 814123137322773478
widen
l= 814123137322773313 r= 814123137322773423
l= 814123137322773423 r= 814123137322773478
l= 814123137322773528 r= 814123137322773528
challenged and failed
l= 814123137322773478 r= 814123137322773533
widen after challenge
l= 814123137322773451 r= 814123137322773506
l= 814123137322773506 r= 814123137322773561
widen
l= 814123137322773396 r= 814123137322773506
l= 814123137322773506 r= 814123137322773561
l= 814123137322773616 r= 814123137322773616
challenged and failed
l= 814123137322773561 r= 814123137322773616
widen after challenge
l= 814123137322773534 r= 814123137322773589
l= 814123137322773589 r= 814123137322773644
widen
l= 814123137322773479 r= 814123137322773589
l= 814123137322773589 r= 814123137322773644
l= 814123137322773660 r= 814123137322773660
challenged and failed
l= 814123137322773644 r= 814123137322773699
widen after challenge
l= 814123137322773617 r= 814123137322773672
l= 814123137322773687 r= 814123137322773687
challenged and failed
l= 814123137322773672 r= 814123137322773727
widen after challenge
l= 814123137322773645 r= 814123137322773700
l= 814123137322773700 r= 814123137322773755
widen
l= 814123137322773590 r= 814123137322773700
l= 814123137322773700 r= 814123137322773755
l= 814123137322773778 r= 814123137322773778
challenged and failed
l= 814123137322773755 r= 814123137322773810
widen after challenge
l= 814123137322773728 r= 814123137322773783
l= 814123137322773783 r= 814123137322773838
widen
l= 814123137322773673 r= 814123137322773783
l= 814123137322773783 r= 814123137322773838
l= 814123137322773840 r= 814123137322773840
challenged and failed
l= 814123137322773838 r= 814123137322773893
widen after challenge
l= 814123137322773811 r= 814123137322773866
l= 814123137322773866 r= 814123137322773921
widen
l= 814123137322773756 r= 814123137322773866
l= 814123137322773866 r= 814123137322773921
l= 814123137322773952 r= 814123137322773952
challenged and failed
l= 814123137322773921 r= 814123137322773976
widen after challenge
l= 814123137322773894 r= 814123137322773949
l= 814123137322773949 r= 814123137322774004
widen
l= 814123137322773839 r= 814123137322773949
l= 814123137322773949 r= 814123137322774004
l= 814123137322774029 r= 814123137322774029
challenged and failed
l= 814123137322774004 r= 814123137322774059
widen after challenge
l= 814123137322773977 r= 814123137322774032
l= 814123137322774074 r= 814123137322774074
challenged and failed
l= 814123137322774032 r= 814123137322774087
widen after challenge
l= 814123137322774005 r= 814123137322774060
l= 814123137322774060 r= 814123137322774115
widen
l= 814123137322773950 r= 814123137322774060
l= 814123137322774060 r= 814123137322774115
l= 814123137322774129 r= 814123137322774129
challenged and failed
l= 814123137322774115 r= 814123137322774170
widen after challenge
l= 814123137322774088 r= 814123137322774143
l= 814123137322774143 r= 814123137322774198
widen
l= 814123137322774033 r= 814123137322774143
l= 814123137322774143 r= 814123137322774198
l= 814123137322774229 r= 814123137322774229
challenged and failed
l= 814123137322774198 r= 814123137322774253
widen after challenge
l= 814123137322774171 r= 814123137322774226
l= 814123137322774226 r= 814123137322774281
widen
l= 814123137322774116 r= 814123137322774226
l= 814123137322774226 r= 814123137322774281
l= 814123137322774327 r= 814123137322774327
challenged and failed
l= 814123137322774281 r= 814123137322774336
widen after challenge
l= 814123137322774254 r= 814123137322774309
l= 814123137322774309 r= 814123137322774364
widen
l= 814123137322774199 r= 814123137322774309
l= 814123137322774309 r= 814123137322774364
l= 814123137322774408 r= 814123137322774408
challenged and failed
l= 814123137322774364 r= 814123137322774419
widen after challenge
l= 814123137322774337 r= 814123137322774392
l= 814123137322774405 r= 814123137322774405
challenged and failed
l= 814123137322774392 r= 814123137322774447
widen after challenge
l= 814123137322774365 r= 814123137322774420
l= 814123137322774420 r= 814123137322774475
widen
l= 814123137322774310 r= 814123137322774420
l= 814123137322774420 r= 814123137322774475
l= 814123137322774510 r= 814123137322774510
challenged and failed
l= 814123137322774475 r= 814123137322774530
widen after challenge
l= 814123137322774448 r= 814123137322774503
l= 814123137322774503 r= 814123137322774558
widen
l= 814123137322774393 r= 814123137322774503
l= 814123137322774503 r= 814123137322774558
l= 814123137322774569 r= 814123137322774569
challenged and failed
l= 814123137322774558 r= 814123137322774613
widen after challenge
l= 814123137322774531 r= 814123137322774586
l= 814123137322774586 r= 814123137322774641
widen
l= 814123137322774476 r= 814123137322774586
l= 814123137322774586 r= 814123137322774641
l= 814123137322774650 r= 814123137322774650
challenged and failed
l= 814123137322774641 r= 814123137322774696
widen after challenge
l= 814123137322774614 r= 814123137322774669
l= 814123137322774669 r= 814123137322774724
widen
l= 814123137322774559 r= 814123137322774669
l= 814123137322774669 r= 814123137322774724
finished num_asked= 998 l= 814123137322774777
