[1, 2]
[1, 3]
[1, 4]
[2, 1]
[2, 3]
[2, 4]
[3, 1]
[3, 2]
[3, 4]
[4, 1]
[4, 2]
[4, 3]
Hello
Helol
Hello
Helol
Heoll
Heoll
Hlelo
Hleol
Hlleo
Hlloe
Hloel
Hlole
Hlelo
Hleol
Hlleo
Hlloe
Hloel
Hlole
Hoell
Hoell
Holel
Holle
Holel
Holle
eHllo
eHlol
eHllo
eHlol
eHoll
eHoll
elHlo
elHol
ellHo
elloH
eloHl
elolH
elHlo
elHol
ellHo
elloH
eloHl
elolH
eoHll
eoHll
eolHl
eollH
eolHl
eollH
lHelo
lHeol
lHleo
lHloe
lHoel
lHole
leHlo
leHol
lelHo
leloH
leoHl
leolH
llHeo
llHoe
lleHo
lleoH
lloHe
lloeH
loHel
loHle
loeHl
loelH
lolHe
loleH
lHelo
lHeol
lHleo
lHloe
lHoel
lHole
leHlo
leHol
lelHo
leloH
leoHl
leolH
llHeo
llHoe
lleHo
lleoH
lloHe
lloeH
loHel
loHle
loeHl
loelH
lolHe
loleH
oHell
oHell
oHlel
oHlle
oHlel
oHlle
oeHll
oeHll
oelHl
oellH
oelHl
oellH
olHel
olHle
oleHl
olelH
ollHe
olleH
olHel
olHle
oleHl
olelH
ollHe
olleH
