dfs2 bi= (6,1) idx= 1
dfs2 bi= (7,1) idx= 1
dfs2 bi= (6,2) idx= 1
dfs2 bi= (5,1) idx= 1
dfs2 bi= (6,0) idx= 1
dfs2 bi= (13,1) idx= 4
dfs2 bi= (14,1) idx= 4
dfs2 bi= (13,2) idx= 4
dfs2 bi= (12,1) idx= 4
dfs2 bi= (13,0) idx= 4
dfs2 bi= (15,1) idx= 5
dfs2 bi= (16,1) idx= 5
dfs2 bi= (15,2) idx= 5
dfs2 bi= (14,1) idx= 5
dfs2 bi= (15,0) idx= 5
dfs2 bi= (18,1) idx= 6
dfs2 bi= (19,1) idx= 6
dfs2 bi= (18,2) idx= 6
dfs2 bi= (17,1) idx= 6
dfs2 bi= (18,0) idx= 6
dfs2 bi= (39,1) idx= 10
dfs2 bi= (40,1) idx= 10
dfs2 bi= (39,2) idx= 10
dfs2 bi= (38,1) idx= 10
dfs2 bi= (39,0) idx= 10
dfs2 bi= (1,1) idx= 0
dfs2 bi= (2,1) idx= 0
dfs2 bi= (3,1) idx= 0
dfs2 bi= (4,1) idx= 0
dfs2 bi= (3,2) idx= 0
dfs2 bi= (2,1) idx= 0
dfs2 bi= (3,1) idx= 0
dfs2 bi= (4,1) idx= 0
dfs2 bi= (3,2) idx= 0
dfs2 bi= (2,1) idx= 0
dfs2 bi= (3,1) idx= 0
dfs2 bi= (4,1) idx= 0
dfs2 bi= (3,2) idx= 0
dfs2 bi= (2,1) idx= 0
dfs2 bi= (3,1) idx= 0
dfs2 bi= (4,1) idx= 0
dfs2 bi= (3,2) idx= 0
dfs2 bi= (2,1) idx= 0
dfs2 bi= (3,1) idx= 0
dfs2 bi= (4,1) idx= 0
dfs2 bi= (3,2) idx= 0
dfs2 bi= (2,1) idx= 0
dfs2 bi= (3,1) idx= 0
dfs2 bi= (4,1) idx= 0
dfs2 bi= (3,2) idx= 0
dfs2 bi= (2,1) idx= 0
dfs2 bi= (3,1) idx= 0
dfs2 bi= (4,1) idx= 0
dfs2 bi= (3,2) idx= 0
dfs2 bi= (2,1) idx= 0
dfs2 bi= (3,1) idx= 0
dfs2 bi= (4,1) idx= 0
dfs2 bi= (3,2) idx= 0
dfs2 bi= (2,1) idx= 0
dfs2 bi= (3,1) idx= 0
dfs2 bi= (4,1) idx= 0
dfs2 bi= (3,2) idx= 0
dfs2 bi= (2,1) idx= 0
dfs2 bi= (3,1) idx= 0
dfs2 bi= (4,1) idx= 0
dfs2 bi= (3,2) idx= 0
dfs2 bi= (2,1) idx= 0
dfs2 bi= (3,1) idx= 0
dfs2 bi= (4,1) idx= 0
dfs2 bi= (3,2) idx= 0
dfs2 bi= (2,1) idx= 0
dfs2 bi= (3,1) idx= 0
dfs2 bi= (4,1) idx= 0
dfs2 bi= (3,2) idx= 0
dfs2 bi= (2,1) idx= 0
dfs2 bi= (3,1) idx= 0
dfs2 bi= (4,1) idx= 0
dfs2 bi= (3,2) idx= 0
dfs2 bi= (2,1) idx= 0
dfs2 bi= (3,1) idx= 0
dfs2 bi= (4,1) idx= 0
dfs2 bi= (3,2) idx= 0
dfs2 bi= (2,1) idx= 0
dfs2 bi= (3,1) idx= 0
dfs2 bi= (4,1) idx= 0
dfs2 bi= (3,2) idx= 0
dfs2 bi= (2,1) idx= 0
dfs2 bi= (3,1) idx= 0
dfs2 bi= (4,1) idx= 0
dfs2 bi= (3,2) idx= 0
dfs2 bi= (2,1) idx= 0
dfs2 bi= (3,1) idx= 0
dfs2 bi= (4,1) idx= 0
dfs2 bi= (3,2) idx= 0
dfs2 bi= (2,1) idx= 0
dfs2 bi= (3,1) idx= 0
dfs2 bi= (4,1) idx= 0
dfs2 bi= (3,2) idx= 0
dfs2 bi= (2,1) idx= 0
dfs2 bi= (3,1) idx= 0
dfs2 bi= (4,1) idx= 0
dfs2 bi= (3,2) idx= 0
dfs2 bi= (2,1) idx= 0
dfs2 bi= (3,1) idx= 0
dfs2 bi= (4,1) idx= 0
dfs2 bi= (3,2) idx= 0
dfs2 bi= (2,1) idx= 0
dfs2 bi= (3,1) idx= 0
dfs2 bi= (4,1) idx= 0
dfs2 bi= (3,2) idx= 0
dfs2 bi= (2,1) idx= 0
dfs2 bi= (3,1) idx= 0
dfs2 bi= (4,1) idx= 0
dfs2 bi= (3,2) idx= 0
dfs2 bi= (2,1) idx= 0
dfs2 bi= (3,1) idx= 0
dfs2 bi= (4,1) idx= 0
dfs2 bi= (3,2) idx= 0
dfs2 bi= (2,1) idx= 0
dfs2 bi= (3,1) idx= 0
dfs2 bi= (4,1) idx= 0
dfs2 bi= (3,2) idx= 0
dfs2 bi= (2,1) idx= 0
dfs2 bi= (3,1) idx= 0
dfs2 bi= (4,1) idx= 0
dfs2 bi= (3,2) idx= 0
dfs2 bi= (2,1) idx= 0
dfs2 bi= (3,1) idx= 0
dfs2 bi= (4,1) idx= 0
dfs2 bi= (3,2) idx= 0
dfs2 bi= (2,1) idx= 0
dfs2 bi= (3,1) idx= 0
dfs2 bi= (4,1) idx= 0
dfs2 bi= (3,2) idx= 0
dfs2 bi= (2,1) idx= 0
dfs2 bi= (3,1) idx= 0
dfs2 bi= (4,1) idx= 0
dfs2 bi= (3,2) idx= 0
dfs2 bi= (2,1) idx= 0
dfs2 bi= (3,1) idx= 0
dfs2 bi= (4,1) idx= 0
dfs2 bi= (3,2) idx= 0
dfs2 bi= (2,1) idx= 0
dfs2 bi= (3,1) idx= 0
dfs2 bi= (4,1) idx= 0
dfs2 bi= (3,2) idx= 0
dfs2 bi= (2,1) idx= 0
dfs2 bi= (3,1) idx= 0
dfs2 bi= (4,1) idx= 0
dfs2 bi= (3,2) idx= 0
dfs2 bi= (2,1) idx= 0
dfs2 bi= (3,1) idx= 0
dfs2 bi= (4,1) idx= 0
dfs2 bi= (3,2) idx= 0
dfs2 bi= (2,1) idx= 0
dfs2 bi= (3,1) idx= 0
dfs2 bi= (4,1) idx= 0
dfs2 bi= (3,2) idx= 0
dfs2 bi= (2,1) idx= 0
dfs2 bi= (3,1) idx= 0
dfs2 bi= (4,1) idx= 0
dfs2 bi= (3,2) idx= 0
dfs2 bi= (2,1) idx= 0
dfs2 bi= (3,1) idx= 0
dfs2 bi= (4,1) idx= 0
dfs2 bi= (3,2) idx= 0
dfs2 bi= (2,1) idx= 0
dfs2 bi= (3,1) idx= 0
dfs2 bi= (4,1) idx= 0
dfs2 bi= (3,2) idx= 0
dfs2 bi= (2,1) idx= 0
dfs2 bi= (3,1) idx= 0
dfs2 bi= (4,1) idx= 0
dfs2 bi= (3,2) idx= 0
dfs2 bi= (2,1) idx= 0
dfs2 bi= (3,1) idx= 0
dfs2 bi= (4,1) idx= 0
dfs2 bi= (3,2) idx= 0
dfs2 bi= (2,1) idx= 0
dfs2 bi= (3,1) idx= 0
dfs2 bi= (4,1) idx= 0
dfs2 bi= (3,2) idx= 0
dfs2 bi= (2,1) idx= 0
dfs2 bi= (3,1) idx= 0
dfs2 bi= (4,1) idx= 0
dfs2 bi= (3,2) idx= 0
dfs2 bi= (2,1) idx= 0
dfs2 bi= (3,1) idx= 0
dfs2 bi= (4,1) idx= 0
dfs2 bi= (3,2) idx= 0
dfs2 bi= (2,1) idx= 0
dfs2 bi= (3,1) idx= 0
dfs2 bi= (4,1) idx= 0
dfs2 bi= (3,2) idx= 0
dfs2 bi= (2,1) idx= 0
dfs2 bi= (3,1) idx= 0
dfs2 bi= (4,1) idx= 0
dfs2 bi= (3,2) idx= 0
dfs2 bi= (2,1) idx= 0
dfs2 bi= (3,1) idx= 0
dfs2 bi= (4,1) idx= 0
dfs2 bi= (3,2) idx= 0
dfs2 bi= (2,1) idx= 0
dfs2 bi= (3,1) idx= 0
dfs2 bi= (4,1) idx= 0
dfs2 bi= (3,2) idx= 0
dfs2 bi= (2,1) idx= 0
dfs2 bi= (3,1) idx= 0
dfs2 bi= (4,1) idx= 0
dfs2 bi= (3,2) idx= 0
dfs2 bi= (2,1) idx= 0
dfs2 bi= (3,1) idx= 0
dfs2 bi= (4,1) idx= 0
dfs2 bi= (3,2) idx= 0
dfs2 bi= (2,1) idx= 0
dfs2 bi= (3,1) idx= 0
dfs2 bi= (4,1) idx= 0
dfs2 bi= (3,2) idx= 0
dfs2 bi= (2,1) idx= 0
dfs2 bi= (3,1) idx= 0
dfs2 bi= (4,1) idx= 0
dfs2 bi= (3,2) idx= 0
dfs2 bi= (2,1) idx= 0
dfs2 bi= (3,1) idx= 0
dfs2 bi= (4,1) idx= 0
dfs2 bi= (3,2) idx= 0
dfs2 bi= (2,1) idx= 0
dfs2 bi= (3,1) idx= 0
dfs2 bi= (4,1) idx= 0
dfs2 bi= (3,2) idx= 0
dfs2 bi= (2,1) idx= 0
dfs2 bi= (3,1) idx= 0
dfs2 bi= (4,1) idx= 0
dfs2 bi= (3,2) idx= 0
dfs2 bi= (2,1) idx= 0
dfs2 bi= (3,1) idx= 0
dfs2 bi= (4,1) idx= 0
dfs2 bi= (3,2) idx= 0
dfs2 bi= (2,1) idx= 0
dfs2 bi= (3,1) idx= 0
dfs2 bi= (4,1) idx= 0
dfs2 bi= (3,2) idx= 0
dfs2 bi= (2,1) idx= 0
dfs2 bi= (3,1) idx= 0
dfs2 bi= (4,1) idx= 0
dfs2 bi= (3,2) idx= 0
dfs2 bi= (2,1) idx= 0
dfs2 bi= (3,1) idx= 0
dfs2 bi= (4,1) idx= 0
dfs2 bi= (3,2) idx= 0
dfs2 bi= (2,1) idx= 0
dfs2 bi= (3,1) idx= 0
dfs2 bi= (4,1) idx= 0
dfs2 bi= (3,2) idx= 0
dfs2 bi= (2,1) idx= 0
dfs2 bi= (3,1) idx= 0
dfs2 bi= (4,1) idx= 0
dfs2 bi= (3,2) idx= 0
dfs2 bi= (2,1) idx= 0
dfs2 bi= (3,1) idx= 0
dfs2 bi= (4,1) idx= 0
dfs2 bi= (3,2) idx= 0
dfs2 bi= (2,1) idx= 0
dfs2 bi= (3,1) idx= 0
dfs2 bi= (4,1) idx= 0
dfs2 bi= (3,2) idx= 0
dfs2 bi= (2,1) idx= 0
dfs2 bi= (3,1) idx= 0
dfs2 bi= (4,1) idx= 0
dfs2 bi= (3,2) idx= 0
dfs2 bi= (2,1) idx= 0
dfs2 bi= (3,1) idx= 0
dfs2 bi= (4,1) idx= 0
dfs2 bi= (3,2) idx= 0
dfs2 bi= (2,1) idx= 0
dfs2 bi= (3,1) idx= 0
dfs2 bi= (4,1) idx= 0
dfs2 bi= (3,2) idx= 0
dfs2 bi= (2,1) idx= 0
dfs2 bi= (3,1) idx= 0
dfs2 bi= (4,1) idx= 0
dfs2 bi= (3,2) idx= 0
dfs2 bi= (2,1) idx= 0
dfs2 bi= (3,1) idx= 0
dfs2 bi= (4,1) idx= 0
dfs2 bi= (3,2) idx= 0
dfs2 bi= (2,1) idx= 0
dfs2 bi= (3,1) idx= 0
dfs2 bi= (4,1) idx= 0
dfs2 bi= (3,2) idx= 0
dfs2 bi= (2,1) idx= 0
dfs2 bi= (3,1) 