val (39,88961)
val (38,105522)
val (37,875906)
val (36,1034902)
val (35,1099191)
val (34,1099658)

val (33,1123352)
val (32,2020716)
val (31,2062045)
val (30,2242614)
val (29,2756714)
val (28,2812083)
val (27,3106172)
val (26,3499333)
val (25,4419449)
val (24,4444090)
val (23,5133066)
val (22,5143507)
val (21,5573411)
val (20,5912887)
val (19,6836823)
val (18,6968624)
val (17,6980928)
val (16,7969049)
val (15,8059138)
val (14,8107163)
val (13,8357263)
val (12,8424863)
val (11,8459512)
val (10,9153441)
val (9,9832565)
val (8,9943689)
val (7,10511698)
val (6,10538859)
val (5,10624484)
val (4,11363800)
val (3,12167681)
val (2,12825706)
val (1,13131642)
13131642
