val (40,0)
val (39,88961)
val (38,105522)
val (37,875906)
val (36,1034902)
val (35,1099191)
val (34,1099658)

val (33,1123582)
val (32,2020946)
val (31,2062275)
val (30,2242844)
val (29,2756944)
val (28,2812313)
val (27,3106402)
val (26,3499563)
val (25,4419679)
val (24,4444320)
val (23,5133296)
val (22,5143737)
val (21,5573641)
val (20,5913117)
val (19,6837053)
val (18,6968854)
val (17,6981158)
val (16,7969279)
val (15,8059368)
val (14,8107393)
val (13,8357493)
val (12,8425093)
val (11,8459742)
val (10,9153671)
val (9,9832795)
val (8,9943919)
val (7,10511928)
val (6,10539089)
val (5,10624714)
val (4,11364030)
val (3,12167911)
val (2,12825936)
val (1,13131872)
13131872
