n= 0 m= 1
    1
n= 1 m= 2
    1
    2
n= 2 m= 3
    1
    2
    3
n= 3 m= 4
    1
    2
    3
    4
cand 219802
n= 3 m= 5
    1
    2
    3
    5
cand 104843
n= 3 m= 6
    1
    2
    3
    6
cand 174800
n= 2 m= 4
    1
    2
    4
n= 3 m= 5
    1
    2
    4
    5
cand 125474
n= 3 m= 6
    1
    2
    4
    6
cand 104843
n= 2 m= 5
    1
    2
    5
n= 3 m= 6
    1
    2
    5
    6
cand 125474
n= 1 m= 3
    1
    3
n= 2 m= 4
    1
    3
    4
n= 3 m= 5
    1
    3
    4
    5
cand 29211
n= 3 m= 6
    1
    3
    4
    6
cand 8580
n= 2 m= 5
    1
    3
    5
n= 3 m= 6
    1
    3
    5
    6
cand 29211
n= 1 m= 4
    1
    4
n= 2 m= 5
    1
    4
    5
n= 3 m= 6
    1
    4
    5
    6
cand 29211
n= 0 m= 2
    2
n= 1 m= 3
    2
    3
n= 2 m= 4
    2
    3
    4
n= 3 m= 5
    2
    3
    4
    5
cand 219802
n= 3 m= 6
    2
    3
    4
    6
cand 104843
n= 2 m= 5
    2
    3
    5
n= 3 m= 6
    2
    3
    5
    6
cand 125474
n= 1 m= 4
    2
    4
n= 2 m= 5
    2
    4
    5
n= 3 m= 6
    2
    4
    5
    6
cand 29211
n= 0 m= 3
    3
n= 1 m= 4
    3
    4
n= 2 m= 5
    3
    4
    5
n= 3 m= 6
    3
    4
    5
    6
cand 219802
n= 0 m= 4
    4
n= 0 m= 5
    5
n= 0 m= 6
    6
219802
