1 1
2 2
3 2
3 3
4 4
5 4
5 5
6 4
6 6
7 4
7 5
7 6
7 7
8 8
9 8
9 9
10 8
10 10
11 8
11 9
11 10
11 11
12 8
12 12
13 8
13 9
13 12
13 13
14 8
14 10
14 12
14 14
15 8
15 9
15 10
15 11
15 12
15 13
15 14
15 15
16 16
17 16
17 17
18 16
18 18
19 16
19 17
19 18
19 19
20 16
20 20
21 16
21 17
21 20
21 21
22 16
22 18
22 20
22 22
23 16
23 17
23 18
23 19
23 20
23 21
23 22
23 23
24 16
24 24
25 16
25 17
25 24
25 25
26 16
26 18
26 24
26 26
27 16
27 17
27 18
27 19
27 24
27 25
27 26
27 27
28 16
28 20
28 24
28 28
29 16
29 17
29 20
29 21
29 24
29 25
29 28
29 29
30 16
30 18
30 20
30 22
30 24
30 26
30 28
30 30
31 16
31 17
31 18
31 19
31 20
31 21
31 22
31 23
31 24
31 25
31 26
31 27
31 28
31 29
31 30
31 31
32 32
33 32
33 33
34 32
34 34
35 32
35 33
35 34
35 35
36 32
36 36
37 32
37 33
37 36
37 37
38 32
38 34
38 36
38 38
39 32
39 33
39 34
39 35
39 36
39 37
39 38
39 39
40 32
40 40
41 32
41 33
41 40
41 41
42 32
42 34
42 40
42 42
43 32
43 33
43 34
43 35
43 40
43 41
43 42
43 43
44 32
44 36
44 40
44 44
45 32
45 33
45 36
45 37
45 40
45 41
45 44
45 45
46 32
46 34
46 36
46 38
46 40
46 42
46 44
46 46
47 32
47 33
47 34
47 35
47 36
47 37
47 38
47 39
47 40
47 41
47 42
47 43
47 44
47 45
47 46
47 47
48 32
48 48
49 32
49 33
49 48
49 49
50 32
50 34
50 48
50 50
