t,x,y= 1 2 -1
1 2 4 3 5 6 7 8 9 10
t,x,y= 1 4 -1
1 2 4 3 6 5 7 8 9 10
t,x,y= 1 3 -1
1 2 4 6 3 5 7 8 9 10
t,x,y= 1 1 -1
1 4 2 6 3 5 7 8 9 10
t,x,y= 1 2 -1
1 4 6 2 3 5 7 8 9 10
t,x,y= 2 3 6
0 1 2 3 4 5 6
1 4 6 2 3 5 7 8 9 10
t,x,y= 1 4 -1
1 4 6 2 5 3 7 8 9 10
t,x,y= 1 6 -1
1 4 6 2 5 3 8 7 9 10
t,x,y= 1 8 -1
1 4 6 2 5 3 8 7 10 9
t,x,y= 1 7 -1
1 4 6 2 5 3 8 10 7 9
t,x,y= 2 2 4
0 1 2 3 4
1 4 2 6 5 3 8 10 7 9
t,x,y= 1 7 -1
1 4 2 6 5 3 8 7 10 9
t,x,y= 1 8 -1
1 4 2 6 5 3 8 7 9 10
t,x,y= 1 4 -1
1 4 2 6 3 5 8 7 9 10
t,x,y= 1 1 -1
1 2 4 6 3 5 8 7 9 10
1 2 4 6 3 5 8 7 9 10
