t= 0
i= 0
  x= 1 val= 5
  x= 4 val= 4
i= 1
  x= 1 val= 3
  x= 4 val= 5
i= 2
i= 3
i= 4

t= 1
i= 0
  x= 1 val= 17
  x= 3 val= 18
  x= 4 val= 16
i= 1
  x= 0 val= 10
  x= 2 val= 8
i= 2
  x= 0 val= 6
i= 3
i= 4

t= 2
i= 0
  x= 0 val= 24
  x= 2 val= 25
i= 1
  x= 0 val= 9
  x= 1 val= 25
i= 2
  x= 1 val= 17
  x= 4 val= 16
i= 3
  x= 1 val= 17
  x= 4 val= 22
i= 4
t= 3
i= 0
  x= 0 val= 27
i= 1
  x= 1 val= 23
  x= 3 val= 39
  x= 4 val= 26
i= 2
  x= 0 val= 17
  x= 2 val= 34
  x= 4 val= 30
i= 3
  x= 0 val= 26
  x= 2 val= 26
i= 4
  x= 0 val= 21
t= 4
i= 0
  x= 0 val= 27
i= 1
  x= 0 val= 36
  x= 1 val= 41
  x= 2 val= 35
  x= 3 val= 38
i= 2
  x= 0 val= 23
  x= 4 val= 35
i= 3
  x= 0 val= 25
  x= 1 val= 25
i= 4
  x= 0 val= 26
  x= 4 val= 29
t= 5
i= 0
i= 1
  x= 0 val= 35
  x= 2 val= 38
i= 2
  x= 0 val= 29
i= 3
  x= 0 val= 23
  x= 2 val= 25
i= 4
  x= 0 val= 33
t= 6
i= 0
i= 1
i= 2
  x= 0 val= 29
i= 3
  x= 0 val= 23
i= 4
  x= 0 val= 23
t= 7
i= 0
i= 1
i= 2
i= 3
  x= 0 val= 23
i= 4
  x= 0 val= 23
23
