1 1
2 2
3 3
4 4
5 8
6 12
7 5
8 10
9 15
10 6
11 11
12 13
13 7
14 9
15 14
16 16
17 32
18 48
19 17
20 34
21 51
22 18
23 35
24 49
25 19
26 33
27 50
28 20
29 40
30 60
31 21
32 42
33 63
34 22
35 43
36 61
37 23
38 41
39 62
40 24
41 44
42 52
43 25
44 46
45 55
46 26
47 47
48 53
49 27
50 45
51 54
52 28
53 36
54 56
55 29
56 38
57 59
58 30
59 39
60 57
61 31
62 37
63 58
64 64
65 128
66 192
67 65
68 130
69 195
70 66
71 131
72 193
73 67
74 129
75 194
76 68
77 136
78 204
79 69
80 138
81 207
82 70
83 139
84 205
85 71
86 137
87 206
88 72
89 140
90 196
91 73
92 142
93 199
94 74
95 143
96 197
97 75
98 141
99 198
100 76
101 132
102 200
103 77
104 134
105 203
106 78
107 135
108 201
109 79
110 133
111 202
112 80
113 160
114 240
115 81
116 162
117 243
118 82
119 163
120 241
121 83
122 161
123 242
124 84
125 168
126 252
127 85
128 170
129 255
130 86
131 171
132 253
133 87
134 169
135 254
136 88
137 172
138 244
139 89
140 174
141 247
142 90
143 175
144 245
145 91
146 173
147 246
148 92
149 164
150 248
151 93
152 166
153 251
154 94
155 167
156 249
157 95
158 165
159 250
160 96
161 176
162 208
163 97
164 178
165 211
166 98
167 179
168 209
169 99
170 177
171 210
172 100
173 184
174 220
175 101
176 186
177 223
178 102
179 187
180 221
181 103
182 185
183 222
184 104
185 188
186 212
187 105
188 190
189 215
190 106
191 191
192 213
193 107
194 189
195 214
196 108
197 180
198 216
199 109
200 182
201 219
202 110
203 183
204 217
205 111
206 181
207 218
208 112
209 144
210 224
211 113
212 146
213 227
214 114
215 147
216 225
217 115
218 145
219 226
220 116
221 152
222 236
223 117
224 154
225 239
226 118
227 155
228 237
229 119
230 153
231 238
232 120
233 156
234 228
235 121
236 158
237 231
238 122
239 159
240 229
241 123
242 157
243 230
244 124
245 148
246 232
247 125
248 150
249 235
250 126
251 151
252 233
253 127
254 149
255 234
256 256
257 512
258 768
259 257
260 514
261 771
262 258
263 515
264 769
265 259
266 513
267 770
268 260
269 520
270 780
271 261
272 522
273 783
274 262
275 523
276 781
277 263
278 521
279 782
280 264
281 524
282 772
283 265
284 526
285 775
286 266
287 527
288 773
289 267
290 525
291 774
292 268
293 516
294 776
295 269
296 518
297 779
298 270
299 519
300 777
