n= 4 x= 2 t= 1
n= 4 ans= 2
n= 9 x= 2 t= 2
n= 9 x= 3 t= 1
n= 9 ans= 4
n= 8 x= 2 t= 1
n= 8 x= 3 t= 1
n= 8 ans= 3
n= 7 x= 2 t= 1
n= 7 ans= 2
n= 4 x= 2 t= 1
n= 4 ans= 2
n= 29 x= 2 t= 4
n= 29 x= 3 t= 2
n= 29 ans= 7
n= 11 x= 2 t= 2
n= 11 x= 3 t= 1
n= 11 ans= 4
n= 591 x= 2 t= 23
n= 591 x= 3 t= 7
n= 591 x= 5 t= 2
n= 591 x= 6 t= 1
n= 591 x= 7 t= 1
n= 591 ans= 33
n= 136 x= 2 t= 10
n= 136 x= 3 t= 4
n= 136 x= 5 t= 1
n= 136 x= 6 t= 1
n= 136 x= 7 t= 1
n= 136 ans= 16
n= 1000000 x= 2 t= 999
n= 1000000 x= 3 t= 99
n= 1000000 x= 5 t= 14
n= 1000000 x= 6 t= 9
n= 1000000 x= 7 t= 6
n= 1000000 x= 10 t= 2
n= 1000000 x= 11 t= 2
n= 1000000 x= 13 t= 1
n= 1000000 x= 14 t= 1
n= 1000000 x= 15 t= 1
n= 1000000 x= 17 t= 1
n= 1000000 x= 19 t= 1
n= 1000000 ans= 1111
