LEN= 8
first trie= 0(c:1,t:0) [1, -1]
1(c:1,t:0) [2, -1]
2(c:1,t:0) [3, -1]
3(c:1,t:0) [4, -1]
4(c:1,t:0) [5, -1]
5(c:1,t:0) [6, -1]
6(c:1,t:0) [7, -1]
7(c:1,t:0) [8, -1]
8(c:0,t:1) [-1, -1]

op= ? x= 5
  i= 5 p= 6 ans= 4
  i= 7 p= 8 ans= 5
op= + x= 100
tr= 0(c:2,t:0) [1, -1]
1(c:2,t:0) [2, 9]
2(c:1,t:0) [3, -1]
3(c:1,t:0) [4, -1]
4(c:1,t:0) [5, -1]
5(c:1,t:0) [6, -1]
6(c:1,t:0) [7, -1]
7(c:1,t:0) [8, -1]
8(c:0,t:1) [-1, -1]
9(c:1,t:0) [-1, 10]
10(c:1,t:0) [11, -1]
11(c:1,t:0) [12, -1]
12(c:1,t:0) [-1, 13]
13(c:1,t:0) [14, -1]
14(c:1,t:0) [15, -1]
15(c:0,t:1) [-1, -1]

op= + x= 100
tr= 0(c:3,t:0) [1, -1]
1(c:3,t:0) [2, 9]
2(c:1,t:0) [3, -1]
3(c:1,t:0) [4, -1]
4(c:1,t:0) [5, -1]
5(c:1,t:0) [6, -1]
6(c:1,t:0) [7, -1]
7(c:1,t:0) [8, -1]
8(c:0,t:1) [-1, -1]
9(c:2,t:0) [-1, 10]
10(c:2,t:0) [11, -1]
11(c:2,t:0) [12, -1]
12(c:2,t:0) [-1, 13]
13(c:2,t:0) [14, -1]
14(c:2,t:0) [15, -1]
15(c:0,t:2) [-1, -1]

op= ? x= 5
  i= 1 p= 9 ans= 64
  i= 2 p= 10 ans= 96
  i= 7 p= 15 ans= 97
op= - x= 100
tr= 0(c:2,t:0) [1, -1]
1(c:2,t:0) [2, 9]
2(c:1,t:0) [3, -1]
3(c:1,t:0) [4, -1]
4(c:1,t:0) [5, -1]
5(c:1,t:0) [6, -1]
6(c:1,t:0) [7, -1]
7(c:1,t:0) [8, -1]
8(c:0,t:1) [-1, -1]
9(c:1,t:0) [-1, 10]
10(c:1,t:0) [11, -1]
11(c:1,t:0) [12, -1]
12(c:1,t:0) [-1, 13]
13(c:1,t:0) [14, -1]
14(c:1,t:0) [15, -1]
15(c:0,t:1) [-1, -1]

op= ? x= 5
  i= 1 p= 9 ans= 64
  i= 2 p= 10 ans= 96
  i= 7 p= 15 ans= 97
op= - x= 100
tr= 0(c:1,t:0) [1, -1]
1(c:1,t:0) [2, 9]
2(c:1,t:0) [3, -1]
3(c:1,t:0) [4, -1]
4(c:1,t:0) [5, -1]
5(c:1,t:0) [6, -1]
6(c:1,t:0) [7, -1]
7(c:1,t:0) [8, -1]
8(c:0,t:1) [-1, -1]
9(c:0,t:0) [-1, 10]
10(c:0,t:0) [11, -1]
11(c:0,t:0) [12, -1]
12(c:0,t:0) [-1, 13]
13(c:0,t:0) [14, -1]
14(c:0,t:0) [15, -1]
15(c:0,t:0) [-1, -1]

op= ? x= 5
  i= 5 p= 6 ans= 4
  i= 7 p= 8 ans= 5
