t= 0 cur= 0
t= 1 cur= 0
place:  (1, 6, 3) at 6 with 3
place:  (1, 12, 7) at 12 with 7
t= 2 cur= 0
place:  (2, 13, 3) at 13 with 3
t= 3 cur= 0
t= 4 cur= 0
place:  (4, 17, 3) at 17 with 3
t= 5 cur= 0
t= 6 cur= 3
t= 7 cur= 3
place:  (7, 12, 3) at 12 with 6
t= 8 cur= 3
t= 9 cur= 3
place:  (9, 10, 3) at 10 with 6
t= 10 cur= 6
t= 11 cur= 6
place:  (11, 12, 3) at 12 with 9
t= 12 cur= 9
t= 13 cur= 9
t= 14 cur= 9
t= 15 cur= 9
t= 16 cur= 9
t= 17 cur= 9
t= 18 cur= 9
t= 19 cur= 9
t= 20 cur= 9
t= 21 cur= 9
t= 22 cur= 9
t= 23 cur= 9
t= 24 cur= 9
t= 25 cur= 9
t= 26 cur= 9
t= 27 cur= 9
t= 28 cur= 9
t= 29 cur= 9
t= 30 cur= 9
t= 31 cur= 9
t= 32 cur= 9
t= 33 cur= 9
t= 34 cur= 9
t= 35 cur= 9
t= 36 cur= 9
t= 37 cur= 9
t= 38 cur= 9
t= 39 cur= 9
t= 40 cur= 9
t= 41 cur= 9
t= 42 cur= 9
t= 43 cur= 9
t= 44 cur= 9
t= 45 cur= 9
t= 46 cur= 9
t= 47 cur= 9
t= 48 cur= 9
t= 49 cur= 9
t= 50 cur= 9
t= 51 cur= 9
t= 52 cur= 9
t= 53 cur= 9
t= 54 cur= 9
t= 55 cur= 9
t= 56 cur= 9
t= 57 cur= 9
t= 58 cur= 9
t= 59 cur= 9
t= 60 cur= 9
t= 61 cur= 9
t= 62 cur= 9
t= 63 cur= 9
t= 64 cur= 9
t= 65 cur= 9
t= 66 cur= 9
t= 67 cur= 9
t= 68 cur= 9
t= 69 cur= 9
t= 70 cur= 9
t= 71 cur= 9
t= 72 cur= 9
t= 73 cur= 9
t= 74 cur= 9
t= 75 cur= 9
t= 76 cur= 9
t= 77 cur= 9
t= 78 cur= 9
t= 79 cur= 9
t= 80 cur= 9
t= 81 cur= 9
t= 82 cur= 9
t= 83 cur= 9
t= 84 cur= 9
t= 85 cur= 9
t= 86 cur= 9
t= 87 cur= 9
t= 88 cur= 9
t= 89 cur= 9
t= 90 cur= 9
t= 91 cur= 9
t= 92 cur= 9
t= 93 cur= 9
t= 94 cur= 9
t= 95 cur= 9
t= 96 cur= 9
t= 97 cur= 9
t= 98 cur= 9
t= 99 cur= 9
t= 100 cur= 9
t= 101 cur= 9
t= 102 cur= 9
t= 103 cur= 9
t= 104 cur= 9
t= 105 cur= 9
t= 106 cur= 9
t= 107 cur= 9
t= 108 cur= 9
t= 109 cur= 9
t= 110 cur= 9
t= 111 cur= 9
t= 112 cur= 9
t= 113 cur= 9
t= 114 cur= 9
t= 115 cur= 9
t= 116 cur= 9
t= 117 cur= 9
t= 118 cur= 9
t= 119 cur= 9
t= 120 cur= 9
t= 121 cur= 9
t= 122 cur= 9
t= 123 cur= 9
t= 124 cur= 9
t= 125 cur= 9
t= 126 cur= 9
t= 127 cur= 9
t= 128 cur= 9
t= 129 cur= 9
t= 130 cur= 9
t= 131 cur= 9
t= 132 cur= 9
t= 133 cur= 9
t= 134 cur= 9
t= 135 cur= 9
t= 136 cur= 9
t= 137 cur= 9
t= 138 cur= 9
t= 139 cur= 9
t= 140 cur= 9
t= 141 cur= 9
t= 142 cur= 9
t= 143 cur= 9
t= 144 cur= 9
t= 145 cur= 9
t= 146 cur= 9
t= 147 cur= 9
t= 148 cur= 9
t= 149 cur= 9
t= 150 cur= 9
t= 151 cur= 9
t= 152 cur= 9
t= 153 cur= 9
t= 154 cur= 9
t= 155 cur= 9
t= 156 cur= 9
t= 157 cur= 9
t= 158 cur= 9
t= 159 cur= 9
t= 160 cur= 9
t= 161 cur= 9
t= 162 cur= 9
t= 163 cur= 9
t= 164 cur= 9
t= 165 cur= 9
t= 166 cur= 9
t= 167 cur= 9
t= 168 cur= 9
t= 169 cur= 9
t= 170 cur= 9
t= 171 cur= 9
t= 172 cur= 9
t= 173 cur= 9
t= 174 cur= 9
t= 175 cur= 9
t= 176 cur= 9
t= 177 cur= 9
t= 178 cur= 9
t= 179 cur= 9
t= 180 cur= 9
t= 181 cur= 9
t= 182 cur= 9
t= 183 cur= 9
t= 184 cur= 9
t= 185 cur= 9
t= 186 cur= 9
t= 187 cur= 9
t= 188 cur= 9
t= 189 cur= 9
t= 190 cur= 9
t= 191 cur= 9
t= 192 cur= 9
t= 193 cur= 9
t= 194 cur= 9
t= 195 cur= 9
t= 196 cur= 9
t= 197 cur= 9
t= 198 cur= 9
t= 199 cur= 9
t= 200 cur= 9
t= 201 cur= 9
t= 202 cur= 9
t= 203 cur= 9
t= 204 cur= 9
t= 205 cur= 9
t= 206 cur= 9
t= 207 cur= 9
t= 208 cur= 9
t= 209 cur= 9
t= 210 cur= 9
t= 211 cur= 9
t= 212 cur= 9
t= 213 cur= 9
t= 214 cur= 9
t= 215 cur= 9
t= 216 cur= 9
t= 217 cur= 9
t= 218 cur= 9
t= 219 cur= 9
t= 220 cur= 9
t= 221 cur= 9
t= 222 cur= 9
t= 223 cur= 9
t= 224 cur= 9
t= 225 cur= 9
t= 226 cur= 9
t= 227 cur= 9
t= 228 cur= 9
t= 229 cur= 9
t= 230 cur= 9
t= 231 cur= 9
t= 232 cur= 9
t= 233 cur= 9
t= 234 cur= 9
t= 235 cur= 9
t= 236 cur= 9
t= 237 cur= 9
t= 238 cur= 9
t= 239 cur= 9
t= 240 cur= 9
t= 241 cur= 9
t= 242 cur= 9
t= 243 cur= 9
t= 244 cur= 9
t= 245 cur= 9
t= 246 cur= 9
t= 247 cur= 9
t= 248 cur= 9
t= 249 cur= 9
t= 250 cur= 9
t= 251 cur= 9
t= 252 cur= 9
t= 253 cur= 9
t= 254 cur= 9
t= 255 cur= 9
t= 256 cur= 9
t= 257 cur= 9
t= 258 cur= 9
t= 259 cur= 9
t= 260 cur= 9
t= 261 cur= 9
t= 262 cur= 9
t= 263 cur= 9
t= 264 cur= 9
t= 265 cur= 9
t= 266 cur= 9
t= 267 cur= 9
t= 268 cur= 9
t= 269 cur= 9
t= 270 cur= 9
t= 271 cur= 9
t= 272 cur= 9
t= 273 cur= 9
t= 274 cur= 9
t= 275 cur= 9
t= 276 cur= 9
t= 277 cur= 9
t= 278 cur= 9
t= 279 cur= 9
t= 280 cur= 9
t= 281 cur= 9
t= 282 cur= 9
t= 283 cur= 9
t= 284 cur= 9
t= 285 cur= 9
t= 286 cur= 9
t= 287 cur= 9
t= 288 cur= 9
t= 289 cur= 9
t= 290 cur= 9
t= 291 cur= 9
t= 292 cur= 9
t= 293 cur= 9
t= 294 cur= 9
t= 295 cur= 9
t= 296 cur= 9
t= 297 cur= 9
t= 298 cur= 9
t= 299 cur= 9
t= 300 cur= 9
t= 301 cur= 9
t= 302 cur= 9
t= 303 cur= 9
t= 304 cur= 9
t= 305 cur= 9
t= 306 cur= 9
t= 307 cur= 9
t= 308 cur= 9
t= 309 cur= 9
t= 310 cur= 9
t= 311 cur= 9
t= 312 cur= 9
t= 313 cur= 9
t= 314 cur= 9
t= 315 cur= 9
t= 316 cur= 9
t= 317 cur= 9
t= 318 cur= 9
t= 319 cur= 9
t= 320 cur= 9
t= 321 cur= 9
t= 322 cur= 9
t= 323 cur= 9
t= 324 cur= 9
t= 325 cur= 9
t= 326 cur= 9
t= 327 cur= 9
t= 328 cur= 9
t= 329 cur= 9
t= 330 cur= 9
t= 331 cur= 9
t= 332 cur= 9
t= 333 cur= 9
t= 334 cur= 9
t= 335 cur= 9
t= 336 cur= 9
t= 337 cur= 9
t= 338 cur= 9
t= 339 cur= 9
t= 340 cur= 9
t= 341 cur= 9
t= 342 cur= 9
t= 343 cur= 9
t= 344 cur= 9
t= 345 cur= 9
t= 346 cur= 9
t= 347 cur= 9
t= 348 cur= 9
t= 349 cur= 9
t= 350 cur= 9
t= 351 cur= 9
t= 352 cur= 9
t= 353 cur= 9
t= 354 cur= 9
t= 355 cur= 9
t= 356 cur= 9
t= 357 cur= 9
t= 358 cur= 9
t= 359 cur= 9
t= 360 cur= 9
t= 361 cur= 9
t= 362 cur= 9
t= 363 cur= 9
t= 364 cur= 9
t= 365 cur= 9
t= 366 cur= 9
t= 367 cur= 9
t= 368 cur= 9
t= 369 cur= 9
t= 370 cur= 9
t= 371 cur= 9
t= 372 cur= 9
t= 373 cur= 9
t= 374 cur= 9
t= 375 cur= 9
t= 376 cur= 9
t= 377 cur= 9
t= 378 cur= 9
t= 379 cur= 9
t= 380 cur= 9
t= 381 cur= 9
t= 382 cur= 9
t= 383 cur= 9
t= 384 cur= 9
t= 385 cur= 9
t= 386 cur= 9
t= 387 cur= 9
t= 388 cur= 9
t= 389 cur= 9
t= 390 cur= 9
t= 391 cur= 9
t= 392 cur= 9
t= 393 cur= 9
t= 394 cur= 9
t= 395 cur= 9
t= 396 cur= 9
t= 397 cur= 9
t= 398 cur= 9
t= 399 cur= 9
t= 400 cur= 9
t= 401 cur= 9
t= 402 cur= 9
t= 403 cur= 9
t= 404 cur= 9
t= 405 cur= 9
t= 406 cur= 9
t= 407 cur= 9
t= 408 cur= 9
t= 409 cur= 9
t= 410 cur= 9
t= 411 cur= 9
t= 412 cur= 9
t= 413 cur= 9
t= 414 cur= 9
t= 415 cur= 9
t= 416 cur= 9
t= 417 cur= 9
t= 418 cur= 9
t= 419 cur= 9
t= 420 cur= 9
t= 421 cur= 9
t= 422 cur= 9
t= 423 cur= 9
t= 424 cur= 9
t= 425 cur= 9
t= 426 cur= 9
t= 427 cur= 9
t= 428 cur= 9
t= 429 cur= 9
t= 430 cur= 9
t= 431 cur= 9
t= 432 cur= 9
t= 433 cur= 9
t= 434 cur= 9
t= 435 cur= 9
t= 436 cur= 9
t= 437 cur= 9
t= 438 cur= 9
t= 439 cur= 9
t= 440 cur= 9
t= 441 cur= 9
t= 442 cur= 9
t= 443 cur= 9
t= 444 cur= 9
t= 445 cur= 9
t= 446 cur= 9
t= 447 cur= 9
t= 448 cur= 9
t= 449 cur= 9
t= 450 cur= 9
t= 451 cur= 9
t= 452 cur= 9
t= 453 cur= 9
t= 454 cur= 9
t= 455 cur= 9
t= 456 cur= 9
t= 457 cur= 9
t= 458 cur= 9
t= 459 cur= 9
t= 460 cur= 9
t= 461 cur= 9
t= 462 cur= 9
t= 463 cur= 9
t= 464 cur= 9
t= 465 cur= 9
t= 466 cur= 9
t= 467 cur= 9
t= 468 cur= 9
t= 469 cur= 9
t= 470 cur= 9
t= 471 cur= 9
t= 472 cur= 9
t= 473 cur= 9
t= 474 cur= 9
t= 475 cur= 9
t= 476 cur= 9
t= 477 cur= 9
t= 478 cur= 9
t= 479 cur= 9
t= 480 cur= 9
t= 481 cur= 9
t= 482 cur= 9
t= 483 cur= 9
t= 484 cur= 9
t= 485 cur= 9
t= 486 cur= 9
t= 487 cur= 9
t= 488 cur= 9
t= 489 cur= 9
t= 490 cur= 9
t= 491 cur= 9
t= 492 cur= 9
t= 493 cur= 9
t= 494 cur= 9
t= 495 cur= 9
t= 496 cur= 9
t= 497 cur= 9
t= 498 cur= 9
t= 499 cur= 9
t= 500 cur= 9
t= 501 cur= 9
t= 502 cur= 9
t= 503 cur= 9
t= 504 cur= 9
t= 505 cur= 9
t= 506 cur= 9
t= 507 cur= 9
t= 508 cur= 9
t= 509 cur= 9
t= 510 cur= 9
t= 511 cur= 9
t= 512 cur= 9
t= 513 cur= 9
t= 514 cur= 9
t= 515 cur= 9
t= 516 cur= 9
t= 517 cur= 9
t= 518 cur= 9
t= 519 cur= 9
t= 520 cur= 9
t= 521 cur= 9
t= 522 cur= 9
t= 523 cur= 9
t= 524 cur= 9
t= 525 cur= 9
t= 526 cur= 9
t= 527 cur= 9
t= 528 cur= 9
t= 529 cur= 9
t= 530 cur= 9
t= 531 cur= 9
t= 532 cur= 9
t= 533 cur= 9
t= 534 cur= 9
t= 535 cur= 9
t= 536 cur= 9
t= 537 cur= 9
t= 538 cur= 9
t= 539 cur= 9
t= 540 cur= 9
t= 541 cur= 9
t= 542 cur= 9
t= 543 cur= 9
t= 544 cur= 9
t= 545 cur= 9
t= 546 cur= 9
t= 547 cur= 9
t= 548 cur= 9
t= 549 cur= 9
t= 550 cur= 9
t= 551 cur= 9
t= 552 cur= 9
t= 553 cur= 9
t= 554 cur= 9
t= 555 cur= 9
t= 556 cur= 9
t= 557 cur= 9
t= 558 cur= 9
t= 559 cur= 9
t= 560 cur= 9
t= 561 cur= 9
t= 562 cur= 9
t= 563 cur= 9
t= 564 cur= 9
t= 565 cur= 9
t= 566 cur= 9
t= 567 cur= 9
t= 568 cur= 9
t= 569 cur= 9
t= 570 cur= 9
t= 571 cur= 9
t= 572 cur= 9
t= 573 cur= 9
t= 574 cur= 9
t= 575 cur= 9
t= 576 cur= 9
t= 577 cur= 9
t= 578 cur= 9
t= 579 cur= 9
t= 580 cur= 9
t= 581 cur= 9
t= 582 cur= 9
t= 583 cur= 9
t= 584 cur= 9
t= 585 cur= 9
t= 586 cur= 9
t= 587 cur= 9
t= 588 cur= 9
t= 589 cur= 9
t= 590 cur= 9
t= 591 cur= 9
t= 592 cur= 9
t= 593 cur= 9
t= 594 cur= 9
t= 595 cur= 9
t= 596 cur= 9
t= 597 cur= 9
t= 598 cur= 9
t= 599 cur= 9
t= 600 cur= 9
t= 601 cur= 9
t= 602 cur= 9
t= 603 cur= 9
t= 604 cur= 9
t= 605 cur= 9
t= 606 cur= 9
t= 607 cur= 9
t= 608 cur= 9
t= 609 cur= 9
t= 610 cur= 9
t= 611 cur= 9
t= 612 cur= 9
t= 613 cur= 9
t= 614 cur= 9
t= 615 cur= 9
t= 616 cur= 9
t= 617 cur= 9
t= 618 cur= 9
t= 619 cur= 9
t= 620 cur= 9
t= 621 cur= 9
t= 622 cur= 9
t= 623 cur= 9
t= 624 cur= 9
t= 625 cur= 9
t= 626 cur= 9
t= 627 cur= 9
t= 628 cur= 9
t= 629 cur= 9
t= 630 cur= 9
t= 631 cur= 9
t= 632 cur= 9
t= 633 cur= 9
t= 634 cur= 9
t= 635 cur= 9
t= 636 cur= 9
t= 637 cur= 9
t= 638 cur= 9
t= 639 cur= 9
t= 640 cur= 9
t= 641 cur= 9
t= 642 cur= 9
t= 643 cur= 9
t= 644 cur= 9
t= 645 cur= 9
t= 646 cur= 9
t= 647 cur= 9
t= 648 cur= 9
t= 649 cur= 9
t= 650 cur= 9
t= 651 cur= 9
t= 652 cur= 9
t= 653 cur= 9
t= 654 cur= 9
t= 655 cur= 9
t= 656 cur= 9
t= 657 cur= 9
t= 658 cur= 9
t= 659 cur= 9
t= 660 cur= 9
t= 661 cur= 9
t= 662 cur= 9
t= 663 cur= 9
t= 664 cur= 9
t= 665 cur= 9
t= 666 cur= 9
t= 667 cur= 9
t= 668 cur= 9
t= 669 cur= 9
t= 670 cur= 9
t= 671 cur= 9
t= 672 cur= 9
t= 673 cur= 9
t= 674 cur= 9
t= 675 cur= 9
t= 676 cur= 9
t= 677 cur= 9
t= 678 cur= 9
t= 679 cur= 9
t= 680 cur= 9
t= 681 cur= 9
t= 682 cur= 9
t= 683 cur= 9
t= 684 cur= 9
t= 685 cur= 9
t= 686 cur= 9
t= 687 cur= 9
t= 688 cur= 9
t= 689 cur= 9
t= 690 cur= 9
t= 691 cur= 9
t= 692 cur= 9
t= 693 cur= 9
t= 694 cur= 9
t= 695 cur= 9
t= 696 cur= 9
t= 697 cur= 9
t= 698 cur= 9
t= 699 cur= 9
t= 700 cur= 9
t= 701 cur= 9
t= 702 cur= 9
t= 703 cur= 9
t= 704 cur= 9
t= 705 cur= 9
t= 706 cur= 9
t= 707 cur= 9
t= 708 cur= 9
t= 709 cur= 9
t= 710 cur= 9
t= 711 cur= 9
t= 712 cur= 9
t= 713 cur= 9
t= 714 cur= 9
t= 715 cur= 9
t= 716 cur= 9
t= 717 cur= 9
t= 718 cur= 9
t= 719 cur= 9
t= 720 cur= 9
t= 721 cur= 9
t= 722 cur= 9
t= 723 cur= 9
t= 724 cur= 9
t= 725 cur= 9
t= 726 cur= 9
t= 727 cur= 9
t= 728 cur= 9
t= 729 cur= 9
t= 730 cur= 9
t= 731 cur= 9
t= 732 cur= 9
t= 733 cur= 9
t= 734 cur= 9
t= 735 cur= 9
t= 736 cur= 9
t= 737 cur= 9
t= 738 cur= 9
t= 739 cur= 9
t= 740 cur= 9
t= 741 cur= 9
t= 742 cur= 9
t= 743 cur= 9
t= 744 cur= 9
t= 745 cur= 9
t= 746 cur= 9
t= 747 cur= 9
t= 748 cur= 9
t= 749 cur= 9
t= 750 cur= 9
t= 751 cur= 9
t= 752 cur= 9
t= 753 cur= 9
t= 754 cur= 9
t= 755 cur= 9
t= 756 cur= 9
t= 757 cur= 9
t= 758 cur= 9
t= 759 cur= 9
t= 760 cur= 9
t= 761 cur= 9
t= 762 cur= 9
t= 763 cur= 9
t= 764 cur= 9
t= 765 cur= 9
t= 766 cur= 9
t= 767 cur= 9
t= 768 cur= 9
t= 769 cur= 9
t= 770 cur= 9
t= 771 cur= 9
t= 772 cur= 9
t= 773 cur= 9
t= 774 cur= 9
t= 775 cur= 9
t= 776 cur= 9
t= 777 cur= 9
t= 778 cur= 9
t= 779 cur= 9
t= 780 cur= 9
t= 781 cur= 9
t= 782 cur= 9
t= 783 cur= 9
t= 784 cur= 9
t= 785 cur= 9
t= 786 cur= 9
t= 787 cur= 9
t= 788 cur= 9
t= 789 cur= 9
t= 790 cur= 9
t= 791 cur= 9
t= 792 cur= 9
t= 793 cur= 9
t= 794 cur= 9
t= 795 cur= 9
t= 796 cur= 9
t= 797 cur= 9
t= 798 cur= 9
t= 799 cur= 9
t= 800 cur= 9
t= 801 cur= 9
t= 802 cur= 9
t= 803 cur= 9
t= 804 cur= 9
t= 805 cur= 9
t= 806 cur= 9
t= 807 cur= 9
t= 808 cur= 9
t= 809 cur= 9
t= 810 cur= 9
t= 811 cur= 9
t= 812 cur= 9
t= 813 cur= 9
t= 814 cur= 9
t= 815 cur= 9
t= 816 cur= 9
t= 817 cur= 9
t= 818 cur= 9
t= 819 cur= 9
t= 820 cur= 9
t= 821 cur= 9
t= 822 cur= 9
t= 823 cur= 9
t= 824 cur= 9
t= 825 cur= 9
t= 826 cur= 9
t= 827 cur= 9
t= 828 cur= 9
t= 829 cur= 9
t= 830 cur= 9
t= 831 cur= 9
t= 832 cur= 9
t= 833 cur= 9
t= 834 cur= 9
t= 835 cur= 9
t= 836 cur= 9
t= 837 cur= 9
t= 838 cur= 9
t= 839 cur= 9
t= 840 cur= 9
t= 841 cur= 9
t= 842 cur= 9
t= 843 cur= 9
t= 844 cur= 9
t= 845 cur= 9
t= 846 cur= 9
t= 847 cur= 9
t= 848 cur= 9
t= 849 cur= 9
t= 850 cur= 9
t= 851 cur= 9
t= 852 cur= 9
t= 853 cur= 9
t= 854 cur= 9
t= 855 cur= 9
t= 856 cur= 9
t= 857 cur= 9
t= 858 cur= 9
t= 859 cur= 9
t= 860 cur= 9
t= 861 cur= 9
t= 862 cur= 9
t= 863 cur= 9
t= 864 cur= 9
t= 865 cur= 9
t= 866 cur= 9
t= 867 cur= 9
t= 868 cur= 9
t= 869 cur= 9
t= 870 cur= 9
t= 871 cur= 9
t= 872 cur= 9
t= 873 cur= 9
t= 874 cur= 9
t= 875 cur= 9
t= 876 cur= 9
t= 877 cur= 9
t= 878 cur= 9
t= 879 cur= 9
t= 880 cur= 9
t= 881 cur= 9
t= 882 cur= 9
t= 883 cur= 9
t= 884 cur= 9
t= 885 cur= 9
t= 886 cur= 9
t= 887 cur= 9
t= 888 cur= 9
t= 889 cur= 9
t= 890 cur= 9
t= 891 cur= 9
t= 892 cur= 9
t= 893 cur= 9
t= 894 cur= 9
t= 895 cur= 9
t= 896 cur= 9
t= 897 cur= 9
t= 898 cur= 9
t= 899 cur= 9
t= 900 cur= 9
9
