10 0.6716352924806216
20 0.4528662539424961
30 0.3065560277119039
40 0.20833091318203661
50 0.14213532951204777
60 0.09735434470257837
70 0.06694437909272812
80 0.04621456713734262
90 0.03202950024945591
100 0.022285811150983915
110 0.015567334236423773
120 0.010917120011465673
130 0.00768617839201325
140 0.005432777102311843
150 0.0038551641664121964
160 0.0027464641834474514
170 0.0019643351504415258
180 0.0014104845498045155
190 0.0010167933271114146
200 0.000735883665012968
210 0.0005346853336216749
220 0.00039003225782622387
230 0.00028563830164214844
240 0.00021001316996150174
250 0.00015502127518556607
260 0.0001148818128942534
270 8.547261090849347e-05
280 6.384382371741348e-05
290 4.7877068751575534e-05
300 3.604570096133637e-05
310 2.7245649921145758e-05
320 2.067564937358307e-05
330 1.5752154067697833e-05
340 1.2048696503184912e-05
350 9.252519677263923e-06
360 7.133461550100817e-06
370 5.521556289333481e-06
380 4.290857307223862e-06
390 3.3477155321356195e-06
400 2.6222581669628066e-06
410 2.0621739128564436e-06
420 1.628165662382896e-06
430 1.2906125192070328e-06
440 1.0271116473141026e-06
450 8.206622416759875e-07
460 6.583196027519476e-07
470 5.301944521498153e-07
480 4.287065782797172e-07
490 3.4802641921474716e-07
500 2.8365594903161287e-07
510 2.321131353243916e-07
520 1.9069363580433028e-07
530 1.5729027125570938e-07
540 1.3025584671429669e-07
550 1.0829859338418228e-07
560 9.040223184126854e-08
570 7.576467391500661e-08
580 6.37508759819733e-08
590 5.3856468255759083e-08
600 4.567961371427297e-08
610 3.8899170241528246e-08
620 3.325769442508154e-08
630 2.8548175006472306e-08
640 2.460364756059812e-08
650 2.1289041276598976e-08
660 1.8494759817509836e-08
670 1.6131613114294074e-08
680 1.4126804522855704e-08
690 1.2420744710313828e-08
700 1.0964514938037469e-08
710 9.717841830669803e-09
720 8.647476093402407e-09
730 7.725891102132838e-09
740 6.9302354624912954e-09
750 6.241487743436255e-09
760 5.64377257513305e-09
770 5.123805873387968e-09
780 4.670443660226665e-09
790 4.2743142113929935e-09
800 3.927517398621605e-09
810 3.6233783557517175e-09
820 3.3562451749038737e-09
830 3.121322380460289e-09
840 2.914533549821561e-09
850 2.7324077405033137e-09
860 2.571985413051965e-09
870 2.430740363220875e-09
880 2.3065148376713755e-09
890 2.1974655388711295e-09
900 2.1020186533429145e-09
910 2.018832383913041e-09
920 1.9467657477162914e-09
930 1.8848526305591903e-09
940 1.8322802753442526e-09
950 1.788371535973495e-09
960 1.7525703552129294e-09
970 1.7244300308621705e-09
980 1.7036039236277026e-09
990 1.6898383360030239e-09
1000 1.6829673572159252e-09
1010 1.6829095274683342e-09
1020 1.6896662274926954e-09
1030 1.70332174882644e-09
1040 1.7240450480059588e-09
1050 1.7520932358385423e-09
1060 1.7878169027841795e-09
1070 1.831667435129877e-09
1080 1.88420653606284e-09
1090 1.9461182332527294e-09
1100 2.0182237327797015e-09
1110 2.1014995713499718e-09
1120 2.1970996285512994e-09
1130 2.3063816930515557e-09
1140 2.430939436906135e-09
1150 2.572640847636819e-09
1160 2.733674407385185e-09
1170 2.9166046034194e-09
1180 3.124438718617564e-09
1190 3.360707302047685e-09
1200 3.6295612808791246e-09
1210 3.935889374135358e-09
1220 4.285460342593321e-09
1230 4.685095703785682e-09
1240 5.142879915933441e-09
1250 5.668416765793898e-09
1260 6.2731428806707555e-09
1270 6.970712050307703e-09
1280 7.77746755290985e-09
1290 8.713024142135344e-09
1300 9.80098704247876e-09
1310 1.1069842575597668e-08
1320 1.2554064365197579e-08
1330 1.4295491051797267e-08
1340 1.634504688966069e-08
1350 1.8764896546468613e-08
1360 2.1631151266435738e-08
1370 2.5037277119920126e-08
1380 2.9098399772853288e-08
1390 3.395675729154628e-08
1400 3.978862724833872e-08
1410 4.6813152550746215e-08
1420 5.530361967094802e-08
1430 6.560191363341482e-08
1440 7.813710014194968e-08
1450 9.344938539054298e-08
1460 1.1222110386762464e-07
1470 1.353169184187985e-07
1480 1.6383613209471987e-07
1490 1.991809722442183e-07
1500 2.431460020979148e-07
1510 2.980355648780502e-07
1520 3.668185372060993e-07
1530 4.5333289295628395e-07
1540 5.625569754589111e-07
1550 7.009703895406475e-07
1560 8.770356749301072e-07
1570 1.1018432754928713e-06
1580 1.3899779897516224e-06
1590 1.7606867865794591e-06
1600 2.239458007697229e-06
1610 2.860163969055412e-06
1620 3.66797766190919e-06
1630 4.723356541137955e-06
1640 6.107502128189333e-06
1650 7.929867468782327e-06
1660 1.0338515664395187e-05
1670 1.353446099854216e-05
1680 1.779159191648678e-05
1690 2.348444367788698e-05
1700 3.1127047229965444e-05
1710 4.1427460190708574e-05
1720 5.536457685500092e-05
1730 7.429669760107621e-05
1740 0.0001001155278669344
1750 0.00013546538510120974
1760 0.0001840563269981834
1770 0.00025111302789049104
1780 0.00034402054156338507
1790 0.0004732566234856532
1800 0.0006537425919214247
1810 0.0009068076460873242
1820 0.0012630555127955616
1830 0.001766563025502679
1840 0.002481051768737741
1850 0.0034989929600010854
1860 0.004955088600896215
1870 0.007046305270028278
1880 0.010061754573837216
1890 0.01442742357099657
1900 0.020773381827587718
1910 0.030035132100476217
1920 0.04360701635087357
1930 0.06357527471545327
1940 0.0930734318887713
1950 0.13682623708966427
1960 0.20198530562562586
1970 0.2994176993907326
1980 0.44570040395095134
1990 0.6662190032060452
