f 0 4 0 4 [(1, 3), (2, 1), (3, 2)]
f 0 1 0 3 []
ret 0
f 0 1 3 4 []
ret 0
f 1 4 0 3 [(2, 1), (3, 2)]
f 1 2 0 1 []
ret 0
f 1 2 1 3 []
ret 0
f 2 4 0 1 []
ret 0
f 2 4 1 3 [(3, 2)]
f 2 3 1 2 []
ret 0
f 2 3 2 3 []
ret 0
f 3 4 1 2 []
ret 0
f 3 4 2 3 []
ret 0
ret 4
f 1 3 0 2 [(2, 1)]
ret 0
f 1 2 1 2 []
ret 0
f 2 3 0 1 []
ret 0
ret 0
ret 2
f 1 3 2 3 []
ret 0
f 3 4 0 2 []
ret 0
ret 0
ret 10
f 1 4 3 4 []
ret 0
f 0 2 0 1 []
ret 0
f 0 2 1 4 [(1, 3)]
f 0 1 1 3 []
ret 0
ret 0
ret 0
f 1 2 3 4 []
ret 0
ret 4
ret 0
f 2 4 1 4 [(3, 2)]
ret 0
f 2 3 2 4 []
ret 0
ret 0
f 3 4 2 4 []
ret 0
ret 5
f 0 3 0 2 [(2, 1)]
ret 0
f 0 2 1 2 []
ret 0
ret 0
ret 0
ret 4
f 0 3 2 4 [(1, 3)]
f 0 1 2 3 []
ret 0
ret 0
ret 0
f 1 3 3 4 []
ret 0
ret 3
ret 0
ret 0
ret 19
