upd 8 idx( 2 0 0 ) lp( 0 0 0 )
upd 16 idx( 1 1 0 ) lp( 0 0 0 )
upd 22 idx( 1 0 1 ) lp( 0 0 0 )
upd 88 idx( 0 1 1 ) lp( 0 0 0 )
upd 96 idx( 2 1 1 ) lp( 0 1 1 )
upd 50 idx( 3 0 1 ) lp( 1 0 1 )
upd 96 idx( 2 1 1 ) lp( 1 0 1 )
upd 44 idx( 3 1 0 ) lp( 1 1 0 )
upd 96 idx( 2 1 1 ) lp( 1 1 0 )
upd 85 idx( 4 0 0 ) lp( 2 0 0 )
upd 64 idx( 3 1 0 ) lp( 2 0 0 )
upd 85 idx( 3 0 1 ) lp( 2 0 0 )
upd 96 idx( 2 1 1 ) lp( 2 0 0 )
upd 173 idx( 4 1 1 ) lp( 2 1 1 )
upd 228 idx( 5 0 1 ) lp( 3 0 1 )
upd 173 idx( 4 1 1 ) lp( 3 0 1 )
upd 207 idx( 5 1 0 ) lp( 3 1 0 )
upd 185 idx( 4 1 1 ) lp( 3 1 0 )
upd 267 idx( 6 0 0 ) lp( 4 0 0 )
upd 207 idx( 5 1 0 ) lp( 4 0 0 )
upd 228 idx( 5 0 1 ) lp( 4 0 0 )
upd 185 idx( 4 1 1 ) lp( 4 0 0 )
upd 367 idx( 6 1 1 ) lp( 4 1 1 )
upd 424 idx( 7 0 1 ) lp( 5 0 1 )
upd 367 idx( 6 1 1 ) lp( 5 0 1 )
upd 403 idx( 7 1 0 ) lp( 5 1 0 )
upd 367 idx( 6 1 1 ) lp( 5 1 0 )
upd 477 idx( 8 0 0 ) lp( 6 0 0 )
upd 403 idx( 7 1 0 ) lp( 6 0 0 )
upd 424 idx( 7 0 1 ) lp( 6 0 0 )
upd 367 idx( 6 1 1 ) lp( 6 0 0 )
upd 577 idx( 8 1 1 ) lp( 6 1 1 )
upd 709 idx( 9 0 1 ) lp( 7 0 1 )
upd 577 idx( 8 1 1 ) lp( 7 0 1 )
upd 688 idx( 9 1 0 ) lp( 7 1 0 )
upd 577 idx( 8 1 1 ) lp( 7 1 0 )
upd 857 idx( 10 0 0 ) lp( 8 0 0 )
upd 688 idx( 9 1 0 ) lp( 8 0 0 )
upd 709 idx( 9 0 1 ) lp( 8 0 0 )
upd 577 idx( 8 1 1 ) lp( 8 0 0 )
upd 957 idx( 10 1 1 ) lp( 8 1 1 )
upd 957 idx( 10 1 1 ) lp( 9 0 1 )
upd 957 idx( 10 1 1 ) lp( 9 1 0 )
upd 957 idx( 10 1 1 ) lp( 10 0 0 )
957
