popped:  0 (2,1) (1,0)
.....
.@..@
.x@..
popped:  0 (2,1) (0,1)
.....
.@..@
.x@..
popped:  0 (2,1) (-1,0)
.....
.@..@
.x@..
popped:  0 (2,1) (0,-1)
push:  1 (2,0) (1,0) k= 2
push:  1 (2,0) (-1,0) k= 2
push:  1 (2,0) (0,-1) k= 2
.....
.@..@
xx@..
popped:  1 (2,0) (1,0)
.....
.@..@
xx@..
popped:  1 (2,0) (-1,0)
push:  2 (1,0) (0,1) k= 2
push:  2 (1,0) (-1,0) k= 2
push:  2 (1,0) (0,-1) k= 2
.....
x@..@
xx@..
popped:  1 (2,0) (0,-1)
.....
x@..@
xx@..
popped:  2 (1,0) (0,1)
.....
x@..@
xx@..
popped:  2 (1,0) (-1,0)
push:  3 (0,0) (0,1) k= 2
push:  3 (0,0) (-1,0) k= 2
push:  3 (0,0) (0,-1) k= 2
x....
x@..@
xx@..
popped:  2 (1,0) (0,-1)
x....
x@..@
xx@..
popped:  3 (0,0) (0,1)
push:  4 (0,1) (1,0) k= 2
push:  4 (0,1) (0,1) k= 2
push:  4 (0,1) (-1,0) k= 2
xx...
x@..@
xx@..
popped:  3 (0,0) (-1,0)
xx...
x@..@
xx@..
popped:  3 (0,0) (0,-1)
xx...
x@..@
xx@..
popped:  4 (0,1) (1,0)
xx...
x@..@
xx@..
popped:  4 (0,1) (0,1)
push:  5 (0,2) (1,0) k= 2
push:  5 (0,2) (0,1) k= 2
push:  5 (0,2) (-1,0) k= 2
xxx..
x@..@
xx@..
popped:  4 (0,1) (-1,0)
xxx..
x@..@
xx@..
popped:  5 (0,2) (1,0)
push:  6 (1,2) (1,0) k= 2
push:  6 (1,2) (0,1) k= 2
push:  6 (1,2) (0,-1) k= 2
xxx..
x@x.@
xx@..
popped:  5 (0,2) (0,1)
push:  6 (0,3) (1,0) k= 2
push:  6 (0,3) (0,1) k= 2
push:  6 (0,3) (-1,0) k= 2
xxxx.
x@x.@
xx@..
popped:  5 (0,2) (-1,0)
xxxx.
x@x.@
xx@..
popped:  6 (1,2) (1,0)
xxxx.
x@x.@
xx@..
popped:  6 (1,2) (0,1)
push:  7 (1,3) (1,0) k= 2
push:  7 (1,3) (0,1) k= 2
push:  7 (1,3) (-1,0) k= 2
xxxx.
x@xx@
xx@..
popped:  6 (1,2) (0,-1)
xxxx.
x@xx@
xx@..
popped:  6 (0,3) (1,0)
xxxx.
x@xx@
xx@..
popped:  6 (0,3) (0,1)
push:  7 (0,4) (1,0) k= 2
push:  7 (0,4) (0,1) k= 2
push:  7 (0,4) (-1,0) k= 2
xxxxx
x@xx@
xx@..
popped:  6 (0,3) (-1,0)
xxxxx
x@xx@
xx@..
popped:  7 (1,3) (1,0)
8
