tmin 35.1174 imin 0 jmin 1 pmin (113.435, 490.887)
tmi 0 i 0 p (79, 484) tm 500000 cnt 1
tmi 2177.28 i 1 p (79, 484) tm 500000 cnt 2
tm 500000 b 1
tmi 0 i 0 p (79, 484) tm 250000 cnt 1
tmi 2177.28 i 1 p (79, 484) tm 250000 cnt 2
tm 250000 b 1
tmi 0 i 0 p (79, 484) tm 125000 cnt 1
tmi 2177.28 i 1 p (79, 484) tm 125000 cnt 2
tm 125000 b 1
tmi 0 i 0 p (79, 484) tm 62500 cnt 1
tmi 2177.28 i 1 p (79, 484) tm 62500 cnt 2
tm 62500 b 1
tmi 0 i 0 p (79, 484) tm 31250 cnt 1
tmi 2177.28 i 1 p (79, 484) tm 31250 cnt 2
tm 31250 b 1
tmi 0 i 0 p (79, 484) tm 15625 cnt 1
tmi 2177.28 i 1 p (79, 484) tm 15625 cnt 2
tm 15625 b 1
tmi 0 i 0 p (79, 484) tm 7812.5 cnt 1
tmi 2177.28 i 1 p (79, 484) tm 7812.5 cnt 2
tm 7812.5 b 1
tmi 0 i 0 p (79, 484) tm 3906.25 cnt 1
tmi 2177.28 i 1 p (79, 484) tm 3906.25 cnt 2
tm 3906.25 b 1
tmi 0 i 0 p (79, 484) tm 1953.12 cnt 1
tmi 2177.28 i 1 p (79, 484) tm 1953.12 cnt 1
tmi 35.6931 i 0 p (114, 491) tm 1953.12 cnt 1
tmi 0 i 1 p (114, 491) tm 1953.12 cnt 2
tm 1953.12 b 1
tmi 0 i 0 p (79, 484) tm 976.562 cnt 1
tmi 2177.28 i 1 p (79, 484) tm 976.562 cnt 1
tmi 35.6931 i 0 p (114, 491) tm 976.562 cnt 1
tmi 0 i 1 p (114, 491) tm 976.562 cnt 2
tm 976.562 b 1
tmi 0 i 0 p (79, 484) tm 488.281 cnt 1
tmi 2177.28 i 1 p (79, 484) tm 488.281 cnt 1
tmi 35.6931 i 0 p (114, 491) tm 488.281 cnt 1
tmi 0 i 1 p (114, 491) tm 488.281 cnt 2
tm 488.281 b 1
tmi 0 i 0 p (79, 484) tm 244.141 cnt 1
tmi 2177.28 i 1 p (79, 484) tm 244.141 cnt 1
tmi 35.6931 i 0 p (114, 491) tm 244.141 cnt 1
tmi 0 i 1 p (114, 491) tm 244.141 cnt 2
tm 244.141 b 1
tmi 0 i 0 p (79, 484) tm 122.07 cnt 1
tmi 2177.28 i 1 p (79, 484) tm 122.07 cnt 1
tmi 35.6931 i 0 p (114, 491) tm 122.07 cnt 1
tmi 0 i 1 p (114, 491) tm 122.07 cnt 2
tm 122.07 b 1
tmi 0 i 0 p (79, 484) tm 61.0352 cnt 1
tmi 2177.28 i 1 p (79, 484) tm 61.0352 cnt 1
tmi 35.6931 i 0 p (114, 491) tm 61.0352 cnt 1
tmi 0 i 1 p (114, 491) tm 61.0352 cnt 2
tm 61.0352 b 1
tmi 0 i 0 p (79, 484) tm 30.5176 cnt 1
tmi 2177.28 i 1 p (79, 484) tm 30.5176 cnt 1
tmi 35.6931 i 0 p (114, 491) tm 30.5176 cnt 0
tmi 0 i 1 p (114, 491) tm 30.5176 cnt 1
b 0 p1 (0, 0) p2 (0, 0)
tm 30.5176 b 0
tmi 0 i 0 p (79, 484) tm 45.7764 cnt 1
tmi 2177.28 i 1 p (79, 484) tm 45.7764 cnt 1
tmi 35.6931 i 0 p (114, 491) tm 45.7764 cnt 1
tmi 0 i 1 p (114, 491) tm 45.7764 cnt 2
tm 45.7764 b 1
tmi 0 i 0 p (79, 484) tm 38.147 cnt 1
tmi 2177.28 i 1 p (79, 484) tm 38.147 cnt 1
tmi 35.6931 i 0 p (114, 491) tm 38.147 cnt 1
tmi 0 i 1 p (114, 491) tm 38.147 cnt 2
tm 38.147 b 1
tmi 0 i 0 p (79, 484) tm 34.3323 cnt 1
tmi 2177.28 i 1 p (79, 484) tm 34.3323 cnt 1
tmi 35.6931 i 0 p (114, 491) tm 34.3323 cnt 0
tmi 0 i 1 p (114, 491) tm 34.3323 cnt 1
b 0 p1 (0, 0) p2 (0, 0)
tm 34.3323 b 0
tmi 0 i 0 p (79, 484) tm 36.2396 cnt 1
tmi 2177.28 i 1 p (79, 484) tm 36.2396 cnt 1
tmi 35.6931 i 0 p (114, 491) tm 36.2396 cnt 1
tmi 0 i 1 p (114, 491) tm 36.2396 cnt 2
tm 36.2396 b 1
tmi 0 i 0 p (79, 484) tm 35.2859 cnt 1
tmi 2177.28 i 1 p (79, 484) tm 35.2859 cnt 1
tmi 35.6931 i 0 p (114, 491) tm 35.2859 cnt 0
tmi 0 i 1 p (114, 491) tm 35.2859 cnt 1
b 1 p1 (113.518, 491.32) p2 (113.679, 490.519)
tmi 35.2859 i 0 p (113.518, 491.32) tm 35.2859 cnt 1
tmi 35.2859 i 1 p (113.518, 491.32) tm 35.2859 cnt 2
tm 35.2859 b 1
tmi 0 i 0 p (79, 484) tm 34.8091 cnt 1
tmi 2177.28 i 1 p (79, 484) tm 34.8091 cnt 1
tmi 35.6931 i 0 p (114, 491) tm 34.8091 cnt 0
tmi 0 i 1 p (114, 491) tm 34.8091 cnt 1
b 0 p1 (0, 0) p2 (0, 0)
tm 34.8091 b 0
tmi 0 i 0 p (79, 484) tm 35.0475 cnt 1
tmi 2177.28 i 1 p (79, 484) tm 35.0475 cnt 1
tmi 35.6931 i 0 p (114, 491) tm 35.0475 cnt 0
tmi 0 i 1 p (114, 491) tm 35.0475 cnt 1
b 0 p1 (0, 0) p2 (0, 0)
tm 35.0475 b 0
tmi 0 i 0 p (79, 484) tm 35.1667 cnt 1
tmi 2177.28 i 1 p (79, 484) tm 35.1667 cnt 1
tmi 35.6931 i 0 p (114, 491) tm 35.1667 cnt 0
tmi 0 i 1 p (114, 491) tm 35.1667 cnt 1
b 1 p1 (113.437, 491.125) p2 (113.529, 490.668)
tmi 35.1667 i 0 p (113.437, 491.125) tm 35.1667 cnt 1
tmi 35.1667 i 1 p (113.437, 491.125) tm 35.1667 cnt 2
tm 35.1667 b 1
tmi 0 i 0 p (79, 484) tm 35.1071 cnt 1
tmi 2177.28 i 1 p (79, 484) tm 35.1071 cnt 1
tmi 35.6931 i 0 p (114, 491) tm 35.1071 cnt 0
tmi 0 i 1 p (114, 491) tm 35.1071 cnt 1
b 0 p1 (0, 0) p2 (0, 0)
tm 35.1071 b 0
tmi 0 i 0 p (79, 484) tm 35.1369 cnt 1
tmi 2177.28 i 1 p (79, 484) tm 35.1369 cnt 1
tmi 35.6931 i 0 p (114, 491) tm 35.1369 cnt 0
tmi 0 i 1 p (114, 491) tm 35.1369 cnt 1
b 1 p1 (113.425, 491.037) p2 (113.483, 490.745)
tmi 35.1369 i 0 p (113.425, 491.037) tm 35.1369 cnt 1
tmi 35.1369 i 1 p (113.425, 491.037) tm 35.1369 cnt 2
tm 35.1369 b 1
tmi 0 i 0 p (79, 484) tm 35.122 cnt 1
tmi 2177.28 i 1 p (79, 484) tm 35.122 cnt 1
tmi 35.6931 i 0 p (114, 491) tm 35.122 cnt 0
tmi 0 i 1 p (114, 491) tm 35.122 cnt 1
b 1 p1 (113.426, 490.959) p2 (113.454, 490.817)
tmi 35.122 i 0 p (113.426, 490.959) tm 35.122 cnt 1
tmi 35.122 i 1 p (113.426, 490.959) tm 35.122 cnt 2
tm 35.122 b 1
tmi 0 i 0 p (79, 484) tm 35.1146 cnt 1
tmi 2177.28 i 1 p (79, 484) tm 35.1146 cnt 1
tmi 35.6931 i 0 p (114, 491) tm 35.1146 cnt 0
tmi 0 i 1 p (114, 491) tm 35.1146 cnt 1
b 0 p1 (0, 0) p2 (0, 0)
tm 35.1146 b 0
tmi 0 i 0 p (79, 484) tm 35.1183 cnt 1
tmi 2177.28 i 1 p (79, 484) tm 35.1183 cnt 1
tmi 35.6931 i 0 p (114, 491) tm 35.1183 cnt 0
tmi 0 i 1 p (114, 491) tm 35.1183 cnt 1
b 1 p1 (113.43, 490.918) p2 (113.443, 490.856)
tmi 35.1183 i 0 p (113.43, 490.918) tm 35.1183 cnt 1
tmi 35.1183 i 1 p (113.43, 490.918) tm 35.1183 cnt 1
tmi 35.1183 i 0 p (113.443, 490.856) tm 35.1183 cnt 1
tmi 35.1183 i 1 p (113.443, 490.856) tm 35.1183 cnt 1
tm 35.1183 b 0
tmi 0 i 0 p (79, 484) tm 35.1202 cnt 1
tmi 2177.28 i 1 p (79, 484) tm 35.1202 cnt 1
tmi 35.6931 i 0 p (114, 491) tm 35.1202 cnt 0
tmi 0 i 1 p (114, 491) tm 35.1202 cnt 1
b 1 p1 (113.427, 490.943) p2 (113.449, 490.833)
tmi 35.1202 i 0 p (113.427, 490.943) tm 35.1202 cnt 1
tmi 35.1202 i 1 p (113.427, 490.943) tm 35.1202 cnt 2
tm 35.1202 b 1
tmi 0 i 0 p (79, 484) tm 35.1192 cnt 1
tmi 2177.28 i 1 p (79, 484) tm 35.1192 cnt 1
tmi 35.6931 i 0 p (114, 491) tm 35.1192 cnt 0
tmi 0 i 1 p (114, 491) tm 35.1192 cnt 1
b 1 p1 (113.428, 490.932) p2 (113.446, 490.843)
tmi 35.1192 i 0 p (113.428, 490.932) tm 35.1192 cnt 1
tmi 35.1192 i 1 p (113.428, 490.932) tm 35.1192 cnt 2
tm 35.1192 b 1
tmi 0 i 0 p (79, 484) tm 35.1188 cnt 1
tmi 2177.28 i 1 p (79, 484) tm 35.1188 cnt 1
tmi 35.6931 i 0 p (114, 491) tm 35.1188 cnt 0
tmi 0 i 1 p (114, 491) tm 35.1188 cnt 1
b 1 p1 (113.429, 490.926) p2 (113.444, 490.849)
tmi 35.1188 i 0 p (113.429, 490.926) tm 35.1188 cnt 1
tmi 35.1188 i 1 p (113.429, 490.926) tm 35.1188 cnt 2
tm 35.1188 b 1
tmi 0 i 0 p (79, 484) tm 35.1185 cnt 1
tmi 2177.28 i 1 p (79, 484) tm 35.1185 cnt 1
tmi 35.6931 i 0 p (114, 491) tm 35.1185 cnt 0
tmi 0 i 1 p (114, 491) tm 35.1185 cnt 1
b 1 p1 (113.43, 490.922) p2 (113.444, 490.852)
tmi 35.1185 i 0 p (113.43, 490.922) tm 35.1185 cnt 1
tmi 35.1185 i 1 p (113.43, 490.922) tm 35.1185 cnt 1
tmi 35.1185 i 0 p (113.444, 490.852) tm 35.1185 cnt 1
tmi 35.1185 i 1 p (113.444, 490.852) tm 35.1185 cnt 1
tm 35.1185 b 0
tmi 0 i 0 p (79, 484) tm 35.1187 cnt 1
tmi 2177.28 i 1 p (79, 484) tm 35.1187 cnt 1
tmi 35.6931 i 0 p (114, 491) tm 35.1187 cnt 0
tmi 0 i 1 p (114, 491) tm 35.1187 cnt 1
b 1 p1 (113.429, 490.924) p2 (113.444, 490.851)
tmi 35.1187 i 0 p (113.429, 490.924) tm 35.1187 cnt 1
tmi 35.1187 i 1 p (113.429, 490.924) tm 35.1187 cnt 1
tmi 35.1187 i 0 p (113.444, 490.851) tm 35.1187 cnt 1
tmi 35.1187 i 1 p (113.444, 490.851) tm 35.1187 cnt 1
tm 35.1187 b 0
tmi 0 i 0 p (79, 484) tm 35.1187 cnt 1
tmi 2177.28 i 1 p (79, 484) tm 35.1187 cnt 1
tmi 35.6931 i 0 p (114, 491) tm 35.1187 cnt 0
tmi 0 i 1 p (114, 491) tm 35.1187 cnt 1
b 1 p1 (113.429, 490.925) p2 (113.444, 490.85)
tmi 35.1187 i 0 p (113.429, 490.925) tm 35.1187 cnt 1
tmi 35.1187 i 1 p (113.429, 490.925) tm 35.1187 cnt 2
tm 35.1187 b 1
tmi 0 i 0 p (79, 484) tm 35.1187 cnt 1
tmi 2177.28 i 1 p (79, 484) tm 35.1187 cnt 1
tmi 35.6931 i 0 p (114, 491) tm 35.1187 cnt 0
tmi 0 i 1 p (114, 491) tm 35.1187 cnt 1
b 1 p1 (113.429, 490.925) p2 (113.444, 490.85)
tmi 35.1187 i 0 p (113.429, 490.925) tm 35.1187 cnt 1
tmi 35.1187 i 1 p (113.429, 490.925) tm 35.1187 cnt 1
tmi 35.1187 i 0 p (113.444, 490.85) tm 35.1187 cnt 1
tmi 35.1187 i 1 p (113.444, 490.85) tm 35.1187 cnt 1
tm 35.1187 b 0
tmi 0 i 0 p (79, 484) tm 35.1187 cnt 1
tmi 2177.28 i 1 p (79, 484) tm 35.1187 cnt 1
tmi 35.6931 i 0 p (114, 491) tm 35.1187 cnt 0
tmi 0 i 1 p (114, 491) tm 35.1187 cnt 1
b 1 p1 (113.429, 490.925) p2 (113.444, 490.85)
tmi 35.1187 i 0 p (113.429, 490.925) tm 35.1187 cnt 1
tmi 35.1187 i 1 p (113.429, 490.925) tm 35.1187 cnt 1
tmi 35.1187 i 0 p (113.444, 490.85) tm 35.1187 cnt 1
tmi 35.1187 i 1 p (113.444, 490.85) tm 35.1187 cnt 1
tm 35.1187 b 0
tmi 0 i 0 p (79, 484) tm 35.1187 cnt 1
tmi 2177.28 i 1 p (79, 484) tm 35.1187 cnt 1
tmi 35.6931 i 0 p (114, 491) tm 35.1187 cnt 0
tmi 0 i 1 p (114, 491) tm 35.1187 cnt 1
b 1 p1 (113.429, 490.925) p2 (113.444, 490.85)
tmi 35.1187 i 0 p (113.429, 490.925) tm 35.1187 cnt 1
tmi 35.1187 i 1 p (113.429, 490.925) tm 35.1187 cnt 1
tmi 35.1187 i 0 p (113.444, 490.85) tm 35.1187 cnt 1
tmi 35.1187 i 1 p (113.444, 490.85) tm 35.1187 cnt 1
tm 35.1187 b 0
tmi 0 i 0 p (79, 484) tm 35.1187 cnt 1
tmi 2177.28 i 1 p (79, 484) tm 35.1187 cnt 1
tmi 35.6931 i 0 p (114, 491) tm 35.1187 cnt 0
tmi 0 i 1 p (114, 491) tm 35.1187 cnt 1
b 1 p1 (113.429, 490.925) p2 (113.444, 490.85)
tmi 35.1187 i 0 p (113.429, 490.925) tm 35.1187 cnt 1
tmi 35.1187 i 1 p (113.429, 490.925) tm 35.1187 cnt 2
tm 35.1187 b 1
tmi 0 i 0 p (79, 484) tm 35.1187 cnt 1
tmi 2177.28 i 1 p (79, 484) tm 35.1187 cnt 1
tmi 35.6931 i 0 p (114, 491) tm 35.1187 cnt 0
tmi 0 i 1 p (114, 491) tm 35.1187 cnt 1
b 1 p1 (113.429, 490.925) p2 (113.444, 490.85)
tmi 35.1187 i 0 p (113.429, 490.925) tm 35.1187 cnt 1
tmi 35.1187 i 1 p (113.429, 490.925) tm 35.1187 cnt 2
tm 35.1187 b 1
tmi 0 i 0 p (79, 484) tm 35.1187 cnt 1
tmi 2177.28 i 1 p (79, 484) tm 35.1187 cnt 1
tmi 35.6931 i 0 p (114, 491) tm 35.1187 cnt 0
tmi 0 i 1 p (114, 491) tm 35.1187 cnt 1
b 1 p1 (113.429, 490.925) p2 (113.444, 490.85)
tmi 35.1187 i 0 p (113.429, 490.925) tm 35.1187 cnt 1
tmi 35.1187 i 1 p (113.429, 490.925) tm 35.1187 cnt 2
tm 35.1187 b 1
tmi 0 i 0 p (79, 484) tm 35.1187 cnt 1
tmi 2177.28 i 1 p (79, 484) tm 35.1187 cnt 1
tmi 35.6931 i 0 p (114, 491) tm 35.1187 cnt 0
tmi 0 i 1 p (114, 491) tm 35.1187 cnt 1
b 1 p1 (113.429, 490.925) p2 (113.444, 490.85)
tmi 35.1187 i 0 p (113.429, 490.925) tm 35.1187 cnt 1
tmi 35.1187 i 1 p (113.429, 490.925) tm 35.1187 cnt 2
tm 35.1187 b 1
tmi 0 i 0 p (79, 484) tm 35.1187 cnt 1
tmi 2177.28 i 1 p (79, 484) tm 35.1187 cnt 1
tmi 35.6931 i 0 p (114, 491) tm 35.1187 cnt 0
tmi 0 i 1 p (114, 491) tm 35.1187 cnt 1
b 1 p1 (113.429, 490.925) p2 (113.444, 490.85)
tmi 35.1187 i 0 p (113.429, 490.925) tm 35.1187 cnt 1
tmi 35.1187 i 1 p (113.429, 490.925) tm 35.1187 cnt 1
tmi 35.1187 i 0 p (113.444, 490.85) tm 35.1187 cnt 1
tmi 35.1187 i 1 p (113.444, 490.85) tm 35.1187 cnt 1
tm 35.1187 b 0
tmi 0 i 0 p (79, 484) tm 35.1187 cnt 1
tmi 2177.28 i 1 p (79, 484) tm 35.1187 cnt 1
tmi 35.6931 i 0 p (114, 491) tm 35.1187 cnt 0
tmi 0 i 1 p (114, 491) tm 35.1187 cnt 1
b 1 p1 (113.429, 490.925) p2 (113.444, 490.85)
tmi 35.1187 i 0 p (113.429, 490.925) tm 35.1187 cnt 1
tmi 35.1187 i 1 p (113.429, 490.925) tm 35.1187 cnt 2
tm 35.1187 b 1
tmi 0 i 0 p (79, 484) tm 35.1187 cnt 1
tmi 2177.28 i 1 p (79, 484) tm 35.1187 cnt 1
tmi 35.6931 i 0 p (114, 491) tm 35.1187 cnt 0
tmi 0 i 1 p (114, 491) tm 35.1187 cnt 1
b 1 p1 (113.429, 490.925) p2 (113.444, 490.85)
tmi 35.1187 i 0 p (113.429, 490.925) tm 35.1187 cnt 1
tmi 35.1187 i 1 p (113.429, 490.925) tm 35.1187 cnt 2
tm 35.1187 b 1
