popped up from pque 0 0 0
x 0 numNbr(x) 1
internal x 0 j 0 y 1 dist 1 newDist 1
emplace newdist 1 1
popped up from pque 1 1 1
x 1 numNbr(x) 1
internal x 1 j 0 y 2 dist 1 newDist 2
emplace newdist 2 2
popped up from pque 2 2 2
x 2 numNbr(x) 2
internal x 2 j 0 y 3 dist 1 newDist 3
emplace newdist 3 3
internal x 2 j 1 y 4 dist 1 newDist 3
emplace newdist 3 4
popped up from pque 3 3 3
x 3 numNbr(x) 1
internal x 3 j 0 y 5 dist 1 newDist 4
emplace newdist 4 5
popped up from pque 3 4 3
x 4 numNbr(x) 0
popped up from pque 4 5 4
x 5 numNbr(x) 3
internal x 5 j 0 y 6 dist 1 newDist 5
emplace newdist 5 6
internal x 5 j 1 y 2 dist 1 newDist 5
internal x 5 j 2 y 7 dist 1 newDist 5
emplace newdist 5 7
popped up from pque 5 6 5
x 6 numNbr(x) 1
internal x 6 j 0 y 8 dist 1 newDist 6
emplace newdist 6 8
popped up from pque 5 7 5
x 7 numNbr(x) 1
internal x 7 j 0 y 9 dist 1 newDist 6
emplace newdist 6 9
popped up from pque 6 8 6
x 8 numNbr(x) 1
internal x 8 j 0 y 10 dist 1 newDist 7
emplace newdist 7 10
popped up from pque 6 9 6
x 9 numNbr(x) 3
internal x 9 j 0 y 11 dist 1 newDist 7
emplace newdist 7 11
internal x 9 j 1 y 10 dist 1 newDist 7
internal x 9 j 2 y 12 dist 1 newDist 7
emplace newdist 7 12
popped up from pque 7 10 7
x 10 numNbr(x) 2
internal x 10 j 0 y 7 dist 1 newDist 8
internal x 10 j 1 y 13 dist 1 newDist 8
emplace newdist 8 13
popped up from pque 7 11 7
x 11 numNbr(x) 1
internal x 11 j 0 y 14 dist 1 newDist 8
emplace newdist 8 14
popped up from pque 7 12 7
x 12 numNbr(x) 1
internal x 12 j 0 y 15 dist 1 newDist 8
emplace newdist 8 15
popped up from pque 8 13 8
x 13 numNbr(x) 0
popped up from pque 8 14 8
x 14 numNbr(x) 1
internal x 14 j 0 y 16 dist 1 newDist 9
emplace newdist 9 16
popped up from pque 8 15 8
x 15 numNbr(x) 3
internal x 15 j 0 y 0 dist 1 newDist 9
internal x 15 j 1 y 16 dist 1 newDist 9
internal x 15 j 2 y 3 dist 1 newDist 9
popped up from pque 9 16 9
x 16 numNbr(x) 2
internal x 16 j 0 y 12 dist 1 newDist 10
internal x 16 j 1 y 17 dist 1 newDist 10
emplace newdist 10 17
popped up from pque 10 17 10
x 17 numNbr(x) 0
In reachable enc [(0, 0): 9, (0, 1): 5, (0, 2): 15, (1, 0): 0, (1, 1): 11, (1, 2): 6, (2, 0): 8, (2, 1): 1, (2, 2): 14, (3, 0): 16, (3, 1): 10, (3, 2): 2, (4, 0): 3, (4, 1): 12, (4, 2): 7, (5, 0): 4, (5, 1): 17, (5, 2): 13]
In reachable dec [(1, 0), (2, 1), (3, 2), (4, 0), (5, 0), (0, 1), (1, 2), (4, 2), (2, 0), (0, 0), (3, 1), (1, 1), (4, 1), (5, 2), (2, 2), (0, 2), (3, 0), (5, 1)]
In reachable body.vdist [0, 1, 2, 3, 3, 4, 5, 5, 6, 6, 7, 7, 7, 8, 8, 8, 9, 10]
(5,1) 1
In reachable enc [(0, 0): 9, (0, 1): 5, (0, 2): 15, (1, 0): 0, (1, 1): 11, (1, 2): 6, (2, 0): 8, (2, 1): 1, (2, 2): 14, (3, 0): 16, (3, 1): 10, (3, 2): 2, (4, 0): 3, (4, 1): 12, (4, 2): 7, (5, 0): 4, (5, 1): 17, (5, 2): 13]
In reachable dec [(1, 0), (2, 1), (3, 2), (4, 0), (5, 0), (0, 1), (1, 2), (4, 2), (2, 0), (0, 0), (3, 1), (1, 1), (4, 1), (5, 2), (2, 2), (0, 2), (3, 0), (5, 1)]
In reachable body.vdist [0, 1, 2, 3, 3, 4, 5, 5, 6, 6, 7, 7, 7, 8, 8, 8, 9, 10]
(1,2) 1
In reachable enc [(0, 0): 9, (0, 1): 5, (0, 2): 15, (1, 0): 0, (1, 1): 11, (1, 2): 6, (2, 0): 8, (2, 1): 1, (2, 2): 14, (3, 0): 16, (3, 1): 10, (3, 2): 2, (4, 0): 3, (4, 1): 12, (4, 2): 7, (5, 0): 4, (5, 1): 17, (5, 2): 13]
In reachable dec [(1, 0), (2, 1), (3, 2), (4, 0), (5, 0), (0, 1), (1, 2), (4, 2), (2, 0), (0, 0), (3, 1), (1, 1), (4, 1), (5, 2), (2, 2), (0, 2), (3, 0), (5, 1)]
In reachable body.vdist [0, 1, 2, 3, 3, 4, 5, 5, 6, 6, 7, 7, 7, 8, 8, 8, 9, 10]
(2,0) 1
In reachable enc [(0, 0): 9, (0, 1): 5, (0, 2): 15, (1, 0): 0, (1, 1): 11, (1, 2): 6, (2, 0): 8, (2, 1): 1, (2, 2): 14, (3, 0): 16, (3, 1): 10, (3, 2): 2, (4, 0): 3, (4, 1): 12, (4, 2): 7, (5, 0): 4, (5, 1): 17, (5, 2): 13]
In reachable dec [(1, 0), (2, 1), (3, 2), (4, 0), (5, 0), (0, 1), (1, 2), (4, 2), (2, 0), (0, 0), (3, 1), (1, 1), (4, 1), (5, 2), (2, 2), (0, 2), (3, 0), (5, 1)]
In reachable body.vdist [0, 1, 2, 3, 3, 4, 5, 5, 6, 6, 7, 7, 7, 8, 8, 8, 9, 10]
(3,1) 1
In reachable enc [(0, 0): 9, (0, 1): 5, (0, 2): 15, (1, 0): 0, (1, 1): 11, (1, 2): 6, (2, 0): 8, (2, 1): 1, (2, 2): 14, (3, 0): 16, (3, 1): 10, (3, 2): 2, (4, 0): 3, (4, 1): 12, (4, 2): 7, (5, 0): 4, (5, 1): 17, (5, 2): 13]
In reachable dec [(1, 0), (2, 1), (3, 2), (4, 0), (5, 0), (0, 1), (1, 2), (4, 2), (2, 0), (0, 0), (3, 1), (1, 1), (4, 1), (5, 2), (2, 2), (0, 2), (3, 0), (5, 1)]
In reachable body.vdist [0, 1, 2, 3, 3, 4, 5, 5, 6, 6, 7, 7, 7, 8, 8, 8, 9, 10]
(4,2) 1
In reachable enc [(0, 0): 9, (0, 1): 5, (0, 2): 15, (1, 0): 0, (1, 1): 11, (1, 2): 6, (2, 0): 8, (2, 1): 1, (2, 2): 14, (3, 0): 16, (3, 1): 10, (3, 2): 2, (4, 0): 3, (4, 1): 12, (4, 2): 7, (5, 0): 4, (5, 1): 17, (5, 2): 13]
In reachable dec [(1, 0), (2, 1), (3, 2), (4, 0), (5, 0), (0, 1), (1, 2), (4, 2), (2, 0), (0, 0), (3, 1), (1, 1), (4, 1), (5, 2), (2, 2), (0, 2), (3, 0), (5, 1)]
In reachable body.vdist [0, 1, 2, 3, 3, 4, 5, 5, 6, 6, 7, 7, 7, 8, 8, 8, 9, 10]
(6,0) 0
In reachable enc [(0, 0): 9, (0, 1): 5, (0, 2): 15, (1, 0): 0, (1, 1): 11, (1, 2): 6, (2, 0): 8, (2, 1): 1, (2, 2): 14, (3, 0): 16, (3, 1): 10, (3, 2): 2, (4, 0): 3, (4, 1): 12, (4, 2): 7, (5, 0): 4, (5, 1): 17, (5, 2): 13]
In reachable dec [(1, 0), (2, 1), (3, 2), (4, 0), (5, 0), (0, 1), (1, 2), (4, 2), (2, 0), (0, 0), (3, 1), (1, 1), (4, 1), (5, 2), (2, 2), (0, 2), (3, 0), (5, 1)]
In reachable body.vdist [0, 1, 2, 3, 3, 4, 5, 5, 6, 6, 7, 7, 7, 8, 8, 8, 9, 10]
