gs= [16, 3, 5, 71, 2371]
g1= 1 g2= 40401840 x= 0 s= 1 t= 0 z= 40401839
g1= 16 g2= 2525115 x= 1 s= -473459 t= 3 z= 7575344
g1= 3 g2= 13467280 x= 2 s= -4489093 t= 1 z= 13467279
g1= 48 g2= 841705 x= 3 s= 403317 t= -23 z= 21042624
g1= 5 g2= 8080368 x= 4 s= -3232147 t= 2 z= 16160735
g1= 80 g2= 505023 x= 5 s= 208322 t= -33 z= 23736080
g1= 15 g2= 2693456 x= 6 s= 718255 t= -4 z= 29628015
g1= 240 g2= 168341 x= 7 s= 13327 t= -19 z= 37203360
g1= 71 g2= 569040 x= 8 s= -136249 t= 17 z= 9673679
g1= 1136 g2= 35565 x= 9 s= -15184 t= 485 z= 17249024
g1= 213 g2= 189680 x= 10 s= 81037 t= -91 z= 23140959
g1= 3408 g2= 11855 x= 11 s= 2842 t= -817 z= 30716304
g1= 355 g2= 113808 x= 12 s= 41035 t= -128 z= 25834415
g1= 5680 g2= 7113 x= 13 s= 1231 t= -983 z= 33409760
g1= 1065 g2= 37936 x= 14 s= 1033 t= -29 z= 39301695
g1= 17040 g2= 2371 x= 15 s= -380 t= 2731 z= 6475200
g1= 2371 g2= 17040 x= 16 s= 2731 t= -380 z= 33926639
g1= 37936 g2= 1065 x= 17 s= -29 t= 1033 z= 1100144
g1= 7113 g2= 5680 x= 18 s= -983 t= 1231 z= 6992079
g1= 113808 g2= 355 x= 19 s= -128 t= 41035 z= 14567424
g1= 11855 g2= 3408 x= 20 s= -817 t= 2842 z= 9685535
g1= 189680 g2= 213 x= 21 s= -91 t= 81037 z= 17260880
g1= 35565 g2= 1136 x= 22 s= 485 t= -15184 z= 23152815
g1= 569040 g2= 71 x= 23 s= 17 t= -136249 z= 30728160
g1= 168341 g2= 240 x= 24 s= -19 t= 13327 z= 3198479
g1= 2693456 g2= 15 x= 25 s= -4 t= 718255 z= 10773824
g1= 505023 g2= 80 x= 26 s= -33 t= 208322 z= 16665759
g1= 8080368 g2= 5 x= 27 s= 2 t= -3232147 z= 24241104
g1= 841705 g2= 48 x= 28 s= -23 t= 403317 z= 19359215
g1= 13467280 g2= 3 x= 29 s= 1 t= -4489093 z= 26934560
g1= 2525115 g2= 16 x= 30 s= 3 t= -473459 z= 32826495
g1= 40401840 g2= 1 x= 31 s= 0 t= 1 z= 0
1100144
