nnf.at(0) [(0, 1), (0, 2), (1, 0), (2, 3), (0, 5), (0, 9), (2, 6), (0, 8), (2, 7), (1, 4)]
nnf.at(1) [(0, 2), (1, 0), (1, 1), (4, 3), (0, 9), (1, 4), (4, 6), (2, 7), (2, 8), (1, 5)]
nnf.at(2) [(1, 1), (1, 2), (2, 0), (8, 3), (1, 5), (1, 9), (8, 6), (4, 7), (4, 8), (2, 4)]
nnf.at(3) [(2, 2), (3, 0), (3, 1), (16, 3), (2, 9), (3, 4), (16, 6), (8, 7), (8, 8), (3, 5)]
perPerson, i= 0
k= 34
fav= 0 noFav= 1 g= 7
k= 33
fav= 0 noFav= 1 g= 7
k= 32
fav= 0 noFav= 1 g= 7
k= 31
fav= 0 noFav= 1 g= 7
k= 30
fav= 0 noFav= 1 g= 7
k= 29
fav= 0 noFav= 1 g= 7
k= 28
fav= 0 noFav= 1 g= 7
k= 27
fav= 0 noFav= 1 g= 7
k= 26
fav= 0 noFav= 1 g= 7
k= 25
fav= 0 noFav= 1 g= 7
k= 24
fav= 0 noFav= 1 g= 7
k= 23
fav= 0 noFav= 1 g= 7
k= 22
fav= 0 noFav= 1 g= 7
k= 21
fav= 0 noFav= 1 g= 7
k= 20
fav= 0 noFav= 1 g= 7
k= 19
fav= 0 noFav= 1 g= 7
k= 18
fav= 0 noFav= 1 g= 7
k= 17
fav= 0 noFav= 1 g= 7
k= 16
fav= 0 noFav= 1 g= 7
k= 15
fav= 0 noFav= 1 g= 7
k= 14
fav= 0 noFav= 1 g= 7
k= 13
fav= 0 noFav= 1 g= 7
k= 12
fav= 0 noFav= 1 g= 7
k= 11
fav= 0 noFav= 1 g= 7
k= 10
fav= 0 noFav= 1 g= 7
k= 9
fav= 0 noFav= 1 g= 7
k= 8
fav= 0 noFav= 1 g= 7
k= 7
fav= 0 noFav= 1 g= 7
k= 6
fav= 0 noFav= 1 g= 7
k= 5
fav= 0 noFav= 1 g= 7
k= 4
fav= 0 noFav= 1 g= 7
k= 3
fav= 0 noFav= 1 g= 7
k= 2
fav= 0 noFav= 1 g= 7
k= 1
fav= 0 noFav= 1 g= 7
k= 0
1
perPerson, i= 1
k= 34
fav= 0 noFav= 0 g= 8
k= 33
fav= 0 noFav= 0 g= 8
k= 32
fav= 0 noFav= 0 g= 8
k= 31
fav= 0 noFav= 0 g= 8
k= 30
fav= 0 noFav= 0 g= 8
k= 29
fav= 0 noFav= 0 g= 8
k= 28
fav= 0 noFav= 0 g= 8
k= 27
fav= 0 noFav= 0 g= 8
k= 26
fav= 0 noFav= 0 g= 8
k= 25
fav= 0 noFav= 0 g= 8
k= 24
fav= 0 noFav= 0 g= 8
k= 23
fav= 0 noFav= 0 g= 8
k= 22
fav= 0 noFav= 0 g= 8
k= 21
fav= 0 noFav= 0 g= 8
k= 20
fav= 0 noFav= 0 g= 8
k= 19
fav= 0 noFav= 0 g= 8
k= 18
fav= 0 noFav= 0 g= 8
k= 17
fav= 0 noFav= 0 g= 8
k= 16
fav= 0 noFav= 0 g= 8
k= 15
fav= 0 noFav= 0 g= 8
k= 14
fav= 0 noFav= 0 g= 8
k= 13
fav= 0 noFav= 0 g= 8
k= 12
fav= 0 noFav= 0 g= 8
k= 11
fav= 0 noFav= 0 g= 8
k= 10
fav= 0 noFav= 0 g= 8
k= 9
fav= 0 noFav= 0 g= 8
k= 8
fav= 0 noFav= 0 g= 8
k= 7
fav= 0 noFav= 0 g= 8
k= 6
fav= 0 noFav= 0 g= 8
k= 5
fav= 0 noFav= 0 g= 8
k= 4
fav= 0 noFav= 0 g= 8
k= 3
fav= 0 noFav= 0 g= 8
k= 2
fav= 4 noFav= 4 g= 8
k= 1
fav= 4 noFav= 4 g= 8
k= 0
fav= 4 noFav= 4 g= 8
4
perPerson, i= 2
k= 34
fav= 0 noFav= 2 g= 7
k= 33
fav= 0 noFav= 2 g= 7
k= 32
fav= 0 noFav= 2 g= 7
k= 31
fav= 0 noFav= 2 g= 7
k= 30
fav= 0 noFav= 2 g= 7
k= 29
fav= 0 noFav= 2 g= 7
k= 28
fav= 0 noFav= 2 g= 7
k= 27
fav= 0 noFav= 2 g= 7
k= 26
fav= 0 noFav= 2 g= 7
k= 25
fav= 0 noFav= 2 g= 7
k= 24
fav= 0 noFav= 2 g= 7
k= 23
fav= 0 noFav= 2 g= 7
k= 22
fav= 0 noFav= 2 g= 7
k= 21
fav= 0 noFav= 2 g= 7
k= 20
fav= 0 noFav= 2 g= 7
k= 19
fav= 0 noFav= 2 g= 7
k= 18
fav= 0 noFav= 2 g= 7
k= 17
fav= 0 noFav= 2 g= 7
k= 16
fav= 0 noFav= 2 g= 7
k= 15
fav= 0 noFav= 2 g= 7
k= 14
fav= 0 noFav= 2 g= 7
k= 13
fav= 0 noFav= 2 g= 7
k= 12
fav= 0 noFav= 2 g= 7
k= 11
fav= 0 noFav= 2 g= 7
k= 10
fav= 0 noFav= 2 g= 7
k= 9
fav= 0 noFav= 2 g= 7
k= 8
fav= 0 noFav= 2 g= 7
k= 7
fav= 0 noFav= 2 g= 7
k= 6
fav= 0 noFav= 2 g= 7
k= 5
fav= 0 noFav= 2 g= 7
k= 4
fav= 0 noFav= 2 g= 7
k= 3
fav= 0 noFav= 2 g= 7
k= 2
fav= 0 noFav= 2 g= 7
k= 1
fav= 0 noFav= 2 g= 7
k= 0
1
perPerson, i= 3
k= 34
fav= 0 noFav= 1 g= 7
k= 33
fav= 0 noFav= 1 g= 7
k= 32
fav= 0 noFav= 1 g= 7
k= 31
fav= 0 noFav= 1 g= 7
k= 30
fav= 0 noFav= 1 g= 7
k= 29
fav= 0 noFav= 1 g= 7
k= 28
fav= 0 noFav= 1 g= 7
k= 27
fav= 0 noFav= 1 g= 7
k= 26
fav= 0 noFav= 1 g= 7
k= 25
fav= 0 noFav= 1 g= 7
k= 24
fav= 0 noFav= 1 g= 7
k= 23
fav= 0 noFav= 1 g= 7
k= 22
fav= 0 noFav= 1 g= 7
k= 21
fav= 0 noFav= 1 g= 7
k= 20
fav= 0 noFav= 1 g= 7
k= 19
fav= 0 noFav= 1 g= 7
k= 18
fav= 0 noFav= 1 g= 7
k= 17
fav= 0 noFav= 1 g= 7
k= 16
fav= 0 noFav= 1 g= 7
k= 15
fav= 0 noFav= 1 g= 7
k= 14
fav= 0 noFav= 1 g= 7
k= 13
fav= 0 noFav= 1 g= 7
k= 12
fav= 0 noFav= 1 g= 7
k= 11
fav= 0 noFav= 1 g= 7
k= 10
fav= 0 noFav= 1 g= 7
k= 9
fav= 0 noFav= 1 g= 7
k= 8
fav= 0 noFav= 1 g= 7
k= 7
fav= 0 noFav= 1 g= 7
k= 6
fav= 0 noFav= 1 g= 7
k= 5
fav= 0 noFav= 1 g= 7
k= 4
fav= 0 noFav= 1 g= 7
k= 3
fav= 0 noFav= 1 g= 7
k= 2
fav= 4 noFav= 5 g= 7
k= 1
6
