u= 2 q= 0 U[u]= [0]
u= 3 q= 1 U[u]= [1]
u= 2 q= 2 U[u]= [0, 2]
u= 2 q= 3 U[u]= [0, 2, 3]
u= 3 q= 4 U[u]= [1, 4]
u= 4 q= 5 U[u]= [5]
u= 0 q= 6 U[u]= [6]
A= [1, 1, 3, 3, 5, 2]
B= [0, 2, 1, 4, 0, 6]
U= [[6], [], [0, 2, 3], [1, 4], [5], [], []]
V= [[], [0, 1, 2, 4, 6], [], [5], [], [], [3]]
X= [1, 2, 4, 8, 16, 32, 64]
dfs1 in nd= 0 state= [0, 0, 0, 0, 0, 0, 0] U[nd]= [6]
dfs1 in nd= 1 state= [0, 0, 0, 0, 0, 0, 1] U[nd]= []
dfs1 in nd= 3 state= [2, 2, 2, 0, 2, 0, 1] U[nd]= [1, 4]
dfs1 in nd= 4 state= [2, 3, 2, 0, 3, 2, 1] U[nd]= [5]
returned from rF nd= 3 cld= 4 state= [2, 3, 2, 0, 3, 3, 1]
adding X[q]= 32
returned from rF nd= 1 cld= 3 state= [2, 3, 2, 0, 3, 3, 1]
adding X[q]= 2
adding X[q]= 16
dfs1 in nd= 2 state= [2, 3, 2, 0, 3, 3, 1] U[nd]= [0, 2, 3]
dfs1 in nd= 6 state= [3, 3, 3, 1, 3, 3, 1] U[nd]= []
returned from rF nd= 2 cld= 6 state= [3, 3, 3, 1, 3, 3, 1]
returned from rF nd= 1 cld= 2 state= [3, 3, 3, 1, 3, 3, 1]
adding X[q]= 1
adding X[q]= 2
adding X[q]= 4
adding X[q]= 16
returned from rF nd= 0 cld= 1 state= [3, 3, 3, 1, 3, 3, 1]
dfs1 in nd= 5 state= [3, 3, 3, 1, 3, 3, 1] U[nd]= []
returned from rF nd= 0 cld= 5 state= [3, 3, 3, 1, 3, 3, 1]
totinc= 72
nodeinc= [0, -64, 23, 18, 32, 0, -8]
