==2180== Memcheck, a memory error detector
==2180== Copyright (C) 2002-2015, and GNU GPL'd, by Julian Seward et al.
==2180== Using Valgrind-3.11.0 and LibVEX; rerun with -h for copyright info
==2180== Command: ./cans cmpNaive
==2180== 
0
==2180== 
==2180== HEAP SUMMARY:
==2180==     in use at exit: 195,584 bytes in 7 blocks
==2180==   total heap usage: 9 allocs, 2 frees, 195,600 bytes allocated
==2180== 
==2180== LEAK SUMMARY:
==2180==    definitely lost: 0 bytes in 0 blocks
==2180==    indirectly lost: 0 bytes in 0 blocks
==2180==      possibly lost: 0 bytes in 0 blocks
==2180==    still reachable: 195,584 bytes in 7 blocks
==2180==         suppressed: 0 bytes in 0 blocks
==2180== Rerun with --leak-check=full to see details of leaked memory
==2180== 
==2180== For counts of detected and suppressed errors, rerun with: -v
==2180== ERROR SUMMARY: 0 errors from 0 contexts (suppressed: 0 from 0)
