_q= 0
pq1= [(100, 4), (72, 2), (65, 3), (37, 9), (31, 7), (14, 6), (10, 8), (8, 0), (6, 5), (4, 1)]
pq2= [(100, 4), (88, 4), (77, 9), (72, 2), (65, 3), (46, 8), (37, 9), (31, 7), (24, 0), (20, 3), (15, 2), (14, 6), (10, 8), (9, 7), (8, 0), (6, 5), (4, 1), (2, 6), (1, 5)]
100
_q= 1
pq1= [(88, 4), (72, 2), (65, 3), (37, 9), (31, 7), (14, 6), (10, 8), (8, 0), (6, 5), (4, 1)]
pq2= [(100, 4), (88, 4), (77, 9), (72, 2), (65, 3), (63, 4), (46, 8), (37, 9), (31, 7), (24, 0), (20, 3), (15, 2), (14, 6), (10, 8), (9, 7), (8, 0), (6, 5), (4, 1), (2, 6), (1, 5)]
88
_q= 2
pq1= [(72, 2), (65, 3), (63, 4), (37, 9), (31, 7), (14, 6), (10, 8), (8, 0), (6, 5), (4, 1)]
pq2= [(100, 4), (88, 4), (77, 9), (72, 2), (65, 3), (63, 4), (50, 4), (46, 8), (37, 9), (31, 7), (24, 0), (20, 3), (15, 2), (14, 6), (10, 8), (9, 7), (8, 0), (6, 5), (4, 1), (2, 6), (1, 5)]
72
_q= 3
pq1= [(65, 3), (63, 4), (37, 9), (31, 7), (15, 2), (14, 6), (10, 8), (8, 0), (6, 5), (4, 1)]
pq2= [(100, 4), (88, 4), (77, 9), (72, 2), (68, 2), (65, 3), (63, 4), (50, 4), (46, 8), (37, 9), (31, 7), (24, 0), (20, 3), (15, 2), (14, 6), (10, 8), (9, 7), (8, 0), (6, 5), (4, 1), (2, 6), (1, 5)]
65
_q= 4
pq1= [(63, 4), (37, 9), (31, 7), (20, 3), (15, 2), (14, 6), (10, 8), (8, 0), (6, 5), (4, 1)]
pq2= [(100, 4), (93, 3), (88, 4), (77, 9), (72, 2), (68, 2), (65, 3), (63, 4), (50, 4), (46, 8), (37, 9), (31, 7), (24, 0), (20, 3), (15, 2), (14, 6), (10, 8), (9, 7), (8, 0), (6, 5), (4, 1), (2, 6), (1, 5)]
93
_q= 5
pq1= [(63, 4), (37, 9), (31, 7), (20, 3), (15, 2), (14, 6), (10, 8), (8, 0), (6, 5), (4, 1)]
pq2= [(88, 4), (77, 9), (72, 2), (68, 2), (65, 3), (64, 3), (63, 4), (50, 4), (46, 8), (37, 9), (31, 7), (24, 0), (20, 3), (15, 2), (14, 6), (10, 8), (9, 7), (8, 0), (6, 5), (4, 1), (2, 6), (1, 5)]
77
_q= 6
pq1= [(63, 4), (37, 9), (31, 7), (20, 3), (15, 2), (14, 6), (10, 8), (8, 0), (6, 5), (4, 1)]
pq2= [(72, 2), (68, 2), (65, 3), (64, 3), (63, 4), (50, 4), (46, 8), (37, 9), (31, 7), (24, 0), (20, 3), (15, 2), (14, 6), (10, 8), (9, 7), (8, 0), (6, 5), (4, 1), (2, 6), (1, 5)]
68
_q= 7
pq1= [(63, 4), (37, 9), (31, 7), (20, 3), (15, 2), (14, 6), (10, 8), (8, 0), (6, 5), (4, 1)]
pq2= [(65, 3), (64, 3), (63, 4), (50, 4), (49, 2), (46, 8), (37, 9), (31, 7), (24, 0), (20, 3), (15, 2), (14, 6), (10, 8), (9, 7), (8, 0), (6, 5), (4, 1), (2, 6), (1, 5)]
63
_q= 8
pq1= [(50, 4), (37, 9), (31, 7), (20, 3), (15, 2), (14, 6), (10, 8), (8, 0), (6, 5), (4, 1)]
pq2= [(90, 4), (65, 3), (64, 3), (63, 4), (50, 4), (49, 2), (46, 8), (37, 9), (31, 7), (24, 0), (20, 3), (15, 2), (14, 6), (10, 8), (9, 7), (8, 0), (6, 5), (4, 1), (2, 6), (1, 5)]
50
_q= 9
pq1= [(90, 4), (37, 9), (31, 7), (20, 3), (15, 2), (14, 6), (10, 8), (8, 0), (6, 5), (4, 1)]
pq2= [(90, 4), (65, 3), (64, 3), (63, 4), (50, 4), (49, 2), (46, 8), (44, 4), (37, 9), (31, 7), (24, 0), (20, 3), (15, 2), (14, 6), (10, 8), (9, 7), (8, 0), (6, 5), (4, 1), (2, 6), (1, 5)]
90
_q= 10
pq1= [(90, 4), (37, 9), (31, 7), (20, 3), (15, 2), (14, 6), (10, 8), (8, 0), (6, 5), (4, 1)]
pq2= [(65, 3), (64, 3), (63, 4), (50, 4), (49, 2), (46, 8), (44, 4), (37, 9), (31, 7), (24, 0), (20, 3), (15, 2), (14, 6), (10, 8), (9, 7), (8, 0), (6, 5), (4, 1), (2, 6), (1, 5)]
90
_q= 11
pq1= [(37, 9), (31, 7), (20, 3), (15, 2), (14, 6), (10, 8), (8, 0), (6, 5), (4, 1)]
pq2= [(64, 3), (63, 4), (50, 4), (49, 2), (46, 8), (44, 4), (37, 9), (31, 7), (24, 0), (20, 3), (15, 2), (14, 6), (10, 8), (9, 7), (8, 0), (6, 5), (4, 1), (2, 6), (1, 5)]
64
_q= 12
pq1= [(37, 9), (31, 7), (20, 3), (15, 2), (14, 6), (10, 8), (8, 0), (6, 5), (4, 1)]
pq2= [(91, 3), (63, 4), (50, 4), (49, 2), (46, 8), (44, 4), (37, 9), (31, 7), (24, 0), (20, 3), (15, 2), (14, 6), (10, 8), (9, 7), (8, 0), (6, 5), (4, 1), (2, 6), (1, 5)]
91
_q= 13
pq1= [(37, 9), (31, 7), (20, 3), (15, 2), (14, 6), (10, 8), (8, 0), (6, 5), (4, 1)]
pq2= [(63, 4), (50, 4), (49, 2), (46, 8), (44, 4), (37, 9), (31, 7), (24, 0), (20, 3), (15, 2), (14, 6), (10, 8), (9, 7), (8, 0), (6, 5), (4, 1), (2, 6), (1, 5)]
49
_q= 14
pq1= [(37, 9), (31, 7), (20, 3), (15, 2), (14, 6), (10, 8), (8, 0), (6, 5), (4, 1)]
pq2= [(46, 8), (44, 4), (37, 9), (31, 7), (24, 0), (20, 3), (16, 2), (15, 2), (14, 6), (10, 8), (9, 7), (8, 0), (6, 5), (4, 1), (2, 6), (1, 5)]
37
_q= 15
pq1= [(31, 7), (20, 3), (15, 2), (14, 6), (10, 8), (8, 0), (6, 5), (4, 1)]
pq2= [(46, 8), (44, 4), (37, 9), (31, 7), (24, 0), (20, 3), (16, 2), (15, 2), (14, 6), (10, 8), (9, 7), (8, 0), (6, 5), (4, 1), (2, 6), (1, 5)]
46
_q= 16
pq1= [(31, 7), (20, 3), (15, 2), (14, 6), (10, 8), (8, 0), (6, 5), (4, 1)]
pq2= [(96, 8), (44, 4), (37, 9), (31, 7), (24, 0), (20, 3), (16, 2), (15, 2), (14, 6), (10, 8), (9, 7), (8, 0), (6, 5), (4, 1), (2, 6), (1, 5)]
31
_q= 17
pq1= [(20, 3), (15, 2), (14, 6), (10, 8), (9, 7), (8, 0), (6, 5), (4, 1)]
pq2= [(96, 8), (62, 7), (44, 4), (37, 9), (31, 7), (24, 0), (20, 3), (16, 2), (15, 2), (14, 6), (10, 8), (9, 7), (8, 0), (6, 5), (4, 1), (2, 6), (1, 5)]
96
_q= 18
pq1= [(20, 3), (15, 2), (14, 6), (10, 8), (9, 7), (8, 0), (6, 5), (4, 1)]
pq2= [(62, 7), (44, 4), (37, 9), (31, 7), (24, 0), (23, 8), (20, 3), (16, 2), (15, 2), (14, 6), (10, 8), (9, 7), (8, 0), (6, 5), (4, 1), (2, 6), (1, 5)]
62
_q= 19
pq1= [(20, 3), (15, 2), (14, 6), (10, 8), (9, 7), (8, 0), (6, 5), (4, 1)]
pq2= [(84, 7), (44, 4), (37, 9), (31, 7), (24, 0), (23, 8), (20, 3), (16, 2), (15, 2), (14, 6), (10, 8), (9, 7), (8, 0), (6, 5), (4, 1), (2, 6), (1, 5)]
20
