0 0 0 0
0 0 1 2
0 0 1 3
0 0 4 7
0 0 4 8
0 0 4 9
0 0 4 10
0 0 4 11
0 0 5 13
0 0 5 14
0 0 5 15
0 0 5 16
0 0 5 17
0 0 5 18
0 1 1 2
0 1 1 3
0 1 2 2
0 1 3 3
0 1 4 8
0 1 4 9
0 1 4 10
0 1 4 11
0 1 4 12
0 1 5 13
0 1 5 14
0 1 5 15
0 1 5 16
0 1 5 17
0 1 5 18
0 2 3 6
0 2 3 7
0 2 3 8
0 2 3 9
0 2 4 6
0 2 4 7
0 2 4 8
0 2 4 9
0 2 4 10
0 2 5 7
0 2 5 8
0 2 6 8
0 2 11 18
0 2 11 19
0 2 12 19
0 3 4 11
0 3 4 12
0 3 4 13
0 3 4 14
0 3 4 15
0 3 5 12
0 3 5 13
0 3 5 14
0 3 5 15
0 3 5 16
0 3 5 17
0 3 10 13
0 3 11 14
0 3 12 15
0 3 13 16
0 4 4 7
0 4 4 8
0 4 4 9
0 4 4 10
0 4 4 11
0 4 5 17
0 4 5 18
0 4 5 19
0 4 6 7
0 4 7 7
0 4 8 8
0 4 9 9
0 4 10 10
0 4 11 11
0 4 13 15
0 4 14 16
0 4 15 17
0 4 16 18
0 4 17 19
0 5 5 13
0 5 5 14
0 5 5 15
0 5 5 16
0 5 5 17
0 5 5 18
0 5 8 9
0 5 9 10
0 5 10 11
0 5 10 12
0 5 10 13
0 5 10 14
0 5 10 17
0 5 11 12
0 5 11 13
0 5 11 14
0 5 11 15
0 5 11 18
0 5 12 13
0 5 12 14
0 5 13 13
0 5 14 14
0 5 15 15
0 5 16 16
0 5 17 17
0 5 18 18
0 6 9 18
0 6 9 19
0 6 11 16
0 6 12 17
0 6 13 17
0 6 13 18
0 6 14 18
0 6 14 19
0 6 15 19
0 7 12 18
0 7 13 19
0 10 18 19
1 1 1 2
1 1 1 3
1 1 2 2
1 1 3 3
1 1 4 8
1 1 4 9
1 1 4 10
1 1 4 11
1 1 4 12
1 1 5 13
1 1 5 14
1 1 5 15
1 1 5 16
1 1 5 17
1 1 5 18
1 2 2 2
1 2 3 6
1 2 3 7
1 2 3 8
1 2 3 9
1 2 4 7
1 2 4 8
1 2 4 9
1 2 4 10
1 2 4 11
1 2 5 8
1 3 3 3
1 3 4 11
1 3 4 12
1 3 4 13
1 3 4 14
1 3 4 15
1 3 5 12
1 3 5 13
1 3 5 14
1 3 5 15
1 3 5 16
1 3 5 17
1 4 4 8
1 4 4 9
1 4 4 10
1 4 4 11
1 4 4 12
1 4 5 18
1 4 5 19
1 4 6 7
1 4 6 8
1 4 7 8
1 4 7 9
1 4 8 8
1 4 9 9
1 4 10 10
1 4 11 11
1 4 12 12
1 4 15 18
1 4 16 19
1 5 5 13
1 5 5 14
1 5 5 15
1 5 5 16
1 5 5 17
1 5 5 18
1 5 7 9
1 5 8 9
1 5 8 10
1 5 9 10
1 5 9 11
1 5 9 12
1 5 10 11
1 5 10 12
1 5 10 13
1 5 10 14
1 5 10 15
1 5 10 17
1 5 11 12
1 5 11 13
1 5 11 14
1 5 11 15
1 5 11 16
1 5 11 18
1 5 12 13
1 5 12 14
1 5 12 15
1 5 13 13
1 5 14 14
1 5 15 15
1 5 16 16
1 5 17 17
1 5 18 18
1 6 9 18
1 6 9 19
1 6 10 12
1 6 10 13
1 6 11 16
1 6 11 17
1 6 12 17
1 6 12 18
1 6 13 18
1 6 13 19
1 6 14 16
1 6 14 19
1 6 15 17
1 6 16 18
1 7 12 18
1 7 13 19
1 7 15 18
1 7 16 19
1 10 18 19
2 2 3 6
2 2 3 7
2 2 3 8
2 2 3 9
2 2 4 6
2 2 4 7
2 2 4 8
2 2 4 9
2 2 4 10
2 2 5 7
2 2 5 8
2 2 6 8
2 2 11 18
2 2 11 19
2 2 12 19
2 3 3 6
2 3 3 7
2 3 3 8
2 3 3 9
2 3 4 6
2 3 5 6
2 3 5 7
2 3 6 6
2 3 7 7
2 3 8 8
2 3 9 9
2 4 4 6
2 4 4 7
2 4 4 8
2 4 4 9
2 4 4 10
2 4 5 7
2 4 6 6
2 4 7 7
2 4 8 8
2 4 9 9
2 4 10 10
2 4 11 12
2 4 12 13
2 4 13 14
2 4 14 15
2 4 15 16
2 5 5 7
2 5 5 8
2 5 6 8
2 5 7 7
2 5 8 8
2 5 9 10
2 5 9 18
2 5 9 19
2 5 10 11
2 5 10 19
2 5 11 12
2 5 12 13
2 5 13 14
2 5 14 15
2 6 6 8
2 6 7 14
2 6 7 16
2 6 7 17
2 6 7 18
2 6 8 8
2 6 9 18
2 6 9 19
2 6 10 17
2 6 10 19
2 6 13 18
2 6 14 19
2 7 8 15
2 7 8 16
2 7 8 17
2 7 8 18
2 7 8 19
2 7 9 16
2 7 9 17
2 7 9 18
2 7 9 19
2 7 10 18
2 7 11 18
2 7 11 19
2 8 9 16
2 8 9 17
2 8 9 18
2 8 9 19
2 8 10 17
2 8 10 18
2 8 10 19
2 8 11 19
2 8 12 19
2 9 11 18
2 9 11 19
2 10 13 14
2 11 11 18
2 11 11 19
2 11 14 15
2 11 18 18
2 11 19 19
2 12 12 19
2 12 15 16
2 12 19 19
3 3 4 11
3 3 4 12
3 3 4 13
3 3 4 14
3 3 4 15
3 3 5 12
3 3 5 13
3 3 5 14
3 3 5 15
3 3 5 16
3 3 5 17
3 3 10 13
3 3 11 14
3 3 12 15
3 3 13 16
3 4 4 11
3 4 4 12
3 4 4 13
3 4 4 14
3 4 4 15
3 4 5 6
3 4 7 8
3 4 7 9
3 4 8 9
3 4 8 10
3 4 8 11
3 4 8 13
3 4 8 14
3 4 9 10
3 4 9 11
3 4 9 12
3 4 9 14
3 4 9 15
3 4 10 12
3 4 10 13
3 4 10 15
3 4 10 16
3 4 11 11
3 4 12 12
3 4 13 13
3 4 14 14
3 4 15 15
3 5 5 12
3 5 5 13
3 5 5 14
3 5 5 15
3 5 5 16
3 5 5 17
3 5 6 7
3 5 7 8
3 5 8 9
3 5 8 14
3 5 9 10
3 5 9 12
3 5 9 15
3 5 10 11
3 5 10 13
3 5 10 16
3 5 11 12
3 5 11 14
3 5 11 17
3 5 12 12
3 5 13 13
3 5 14 14
3 5 15 15
3 5 16 16
3 5 17 17
3 6 7 8
3 6 8 11
3 6 9 14
3 6 9 15
3 6 10 15
3 6 10 16
3 6 11 16
3 6 11 17
3 6 12 17
3 6 12 18
3 6 12 19
3 6 13 18
3 6 13 19
3 6 14 19
3 7 8 9
3 7 9 12
3 7 10 14
3 7 10 16
3 7 11 15
3 7 11 17
3 7 12 18
3 7 13 19
3 8 10 13
3 8 11 14
3 8 11 15
3 8 12 16
3 9 11 14
3 9 12 15
3 9 12 16
3 9 13 17
3 10 10 13
3 10 13 13
3 10 14 18
3 10 17 18
3 10 17 19
3 10 18 19
3 11 11 14
3 11 14 14
3 12 12 15
3 12 15 15
3 13 13 16
3 13 16 16
4 4 4 7
4 4 4 8
4 4 4 9
4 4 4 10
4 4 4 11
4 4 5 17
4 4 5 18
4 4 5 19
4 4 6 7
4 4 7 7
4 4 8 8
4 4 9 9
4 4 10 10
4 4 11 11
4 4 13 15
4 4 14 16
4 4 15 17
4 4 16 18
4 4 17 19
4 5 5 17
4 5 5 18
4 5 5 19
4 5 10 14
4 5 10 17
4 5 10 18
4 5 10 19
4 5 11 15
4 5 11 18
4 5 11 19
4 5 12 13
4 5 12 14
4 5 12 16
4 5 12 18
4 5 12 19
4 5 13 14
4 5 13 15
4 5 13 17
4 5 13 19
4 5 14 15
4 5 14 16
4 5 14 18
4 5 15 16
4 5 15 17
4 5 15 19
4 5 16 17
4 5 16 18
4 5 17 17
4 5 18 18
4 5 19 19
4 6 6 7
4 6 7 7
4 6 10 18
4 6 10 19
4 6 11 16
4 6 11 19
4 6 12 17
4 6 13 18
4 6 14 19
4 7 7 7
4 8 8 8
4 9 9 9
4 10 10 10
4 11 11 11
4 11 12 14
4 12 13 15
4 13 13 15
4 13 14 15
4 13 14 16
4 13 15 15
4 14 14 16
4 14 15 16
4 14 15 17
4 14 16 16
4 15 15 17
4 15 16 17
4 15 16 18
4 15 17 17
4 15 18 19
4 16 16 18
4 16 17 18
4 16 18 18
4 17 17 19
4 17 18 19
4 17 19 19
5 5 5 13
5 5 5 14
5 5 5 15
5 5 5 16
5 5 5 17
5 5 5 18
5 5 8 9
5 5 9 10
5 5 10 11
5 5 10 12
5 5 10 13
5 5 10 14
5 5 10 17
5 5 11 12
5 5 11 13
5 5 11 14
5 5 11 15
5 5 11 18
5 5 12 13
5 5 12 14
5 5 13 13
5 5 14 14
5 5 15 15
5 5 16 16
5 5 17 17
5 5 18 18
5 6 10 17
5 6 13 16
5 6 13 18
5 6 14 17
5 6 14 19
5 6 15 18
5 7 10 14
5 7 10 17
5 7 11 15
5 7 11 18
5 7 12 16
5 7 12 19
5 7 13 17
5 7 14 18
5 7 15 19
5 8 8 9
5 8 9 9
5 8 11 18
5 8 12 19
5 9 9 10
5 9 10 10
5 10 10 11
5 10 10 12
5 10 10 13
5 10 10 14
5 10 10 17
5 10 11 11
5 10 12 12
5 10 13 13
5 10 14 14
5 10 17 17
5 11 11 12
5 11 11 13
5 11 11 14
5 11 11 15
5 11 11 18
5 11 12 12
5 11 13 13
5 11 14 14
5 11 15 15
5 11 18 18
5 12 12 13
5 12 12 14
5 12 13 13
5 12 14 14
5 13 13 13
5 14 14 14
5 15 15 15
5 16 16 16
5 17 17 17
5 18 18 18
6 6 9 18
6 6 9 19
6 6 11 16
6 6 12 17
6 6 13 17
6 6 13 18
6 6 14 18
6 6 14 19
6 6 15 19
6 7 9 17
6 7 9 18
6 7 9 19
6 7 10 19
6 7 13 14
6 8 12 17
6 9 9 18
6 9 9 19
6 9 10 14
6 9 10 15
6 9 10 16
6 9 11 15
6 9 11 16
6 9 13 17
6 9 14 16
6 9 14 17
6 9 15 17
6 9 15 18
6 9 16 18
6 9 17 19
6 9 18 18
6 9 19 19
6 10 11 15
6 10 11 16
6 10 11 17
6 10 11 19
6 10 14 19
6 10 18 19
6 11 11 16
6 11 12 16
6 11 12 17
6 11 12 18
6 11 13 17
6 11 13 18
6 11 14 16
6 11 14 19
6 11 16 16
6 12 12 17
6 12 13 17
6 12 13 18
6 12 13 19
6 12 14 18
6 12 14 19
6 12 15 16
6 12 15 17
6 12 17 17
6 12 18 19
6 13 13 17
6 13 13 18
6 13 14 18
6 13 14 19
6 13 15 18
6 13 15 19
6 13 16 17
6 13 16 18
6 13 17 17
6 13 18 18
6 14 14 18
6 14 14 19
6 14 15 19
6 14 17 19
6 14 18 18
6 14 19 19
6 15 15 19
6 15 19 19
7 7 12 18
7 7 13 19
7 8 12 16
7 9 14 16
7 9 15 17
7 9 16 18
7 9 17 19
7 10 11 14
7 10 12 18
7 10 13 16
7 10 15 19
7 11 12 15
7 11 13 17
7 11 13 18
7 11 13 19
7 11 14 17
7 12 12 18
7 12 13 16
7 12 18 18
7 13 13 19
7 13 14 17
7 13 17 18
7 13 19 19
7 14 15 18
7 14 18 19
7 15 16 19
8 9 10 17
8 9 10 18
8 9 10 19
10 10 18 19
10 15 16 17
10 15 17 18
10 16 17 18
10 16 18 19
10 17 18 19
10 18 18 19
10 18 19 19
12 16 17 19
