start main_loop
main start
q:  4 5
1 3
1 4
2 3
2 4
3 4

M= 140110015172608 N= 0
a= 140110015172607 b= 140110013095879
/usr/include/c++/9/debug/vector:427:
In function:
    std::__debug::vector<_Tp, _Allocator>::reference 
    std::__debug::vector<_Tp, 
    _Allocator>::operator[](std::__debug::vector<_Tp, 
    _Allocator>::size_type) [with _Tp = std::__debug::vector<bool, 
    std::allocator<bool> >; _Allocator = 
    std::allocator<std::__debug::vector<bool, std::allocator<bool> > >; 
    std::__debug::vector<_Tp, _Allocator>::reference = 
    std::__debug::vector<bool, std::allocator<bool> >&; 
    std::__debug::vector<_Tp, _Allocator>::size_type = long unsigned int]

Error: attempt to subscript container with out-of-bounds index 
140110015172607, but container only holds 0 elements.

Objects involved in the operation:
    sequence "this" @ 0x0x7fffe65502d0 {
      type = std::__debug::vector<std::__debug::vector<bool, std::allocator<bool> >, std::allocator<std::__debug::vector<bool, std::allocator<bool> > > >;
    }

Test Program (body) seems to die.
msg, s_body, s_naive body program has died. None None

FATAL: id = x11: body program has died.
-- input (din_x11.txt) --
4 5
1 3
1 4
2 3
2 4
3 4
