tblY[0,2,0,1] = 3
tblY[0,1,0,1] = 2
tblY[0,0,0,1] = 1
tblY[0,2,1,2] = 3
tblY[0,1,1,2] = 3
tblY[0,0,1,2] = 3
tblY[0,2,2,3] = 3
tblY[0,1,2,3] = 3
tblY[0,0,2,3] = 3
tblY[0,0,0,2] = 1
tblY[0,0,0,3] = 0
tblY[0,0,1,3] = 0
tblY[0,1,0,2] = 1
tblY[0,1,0,3] = 1
tblY[0,1,1,3] = 1
tblY[0,2,0,2] = 3
tblY[0,2,0,3] = 2
tblY[0,2,1,3] = 2
y1 = 0, y2 = 1, xc = 1
a[1,0,0,1] --> 2
y1 = 0, y2 = 2, xc = 1
a[1,0,0,2] --> 1
y1 = 0, y2 = 3, xc = 0
b[1,0,0,3] --> 1
y1 = 1, y2 = 2, xc = 3
a[1,0,1,2] --> 3
y1 = 1, y2 = 3, xc = 0
b[1,0,1,3] --> 3
y1 = 2, y2 = 3, xc = 3
a[1,0,2,3] --> 3
y1 = 0, y2 = 1, xc = 2
a[1,1,0,1] --> 3
y1 = 0, y2 = 2, xc = 1
b[1,1,0,2] --> 2
c[1,1,0,3] --> 1
y1 = 1, y2 = 2, xc = 3
a[1,1,1,2] --> 3
y1 = 1, y2 = 3, xc = 1
b[1,1,1,3] --> 3
y1 = 2, y2 = 3, xc = 3
a[1,1,2,3] --> 3
y1 = 0, y2 = 1, xc = 3
a[1,2,0,1] --> 3
y1 = 0, y2 = 2, xc = 3
a[1,2,0,2] --> 3
y1 = 0, y2 = 3, xc = 2
b[1,2,0,3] --> 3
y1 = 1, y2 = 2, xc = 3
a[1,2,1,2] --> 3
y1 = 1, y2 = 3, xc = 2
b[1,2,1,3] --> 3
y1 = 2, y2 = 3, xc = 3
a[1,2,2,3] --> 3
y1 = 0, y2 = 1, xc = 2
a[2,0,0,1] --> 3
y1 = 0, y2 = 2, xc = 1
a[2,0,0,2] --> 2
y1 = 0, y2 = 3, xc = 1
a[2,0,0,3] --> 1
y1 = 1, y2 = 2, xc = 3
a[2,0,1,2] --> 3
y1 = 1, y2 = 3, xc = 3
a[2,0,1,3] --> 3
y1 = 2, y2 = 3, xc = 3
a[2,0,2,3] --> 3
y1 = 0, y2 = 1, xc = 3
a[2,1,0,1] --> 3
y1 = 0, y2 = 2, xc = 2
a[2,1,0,2] --> 3
y1 = 0, y2 = 3, xc = 1
b[2,1,0,3] --> 2
y1 = 1, y2 = 2, xc = 3
a[2,1,1,2] --> 3
y1 = 1, y2 = 3, xc = 3
a[2,1,1,3] --> 3
y1 = 2, y2 = 3, xc = 3
a[2,1,2,3] --> 3
y1 = 0, y2 = 1, xc = 3
a[2,2,0,1] --> 3
y1 = 0, y2 = 2, xc = 3
a[2,2,0,2] --> 3
y1 = 0, y2 = 3, xc = 3
a[2,2,0,3] --> 3
y1 = 1, y2 = 2, xc = 3
a[2,2,1,2] --> 3
y1 = 1, y2 = 3, xc = 3
a[2,2,1,3] --> 3
y1 = 2, y2 = 3, xc = 3
a[2,2,2,3] --> 3
y1 = 0, y2 = 1, xc = 3
a[3,0,0,1] --> 3
y1 = 0, y2 = 2, xc = 2
a[3,0,0,2] --> 3
y1 = 0, y2 = 3, xc = 1
a[3,0,0,3] --> 2
y1 = 1, y2 = 2, xc = 3
a[3,0,1,2] --> 3
y1 = 1, y2 = 3, xc = 3
a[3,0,1,3] --> 3
y1 = 2, y2 = 3, xc = 3
a[3,0,2,3] --> 3
y1 = 0, y2 = 1, xc = 3
a[3,1,0,1] --> 3
y1 = 0, y2 = 2, xc = 3
a[3,1,0,2] --> 3
y1 = 0, y2 = 3, xc = 2
a[3,1,0,3] --> 3
y1 = 1, y2 = 2, xc = 3
a[3,1,1,2] --> 3
y1 = 1, y2 = 3, xc = 3
a[3,1,1,3] --> 3
y1 = 2, y2 = 3, xc = 3
a[3,1,2,3] --> 3
y1 = 0, y2 = 1, xc = 3
a[3,2,0,1] --> 3
y1 = 0, y2 = 2, xc = 3
a[3,2,0,2] --> 3
y1 = 0, y2 = 3, xc = 3
a[3,2,0,3] --> 3
y1 = 1, y2 = 2, xc = 3
a[3,2,1,2] --> 3
y1 = 1, y2 = 3, xc = 3
a[3,2,1,3] --> 3
y1 = 2, y2 = 3, xc = 3
a[3,2,2,3] --> 3
y1 = 0, y2 = 1, xc = 3
a[4,0,0,1] --> 3
y1 = 0, y2 = 2, xc = 3
a[4,0,0,2] --> 3
y1 = 0, y2 = 3, xc = 2
a[4,0,0,3] --> 3
4
