vn= [0, 0, 0, 0] nrot[vn]= 4
vn= [0, 0, 1, 1] nrot[vn]= 1
vn= [0, 1, 0, 1] nrot[vn]= 2
vn= [1, 1, 1, 1] nrot[vn]= 4
mp= [[0, 0, 0, 0]: 1, [0, 0, 1, 1]: 4, [0, 1, 0, 1]: 2, [1, 1, 1, 1]: 1]
v1= [0, 0, 0, 0] num1= 1
   v2= [0, 0, 1, 1] num2= 4
   us= [[0, 0, 0, 0], [0, 0, 0, 1], [0, 0, 1, 1], [0, 0, 0, 1]]
     k= 0 u= [0, 0, 0, 0] cnt= 4 x= 0
   w= [0, 0, 1, 1] p= 0 cnt= 0
   us= [[0, 0, 0, 1], [0, 0, 0, 0], [0, 0, 0, 1], [0, 0, 1, 1]]
     k= 0 u= [0, 0, 0, 1] cnt= 4 x= 0
   w= [0, 1, 1, 0] p= 1 cnt= 0
   us= [[0, 0, 1, 1], [0, 0, 0, 1], [0, 0, 0, 0], [0, 0, 0, 1]]
     k= 0 u= [0, 0, 1, 1] cnt= 4 x= 3
     k= 1 u= [0, 0, 0, 1] cnt= 12 x= 0
   w= [1, 1, 0, 0] p= 2 cnt= 0
   us= [[0, 0, 0, 1], [0, 0, 1, 1], [0, 0, 0, 1], [0, 0, 0, 0]]
     k= 0 u= [0, 0, 0, 1] cnt= 4 x= 0
   w= [1, 0, 0, 1] p= 3 cnt= 0
   v2= [0, 1, 0, 1] num2= 2
   us= [[0, 0, 0, 1], [0, 0, 0, 1], [0, 0, 0, 1], [0, 0, 0, 1]]
     k= 0 u= [0, 0, 0, 1] cnt= 2 x= 0
   w= [0, 1, 0, 1] p= 0 cnt= 0
   us= [[0, 0, 0, 1], [0, 0, 0, 1], [0, 0, 0, 1], [0, 0, 0, 1]]
     k= 0 u= [0, 0, 0, 1] cnt= 2 x= 0
   w= [1, 0, 1, 0] p= 1 cnt= 0
   us= [[0, 0, 0, 1], [0, 0, 0, 1], [0, 0, 0, 1], [0, 0, 0, 1]]
     k= 0 u= [0, 0, 0, 1] cnt= 2 x= 0
   w= [0, 1, 0, 1] p= 2 cnt= 0
   us= [[0, 0, 0, 1], [0, 0, 0, 1], [0, 0, 0, 1], [0, 0, 0, 1]]
     k= 0 u= [0, 0, 0, 1] cnt= 2 x= 0
   w= [1, 0, 1, 0] p= 3 cnt= 0
   v2= [1, 1, 1, 1] num2= 1
   us= [[0, 0, 1, 1], [0, 0, 1, 1], [0, 0, 1, 1], [0, 0, 1, 1]]
     k= 0 u= [0, 0, 1, 1] cnt= 1 x= 4
     k= 1 u= [0, 0, 1, 1] cnt= 4 x= 3
     k= 2 u= [0, 0, 1, 1] cnt= 12 x= 2
     k= 3 u= [0, 0, 1, 1] cnt= 24 x= 1
   w= [1, 1, 1, 1] p= 0 cnt= 24
   us= [[0, 0, 1, 1], [0, 0, 1, 1], [0, 0, 1, 1], [0, 0, 1, 1]]
     k= 0 u= [0, 0, 1, 1] cnt= 1 x= 4
     k= 1 u= [0, 0, 1, 1] cnt= 4 x= 3
     k= 2 u= [0, 0, 1, 1] cnt= 12 x= 2
     k= 3 u= [0, 0, 1, 1] cnt= 24 x= 1
   w= [1, 1, 1, 1] p= 1 cnt= 24
   us= [[0, 0, 1, 1], [0, 0, 1, 1], [0, 0, 1, 1], [0, 0, 1, 1]]
     k= 0 u= [0, 0, 1, 1] cnt= 1 x= 4
     k= 1 u= [0, 0, 1, 1] cnt= 4 x= 3
     k= 2 u= [0, 0, 1, 1] cnt= 12 x= 2
     k= 3 u= [0, 0, 1, 1] cnt= 24 x= 1
   w= [1, 1, 1, 1] p= 2 cnt= 24
   us= [[0, 0, 1, 1], [0, 0, 1, 1], [0, 0, 1, 1], [0, 0, 1, 1]]
     k= 0 u= [0, 0, 1, 1] cnt= 1 x= 4
     k= 1 u= [0, 0, 1, 1] cnt= 4 x= 3
     k= 2 u= [0, 0, 1, 1] cnt= 12 x= 2
     k= 3 u= [0, 0, 1, 1] cnt= 24 x= 1
   w= [1, 1, 1, 1] p= 3 cnt= 24
v1= [0, 0, 1, 1] num1= 4
   v2= [0, 0, 1, 1] num2= 3
   us= [[0, 0, 0, 0], [0, 0, 1, 1], [1, 1, 1, 1], [0, 0, 1, 1]]
     k= 0 u= [0, 0, 0, 0] cnt= 3 x= 0
   w= [0, 0, 1, 1] p= 0 cnt= 0
   us= [[0, 0, 0, 1], [0, 0, 0, 1], [0, 1, 1, 1], [0, 1, 1, 1]]
     k= 0 u= [0, 0, 0, 1] cnt= 3 x= 0
   w= [0, 1, 1, 0] p= 1 cnt= 0
   us= [[0, 0, 1, 1], [0, 1, 0, 1], [0, 0, 1, 1], [0, 1, 0, 1]]
     k= 0 u= [0, 0, 1, 1] cnt= 3 x= 2
     k= 1 u= [0, 1, 0, 1] cnt= 6 x= 4
     k= 2 u= [0, 0, 1, 1] cnt= 24 x= 1
     k= 3 u= [0, 1, 0, 1] cnt= 24 x= 2
   w= [1, 1, 0, 0] p= 2 cnt= 48
   us= [[0, 0, 0, 1], [0, 1, 1, 1], [0, 1, 1, 1], [0, 0, 0, 1]]
     k= 0 u= [0, 0, 0, 1] cnt= 3 x= 0
   w= [1, 0, 0, 1] p= 3 cnt= 0
   v2= [0, 1, 0, 1] num2= 2
   us= [[0, 0, 0, 1], [0, 0, 1, 1], [0, 1, 1, 1], [0, 1, 0, 1]]
     k= 0 u= [0, 0, 0, 1] cnt= 2 x= 0
   w= [0, 1, 0, 1] p= 0 cnt= 0
   us= [[0, 0, 0, 1], [0, 1, 0, 1], [0, 1, 1, 1], [0, 0, 1, 1]]
     k= 0 u= [0, 0, 0, 1] cnt= 2 x= 0
   w= [1, 0, 1, 0] p= 1 cnt= 0
   us= [[0, 0, 0, 1], [0, 0, 1, 1], [0, 1, 1, 1], [0, 1, 0, 1]]
     k= 0 u= [0, 0, 0, 1] cnt= 2 x= 0
   w= [0, 1, 0, 1] p= 2 cnt= 0
   us= [[0, 0, 0, 1], [0, 1, 0, 1], [0, 1, 1, 1], [0, 0, 1, 1]]
     k= 0 u= [0, 0, 0, 1] cnt= 2 x= 0
   w= [1, 0, 1, 0] p= 3 cnt= 0
   v2= [1, 1, 1, 1] num2= 1
   us= [[0, 0, 1, 1], [0, 1, 1, 1], [1, 1, 1, 1], [0, 1, 1, 1]]
     k= 0 u= [0, 0, 1, 1] cnt= 1 x= 3
     k= 1 u= [0, 1, 1, 1] cnt= 3 x= 0
   w= [1, 1, 1, 1] p= 0 cnt= 0
   us= [[0, 0, 1, 1], [0, 1, 1, 1], [1, 1, 1, 1], [0, 1, 1, 1]]
     k= 0 u= [0, 0, 1, 1] cnt= 1 x= 3
     k= 1 u= [0, 1, 1, 1] cnt= 3 x= 0
   w= [1, 1, 1, 1] p= 1 cnt= 0
   us= [[0, 0, 1, 1], [0, 1, 1, 1], [1, 1, 1, 1], [0, 1, 1, 1]]
     k= 0 u= [0, 0, 1, 1] cnt= 1 x= 3
     k= 1 u= [0, 1, 1, 1] cnt= 3 x= 0
   w= [1, 1, 1, 1] p= 2 cnt= 0
   us= [[0, 0, 1, 1], [0, 1, 1, 1], [1, 1, 1, 1], [0, 1, 1, 1]]
     k= 0 u= [0, 0, 1, 1] cnt= 1 x= 3
     k= 1 u= [0, 1, 1, 1] cnt= 3 x= 0
   w= [1, 1, 1, 1] p= 3 cnt= 0
v1= [0, 0, 1, 1] num1= 3
   v2= [0, 0, 1, 1] num2= 2
   us= [[0, 0, 0, 0], [0, 0, 1, 1], [1, 1, 1, 1], [0, 0, 1, 1]]
     k= 0 u= [0, 0, 0, 0] cnt= 2 x= 0
   w= [0, 0, 1, 1] p= 0 cnt= 0
   us= [[0, 0, 0, 1], [0, 0, 0, 1], [0, 1, 1, 1], [0, 1, 1, 1]]
     k= 0 u= [0, 0, 0, 1] cnt= 2 x= 0
   w= [0, 1, 1, 0] p= 1 cnt= 0
   us= [[0, 0, 1, 1], [0, 1, 0, 1], [0, 0, 1, 1], [0, 1, 0, 1]]
     k= 0 u= [0, 0, 1, 1] cnt= 2 x= 1
     k= 1 u= [0, 1, 0, 1] cnt= 2 x= 4
     k= 2 u= [0, 0, 1, 1] cnt= 8 x= 0
   w= [1, 1, 0, 0] p= 2 cnt= 0
   us= [[0, 0, 0, 1], [0, 1, 1, 1], [0, 1, 1, 1], [0, 0, 0, 1]]
     k= 0 u= [0, 0, 0, 1] cnt= 2 x= 0
   w= [1, 0, 0, 1] p= 3 cnt= 0
   v2= [0, 1, 0, 1] num2= 2
   us= [[0, 0, 0, 1], [0, 0, 1, 1], [0, 1, 1, 1], [0, 1, 0, 1]]
     k= 0 u= [0, 0, 0, 1] cnt= 2 x= 0
   w= [0, 1, 0, 1] p= 0 cnt= 0
   us= [[0, 0, 0, 1], [0, 1, 0, 1], [0, 1, 1, 1], [0, 0, 1, 1]]
     k= 0 u= [0, 0, 0, 1] cnt= 2 x= 0
   w= [1, 0, 1, 0] p= 1 cnt= 0
   us= [[0, 0, 0, 1], [0, 0, 1, 1], [0, 1, 1, 1], [0, 1, 0, 1]]
     k= 0 u= [0, 0, 0, 1] cnt= 2 x= 0
   w= [0, 1, 0, 1] p= 2 cnt= 0
   us= [[0, 0, 0, 1], [0, 1, 0, 1], [0, 1, 1, 1], [0, 0, 1, 1]]
     k= 0 u= [0, 0, 0, 1] cnt= 2 x= 0
   w= [1, 0, 1, 0] p= 3 cnt= 0
   v2= [1, 1, 1, 1] num2= 1
   us= [[0, 0, 1, 1], [0, 1, 1, 1], [1, 1, 1, 1], [0, 1, 1, 1]]
     k= 0 u= [0, 0, 1, 1] cnt= 1 x= 2
     k= 1 u= [0, 1, 1, 1] cnt= 2 x= 0
   w= [1, 1, 1, 1] p= 0 cnt= 0
   us= [[0, 0, 1, 1], [0, 1, 1, 1], [1, 1, 1, 1], [0, 1, 1, 1]]
     k= 0 u= [0, 0, 1, 1] cnt= 1 x= 2
     k= 1 u= [0, 1, 1, 1] cnt= 2 x= 0
   w= [1, 1, 1, 1] p= 1 cnt= 0
   us= [[0, 0, 1, 1], [0, 1, 1, 1], [1, 1, 1, 1], [0, 1, 1, 1]]
     k= 0 u= [0, 0, 1, 1] cnt= 1 x= 2
     k= 1 u= [0, 1, 1, 1] cnt= 2 x= 0
   w= [1, 1, 1, 1] p= 2 cnt= 0
   us= [[0, 0, 1, 1], [0, 1, 1, 1], [1, 1, 1, 1], [0, 1, 1, 1]]
     k= 0 u= [0, 0, 1, 1] cnt= 1 x= 2
     k= 1 u= [0, 1, 1, 1] cnt= 2 x= 0
   w= [1, 1, 1, 1] p= 3 cnt= 0
