(0, ) / [(3, (1, ba)), (4, (1, abc)), (5, (1, cbaa))]
(0, a) / [(3, (1, b)), (5, (1, cba))]
(0, aa) / [(5, (1, cb))]
(0, aab) / [(5, (1, c))]
(0, aabc) / [(5, (1, ))]
(0, ab) / [(3, (1, ))]
(0, abc) / [(3, (1, c))]
(0, c) / [(4, (1, ab))]
(0, cb) / [(4, (1, a))]
(0, cba) / [(4, (1, ))]
(0, cbaa) / [(4, (1, a))]
(1, ) / [(3, (0, ba)), (4, (0, abc)), (5, (0, cbaa))]
(1, a) / [(4, (0, bc))]
(1, aabc) / [(5, (0, ))]
(1, ab) / [(3, (0, )), (3, (1, ))]
(1, abc) / [(5, (0, a))]
(1, b) / [(3, (0, a))]
(1, ba) / [(4, (0, c))]
(1, bc) / [(5, (0, aa))]
(1, c) / [(5, (0, baa))]
(1, cba) / [(4, (0, )), (4, (1, ))]
-1
