rep= 9999 cur[0]= 99999.5
rep= 9998 cur[0]= 99999
rep= 9997 cur[0]= 99998.5
rep= 9996 cur[0]= 99998
rep= 9995 cur[0]= 99997.5
rep= 9994 cur[0]= 99997
rep= 9993 cur[0]= 99996.5
rep= 9992 cur[0]= 99996
rep= 9991 cur[0]= 99995.5
rep= 9990 cur[0]= 99995
rep= 9989 cur[0]= 99994.5
rep= 9988 cur[0]= 99994
rep= 9987 cur[0]= 99993.5
rep= 9986 cur[0]= 99993
rep= 9985 cur[0]= 99992.5
rep= 9984 cur[0]= 99992
rep= 9983 cur[0]= 99991.5
rep= 9982 cur[0]= 99991
rep= 9981 cur[0]= 99990.5
rep= 9980 cur[0]= 99990
rep= 9979 cur[0]= 99989.5
rep= 9978 cur[0]= 99989
rep= 9977 cur[0]= 99988.5
rep= 9976 cur[0]= 99988
rep= 9975 cur[0]= 99987.5
rep= 9974 cur[0]= 99987
rep= 9973 cur[0]= 99986.5
rep= 9972 cur[0]= 99986
rep= 9971 cur[0]= 99985.5
rep= 9970 cur[0]= 99985
rep= 9969 cur[0]= 99984.5
rep= 9968 cur[0]= 99984
rep= 9967 cur[0]= 99983.5
rep= 9966 cur[0]= 99983
rep= 9965 cur[0]= 99982.5
rep= 9964 cur[0]= 99982
rep= 9963 cur[0]= 99981.5
rep= 9962 cur[0]= 99981
rep= 9961 cur[0]= 99980.5
rep= 9960 cur[0]= 99980
rep= 9959 cur[0]= 99979.5
rep= 9958 cur[0]= 99979
rep= 9957 cur[0]= 99978.5
rep= 9956 cur[0]= 99978
rep= 9955 cur[0]= 99977.5
rep= 9954 cur[0]= 99977
rep= 9953 cur[0]= 99976.5
rep= 9952 cur[0]= 99976
rep= 9951 cur[0]= 99975.5
rep= 9950 cur[0]= 99975
rep= 9949 cur[0]= 99974.5
rep= 9948 cur[0]= 99974
rep= 9947 cur[0]= 99973.5
rep= 9946 cur[0]= 99973
rep= 9945 cur[0]= 99972.5
rep= 9944 cur[0]= 99972
rep= 9943 cur[0]= 99971.5
rep= 9942 cur[0]= 99971
rep= 9941 cur[0]= 99970.5
rep= 9940 cur[0]= 99970
rep= 9939 cur[0]= 99969.5
rep= 9938 cur[0]= 99969
rep= 9937 cur[0]= 99968.5
rep= 9936 cur[0]= 99968
rep= 9935 cur[0]= 99967.5
rep= 9934 cur[0]= 99967
rep= 9933 cur[0]= 99966.5
rep= 9932 cur[0]= 99966
rep= 9931 cur[0]= 99965.5
rep= 9930 cur[0]= 99965
rep= 9929 cur[0]= 99964.5
rep= 9928 cur[0]= 99964
rep= 9927 cur[0]= 99963.5
rep= 9926 cur[0]= 99963
rep= 9925 cur[0]= 99962.5
rep= 9924 cur[0]= 99962
rep= 9923 cur[0]= 99961.5
rep= 9922 cur[0]= 99961
rep= 9921 cur[0]= 99960.5
rep= 9920 cur[0]= 99960
rep= 9919 cur[0]= 99959.5
rep= 9918 cur[0]= 99959
rep= 9917 cur[0]= 99958.5
rep= 9916 cur[0]= 99958
rep= 9915 cur[0]= 99957.5
rep= 9914 cur[0]= 99957
rep= 9913 cur[0]= 99956.5
rep= 9912 cur[0]= 99956
rep= 9911 cur[0]= 99955.5
rep= 9910 cur[0]= 99955
rep= 9909 cur[0]= 99954.5
rep= 9908 cur[0]= 99954
rep= 9907 cur[0]= 99953.5
rep= 9906 cur[0]= 99953
rep= 9905 cur[0]= 99952.5
rep= 9904 cur[0]= 99952
rep= 9903 cur[0]= 99951.5
rep= 9902 cur[0]= 99951
rep= 9901 cur[0]= 99950.5
rep= 9900 cur[0]= 99950
rep= 9899 cur[0]= 99949.5
rep= 9898 cur[0]= 99949
rep= 9897 cur[0]= 99948.5
rep= 9896 cur[0]= 99948
rep= 9895 cur[0]= 99947.5
rep= 9894 cur[0]= 99947
rep= 9893 cur[0]= 99946.5
rep= 9892 cur[0]= 99946
rep= 9891 cur[0]= 99945.5
rep= 9890 cur[0]= 99945
rep= 9889 cur[0]= 99944.5
rep= 9888 cur[0]= 99944
rep= 9887 cur[0]= 99943.5
rep= 9886 cur[0]= 99943
rep= 9885 cur[0]= 99942.5
rep= 9884 cur[0]= 99942
rep= 9883 cur[0]= 99941.5
rep= 9882 cur[0]= 99941
rep= 9881 cur[0]= 99940.5
rep= 9880 cur[0]= 99940
rep= 9879 cur[0]= 99939.5
rep= 9878 cur[0]= 99939
rep= 9877 cur[0]= 99938.5
rep= 9876 cur[0]= 99938
rep= 9875 cur[0]= 99937.5
rep= 9874 cur[0]= 99937
rep= 9873 cur[0]= 99936.5
rep= 9872 cur[0]= 99936
rep= 9871 cur[0]= 99935.5
rep= 9870 cur[0]= 99935
rep= 9869 cur[0]= 99934.5
rep= 9868 cur[0]= 99934
rep= 9867 cur[0]= 99933.5
rep= 9866 cur[0]= 99933
rep= 9865 cur[0]= 99932.5
rep= 9864 cur[0]= 99932
rep= 9863 cur[0]= 99931.5
rep= 9862 cur[0]= 99931
rep= 9861 cur[0]= 99930.5
rep= 9860 cur[0]= 99930
rep= 9859 cur[0]= 99929.5
rep= 9858 cur[0]= 99929
rep= 9857 cur[0]= 99928.5
rep= 9856 cur[0]= 99928
rep= 9855 cur[0]= 99927.5
rep= 9854 cur[0]= 99927
rep= 9853 cur[0]= 99926.5
rep= 9852 cur[0]= 99926
rep= 9851 cur[0]= 99925.5
rep= 9850 cur[0]= 99925
rep= 9849 cur[0]= 99924.5
rep= 9848 cur[0]= 99924
rep= 9847 cur[0]= 99923.5
rep= 9846 cur[0]= 99923
rep= 9845 cur[0]= 99922.5
rep= 9844 cur[0]= 99922
rep= 9843 cur[0]= 99921.5
rep= 9842 cur[0]= 99921
rep= 9841 cur[0]= 99920.5
rep= 9840 cur[0]= 99920
rep= 9839 cur[0]= 99919.5
rep= 9838 cur[0]= 99919
rep= 9837 cur[0]= 99918.5
rep= 9836 cur[0]= 99918
rep= 9835 cur[0]= 99917.5
rep= 9834 cur[0]= 99917
rep= 9833 cur[0]= 99916.5
rep= 9832 cur[0]= 99916
rep= 9831 cur[0]= 99915.5
rep= 9830 cur[0]= 99915
rep= 9829 cur[0]= 99914.5
rep= 9828 cur[0]= 99914
rep= 9827 cur[0]= 99913.5
rep= 9826 cur[0]= 99913
rep= 9825 cur[0]= 99912.5
rep= 9824 cur[0]= 99912
rep= 9823 cur[0]= 99911.5
rep= 9822 cur[0]= 99911
rep= 9821 cur[0]= 99910.5
rep= 9820 cur[0]= 99910
rep= 9819 cur[0]= 99909.5
rep= 9818 cur[0]= 99909
rep= 9817 cur[0]= 99908.5
rep= 9816 cur[0]= 99908
rep= 9815 cur[0]= 99907.5
rep= 9814 cur[0]= 99907
rep= 9813 cur[0]= 99906.5
rep= 9812 cur[0]= 99906
rep= 9811 cur[0]= 99905.5
rep= 9810 cur[0]= 99905
rep= 9809 cur[0]= 99904.5
rep= 9808 cur[0]= 99904
rep= 9807 cur[0]= 99903.5
rep= 9806 cur[0]= 99903
rep= 9805 cur[0]= 99902.5
rep= 9804 cur[0]= 99902
rep= 9803 cur[0]= 99901.5
rep= 9802 cur[0]= 99901
rep= 9801 cur[0]= 99900.5
rep= 9800 cur[0]= 99900
rep= 9799 cur[0]= 99899.5
rep= 9798 cur[0]= 99899
rep= 9797 cur[0]= 99898.5
rep= 9796 cur[0]= 99898
rep= 9795 cur[0]= 99897.5
rep= 9794 cur[0]= 99897
rep= 9793 cur[0]= 99896.5
rep= 9792 cur[0]= 99896
rep= 9791 cur[0]= 99895.5
rep= 9790 cur[0]= 99895
rep= 9789 cur[0]= 99894.5
rep= 9788 cur[0]= 99894
rep= 9787 cur[0]= 99893.5
rep= 9786 cur[0]= 99893
rep= 9785 cur[0]= 99892.5
rep= 9784 cur[0]= 99892
rep= 9783 cur[0]= 99891.5
rep= 9782 cur[0]= 99891
rep= 9781 cur[0]= 99890.5
rep= 9780 cur[0]= 99890
rep= 9779 cur[0]= 99889.5
rep= 9778 cur[0]= 99889
rep= 9777 cur[0]= 99888.5
rep= 9776 cur[0]= 99888
rep= 9775 cur[0]= 99887.5
rep= 9774 cur[0]= 99887
rep= 9773 cur[0]= 99886.5
rep= 9772 cur[0]= 99886
rep= 9771 cur[0]= 99885.5
rep= 9770 cur[0]= 99885
rep= 9769 cur[0]= 99884.5
rep= 9768 cur[0]= 99884
rep= 9767 cur[0]= 99883.5
rep= 9766 cur[0]= 99883
rep= 9765 cur[0]= 99882.5
rep= 9764 cur[0]= 99882
rep= 9763 cur[0]= 99881.5
rep= 9762 cur[0]= 99881
rep= 9761 cur[0]= 99880.5
rep= 9760 cur[0]= 99880
rep= 9759 cur[0]= 99879.5
rep= 9758 cur[0]= 99879
rep= 9757 cur[0]= 99878.5
rep= 9756 cur[0]= 99878
rep= 9755 cur[0]= 99877.5
rep= 9754 cur[0]= 99877
rep= 9753 cur[0]= 99876.5
rep= 9752 cur[0]= 99876
rep= 9751 cur[0]= 99875.5
rep= 9750 cur[0]= 99875
rep= 9749 cur[0]= 99874.5
rep= 9748 cur[0]= 99874
rep= 9747 cur[0]= 99873.5
rep= 9746 cur[0]= 99873
rep= 9745 cur[0]= 99872.5
rep= 9744 cur[0]= 99872
rep= 9743 cur[0]= 99871.5
rep= 9742 cur[0]= 99871
rep= 9741 cur[0]= 99870.5
rep= 9740 cur[0]= 99870
rep= 9739 cur[0]= 99869.5
rep= 9738 cur[0]= 99869
rep= 9737 cur[0]= 99868.5
rep= 9736 cur[0]= 99868
rep= 9735 cur[0]= 99867.5
rep= 9734 cur[0]= 99867
rep= 9733 cur[0]= 99866.5
rep= 9732 cur[0]= 99866
rep= 9731 cur[0]= 99865.5
rep= 9730 cur[0]= 99865
rep= 9729 cur[0]= 99864.5
rep= 9728 cur[0]= 99864
rep= 9727 cur[0]= 99863.5
rep= 9726 cur[0]= 99863
rep= 9725 cur[0]= 99862.5
rep= 9724 cur[0]= 99862
rep= 9723 cur[0]= 99861.5
rep= 9722 cur[0]= 99861
rep= 9721 cur[0]= 99860.5
rep= 9720 cur[0]= 99860
rep= 9719 cur[0]= 99859.5
rep= 9718 cur[0]= 99859
rep= 9717 cur[0]= 99858.5
rep= 9716 cur[0]= 99858
rep= 9715 cur[0]= 99857.5
rep= 9714 cur[0]= 99857
rep= 9713 cur[0]= 99856.5
rep= 9712 cur[0]= 99856
rep= 9711 cur[0]= 99855.5
rep= 9710 cur[0]= 99855
rep= 9709 cur[0]= 99854.5
rep= 9708 cur[0]= 99854
rep= 9707 cur[0]= 99853.5
rep= 9706 cur[0]= 99853
rep= 9705 cur[0]= 99852.5
rep= 9704 cur[0]= 99852
rep= 9703 cur[0]= 99851.5
rep= 9702 cur[0]= 99851
rep= 9701 cur[0]= 99850.5
rep= 9700 cur[0]= 99850
rep= 9699 cur[0]= 99849.5
rep= 9698 cur[0]= 99849
rep= 9697 cur[0]= 99848.5
rep= 9696 cur[0]= 99848
rep= 9695 cur[0]= 99847.5
rep= 9694 cur[0]= 99847
rep= 9693 cur[0]= 99846.5
rep= 9692 cur[0]= 99846
rep= 9691 cur[0]= 99845.5
rep= 9690 cur[0]= 99845
rep= 9689 cur[0]= 99844.5
rep= 9688 cur[0]= 99844
rep= 9687 cur[0]= 99843.5
rep= 9686 cur[0]= 99843
rep= 9685 cur[0]= 99842.5
rep= 9684 cur[0]= 99842
rep= 9683 cur[0]= 99841.5
rep= 9682 cur[0]= 99841
rep= 9681 cur[0]= 99840.5
rep= 9680 cur[0]= 99840
rep= 9679 cur[0]= 99839.5
rep= 9678 cur[0]= 99839
rep= 9677 cur[0]= 99838.5
rep= 9676 cur[0]= 99838
rep= 9675 cur[0]= 99837.5
rep= 9674 cur[0]= 99837
rep= 9673 cur[0]= 99836.5
rep= 9672 cur[0]= 99836
rep= 9671 cur[0]= 99835.5
rep= 9670 cur[0]= 99835
rep= 9669 cur[0]= 99834.5
rep= 9668 cur[0]= 99834
rep= 9667 cur[0]= 99833.5
rep= 9666 cur[0]= 99833
rep= 9665 cur[0]= 99832.5
rep= 9664 cur[0]= 99832
rep= 9663 cur[0]= 99831.5
rep= 9662 cur[0]= 99831
rep= 9661 cur[0]= 99830.5
rep= 9660 cur[0]= 99830
rep= 9659 cur[0]= 99829.5
rep= 9658 cur[0]= 99829
rep= 9657 cur[0]= 99828.5
rep= 9656 cur[0]= 99828
rep= 9655 cur[0]= 99827.5
rep= 9654 cur[0]= 99827
rep= 9653 cur[0]= 99826.5
rep= 9652 cur[0]= 99826
rep= 9651 cur[0]= 99825.5
rep= 9650 cur[0]= 99825
rep= 9649 cur[0]= 99824.5
rep= 9648 cur[0]= 99824
rep= 9647 cur[0]= 99823.5
rep= 9646 cur[0]= 99823
rep= 9645 cur[0]= 99822.5
rep= 9644 cur[0]= 99822
rep= 9643 cur[0]= 99821.5
rep= 9642 cur[0]= 99821
rep= 9641 cur[0]= 99820.5
rep= 9640 cur[0]= 99820
rep= 9639 cur[0]= 99819.5
rep= 9638 cur[0]= 99819
rep= 9637 cur[0]= 99818.5
rep= 9636 cur[0]= 99818
rep= 9635 cur[0]= 99817.5
rep= 9634 cur[0]= 99817
rep= 9633 cur[0]= 99816.5
rep= 9632 cur[0]= 99816
rep= 9631 cur[0]= 99815.5
rep= 9630 cur[0]= 99815
rep= 9629 cur[0]= 99814.5
rep= 9628 cur[0]= 99814
rep= 9627 cur[0]= 99813.5
rep= 9626 cur[0]= 99813
rep= 9625 cur[0]= 99812.5
rep= 9624 cur[0]= 99812
rep= 9623 cur[0]= 99811.5
rep= 9622 cur[0]= 99811
rep= 9621 cur[0]= 99810.5
rep= 9620 cur[0]= 99810
rep= 9619 cur[0]= 99809.5
rep= 9618 cur[0]= 99809
rep= 9617 cur[0]= 99808.5
rep= 9616 cur[0]= 99808
rep= 9615 cur[0]= 99807.5
rep= 9614 cur[0]= 99807
rep= 9613 cur[0]= 99806.5
rep= 9612 cur[0]= 99806
rep= 9611 cur[0]= 99805.5
rep= 9610 cur[0]= 99805
rep= 9609 cur[0]= 99804.5
rep= 9608 cur[0]= 99804
rep= 9607 cur[0]= 99803.5
rep= 9606 cur[0]= 99803
rep= 9605 cur[0]= 99802.5
rep= 9604 cur[0]= 99802
rep= 9603 cur[0]= 99801.5
rep= 9602 cur[0]= 99801
rep= 9601 cur[0]= 99800.5
rep= 9600 cur[0]= 99800
rep= 9599 cur[0]= 99799.5
rep= 9598 cur[0]= 99799
rep= 9597 cur[0]= 99798.5
rep= 9596 cur[0]= 99798
rep= 9595 cur[0]= 99797.5
rep= 9594 cur[0]= 99797
rep= 9593 cur[0]= 99796.5
rep= 9592 cur[0]= 99796
rep= 9591 cur[0]= 99795.5
rep= 9590 cur[0]= 99795
rep= 9589 cur[0]= 99794.5
rep= 9588 cur[0]= 99794
rep= 9587 cur[0]= 99793.5
rep= 9586 cur[0]= 99793
rep= 9585 cur[0]= 99792.5
rep= 9584 cur[0]= 99792
rep= 9583 cur[0]= 99791.5
rep= 9582 cur[0]= 99791
rep= 9581 cur[0]= 99790.5
rep= 9580 cur[0]= 99790
rep= 9579 cur[0]= 99789.5
rep= 9578 cur[0]= 99789
rep= 9577 cur[0]= 99788.5
rep= 9576 cur[0]= 99788
rep= 9575 cur[0]= 99787.5
rep= 9574 cur[0]= 99787
rep= 9573 cur[0]= 99786.5
rep= 9572 cur[0]= 99786
rep= 9571 cur[0]= 99785.5
rep= 9570 cur[0]= 99785
rep= 9569 cur[0]= 99784.5
rep= 9568 cur[0]= 99784
rep= 9567 cur[0]= 99783.5
rep= 9566 cur[0]= 99783
rep= 9565 cur[0]= 99782.5
rep= 9564 cur[0]= 99782
rep= 9563 cur[0]= 99781.5
rep= 9562 cur[0]= 99781
rep= 9561 cur[0]= 99780.5
rep= 9560 cur[0]= 99780
rep= 9559 cur[0]= 99779.5
rep= 9558 cur[0]= 99779
rep= 9557 cur[0]= 99778.5
rep= 9556 cur[0]= 99778
rep= 9555 cur[0]= 99777.5
rep= 9554 cur[0]= 99777
rep= 9553 cur[0]= 99776.5
rep= 9552 cur[0]= 99776
rep= 9551 cur[0]= 99775.5
rep= 9550 cur[0]= 99775
rep= 9549 cur[0]= 99774.5
rep= 9548 cur[0]= 99774
rep= 9547 cur[0]= 99773.5
rep= 9546 cur[0]= 99773
rep= 9545 cur[0]= 99772.5
rep= 9544 cur[0]= 99772
rep= 9543 cur[0]= 99771.5
rep= 9542 cur[0]= 99771
rep= 9541 cur[0]= 99770.5
rep= 9540 cur[0]= 99770
rep= 9539 cur[0]= 99769.5
rep= 9538 cur[0]= 99769
rep= 9537 cur[0]= 99768.5
rep= 9536 cur[0]= 99768
rep= 9535 cur[0]= 99767.5
rep= 9534 cur[0]= 99767
rep= 9533 cur[0]= 99766.5
rep= 9532 cur[0]= 99766
rep= 9531 cur[0]= 99765.5
rep= 9530 cur[0]= 99765
rep= 9529 cur[0]= 99764.5
rep= 9528 cur[0]= 99764
rep= 9527 cur[0]= 99763.5
rep= 9526 cur[0]= 99763
rep= 9525 cur[0]= 99762.5
rep= 9524 cur[0]= 99762
rep= 9523 cur[0]= 99761.5
rep= 9522 cur[0]= 99761
rep= 9521 cur[0]= 99760.5
rep= 9520 cur[0]= 99760
rep= 9519 cur[0]= 99759.5
rep= 9518 cur[0]= 99759
rep= 9517 cur[0]= 99758.5
rep= 9516 cur[0]= 99758
rep= 9515 cur[0]= 99757.5
rep= 9514 cur[0]= 99757
rep= 9513 cur[0]= 99756.5
rep= 9512 cur[0]= 99756
rep= 9511 cur[0]= 99755.5
rep= 9510 cur[0]= 99755
rep= 9509 cur[0]= 99754.5
rep= 9508 cur[0]= 99754
rep= 9507 cur[0]= 99753.5
rep= 9506 cur[0]= 99753
rep= 9505 cur[0]= 99752.5
rep= 9504 cur[0]= 99752
rep= 9503 cur[0]= 99751.5
rep= 9502 cur[0]= 99751
rep= 9501 cur[0]= 99750.5
rep= 9500 cur[0]= 99750
rep= 9499 cur[0]= 99749.5
rep= 9498 cur[0]= 99749
rep= 9497 cur[0]= 99748.5
rep= 9496 cur[0]= 99748
rep= 9495 cur[0]= 99747.5
rep= 9494 cur[0]= 99747
rep= 9493 cur[0]= 99746.5
rep= 9492 cur[0]= 99746
rep= 9491 cur[0]= 99745.5
rep= 9490 cur[0]= 99745
rep= 9489 cur[0]= 99744.5
rep= 9488 cur[0]= 99744
rep= 9487 cur[0]= 99743.5
rep= 9486 cur[0]= 99743
rep= 9485 cur[0]= 99742.5
rep= 9484 cur[0]= 99742
rep= 9483 cur[0]= 99741.5
rep= 9482 cur[0]= 99741
rep= 9481 cur[0]= 99740.5
rep= 9480 cur[0]= 99740
rep= 9479 cur[0]= 99739.5
rep= 9478 cur[0]= 99739
rep= 9477 cur[0]= 99738.5
rep= 9476 cur[0]= 99738
rep= 9475 cur[0]= 99737.5
rep= 9474 cur[0]= 99737
rep= 9473 cur[0]= 99736.5
rep= 9472 cur[0]= 99736
rep= 9471 cur[0]= 99735.5
rep= 9470 cur[0]= 99735
rep= 9469 cur[0]= 99734.5
rep= 9468 cur[0]= 99734
rep= 9467 cur[0]= 99733.5
rep= 9466 cur[0]= 99733
rep= 9465 cur[0]= 99732.5
rep= 9464 cur[0]= 99732
rep= 9463 cur[0]= 99731.5
rep= 9462 cur[0]= 99731
rep= 9461 cur[0]= 99730.5
rep= 9460 cur[0]= 99730
rep= 9459 cur[0]= 99729.5
rep= 9458 cur[0]= 99729
rep= 9457 cur[0]= 99728.5
rep= 9456 cur[0]= 99728
rep= 9455 cur[0]= 99727.5
rep= 9454 cur[0]= 99727
rep= 9453 cur[0]= 99726.5
rep= 9452 cur[0]= 99726
rep= 9451 cur[0]= 99725.5
rep= 9450 cur[0]= 99725
rep= 9449 cur[0]= 99724.5
rep= 9448 cur[0]= 99724
rep= 9447 cur[0]= 99723.5
rep= 9446 cur[0]= 99723
rep= 9445 cur[0]= 99722.5
rep= 9444 cur[0]= 99722
rep= 9443 cur[0]= 99721.5
rep= 9442 cur[0]= 99721
rep= 9441 cur[0]= 99720.5
rep= 9440 cur[0]= 99720
rep= 9439 cur[0]= 99719.5
rep= 9438 cur[0]= 99719
rep= 9437 cur[0]= 99718.5
rep= 9436 cur[0]= 99718
rep= 9435 cur[0]= 99717.5
rep= 9434 cur[0]= 99717
rep= 9433 cur[0]= 99716.5
rep= 9432 cur[0]= 99716
rep= 9431 cur[0]= 99715.5
rep= 9430 cur[0]= 99715
rep= 9429 cur[0]= 99714.5
rep= 9428 cur[0]= 99714
rep= 9427 cur[0]= 99713.5
rep= 9426 cur[0]= 99713
rep= 9425 cur[0]= 99712.5
rep= 9424 cur[0]= 99712
rep= 9423 cur[0]= 99711.5
rep= 9422 cur[0]= 99711
rep= 9421 cur[0]= 99710.5
rep= 9420 cur[0]= 99710
rep= 9419 cur[0]= 99709.5
rep= 9418 cur[0]= 99709
rep= 9417 cur[0]= 99708.5
rep= 9416 cur[0]= 99708
rep= 9415 cur[0]= 99707.5
rep= 9414 cur[0]= 99707
rep= 9413 cur[0]= 99706.5
rep= 9412 cur[0]= 99706
rep= 9411 cur[0]= 99705.5
rep= 9410 cur[0]= 99705
rep= 9409 cur[0]= 99704.5
rep= 9408 cur[0]= 99704
rep= 9407 cur[0]= 99703.5
rep= 9406 cur[0]= 99703
rep= 9405 cur[0]= 99702.5
rep= 9404 cur[0]= 99702
rep= 9403 cur[0]= 99701.5
rep= 9402 cur[0]= 99701
rep= 9401 cur[0]= 99700.5
rep= 9400 cur[0]= 99700
rep= 9399 cur[0]= 99699.5
rep= 9398 cur[0]= 99699
rep= 9397 cur[0]= 99698.5
rep= 9396 cur[0]= 99698
rep= 9395 cur[0]= 99697.5
rep= 9394 cur[0]= 99697
rep= 9393 cur[0]= 99696.5
rep= 9392 cur[0]= 99696
rep= 9391 cur[0]= 99695.5
rep= 9390 cur[0]= 99695
rep= 9389 cur[0]= 99694.5
rep= 9388 cur[0]= 99694
rep= 9387 cur[0]= 99693.5
rep= 9386 cur[0]= 99693
rep= 9385 cur[0]= 99692.5
rep= 9384 cur[0]= 99692
rep= 9383 cur[0]= 99691.5
rep= 9382 cur[0]= 99691
rep= 9381 cur[0]= 99690.5
rep= 9380 cur[0]= 99690
rep= 9379 cur[0]= 99689.5
rep= 9378 cur[0]= 99689
rep= 9377 cur[0]= 99688.5
rep= 9376 cur[0]= 99688
rep= 9375 cur[0]= 99687.5
rep= 9374 cur[0]= 99687
rep= 9373 cur[0]= 99686.5
rep= 9372 cur[0]= 99686
rep= 9371 cur[0]= 99685.5
rep= 9370 cur[0]= 99685
rep= 9369 cur[0]= 99684.5
rep= 9368 cur[0]= 99684
rep= 9367 cur[0]= 99683.5
rep= 9366 cur[0]= 99683
rep= 9365 cur[0]= 99682.5
rep= 9364 cur[0]= 99682
rep= 9363 cur[0]= 99681.5
rep= 9362 cur[0]= 99681
rep= 9361 cur[0]= 99680.5
rep= 9360 cur[0]= 99680
rep= 9359 cur[0]= 99679.5
rep= 9358 cur[0]= 99679
rep= 9357 cur[0]= 99678.5
rep= 9356 cur[0]= 99678
rep= 9355 cur[0]= 99677.5
rep= 9354 cur[0]= 99677
rep= 9353 cur[0]= 99676.5
rep= 9352 cur[0]= 99676
rep= 9351 cur[0]= 99675.5
rep= 9350 cur[0]= 99675
rep= 9349 cur[0]= 99674.5
rep= 9348 cur[0]= 99674
rep= 9347 cur[0]= 99673.5
rep= 9346 cur[0]= 99673
rep= 9345 cur[0]= 99672.5
rep= 9344 cur[0]= 99672
rep= 9343 cur[0]= 99671.5
rep= 9342 cur[0]= 99671
rep= 9341 cur[0]= 99670.5
rep= 9340 cur[0]= 99670
rep= 9339 cur[0]= 99669.5
rep= 9338 cur[0]= 99669
rep= 9337 cur[0]= 99668.5
rep= 9336 cur[0]= 99668
rep= 9335 cur[0]= 99667.5
rep= 9334 cur[0]= 99667
rep= 9333 cur[0]= 99666.5
rep= 9332 cur[0]= 99666
rep= 9331 cur[0]= 99665.5
rep= 9330 cur[0]= 99665
rep= 9329 cur[0]= 99664.5
rep= 9328 cur[0]= 99664
rep= 9327 cur[0]= 99663.5
rep= 9326 cur[0]= 99663
rep= 9325 cur[0]= 99662.5
rep= 9324 cur[0]= 99662
rep= 9323 cur[0]= 99661.5
rep= 9322 cur[0]= 99661
rep= 9321 cur[0]= 99660.5
rep= 9320 cur[0]= 99660
rep= 9319 cur[0]= 99659.5
rep= 9318 cur[0]= 99659
rep= 9317 cur[0]= 99658.5
rep= 9316 cur[0]= 99658
rep= 9315 cur[0]= 99657.5
rep= 9314 cur[0]= 99657
rep= 9313 cur[0]= 99656.5
rep= 9312 cur[0]= 99656
rep= 9311 cur[0]= 99655.5
rep= 9310 cur[0]= 99655
rep= 9309 cur[0]= 99654.5
rep= 9308 cur[0]= 99654
rep= 9307 cur[0]= 99653.5
rep= 9306 cur[0]= 99653
rep= 9305 cur[0]= 99652.5
rep= 9304 cur[0]= 99652
rep= 9303 cur[0]= 99651.5
rep= 9302 cur[0]= 99651
rep= 9301 cur[0]= 99650.5
rep= 9300 cur[0]= 99650
rep= 9299 cur[0]= 99649.5
rep= 9298 cur[0]= 99649
rep= 9297 cur[0]= 99648.5
rep= 9296 cur[0]= 99648
rep= 9295 cur[0]= 99647.5
rep= 9294 cur[0]= 99647
rep= 9293 cur[0]= 99646.5
rep= 9292 cur[0]= 99646
rep= 9291 cur[0]= 99645.5
rep= 9290 cur[0]= 99645
rep= 9289 cur[0]= 99644.5
rep= 9288 cur[0]= 99644
rep= 9287 cur[0]= 99643.5
rep= 9286 cur[0]= 99643
rep= 9285 cur[0]= 99642.5
rep= 9284 cur[0]= 99642
rep= 9283 cur[0]= 99641.5
rep= 9282 cur[0]= 99641
rep= 9281 cur[0]= 99640.5
rep= 9280 cur[0]= 99640
rep= 9279 cur[0]= 99639.5
rep= 9278 cur[0]= 99639
rep= 9277 cur[0]= 99638.5
rep= 9276 cur[0]= 99638
rep= 9275 cur[0]= 99637.5
rep= 9274 cur[0]= 99637
rep= 9273 cur[0]= 99636.5
rep= 9272 cur[0]= 99636
rep= 9271 cur[0]= 99635.5
rep= 9270 cur[0]= 99635
rep= 9269 cur[0]= 99634.5
rep= 9268 cur[0]= 99634
rep= 9267 cur[0]= 99633.5
rep= 9266 cur[0]= 99633
rep= 9265 cur[0]= 99632.5
rep= 9264 cur[0]= 99632
rep= 9263 cur[0]= 99631.5
rep= 9262 cur[0]= 99631
rep= 9261 cur[0]= 99630.5
rep= 9260 cur[0]= 99630
rep= 9259 cur[0]= 99629.5
rep= 9258 cur[0]= 99629
rep= 9257 cur[0]= 99628.5
rep= 9256 cur[0]= 99628
rep= 9255 cur[0]= 99627.5
rep= 9254 cur[0]= 99627
rep= 9253 cur[0]= 99626.5
rep= 9252 cur[0]= 99626
rep= 9251 cur[0]= 99625.5
rep= 9250 cur[0]= 99625
rep= 9249 cur[0]= 99624.5
rep= 9248 cur[0]= 99624
rep= 9247 cur[0]= 99623.5
rep= 9246 cur[0]= 99623
rep= 9245 cur[0]= 99622.5
rep= 9244 cur[0]= 99622
rep= 9243 cur[0]= 99621.5
rep= 9242 cur[0]= 99621
rep= 9241 cur[0]= 99620.5
rep= 9240 cur[0]= 99620
rep= 9239 cur[0]= 99619.5
rep= 9238 cur[0]= 99619
rep= 9237 cur[0]= 99618.5
rep= 9236 cur[0]= 99618
rep= 9235 cur[0]= 99617.5
rep= 9234 cur[0]= 99617
rep= 9233 cur[0]= 99616.5
rep= 9232 cur[0]= 99616
rep= 9231 cur[0]= 99615.5
rep= 9230 cur[0]= 99615
rep= 9229 cur[0]= 99614.5
rep= 9228 cur[0]= 99614
rep= 9227 cur[0]= 99613.5
rep= 9226 cur[0]= 99613
rep= 9225 cur[0]= 99612.5
rep= 9224 cur[0]= 99612
rep= 9223 cur[0]= 99611.5
rep= 9222 cur[0]= 99611
rep= 9221 cur[0]= 99610.5
rep= 9220 cur[0]= 99610
rep= 9219 cur[0]= 99609.5
rep= 9218 cur[0]= 99609
rep= 9217 cur[0]= 99608.5
rep= 9216 cur[0]= 99608
rep= 9215 cur[0]= 99607.5
rep= 9214 cur[0]= 99607
rep= 9213 cur[0]= 99606.5
rep= 9212 cur[0]= 99606
rep= 9211 cur[0]= 99605.5
rep= 9210 cur[0]= 99605
rep= 9209 cur[0]= 99604.5
rep= 9208 cur[0]= 99604
rep= 9207 cur[0]= 99603.5
rep= 9206 cur[0]= 99603
rep= 9205 cur[0]= 99602.5
rep= 9204 cur[0]= 99602
rep= 9203 cur[0]= 99601.5
rep= 9202 cur[0]= 99601
rep= 9201 cur[0]= 99600.5
rep= 9200 cur[0]= 99600
rep= 9199 cur[0]= 99599.5
rep= 9198 cur[0]= 99599
rep= 9197 cur[0]= 99598.5
rep= 9196 cur[0]= 99598
rep= 9195 cur[0]= 99597.5
rep= 9194 cur[0]= 99597
rep= 9193 cur[0]= 99596.5
rep= 9192 cur[0]= 99596
rep= 9191 cur[0]= 99595.5
rep= 9190 cur[0]= 99595
rep= 9189 cur[0]= 99594.5
rep= 9188 cur[0]= 99594
rep= 9187 cur[0]= 99593.5
rep= 9186 cur[0]= 99593
rep= 9185 cur[0]= 99592.5
rep= 9184 cur[0]= 99592
rep= 9183 cur[0]= 99591.5
rep= 9182 cur[0]= 99591
rep= 9181 cur[0]= 99590.5
rep= 9180 cur[0]= 99590
rep= 9179 cur[0]= 99589.5
rep= 9178 cur[0]= 99589
rep= 9177 cur[0]= 99588.5
rep= 9176 cur[0]= 99588
rep= 9175 cur[0]= 99587.5
rep= 9174 cur[0]= 99587
rep= 9173 cur[0]= 99586.5
rep= 9172 cur[0]= 99586
rep= 9171 cur[0]= 99585.5
rep= 9170 cur[0]= 99585
rep= 9169 cur[0]= 99584.5
rep= 9168 cur[0]= 99584
rep= 9167 cur[0]= 99583.5
rep= 9166 cur[0]= 99583
rep= 9165 cur[0]= 99582.5
rep= 9164 cur[0]= 99582
rep= 9163 cur[0]= 99581.5
rep= 9162 cur[0]= 99581
rep= 9161 cur[0]= 99580.5
rep= 9160 cur[0]= 99580
rep= 9159 cur[0]= 99579.5
rep= 9158 cur[0]= 99579
rep= 9157 cur[0]= 99578.5
rep= 9156 cur[0]= 99578
rep= 9155 cur[0]= 99577.5
rep= 9154 cur[0]= 99577
rep= 9153 cur[0]= 99576.5
rep= 9152 cur[0]= 99576
rep= 9151 cur[0]= 99575.5
rep= 9150 cur[0]= 99575
rep= 9149 cur[0]= 99574.5
rep= 9148 cur[0]= 99574
rep= 9147 cur[0]= 99573.5
rep= 9146 cur[0]= 99573
rep= 9145 cur[0]= 99572.5
rep= 9144 cur[0]= 99572
rep= 9143 cur[0]= 99571.5
rep= 9142 cur[0]= 99571
rep= 9141 cur[0]= 99570.5
rep= 9140 cur[0]= 99570
rep= 9139 cur[0]= 99569.5
rep= 9138 cur[0]= 99569
rep= 9137 cur[0]= 99568.5
rep= 9136 cur[0]= 99568
rep= 9135 cur[0]= 99567.5
rep= 9134 cur[0]= 99567
rep= 9133 cur[0]= 99566.5
rep= 9132 cur[0]= 99566
rep= 9131 cur[0]= 99565.5
rep= 9130 cur[0]= 99565
rep= 9129 cur[0]= 99564.5
rep= 9128 cur[0]= 99564
rep= 9127 cur[0]= 99563.5
rep= 9126 cur[0]= 99563
rep= 9125 cur[0]= 99562.5
rep= 9124 cur[0]= 99562
rep= 9123 cur[0]= 99561.5
rep= 9122 cur[0]= 99561
rep= 9121 cur[0]= 99560.5
rep= 9120 cur[0]= 99560
rep= 9119 cur[0]= 99559.5
rep= 9118 cur[0]= 99559
rep= 9117 cur[0]= 99558.5
rep= 9116 cur[0]= 99558
rep= 9115 cur[0]= 99557.5
rep= 9114 cur[0]= 99557
rep= 9113 cur[0]= 99556.5
rep= 9112 cur[0]= 99556
rep= 9111 cur[0]= 99555.5
rep= 9110 cur[0]= 99555
rep= 9109 cur[0]= 99554.5
rep= 9108 cur[0]= 99554
rep= 9107 cur[0]= 99553.5
rep= 9106 cur[0]= 99553
rep= 9105 cur[0]= 99552.5
rep= 9104 cur[0]= 99552
rep= 9103 cur[0]= 99551.5
rep= 9102 cur[0]= 99551
rep= 9101 cur[0]= 99550.5
rep= 9100 cur[0]= 99550
rep= 9099 cur[0]= 99549.5
rep= 9098 cur[0]= 99549
rep= 9097 cur[0]= 99548.5
rep= 9096 cur[0]= 99548
rep= 9095 cur[0]= 99547.5
rep= 9094 cur[0]= 99547
rep= 9093 cur[0]= 99546.5
rep= 9092 cur[0]= 99546
rep= 9091 cur[0]= 99545.5
rep= 9090 cur[0]= 99545
rep= 9089 cur[0]= 99544.5
rep= 9088 cur[0]= 99544
rep= 9087 cur[0]= 99543.5
rep= 9086 cur[0]= 99543
rep= 9085 cur[0]= 99542.5
rep= 9084 cur[0]= 99542
rep= 9083 cur[0]= 99541.5
rep= 9082 cur[0]= 99541
rep= 9081 cur[0]= 99540.5
rep= 9080 cur[0]= 99540
rep= 9079 cur[0]= 99539.5
rep= 9078 cur[0]= 99539
rep= 9077 cur[0]= 99538.5
rep= 9076 cur[0]= 99538
rep= 9075 cur[0]= 99537.5
rep= 9074 cur[0]= 99537
rep= 9073 cur[0]= 99536.5
rep= 9072 cur[0]= 99536
rep= 9071 cur[0]= 99535.5
rep= 9070 cur[0]= 99535
rep= 9069 cur[0]= 99534.5
rep= 9068 cur[0]= 99534
rep= 9067 cur[0]= 99533.5
rep= 9066 cur[0]= 99533
rep= 9065 cur[0]= 99532.5
rep= 9064 cur[0]= 99532
rep= 9063 cur[0]= 99531.5
rep= 9062 cur[0]= 99531
rep= 9061 cur[0]= 99530.5
rep= 9060 cur[0]= 99530
rep= 9059 cur[0]= 99529.5
rep= 9058 cur[0]= 99529
rep= 9057 cur[0]= 99528.5
rep= 9056 cur[0]= 99528
rep= 9055 cur[0]= 99527.5
rep= 9054 cur[0]= 99527
rep= 9053 cur[0]= 99526.5
rep= 9052 cur[0]= 99526
rep= 9051 cur[0]= 99525.5
rep= 9050 cur[0]= 99525
rep= 9049 cur[0]= 99524.5
rep= 9048 cur[0]= 99524
rep= 9047 cur[0]= 99523.5
rep= 9046 cur[0]= 99523
rep= 9045 cur[0]= 99522.5
rep= 9044 cur[0]= 99522
rep= 9043 cur[0]= 99521.5
rep= 9042 cur[0]= 99521
rep= 9041 cur[0]= 99520.5
rep= 9040 cur[0]= 99520
rep= 9039 cur[0]= 99519.5
rep= 9038 cur[0]= 99519
rep= 9037 cur[0]= 99518.5
rep= 9036 cur[0]= 99518
rep= 9035 cur[0]= 99517.5
rep= 9034 cur[0]= 99517
rep= 9033 cur[0]= 99516.5
rep= 9032 cur[0]= 99516
rep= 9031 cur[0]= 99515.5
rep= 9030 cur[0]= 99515
rep= 9029 cur[0]= 99514.5
rep= 9028 cur[0]= 99514
rep= 9027 cur[0]= 99513.5
rep= 9026 cur[0]= 99513
rep= 9025 cur[0]= 99512.5
rep= 9024 cur[0]= 99512
rep= 9023 cur[0]= 99511.5
rep= 9022 cur[0]= 99511
rep= 9021 cur[0]= 99510.5
rep= 9020 cur[0]= 99510
rep= 9019 cur[0]= 99509.5
rep= 9018 cur[0]= 99509
rep= 9017 cur[0]= 99508.5
rep= 9016 cur[0]= 99508
rep= 9015 cur[0]= 99507.5
rep= 9014 cur[0]= 99507
rep= 9013 cur[0]= 99506.5
rep= 9012 cur[0]= 99506
rep= 9011 cur[0]= 99505.5
rep= 9010 cur[0]= 99505
rep= 9009 cur[0]= 99504.5
rep= 9008 cur[0]= 99504
rep= 9007 cur[0]= 99503.5
rep= 9006 cur[0]= 99503
rep= 9005 cur[0]= 99502.5
rep= 9004 cur[0]= 99502
rep= 9003 cur[0]= 99501.5
rep= 9002 cur[0]= 99501
rep= 9001 cur[0]= 99500.5
rep= 9000 cur[0]= 99500
rep= 8999 cur[0]= 99499.5
rep= 8998 cur[0]= 99499
rep= 8997 cur[0]= 99498.5
rep= 8996 cur[0]= 99498
rep= 8995 cur[0]= 99497.5
rep= 8994 cur[0]= 99497
rep= 8993 cur[0]= 99496.5
rep= 8992 cur[0]= 99496
rep= 8991 cur[0]= 99495.5
rep= 8990 cur[0]= 99495
rep= 8989 cur[0]= 99494.5
rep= 8988 cur[0]= 99494
rep= 8987 cur[0]= 99493.5
rep= 8986 cur[0]= 99493
rep= 8985 cur[0]= 99492.5
rep= 8984 cur[0]= 99492
rep= 8983 cur[0]= 99491.5
rep= 8982 cur[0]= 99491
rep= 8981 cur[0]= 99490.5
rep= 8980 cur[0]= 99490
rep= 8979 cur[0]= 99489.5
rep= 8978 cur[0]= 99489
rep= 8977 cur[0]= 99488.5
rep= 8976 cur[0]= 99488
rep= 8975 cur[0]= 99487.5
rep= 8974 cur[0]= 99487
rep= 8973 cur[0]= 99486.5
rep= 8972 cur[0]= 99486
rep= 8971 cur[0]= 99485.5
rep= 8970 cur[0]= 99485
rep= 8969 cur[0]= 99484.5
rep= 8968 cur[0]= 99484
rep= 8967 cur[0]= 99483.5
rep= 8966 cur[0]= 99483
rep= 8965 cur[0]= 99482.5
rep= 8964 cur[0]= 99482
rep= 8963 cur[0]= 99481.5
rep= 8962 cur[0]= 99481
rep= 8961 cur[0]= 99480.5
rep= 8960 cur[0]= 99480
rep= 8959 cur[0]= 99479.5
rep= 8958 cur[0]= 99479
rep= 8957 cur[0]= 99478.5
rep= 8956 cur[0]= 99478
rep= 8955 cur[0]= 99477.5
rep= 8954 cur[0]= 99477
rep= 8953 cur[0]= 99476.5
rep= 8952 cur[0]= 99476
rep= 8951 cur[0]= 99475.5
rep= 8950 cur[0]= 99475
rep= 8949 cur[0]= 99474.5
rep= 8948 cur[0]= 99474
rep= 8947 cur[0]= 99473.5
rep= 8946 cur[0]= 99473
rep= 8945 cur[0]= 99472.5
rep= 8944 cur[0]= 99472
rep= 8943 cur[0]= 99471.5
rep= 8942 cur[0]= 99471
rep= 8941 cur[0]= 99470.5
rep= 8940 cur[0]= 99470
rep= 8939 cur[0]= 99469.5
rep= 8938 cur[0]= 99469
rep= 8937 cur[0]= 99468.5
rep= 8936 cur[0]= 99468
rep= 8935 cur[0]= 99467.5
rep= 8934 cur[0]= 99467
rep= 8933 cur[0]= 99466.5
rep= 8932 cur[0]= 99466
rep= 8931 cur[0]= 99465.5
rep= 8930 cur[0]= 99465
rep= 8929 cur[0]= 99464.5
rep= 8928 cur[0]= 99464
rep= 8927 cur[0]= 99463.5
rep= 8926 cur[0]= 99463
rep= 8925 cur[0]= 99462.5
rep= 8924 cur[0]= 99462
rep= 8923 cur[0]= 99461.5
rep= 8922 cur[0]= 99461
rep= 8921 cur[0]= 99460.5
rep= 8920 cur[0]= 99460
rep= 8919 cur[0]= 99459.5
rep= 8918 cur[0]= 99459
rep= 8917 cur[0]= 99458.5
rep= 8916 cur[0]= 99458
rep= 8915 cur[0]= 99457.5
rep= 8914 cur[0]= 99457
rep= 8913 cur[0]= 99456.5
rep= 8912 cur[0]= 99456
rep= 8911 cur[0]= 99455.5
rep= 8910 cur[0]= 99455
rep= 8909 cur[0]= 99454.5
rep= 8908 cur[0]= 99454
rep= 8907 cur[0]= 99453.5
rep= 8906 cur[0]= 99453
rep= 8905 cur[0]= 99452.5
rep= 8904 cur[0]= 99452
rep= 8903 cur[0]= 99451.5
rep= 8902 cur[0]= 99451
rep= 8901 cur[0]= 99450.5
rep= 8900 cur[0]= 99450
rep= 8899 cur[0]= 99449.5
rep= 8898 cur[0]= 99449
rep= 8897 cur[0]= 99448.5
rep= 8896 cur[0]= 99448
rep= 8895 cur[0]= 99447.5
rep= 8894 cur[0]= 99447
rep= 8893 cur[0]= 99446.5
rep= 8892 cur[0]= 99446
rep= 8891 cur[0]= 99445.5
rep= 8890 cur[0]= 99445
rep= 8889 cur[0]= 99444.5
rep= 8888 cur[0]= 99444
rep= 8887 cur[0]= 99443.5
rep= 8886 cur[0]= 99443
rep= 8885 cur[0]= 99442.5
rep= 8884 cur[0]= 99442
rep= 8883 cur[0]= 99441.5
rep= 8882 cur[0]= 99441
rep= 8881 cur[0]= 99440.5
rep= 8880 cur[0]= 99440
rep= 8879 cur[0]= 99439.5
rep= 8878 cur[0]= 99439
rep= 8877 cur[0]= 99438.5
rep= 8876 cur[0]= 99438
rep= 8875 cur[0]= 99437.5
rep= 8874 cur[0]= 99437
rep= 8873 cur[0]= 99436.5
rep= 8872 cur[0]= 99436
rep= 8871 cur[0]= 99435.5
rep= 8870 cur[0]= 99435
rep= 8869 cur[0]= 99434.5
rep= 8868 cur[0]= 99434
rep= 8867 cur[0]= 99433.5
rep= 8866 cur[0]= 99433
rep= 8865 cur[0]= 99432.5
rep= 8864 cur[0]= 99432
rep= 8863 cur[0]= 99431.5
rep= 8862 cur[0]= 99431
rep= 8861 cur[0]= 99430.5
rep= 8860 cur[0]= 99430
rep= 8859 cur[0]= 99429.5
rep= 8858 cur[0]= 99429
rep= 8857 cur[0]= 99428.5
rep= 8856 cur[0]= 99428
rep= 8855 cur[0]= 99427.5
rep= 8854 cur[0]= 99427
rep= 8853 cur[0]= 99426.5
rep= 8852 cur[0]= 99426
rep= 8851 cur[0]= 99425.5
rep= 8850 cur[0]= 99425
rep= 8849 cur[0]= 99424.5
rep= 8848 cur[0]= 99424
rep= 8847 cur[0]= 99423.5
rep= 8846 cur[0]= 99423
rep= 8845 cur[0]= 99422.5
rep= 8844 cur[0]= 99422
rep= 8843 cur[0]= 99421.5
rep= 8842 cur[0]= 99421
rep= 8841 cur[0]= 99420.5
rep= 8840 cur[0]= 99420
rep= 8839 cur[0]= 99419.5
rep= 8838 cur[0]= 99419
rep= 8837 cur[0]= 99418.5
rep= 8836 cur[0]= 99418
rep= 8835 cur[0]= 99417.5
rep= 8834 cur[0]= 99417
rep= 8833 cur[0]= 99416.5
rep= 8832 cur[0]= 99416
rep= 8831 cur[0]= 99415.5
rep= 8830 cur[0]= 99415
rep= 8829 cur[0]= 99414.5
rep= 8828 cur[0]= 99414
rep= 8827 cur[0]= 99413.5
rep= 8826 cur[0]= 99413
rep= 8825 cur[0]= 99412.5
rep= 8824 cur[0]= 99412
rep= 8823 cur[0]= 99411.5
rep= 8822 cur[0]= 99411
rep= 8821 cur[0]= 99410.5
rep= 8820 cur[0]= 99410
rep= 8819 cur[0]= 99409.5
rep= 8818 cur[0]= 99409
rep= 8817 cur[0]= 99408.5
rep= 8816 cur[0]= 99408
rep= 8815 cur[0]= 99407.5
rep= 8814 cur[0]= 99407
rep= 8813 cur[0]= 99406.5
rep= 8812 cur[0]= 99406
rep= 8811 cur[0]= 99405.5
rep= 8810 cur[0]= 99405
rep= 8809 cur[0]= 99404.5
rep= 8808 cur[0]= 99404
rep= 8807 cur[0]= 99403.5
rep= 8806 cur[0]= 99403
rep= 8805 cur[0]= 99402.5
rep= 8804 cur[0]= 99402
rep= 8803 cur[0]= 99401.5
rep= 8802 cur[0]= 99401
rep= 8801 cur[0]= 99400.5
rep= 8800 cur[0]= 99400
rep= 8799 cur[0]= 99399.5
rep= 8798 cur[0]= 99399
rep= 8797 cur[0]= 99398.5
rep= 8796 cur[0]= 99398
rep= 8795 cur[0]= 99397.5
rep= 8794 cur[0]= 99397
rep= 8793 cur[0]= 99396.5
rep= 8792 cur[0]= 99396
rep= 8791 cur[0]= 99395.5
rep= 8790 cur[0]= 99395
rep= 8789 cur[0]= 99394.5
rep= 8788 cur[0]= 99394
rep= 8787 cur[0]= 99393.5
rep= 8786 cur[0]= 99393
rep= 8785 cur[0]= 99392.5
rep= 8784 cur[0]= 99392
rep= 8783 cur[0]= 99391.5
rep= 8782 cur[0]= 99391
rep= 8781 cur[0]= 99390.5
rep= 8780 cur[0]= 99390
rep= 8779 cur[0]= 99389.5
rep= 8778 cur[0]= 99389
rep= 8777 cur[0]= 99388.5
rep= 8776 cur[0]= 99388
rep= 8775 cur[0]= 99387.5
rep= 8774 cur[0]= 99387
rep= 8773 cur[0]= 99386.5
rep= 8772 cur[0]= 99386
rep= 8771 cur[0]= 99385.5
rep= 8770 cur[0]= 99385
rep= 8769 cur[0]= 99384.5
rep= 8768 cur[0]= 99384
rep= 8767 cur[0]= 99383.5
rep= 8766 cur[0]= 99383
rep= 8765 cur[0]= 99382.5
rep= 8764 cur[0]= 99382
rep= 8763 cur[0]= 99381.5
rep= 8762 cur[0]= 99381
rep= 8761 cur[0]= 99380.5
rep= 8760 cur[0]= 99380
rep= 8759 cur[0]= 99379.5
rep= 8758 cur[0]= 99379
rep= 8757 cur[0]= 99378.5
rep= 8756 cur[0]= 99378
rep= 8755 cur[0]= 99377.5
rep= 8754 cur[0]= 99377
rep= 8753 cur[0]= 99376.5
rep= 8752 cur[0]= 99376
rep= 8751 cur[0]= 99375.5
rep= 8750 cur[0]= 99375
rep= 8749 cur[0]= 99374.5
rep= 8748 cur[0]= 99374
rep= 8747 cur[0]= 99373.5
rep= 8746 cur[0]= 99373
rep= 8745 cur[0]= 99372.5
rep= 8744 cur[0]= 99372
rep= 8743 cur[0]= 99371.5
rep= 8742 cur[0]= 99371
rep= 8741 cur[0]= 99370.5
rep= 8740 cur[0]= 99370
rep= 8739 cur[0]= 99369.5
rep= 8738 cur[0]= 99369
rep= 8737 cur[0]= 99368.5
rep= 8736 cur[0]= 99368
rep= 8735 cur[0]= 99367.5
rep= 8734 cur[0]= 99367
rep= 8733 cur[0]= 99366.5
rep= 8732 cur[0]= 99366
rep= 8731 cur[0]= 99365.5
rep= 8730 cur[0]= 99365
rep= 8729 cur[0]= 99364.5
rep= 8728 cur[0]= 99364
rep= 8727 cur[0]= 99363.5
rep= 8726 cur[0]= 99363
rep= 8725 cur[0]= 99362.5
rep= 8724 cur[0]= 99362
rep= 8723 cur[0]= 99361.5
rep= 8722 cur[0]= 99361
rep= 8721 cur[0]= 99360.5
rep= 8720 cur[0]= 99360
rep= 8719 cur[0]= 99359.5
rep= 8718 cur[0]= 99359
rep= 8717 cur[0]= 99358.5
rep= 8716 cur[0]= 99358
rep= 8715 cur[0]= 99357.5
rep= 8714 cur[0]= 99357
rep= 8713 cur[0]= 99356.5
rep= 8712 cur[0]= 99356
rep= 8711 cur[0]= 99355.5
rep= 8710 cur[0]= 99355
rep= 8709 cur[0]= 99354.5
rep= 8708 cur[0]= 99354
rep= 8707 cur[0]= 99353.5
rep= 8706 cur[0]= 99353
rep= 8705 cur[0]= 99352.5
rep= 8704 cur[0]= 99352
rep= 8703 cur[0]= 99351.5
rep= 8702 cur[0]= 99351
rep= 8701 cur[0]= 99350.5
rep= 8700 cur[0]= 99350
rep= 8699 cur[0]= 99349.5
rep= 8698 cur[0]= 99349
rep= 8697 cur[0]= 99348.5
rep= 8696 cur[0]= 99348
rep= 8695 cur[0]= 99347.5
rep= 8694 cur[0]= 99347
rep= 8693 cur[0]= 99346.5
rep= 8692 cur[0]= 99346
rep= 8691 cur[0]= 99345.5
rep= 8690 cur[0]= 99345
rep= 8689 cur[0]= 99344.5
rep= 8688 cur[0]= 99344
rep= 8687 cur[0]= 99343.5
rep= 8686 cur[0]= 99343
rep= 8685 cur[0]= 99342.5
rep= 8684 cur[0]= 99342
rep= 8683 cur[0]= 99341.5
rep= 8682 cur[0]= 99341
rep= 8681 cur[0]= 99340.5
rep= 8680 cur[0]= 99340
rep= 8679 cur[0]= 99339.5
rep= 8678 cur[0]= 99339
rep= 8677 cur[0]= 99338.5
rep= 8676 cur[0]= 99338
rep= 8675 cur[0]= 99337.5
rep= 8674 cur[0]= 99337
rep= 8673 cur[0]= 99336.5
rep= 8672 cur[0]= 99336
rep= 8671 cur[0]= 99335.5
rep= 8670 cur[0]= 99335
rep= 8669 cur[0]= 99334.5
rep= 8668 cur[0]= 99334
rep= 8667 cur[0]= 99333.5
rep= 8666 cur[0]= 99333
rep= 8665 cur[0]= 99332.5
rep= 8664 cur[0]= 99332
rep= 8663 cur[0]= 99331.5
rep= 8662 cur[0]= 99331
rep= 8661 cur[0]= 99330.5
rep= 8660 cur[0]= 99330
rep= 8659 cur[0]= 99329.5
rep= 8658 cur[0]= 99329
rep= 8657 cur[0]= 99328.5
rep= 8656 cur[0]= 99328
rep= 8655 cur[0]= 99327.5
rep= 8654 cur[0]= 99327
rep= 8653 cur[0]= 99326.5
rep= 8652 cur[0]= 99326
rep= 8651 cur[0]= 99325.5
rep= 8650 cur[0]= 99325
rep= 8649 cur[0]= 99324.5
rep= 8648 cur[0]= 99324
rep= 8647 cur[0]= 99323.5
rep= 8646 cur[0]= 99323
rep= 8645 cur[0]= 99322.5
rep= 8644 cur[0]= 99322
rep= 8643 cur[0]= 99321.5
rep= 8642 cur[0]= 99321
rep= 8641 cur[0]= 99320.5
rep= 8640 cur[0]= 99320
rep= 8639 cur[0]= 99319.5
rep= 8638 cur[0]= 99319
rep= 8637 cur[0]= 99318.5
rep= 8636 cur[0]= 99318
rep= 8635 cur[0]= 99317.5
rep= 8634 cur[0]= 99317
rep= 8633 cur[0]= 99316.5
rep= 8632 cur[0]= 99316
rep= 8631 cur[0]= 99315.5
rep= 8630 cur[0]= 99315
rep= 8629 cur[0]= 99314.5
rep= 8628 cur[0]= 99314
rep= 8627 cur[0]= 99313.5
rep= 8626 cur[0]= 99313
rep= 8625 cur[0]= 99312.5
rep= 8624 cur[0]= 99312
rep= 8623 cur[0]= 99311.5
rep= 8622 cur[0]= 99311
rep= 8621 cur[0]= 99310.5
rep= 8620 cur[0]= 99310
rep= 8619 cur[0]= 99309.5
rep= 8618 cur[0]= 99309
rep= 8617 cur[0]= 99308.5
rep= 8616 cur[0]= 99308
rep= 8615 cur[0]= 99307.5
rep= 8614 cur[0]= 99307
rep= 8613 cur[0]= 99306.5
rep= 8612 cur[0]= 99306
rep= 8611 cur[0]= 99305.5
rep= 8610 cur[0]= 99305
rep= 8609 cur[0]= 99304.5
rep= 8608 cur[0]= 99304
rep= 8607 cur[0]= 99303.5
rep= 8606 cur[0]= 99303
rep= 8605 cur[0]= 99302.5
rep= 8604 cur[0]= 99302
rep= 8603 cur[0]= 99301.5
rep= 8602 cur[0]= 99301
rep= 8601 cur[0]= 99300.5
rep= 8600 cur[0]= 99300
rep= 8599 cur[0]= 99299.5
rep= 8598 cur[0]= 99299
rep= 8597 cur[0]= 99298.5
rep= 8596 cur[0]= 99298
rep= 8595 cur[0]= 99297.5
rep= 8594 cur[0]= 99297
rep= 8593 cur[0]= 99296.5
rep= 8592 cur[0]= 99296
rep= 8591 cur[0]= 99295.5
rep= 8590 cur[0]= 99295
rep= 8589 cur[0]= 99294.5
rep= 8588 cur[0]= 99294
rep= 8587 cur[0]= 99293.5
rep= 8586 cur[0]= 99293
rep= 8585 cur[0]= 99292.5
rep= 8584 cur[0]= 99292
rep= 8583 cur[0]= 99291.5
rep= 8582 cur[0]= 99291
rep= 8581 cur[0]= 99290.5
rep= 8580 cur[0]= 99290
rep= 8579 cur[0]= 99289.5
rep= 8578 cur[0]= 99289
rep= 8577 cur[0]= 99288.5
rep= 8576 cur[0]= 99288
rep= 8575 cur[0]= 99287.5
rep= 8574 cur[0]= 99287
rep= 8573 cur[0]= 99286.5
rep= 8572 cur[0]= 99286
rep= 8571 cur[0]= 99285.5
rep= 8570 cur[0]= 99285
rep= 8569 cur[0]= 99284.5
rep= 8568 cur[0]= 99284
rep= 8567 cur[0]= 99283.5
rep= 8566 cur[0]= 99283
rep= 8565 cur[0]= 99282.5
rep= 8564 cur[0]= 99282
rep= 8563 cur[0]= 99281.5
rep= 8562 cur[0]= 99281
rep= 8561 cur[0]= 99280.5
rep= 8560 cur[0]= 99280
rep= 8559 cur[0]= 99279.5
rep= 8558 cur[0]= 99279
rep= 8557 cur[0]= 99278.5
rep= 8556 cur[0]= 99278
rep= 8555 cur[0]= 99277.5
rep= 8554 cur[0]= 99277
rep= 8553 cur[0]= 99276.5
rep= 8552 cur[0]= 99276
rep= 8551 cur[0]= 99275.5
rep= 8550 cur[0]= 99275
rep= 8549 cur[0]= 99274.5
rep= 8548 cur[0]= 99274
rep= 8547 cur[0]= 99273.5
rep= 8546 cur[0]= 99273
rep= 8545 cur[0]= 99272.5
rep= 8544 cur[0]= 99272
rep= 8543 cur[0]= 99271.5
rep= 8542 cur[0]= 99271
rep= 8541 cur[0]= 99270.5
rep= 8540 cur[0]= 99270
rep= 8539 cur[0]= 99269.5
rep= 8538 cur[0]= 99269
rep= 8537 cur[0]= 99268.5
rep= 8536 cur[0]= 99268
rep= 8535 cur[0]= 99267.5
rep= 8534 cur[0]= 99267
rep= 8533 cur[0]= 99266.5
rep= 8532 cur[0]= 99266
rep= 8531 cur[0]= 99265.5
rep= 8530 cur[0]= 99265
rep= 8529 cur[0]= 99264.5
rep= 8528 cur[0]= 99264
rep= 8527 cur[0]= 99263.5
rep= 8526 cur[0]= 99263
rep= 8525 cur[0]= 99262.5
rep= 8524 cur[0]= 99262
rep= 8523 cur[0]= 99261.5
rep= 8522 cur[0]= 99261
rep= 8521 cur[0]= 99260.5
rep= 8520 cur[0]= 99260
rep= 8519 cur[0]= 99259.5
rep= 8518 cur[0]= 99259
rep= 8517 cur[0]= 99258.5
rep= 8516 cur[0]= 99258
rep= 8515 cur[0]= 99257.5
rep= 8514 cur[0]= 99257
rep= 8513 cur[0]= 99256.5
rep= 8512 cur[0]= 99256
rep= 8511 cur[0]= 99255.5
rep= 8510 cur[0]= 99255
rep= 8509 cur[0]= 99254.5
rep= 8508 cur[0]= 99254
rep= 8507 cur[0]= 99253.5
rep= 8506 cur[0]= 99253
rep= 8505 cur[0]= 99252.5
rep= 8504 cur[0]= 99252
rep= 8503 cur[0]= 99251.5
rep= 8502 cur[0]= 99251
rep= 8501 cur[0]= 99250.5
rep= 8500 cur[0]= 99250
rep= 8499 cur[0]= 99249.5
rep= 8498 cur[0]= 99249
rep= 8497 cur[0]= 99248.5
rep= 8496 cur[0]= 99248
rep= 8495 cur[0]= 99247.5
rep= 8494 cur[0]= 99247
rep= 8493 cur[0]= 99246.5
rep= 8492 cur[0]= 99246
rep= 8491 cur[0]= 99245.5
rep= 8490 cur[0]= 99245
rep= 8489 cur[0]= 99244.5
rep= 8488 cur[0]= 99244
rep= 8487 cur[0]= 99243.5
rep= 8486 cur[0]= 99243
rep= 8485 cur[0]= 99242.5
rep= 8484 cur[0]= 99242
