2
k 1e+09 rhs 3e+19 lhs 2.6e+19
k 5e+08 rhs 7.5e+18 lhs 6.5e+18
k 2.5e+08 rhs 1.875e+18 lhs 1.625e+18
k 1.25e+08 rhs 4.6875e+17 lhs 4.0625e+17
k 6.25e+07 rhs 1.17187e+17 lhs 1.01563e+17
k 3.125e+07 rhs 2.92969e+16 lhs 2.53906e+16
k 1.5625e+07 rhs 7.32422e+15 lhs 6.34766e+15
k 7.8125e+06 rhs 1.83105e+15 lhs 1.58691e+15
k 3.90625e+06 rhs 4.57764e+14 lhs 3.96729e+14
k 1.95312e+06 rhs 1.14441e+14 lhs 9.91821e+13
k 976561 rhs 2.86102e+13 lhs 2.47955e+13
k 488279 rhs 7.15252e+12 lhs 6.19886e+12
k 244139 rhs 1.78813e+12 lhs 1.54972e+12
k 122069 rhs 4.47033e+11 lhs 3.87431e+11
k 61033 rhs 1.11754e+11 lhs 9.68555e+10
k 30515 rhs 2.79368e+10 lhs 2.42127e+10
k 15257 rhs 6.9842e+09 lhs 6.05337e+09
k 7627 rhs 1.74559e+09 lhs 1.51304e+09
k 3813 rhs 4.36398e+08 lhs 3.78311e+08
k 1905 rhs 1.08985e+08 lhs 9.45033e+07
k 951 rhs 2.71891e+07 lhs 2.35886e+07
k 475 rhs 6.79725e+06 lhs 5.90333e+06
k 237 rhs 1.69929e+06 lhs 1.47891e+06
k 117 rhs 417690 lhs 365066
k 57 rhs 100890 lhs 88946
k 27 rhs 23490 lhs 21086
k 13 rhs 5850 lhs 5434
k 5 rhs 1050 lhs 1066
k 9 rhs 2970 lhs 2834
k 7 rhs 1890 lhs 1846
7
k 1e+09 rhs 1e+19 lhs 5e+18
k 5e+08 rhs 2.5e+18 lhs 1.25e+18
k 2.5e+08 rhs 6.25e+17 lhs 3.125e+17
k 1.25e+08 rhs 1.5625e+17 lhs 7.8125e+16
k 6.25e+07 rhs 3.90625e+16 lhs 1.95313e+16
k 3.125e+07 rhs 9.76562e+15 lhs 4.88281e+15
k 1.5625e+07 rhs 2.44141e+15 lhs 1.2207e+15
k 7.8125e+06 rhs 6.10352e+14 lhs 3.05176e+14
k 3.90625e+06 rhs 1.52588e+14 lhs 7.6294e+13
k 1.95312e+06 rhs 3.81469e+13 lhs 1.90735e+13
k 976561 rhs 9.53673e+12 lhs 4.76837e+12
k 488279 rhs 2.38417e+12 lhs 1.19209e+12
k 244139 rhs 5.96043e+11 lhs 2.98023e+11
k 122069 rhs 1.49011e+11 lhs 7.4506e+10
k 61033 rhs 3.72515e+10 lhs 1.86261e+10
k 30515 rhs 9.31226e+09 lhs 4.65628e+09
k 15257 rhs 2.32807e+09 lhs 1.16411e+09
k 7627 rhs 5.81864e+08 lhs 2.9097e+08
k 3813 rhs 1.45466e+08 lhs 7.2752e+07
k 1905 rhs 3.63284e+07 lhs 1.81737e+07
k 951 rhs 9.06303e+06 lhs 4.53628e+06
k 475 rhs 2.26575e+06 lhs 1.13526e+06
k 237 rhs 566430 lhs 284405
k 117 rhs 139230 lhs 70205
k 57 rhs 33630 lhs 17105
k 27 rhs 7830 lhs 4055
k 13 rhs 1950 lhs 1045
k 5 rhs 350 lhs 205
k 1 rhs 30 lhs 25
1
